#
# A fatal error has been detected by the Java Runtime Environment:
#
#  SIGBUS (0xa) at pc=0x000000010dd314f0, pid=97014, tid=34827
#
# JRE version: Java(TM) SE Runtime Environment (17.0.3+8) (build 17.0.3+8-LTS-111)
# Java VM: Java HotSpot(TM) 64-Bit Server VM (17.0.3+8-LTS-111, mixed mode, sharing, tiered, compressed oops, compressed class ptrs, g1 gc, bsd-aarch64)
# Problematic frame:
# v  ~StubRoutines::SafeFetchN
#
# No core dump will be written. Core dumps have been disabled. To enable core dumping, try "ulimit -c unlimited" before starting Java again
#
# If you would like to submit a bug report, please visit:
#   https://bugreport.java.com/bugreport/crash.jsp
# The crash happened outside the Java Virtual Machine in native code.
# See problematic frame for where to report the bug.
#

---------------  S U M M A R Y ------------

Command Line: -Dfile.encoding=UTF-8 --module-path=/Users/xuyi/opt/javafx-sdk-17.0.0.1/lib --add-modules=javafx.controls --module-path=/Users/xuyi/Source/Java/Slicer/build/classes:/Users/xuyi/opt/javafx-sdk-17.0.0.1/lib/javafx-swt.jar:/Users/xuyi/opt/javafx-sdk-17.0.0.1/lib/javafx.base.jar:/Users/xuyi/opt/javafx-sdk-17.0.0.1/lib/javafx.controls.jar:/Users/xuyi/opt/javafx-sdk-17.0.0.1/lib/javafx.fxml.jar:/Users/xuyi/opt/javafx-sdk-17.0.0.1/lib/javafx.graphics.jar:/Users/xuyi/opt/javafx-sdk-17.0.0.1/lib/javafx.media.jar:/Users/xuyi/opt/javafx-sdk-17.0.0.1/lib/javafx.swing.jar:/Users/xuyi/opt/javafx-sdk-17.0.0.1/lib/javafx.web.jar org.reprap.Gfx3D

Host: "MacBookAir10,1" arm64 1 MHz, 8 cores, 16G, Darwin 21.4.0, macOS 12.3.1 (21E258)
Time: Thu Apr 21 21:27:45 2022 CEST elapsed time: 9.141070 seconds (0d 0h 0m 9s)

---------------  T H R E A D  ---------------

Current thread (0x0000000160316c00):  JavaThread "InvokeLaterDispatcher" daemon [_thread_in_native, id=34827, stack(0x000000016e670000,0x000000016e873000)]

Stack: [0x000000016e670000,0x000000016e873000],  sp=0x000000016e8727b0,  free space=2057k
Native frames: (J=compiled Java code, j=interpreted, Vv=VM code, C=native code)
v  ~StubRoutines::SafeFetchN
V  [libjvm.dylib+0x7a3f04]  OopStorage::release(oopDesc* const*)+0x20
V  [libjvm.dylib+0x4b93a0]  jni_DeleteGlobalRef+0xc4
C  [libglass.dylib+0xab08]  -[GlassRunnable dealloc]+0x34
C  [Foundation+0x85618]  -[_NSThreadPerformInfo dealloc]+0x30
C  [Foundation+0x5198c]  -[NSObject(NSThreadPerformAdditions) performSelectorOnMainThread:withObject:waitUntilDone:]+0x88
C  0xbe1380010dd398ac
j  com.sun.glass.ui.mac.MacApplication.submitForLaterInvocation(Ljava/lang/Runnable;)V+2 javafx.graphics
j  com.sun.glass.ui.InvokeLaterDispatcher.run()V+82 javafx.graphics
v  ~StubRoutines::call_stub
V  [libjvm.dylib+0x4609f8]  JavaCalls::call_helper(JavaValue*, methodHandle const&, JavaCallArguments*, JavaThread*)+0x38c
V  [libjvm.dylib+0x45fa14]  JavaCalls::call_virtual(JavaValue*, Klass*, Symbol*, Symbol*, JavaCallArguments*, JavaThread*)+0x11c
V  [libjvm.dylib+0x45fae0]  JavaCalls::call_virtual(JavaValue*, Handle, Klass*, Symbol*, Symbol*, JavaThread*)+0x64
V  [libjvm.dylib+0x513360]  thread_entry(JavaThread*, JavaThread*)+0xc4
V  [libjvm.dylib+0x904598]  JavaThread::thread_main_inner()+0x134
V  [libjvm.dylib+0x902ec0]  Thread::call_run()+0x128
V  [libjvm.dylib+0x7aaac4]  thread_native_entry(Thread*)+0x158
C  [libsystem_pthread.dylib+0x726c]  _pthread_start+0x94

Java frames: (J=compiled Java code, j=interpreted, Vv=VM code)
j  com.sun.glass.ui.mac.MacApplication._submitForLaterInvocation(Ljava/lang/Runnable;)V+0 javafx.graphics
j  com.sun.glass.ui.mac.MacApplication.submitForLaterInvocation(Ljava/lang/Runnable;)V+2 javafx.graphics
j  com.sun.glass.ui.InvokeLaterDispatcher.run()V+82 javafx.graphics
v  ~StubRoutines::call_stub

siginfo: si_signo: 10 (SIGBUS), si_code: 1 (BUS_ADRALN), si_addr: 0x000000010dd314f0

Register to memory mapping:

 x0=0x0000000157809ac8 is a global jni handle
 x1=0x0 is NULL
 x2=0x000000070ff521b0 is an oop: com.sun.glass.ui.InvokeLaterDispatcher$Future 
{0x000000070ff521b0} - klass: 'com/sun/glass/ui/InvokeLaterDispatcher$Future'
 - ---- fields (total size 3 words):
 - private 'done' 'Z' @12  true
 - private final 'runnable' 'Ljava/lang/Runnable;' @16  a 'com/sun/javafx/tk/quantum/QuantumToolkit$$Lambda$92+0x0000000800c37db8'{0x000000070c450e68} (e188a1cd)
 - final synthetic 'this$0' 'Lcom/sun/glass/ui/InvokeLaterDispatcher;' @20  a 'com/sun/glass/ui/InvokeLaterDispatcher'{0x000000070c418d40} (e18831a8)
 x3=0x0 is NULL
 x4=0x00000000000130a8 is an unknown value
 x5=0x0 is NULL
 x6=0x0 is NULL
 x7=0x0 is NULL
 x8=0x000000010dd314ec is at begin+0 in a stub
StubRoutines::SafeFetchN [0x000000010dd314ec, 0x000000010dd314f8] (12 bytes)
 x9=0x0 is NULL
x10=0x2010000030300000 is an unknown value
x11=0x0000000000000007 is an unknown value
x12=0x0000000000000004 is an unknown value
x13=0x000060000160e190 points into unknown readable memory: 0x6646000183313c40 | 40 3c 31 83 01 00 46 66
x14=0x0000130000000000 is an unknown value
x15=0x00000001055b9f98: OBJC_CLASS_$_GlassRunnable+0 in /Users/xuyi/opt/javafx-sdk-17.0.0.1/lib/libglass.dylib at 0x0000000105574000
x16=0x000000018347d0fc: pthread_getspecific+0 in /usr/lib/system/libsystem_pthread.dylib at 0x000000018347b000
x17=0x0000600001314460 points into unknown readable memory: 0xfffffffffffffffe | fe ff ff ff ff ff ff ff
x18=0x0 is NULL
x19=0x000060000130c2a0 points into unknown readable memory: 0x0000600003a10150 | 50 01 a1 03 00 60 00 00
x20=0x00000001578098c0 points into unknown readable memory: 0x000060000380a500 | 00 a5 80 03 00 60 00 00
x21=0x0000000157809ac8 is a global jni handle
x22=0x0000000160316c00 is a thread
x23=0x0000000000000001 is an unknown value
x24=0x0000000157809a80 is a global jni handle
x25=0x00000001061e5628: _ZN12StubRoutines17_safefetchN_entryE+0 in /Library/Java/JavaVirtualMachines/jdk-17.0.3.jdk/Contents/Home/lib/server/libjvm.dylib at 0x000000010564c000
x26=0x0000000128514c38 is pointing into metadata
x27=0x0 is NULL
x28=0x0000000160316c00 is a thread


Registers:
 x0=0x0000000157809ac8  x1=0x0000000000000000  x2=0x000000070ff521b0  x3=0x0000000000000000
 x4=0x00000000000130a8  x5=0x0000000000000000  x6=0x0000000000000000  x7=0x0000000000000000
 x8=0x000000010dd314ec  x9=0x0000000000000000 x10=0x2010000030300000 x11=0x0000000000000007
x12=0x0000000000000004 x13=0x000060000160e190 x14=0x0000130000000000 x15=0x00000001055b9f98
x16=0x000000018347d0fc x17=0x0000600001314460 x18=0x0000000000000000 x19=0x000060000130c2a0
x20=0x00000001578098c0 x21=0x0000000157809ac8 x22=0x0000000160316c00 x23=0x0000000000000001
x24=0x0000000157809a80 x25=0x00000001061e5628 x26=0x0000000128514c38 x27=0x0000000000000000
x28=0x0000000160316c00  fp=0x000000016e8727f0  lr=0x0000000105deecd4  sp=0x000000016e8727b0
pc=0x000000010dd314f0 cpsr=0x0000000060001000
Top of Stack: (sp=0x000000016e8727b0)
0x000000016e8727b0:   0000000128514c38 0000000000000001
0x000000016e8727c0:   000000016e8729a8 0000600003a22200
0x000000016e8727d0:   0000000000000000 0000000157809a80
0x000000016e8727e0:   0000000157809a80 000060000130c2a0
0x000000016e8727f0:   000000016e872830 0000000105deff04
0x000000016e872800:   0000000000000001 0000000157809a80
0x000000016e872810:   0000000000000000 0000000157809a80
0x000000016e872820:   0000000000000001 00000001571fbc00
0x000000016e872830:   000000016e872860 0000000105b053a0
0x000000016e872840:   0000600003a22230 00000001cd542be0
0x000000016e872850:   0000000000000000 0000600003a22230
0x000000016e872860:   000000016e872890 000000010557eb08
0x000000016e872870:   2088d859a71c00cd 0000000000000000
0x000000016e872880:   0000000000000000 0000600002d29640
0x000000016e872890:   000000016e8728d0 000000018444a618
0x000000016e8728a0:   000000016e8729a8 0000600003a22200
0x000000016e8728b0:   0000600003a22230 2088d859a71c00cd
0x000000016e8728c0:   0000000000000000 0000000000000000
0x000000016e8728d0:   000000016e872910 353e00018441698c
0x000000016e8728e0:   000000016e8729a8 000000010dd387c0
0x000000016e8728f0:   0000000000000000 00000001061ecfe8
0x000000016e872900:   000000016e872920 000000010dd37730
0x000000016e872910:   000000016e872980 be1380010dd398ac
0x000000016e872920:   00000001285172a0 0000000000000001
0x000000016e872930:   000000016e872930 0000000000000000
0x000000016e872940:   000000016e8729a8 0000000128514c38
0x000000016e872950:   000000070c419100 0000000000000000
0x000000016e872960:   0000000000000000 00000001284ec960
0x000000016e872970:   0000000000000000 000000016e872980
0x000000016e872980:   000000016e872a00 000000010dd35fc8
0x000000016e872990:   0000000000000000 0000000000000000
0x000000016e8729a0:   000000070ff521b0 000000070c486fc8 

Instructions: (pc=0x000000010dd314f0)
0x000000010dd313f0:   f2a0c369 f2c00029 6d425935 1e640886
0x000000010dd31400:   0c402d31 1e6408c7 1f5654d0 1e6c1017
0x000000010dd31410:   1f5050d0 1f504cd0 1f5048d0 1e650af6
0x000000010dd31420:   1f50d8f6 1f5694d6 1f5158f6 1e762880
0x000000010dd31430:   36000501 1e614000 14000026 2e251ca5
0x000000010dd31440:   d2843009 f2a0c369 f2c00029 6d425d36
0x000000010dd31450:   1e600806 0c402d32 1f5758c7 1e6c101a
0x000000010dd31460:   1f4754c7 1e650805 1f4750c7 d2866668
0x000000010dd31470:   f2a7fa68 1f474cc7 1e6608c0 1f4748c7
0x000000010dd31480:   1e6e1019 eb08007f 540000ac 1f479400
0x000000010dd31490:   1f460340 1e603b20 1400000e d2a7fd29
0x000000010dd314a0:   eb09007f 540000ac 51480069 d3607d29
0x000000010dd314b0:   9e670121 14000002 1e6a5001 1f679417
0x000000010dd314c0:   1f668742 1e613b23 1e773857 1e773860
0x000000010dd314d0:   a8c17ff3 910003bf a8c17bfd d65f03c0
0x000000010dd314e0:   b9400001 aa0103e0 d65f03c0 f9400001
0x000000010dd314f0:   aa0103e0 d65f03c0 00000000 00000000
0x000000010dd31500:   00000000 00000000 00000000 00000000
0x000000010dd31510:   00000000 00000000 00000000 00000000
0x000000010dd31520:   00000000 00000000 00000000 00000000
0x000000010dd31530:   00000000 00000000 00000000 00000000
0x000000010dd31540:   00000000 00000000 00000000 00000000
0x000000010dd31550:   00000000 00000000 00000000 00000000
0x000000010dd31560:   00000000 00000000 00000000 00000000
0x000000010dd31570:   00000000 00000000 00000000 00000000
0x000000010dd31580:   00000000 00000000 00000000 00000000
0x000000010dd31590:   00000000 00000000 00000000 00000000
0x000000010dd315a0:   00000000 00000000 00000000 00000000
0x000000010dd315b0:   00000000 00000000 00000000 00000000
0x000000010dd315c0:   00000000 00000000 00000000 00000000
0x000000010dd315d0:   00000000 00000000 00000000 00000000
0x000000010dd315e0:   00000000 00000000 00000000 00000000 


Stack slot to memory mapping:
stack at sp + 0 slots: 0x0000000128514c38 is pointing into metadata
stack at sp + 1 slots: 0x0000000000000001 is an unknown value
stack at sp + 2 slots: 0x000000016e8729a8 is pointing into the stack for thread: 0x0000000160316c00
stack at sp + 3 slots: 0x0000600003a22200 points into unknown readable memory: 0x01000001dbc2e011 | 11 e0 c2 db 01 00 00 01
stack at sp + 4 slots: 0x0 is NULL
stack at sp + 5 slots: 0x0000000157809a80 is a global jni handle
stack at sp + 6 slots: 0x0000000157809a80 is a global jni handle
stack at sp + 7 slots: 0x000060000130c2a0 points into unknown readable memory: 0x0000600003a10150 | 50 01 a1 03 00 60 00 00

StubRoutines::SafeFetchN [0x000000010dd314ec, 0x000000010dd314f8] (12 bytes)
[MachCode]
  0x000000010dd314ec: 0100 40f9 | e003 01aa | c003 5fd6 
[/MachCode]

---------------  P R O C E S S  ---------------

Threads class SMR info:
_java_thread_list=0x0000600003833c00, length=17, elements={
0x0000000160011a00, 0x0000000157009e00, 0x000000016004b800, 0x0000000160050c00,
0x000000016004f200, 0x0000000160051c00, 0x0000000160052200, 0x0000000137008200,
0x0000000137010800, 0x000000016004a000, 0x0000000156889200, 0x0000000160055c00,
0x0000000160316c00, 0x00000001571fbc00, 0x0000000157291400, 0x0000000157295000,
0x0000000160215e00
}

Java Threads: ( => current thread )
  0x0000000160011a00 JavaThread "main" [_thread_blocked, id=9731, stack(0x000000016ba5c000,0x000000016bc5f000)]
  0x0000000157009e00 JavaThread "Reference Handler" daemon [_thread_blocked, id=18179, stack(0x000000016c8b0000,0x000000016cab3000)]
  0x000000016004b800 JavaThread "Finalizer" daemon [_thread_blocked, id=16899, stack(0x000000016cabc000,0x000000016ccbf000)]
  0x0000000160050c00 JavaThread "Signal Dispatcher" daemon [_thread_blocked, id=42243, stack(0x000000016cde0000,0x000000016cfe3000)]
  0x000000016004f200 JavaThread "Service Thread" daemon [_thread_blocked, id=41987, stack(0x000000016cfec000,0x000000016d1ef000)]
  0x0000000160051c00 JavaThread "Monitor Deflation Thread" daemon [_thread_blocked, id=41731, stack(0x000000016d1f8000,0x000000016d3fb000)]
  0x0000000160052200 JavaThread "C2 CompilerThread0" daemon [_thread_blocked, id=41219, stack(0x000000016d404000,0x000000016d607000)]
  0x0000000137008200 JavaThread "C1 CompilerThread0" daemon [_thread_blocked, id=40963, stack(0x000000016d610000,0x000000016d813000)]
  0x0000000137010800 JavaThread "Sweeper thread" daemon [_thread_blocked, id=23811, stack(0x000000016d81c000,0x000000016da1f000)]
  0x000000016004a000 JavaThread "Common-Cleaner" daemon [_thread_blocked, id=40707, stack(0x000000016da28000,0x000000016dc2b000)]
  0x0000000156889200 JavaThread "Notification Thread" daemon [_thread_blocked, id=39939, stack(0x000000016e04c000,0x000000016e24f000)]
  0x0000000160055c00 JavaThread "QuantumRenderer-0" daemon [_thread_blocked, id=25603, stack(0x000000016e464000,0x000000016e667000)]
=>0x0000000160316c00 JavaThread "InvokeLaterDispatcher" daemon [_thread_in_native, id=34827, stack(0x000000016e670000,0x000000016e873000)]
  0x00000001571fbc00 JavaThread "JavaFX Application Thread" [_thread_in_native, id=259, stack(0x000000016b1d4000,0x000000016b9d0000)]
  0x0000000157291400 JavaThread "JavaFX-Launcher" [_thread_blocked, id=78339, stack(0x000000016eb14000,0x000000016ed17000)]
  0x0000000157295000 JavaThread "Keep-Alive-Timer" daemon [_thread_blocked, id=24583, stack(0x000000016dc34000,0x000000016de37000)]
  0x0000000160215e00 JavaThread "PulseTimer-CVDisplayLink thread" daemon [_thread_in_native, id=74499, stack(0x000000016e908000,0x000000016e98b000)]

Other Threads:
  0x0000000146609b70 VMThread "VM Thread" [stack: 0x000000016c6a4000,0x000000016c8a7000] [id=16387]
  0x0000000156622fe0 WatcherThread [stack: 0x000000016e258000,0x000000016e45b000] [id=25091]
  0x0000000157807280 GCTaskThread "GC Thread#0" [stack: 0x000000016bc68000,0x000000016be6b000] [id=13059]
  0x000000012df04830 GCTaskThread "GC Thread#1" [stack: 0x000000016de40000,0x000000016e043000] [id=40455]
  0x000000012df04ae0 GCTaskThread "GC Thread#2" [stack: 0x000000016ed20000,0x000000016ef23000] [id=55811]
  0x000000012df04d90 GCTaskThread "GC Thread#3" [stack: 0x000000016ef2c000,0x000000016f12f000] [id=56323]
  0x000000012df05040 GCTaskThread "GC Thread#4" [stack: 0x000000016f138000,0x000000016f33b000] [id=56835]
  0x00000001366069d0 GCTaskThread "GC Thread#5" [stack: 0x000000016f344000,0x000000016f547000] [id=75523]
  0x0000000157807930 ConcurrentGCThread "G1 Main Marker" [stack: 0x000000016be74000,0x000000016c077000] [id=20483]
  0x00000001567052c0 ConcurrentGCThread "G1 Conc#0" [stack: 0x000000016c080000,0x000000016c283000] [id=14083]
  0x0000000146605680 ConcurrentGCThread "G1 Refine#0" [stack: 0x000000016c28c000,0x000000016c48f000] [id=19715]
  0x0000000146605f20 ConcurrentGCThread "G1 Service" [stack: 0x000000016c498000,0x000000016c69b000] [id=14851]

Threads with active compile tasks:

VM state: not at safepoint (normal execution)

VM Mutex/Monitor currently owned by a thread: None

Heap address: 0x0000000700000000, size: 4096 MB, Compressed Oops mode: Zero based, Oop shift amount: 3

CDS archive(s) mapped at: [0x0000000800000000-0x0000000800bd8000-0x0000000800bd8000), size 12419072, SharedBaseAddress: 0x0000000800000000, ArchiveRelocationMode: 0.
Compressed class space mapped at: 0x0000000800c00000-0x0000000840c00000, reserved size: 1073741824
Narrow klass base: 0x0000000800000000, Narrow klass shift: 0, Narrow klass range: 0x100000000

GC Precious Log:
 CPUs: 8 total, 8 available
 Memory: 16384M
 Large Page Support: Disabled
 NUMA Support: Disabled
 Compressed Oops: Enabled (Zero based)
 Heap Region Size: 2M
 Heap Min Capacity: 8M
 Heap Initial Capacity: 256M
 Heap Max Capacity: 4G
 Pre-touch: Disabled
 Parallel Workers: 8
 Concurrent Workers: 2
 Concurrent Refinement Workers: 8
 Periodic GC: Disabled

Heap:
 garbage-first heap   total 266240K, used 15644K [0x0000000700000000, 0x0000000800000000)
  region size 2048K, 8 young (16384K), 3 survivors (6144K)
 Metaspace       used 10423K, committed 10624K, reserved 1064960K
  class space    used 1263K, committed 1344K, reserved 1048576K

Heap Regions: E=young(eden), S=young(survivor), O=old, HS=humongous(starts), HC=humongous(continues), CS=collection set, F=free, OA=open archive, CA=closed archive, TAMS=top-at-mark-start (previous, next)
|   0|0x0000000700000000, 0x0000000700000000, 0x0000000700200000|  0%| F|  |TAMS 0x0000000700000000, 0x0000000700000000| Untracked 
|   1|0x0000000700200000, 0x0000000700200000, 0x0000000700400000|  0%| F|  |TAMS 0x0000000700200000, 0x0000000700200000| Untracked 
|   2|0x0000000700400000, 0x0000000700400000, 0x0000000700600000|  0%| F|  |TAMS 0x0000000700400000, 0x0000000700400000| Untracked 
|   3|0x0000000700600000, 0x0000000700600000, 0x0000000700800000|  0%| F|  |TAMS 0x0000000700600000, 0x0000000700600000| Untracked 
|   4|0x0000000700800000, 0x0000000700800000, 0x0000000700a00000|  0%| F|  |TAMS 0x0000000700800000, 0x0000000700800000| Untracked 
|   5|0x0000000700a00000, 0x0000000700a00000, 0x0000000700c00000|  0%| F|  |TAMS 0x0000000700a00000, 0x0000000700a00000| Untracked 
|   6|0x0000000700c00000, 0x0000000700c00000, 0x0000000700e00000|  0%| F|  |TAMS 0x0000000700c00000, 0x0000000700c00000| Untracked 
|   7|0x0000000700e00000, 0x0000000700e00000, 0x0000000701000000|  0%| F|  |TAMS 0x0000000700e00000, 0x0000000700e00000| Untracked 
|   8|0x0000000701000000, 0x0000000701000000, 0x0000000701200000|  0%| F|  |TAMS 0x0000000701000000, 0x0000000701000000| Untracked 
|   9|0x0000000701200000, 0x0000000701200000, 0x0000000701400000|  0%| F|  |TAMS 0x0000000701200000, 0x0000000701200000| Untracked 
|  10|0x0000000701400000, 0x0000000701400000, 0x0000000701600000|  0%| F|  |TAMS 0x0000000701400000, 0x0000000701400000| Untracked 
|  11|0x0000000701600000, 0x0000000701600000, 0x0000000701800000|  0%| F|  |TAMS 0x0000000701600000, 0x0000000701600000| Untracked 
|  12|0x0000000701800000, 0x0000000701800000, 0x0000000701a00000|  0%| F|  |TAMS 0x0000000701800000, 0x0000000701800000| Untracked 
|  13|0x0000000701a00000, 0x0000000701a00000, 0x0000000701c00000|  0%| F|  |TAMS 0x0000000701a00000, 0x0000000701a00000| Untracked 
|  14|0x0000000701c00000, 0x0000000701c00000, 0x0000000701e00000|  0%| F|  |TAMS 0x0000000701c00000, 0x0000000701c00000| Untracked 
|  15|0x0000000701e00000, 0x0000000701e00000, 0x0000000702000000|  0%| F|  |TAMS 0x0000000701e00000, 0x0000000701e00000| Untracked 
|  16|0x0000000702000000, 0x0000000702000000, 0x0000000702200000|  0%| F|  |TAMS 0x0000000702000000, 0x0000000702000000| Untracked 
|  17|0x0000000702200000, 0x0000000702200000, 0x0000000702400000|  0%| F|  |TAMS 0x0000000702200000, 0x0000000702200000| Untracked 
|  18|0x0000000702400000, 0x0000000702400000, 0x0000000702600000|  0%| F|  |TAMS 0x0000000702400000, 0x0000000702400000| Untracked 
|  19|0x0000000702600000, 0x0000000702600000, 0x0000000702800000|  0%| F|  |TAMS 0x0000000702600000, 0x0000000702600000| Untracked 
|  20|0x0000000702800000, 0x0000000702800000, 0x0000000702a00000|  0%| F|  |TAMS 0x0000000702800000, 0x0000000702800000| Untracked 
|  21|0x0000000702a00000, 0x0000000702a00000, 0x0000000702c00000|  0%| F|  |TAMS 0x0000000702a00000, 0x0000000702a00000| Untracked 
|  22|0x0000000702c00000, 0x0000000702c00000, 0x0000000702e00000|  0%| F|  |TAMS 0x0000000702c00000, 0x0000000702c00000| Untracked 
|  23|0x0000000702e00000, 0x0000000702e00000, 0x0000000703000000|  0%| F|  |TAMS 0x0000000702e00000, 0x0000000702e00000| Untracked 
|  24|0x0000000703000000, 0x0000000703000000, 0x0000000703200000|  0%| F|  |TAMS 0x0000000703000000, 0x0000000703000000| Untracked 
|  25|0x0000000703200000, 0x0000000703200000, 0x0000000703400000|  0%| F|  |TAMS 0x0000000703200000, 0x0000000703200000| Untracked 
|  26|0x0000000703400000, 0x0000000703400000, 0x0000000703600000|  0%| F|  |TAMS 0x0000000703400000, 0x0000000703400000| Untracked 
|  27|0x0000000703600000, 0x0000000703600000, 0x0000000703800000|  0%| F|  |TAMS 0x0000000703600000, 0x0000000703600000| Untracked 
|  28|0x0000000703800000, 0x0000000703800000, 0x0000000703a00000|  0%| F|  |TAMS 0x0000000703800000, 0x0000000703800000| Untracked 
|  29|0x0000000703a00000, 0x0000000703a00000, 0x0000000703c00000|  0%| F|  |TAMS 0x0000000703a00000, 0x0000000703a00000| Untracked 
|  30|0x0000000703c00000, 0x0000000703c00000, 0x0000000703e00000|  0%| F|  |TAMS 0x0000000703c00000, 0x0000000703c00000| Untracked 
|  31|0x0000000703e00000, 0x0000000703e00000, 0x0000000704000000|  0%| F|  |TAMS 0x0000000703e00000, 0x0000000703e00000| Untracked 
|  32|0x0000000704000000, 0x0000000704000000, 0x0000000704200000|  0%| F|  |TAMS 0x0000000704000000, 0x0000000704000000| Untracked 
|  33|0x0000000704200000, 0x0000000704200000, 0x0000000704400000|  0%| F|  |TAMS 0x0000000704200000, 0x0000000704200000| Untracked 
|  34|0x0000000704400000, 0x0000000704400000, 0x0000000704600000|  0%| F|  |TAMS 0x0000000704400000, 0x0000000704400000| Untracked 
|  35|0x0000000704600000, 0x0000000704600000, 0x0000000704800000|  0%| F|  |TAMS 0x0000000704600000, 0x0000000704600000| Untracked 
|  36|0x0000000704800000, 0x0000000704800000, 0x0000000704a00000|  0%| F|  |TAMS 0x0000000704800000, 0x0000000704800000| Untracked 
|  37|0x0000000704a00000, 0x0000000704a00000, 0x0000000704c00000|  0%| F|  |TAMS 0x0000000704a00000, 0x0000000704a00000| Untracked 
|  38|0x0000000704c00000, 0x0000000704c00000, 0x0000000704e00000|  0%| F|  |TAMS 0x0000000704c00000, 0x0000000704c00000| Untracked 
|  39|0x0000000704e00000, 0x0000000704e00000, 0x0000000705000000|  0%| F|  |TAMS 0x0000000704e00000, 0x0000000704e00000| Untracked 
|  40|0x0000000705000000, 0x0000000705000000, 0x0000000705200000|  0%| F|  |TAMS 0x0000000705000000, 0x0000000705000000| Untracked 
|  41|0x0000000705200000, 0x0000000705200000, 0x0000000705400000|  0%| F|  |TAMS 0x0000000705200000, 0x0000000705200000| Untracked 
|  42|0x0000000705400000, 0x0000000705400000, 0x0000000705600000|  0%| F|  |TAMS 0x0000000705400000, 0x0000000705400000| Untracked 
|  43|0x0000000705600000, 0x0000000705600000, 0x0000000705800000|  0%| F|  |TAMS 0x0000000705600000, 0x0000000705600000| Untracked 
|  44|0x0000000705800000, 0x0000000705800000, 0x0000000705a00000|  0%| F|  |TAMS 0x0000000705800000, 0x0000000705800000| Untracked 
|  45|0x0000000705a00000, 0x0000000705a00000, 0x0000000705c00000|  0%| F|  |TAMS 0x0000000705a00000, 0x0000000705a00000| Untracked 
|  46|0x0000000705c00000, 0x0000000705c00000, 0x0000000705e00000|  0%| F|  |TAMS 0x0000000705c00000, 0x0000000705c00000| Untracked 
|  47|0x0000000705e00000, 0x0000000705e00000, 0x0000000706000000|  0%| F|  |TAMS 0x0000000705e00000, 0x0000000705e00000| Untracked 
|  48|0x0000000706000000, 0x0000000706000000, 0x0000000706200000|  0%| F|  |TAMS 0x0000000706000000, 0x0000000706000000| Untracked 
|  49|0x0000000706200000, 0x0000000706200000, 0x0000000706400000|  0%| F|  |TAMS 0x0000000706200000, 0x0000000706200000| Untracked 
|  50|0x0000000706400000, 0x0000000706400000, 0x0000000706600000|  0%| F|  |TAMS 0x0000000706400000, 0x0000000706400000| Untracked 
|  51|0x0000000706600000, 0x0000000706600000, 0x0000000706800000|  0%| F|  |TAMS 0x0000000706600000, 0x0000000706600000| Untracked 
|  52|0x0000000706800000, 0x0000000706800000, 0x0000000706a00000|  0%| F|  |TAMS 0x0000000706800000, 0x0000000706800000| Untracked 
|  53|0x0000000706a00000, 0x0000000706a00000, 0x0000000706c00000|  0%| F|  |TAMS 0x0000000706a00000, 0x0000000706a00000| Untracked 
|  54|0x0000000706c00000, 0x0000000706c00000, 0x0000000706e00000|  0%| F|  |TAMS 0x0000000706c00000, 0x0000000706c00000| Untracked 
|  55|0x0000000706e00000, 0x0000000706e00000, 0x0000000707000000|  0%| F|  |TAMS 0x0000000706e00000, 0x0000000706e00000| Untracked 
|  56|0x0000000707000000, 0x0000000707000000, 0x0000000707200000|  0%| F|  |TAMS 0x0000000707000000, 0x0000000707000000| Untracked 
|  57|0x0000000707200000, 0x0000000707200000, 0x0000000707400000|  0%| F|  |TAMS 0x0000000707200000, 0x0000000707200000| Untracked 
|  58|0x0000000707400000, 0x0000000707400000, 0x0000000707600000|  0%| F|  |TAMS 0x0000000707400000, 0x0000000707400000| Untracked 
|  59|0x0000000707600000, 0x0000000707600000, 0x0000000707800000|  0%| F|  |TAMS 0x0000000707600000, 0x0000000707600000| Untracked 
|  60|0x0000000707800000, 0x0000000707800000, 0x0000000707a00000|  0%| F|  |TAMS 0x0000000707800000, 0x0000000707800000| Untracked 
|  61|0x0000000707a00000, 0x0000000707a00000, 0x0000000707c00000|  0%| F|  |TAMS 0x0000000707a00000, 0x0000000707a00000| Untracked 
|  62|0x0000000707c00000, 0x0000000707c00000, 0x0000000707e00000|  0%| F|  |TAMS 0x0000000707c00000, 0x0000000707c00000| Untracked 
|  63|0x0000000707e00000, 0x0000000707e00000, 0x0000000708000000|  0%| F|  |TAMS 0x0000000707e00000, 0x0000000707e00000| Untracked 
|  64|0x0000000708000000, 0x0000000708000000, 0x0000000708200000|  0%| F|  |TAMS 0x0000000708000000, 0x0000000708000000| Untracked 
|  65|0x0000000708200000, 0x0000000708200000, 0x0000000708400000|  0%| F|  |TAMS 0x0000000708200000, 0x0000000708200000| Untracked 
|  66|0x0000000708400000, 0x0000000708400000, 0x0000000708600000|  0%| F|  |TAMS 0x0000000708400000, 0x0000000708400000| Untracked 
|  67|0x0000000708600000, 0x0000000708600000, 0x0000000708800000|  0%| F|  |TAMS 0x0000000708600000, 0x0000000708600000| Untracked 
|  68|0x0000000708800000, 0x0000000708800000, 0x0000000708a00000|  0%| F|  |TAMS 0x0000000708800000, 0x0000000708800000| Untracked 
|  69|0x0000000708a00000, 0x0000000708a00000, 0x0000000708c00000|  0%| F|  |TAMS 0x0000000708a00000, 0x0000000708a00000| Untracked 
|  70|0x0000000708c00000, 0x0000000708c00000, 0x0000000708e00000|  0%| F|  |TAMS 0x0000000708c00000, 0x0000000708c00000| Untracked 
|  71|0x0000000708e00000, 0x0000000708e00000, 0x0000000709000000|  0%| F|  |TAMS 0x0000000708e00000, 0x0000000708e00000| Untracked 
|  72|0x0000000709000000, 0x0000000709000000, 0x0000000709200000|  0%| F|  |TAMS 0x0000000709000000, 0x0000000709000000| Untracked 
|  73|0x0000000709200000, 0x0000000709200000, 0x0000000709400000|  0%| F|  |TAMS 0x0000000709200000, 0x0000000709200000| Untracked 
|  74|0x0000000709400000, 0x0000000709400000, 0x0000000709600000|  0%| F|  |TAMS 0x0000000709400000, 0x0000000709400000| Untracked 
|  75|0x0000000709600000, 0x0000000709600000, 0x0000000709800000|  0%| F|  |TAMS 0x0000000709600000, 0x0000000709600000| Untracked 
|  76|0x0000000709800000, 0x0000000709800000, 0x0000000709a00000|  0%| F|  |TAMS 0x0000000709800000, 0x0000000709800000| Untracked 
|  77|0x0000000709a00000, 0x0000000709a00000, 0x0000000709c00000|  0%| F|  |TAMS 0x0000000709a00000, 0x0000000709a00000| Untracked 
|  78|0x0000000709c00000, 0x0000000709c00000, 0x0000000709e00000|  0%| F|  |TAMS 0x0000000709c00000, 0x0000000709c00000| Untracked 
|  79|0x0000000709e00000, 0x0000000709e00000, 0x000000070a000000|  0%| F|  |TAMS 0x0000000709e00000, 0x0000000709e00000| Untracked 
|  80|0x000000070a000000, 0x000000070a000000, 0x000000070a200000|  0%| F|  |TAMS 0x000000070a000000, 0x000000070a000000| Untracked 
|  81|0x000000070a200000, 0x000000070a200000, 0x000000070a400000|  0%| F|  |TAMS 0x000000070a200000, 0x000000070a200000| Untracked 
|  82|0x000000070a400000, 0x000000070a400000, 0x000000070a600000|  0%| F|  |TAMS 0x000000070a400000, 0x000000070a400000| Untracked 
|  83|0x000000070a600000, 0x000000070a600000, 0x000000070a800000|  0%| F|  |TAMS 0x000000070a600000, 0x000000070a600000| Untracked 
|  84|0x000000070a800000, 0x000000070a800000, 0x000000070aa00000|  0%| F|  |TAMS 0x000000070a800000, 0x000000070a800000| Untracked 
|  85|0x000000070aa00000, 0x000000070aa00000, 0x000000070ac00000|  0%| F|  |TAMS 0x000000070aa00000, 0x000000070aa00000| Untracked 
|  86|0x000000070ac00000, 0x000000070ac00000, 0x000000070ae00000|  0%| F|  |TAMS 0x000000070ac00000, 0x000000070ac00000| Untracked 
|  87|0x000000070ae00000, 0x000000070ae00000, 0x000000070b000000|  0%| F|  |TAMS 0x000000070ae00000, 0x000000070ae00000| Untracked 
|  88|0x000000070b000000, 0x000000070b000000, 0x000000070b200000|  0%| F|  |TAMS 0x000000070b000000, 0x000000070b000000| Untracked 
|  89|0x000000070b200000, 0x000000070b200000, 0x000000070b400000|  0%| F|  |TAMS 0x000000070b200000, 0x000000070b200000| Untracked 
|  90|0x000000070b400000, 0x000000070b400000, 0x000000070b600000|  0%| F|  |TAMS 0x000000070b400000, 0x000000070b400000| Untracked 
|  91|0x000000070b600000, 0x000000070b600000, 0x000000070b800000|  0%| F|  |TAMS 0x000000070b600000, 0x000000070b600000| Untracked 
|  92|0x000000070b800000, 0x000000070b800000, 0x000000070ba00000|  0%| F|  |TAMS 0x000000070b800000, 0x000000070b800000| Untracked 
|  93|0x000000070ba00000, 0x000000070ba00000, 0x000000070bc00000|  0%| F|  |TAMS 0x000000070ba00000, 0x000000070ba00000| Untracked 
|  94|0x000000070bc00000, 0x000000070bc00000, 0x000000070be00000|  0%| F|  |TAMS 0x000000070bc00000, 0x000000070bc00000| Untracked 
|  95|0x000000070be00000, 0x000000070be00000, 0x000000070c000000|  0%| F|  |TAMS 0x000000070be00000, 0x000000070be00000| Untracked 
|  96|0x000000070c000000, 0x000000070c14f2e0, 0x000000070c200000| 65%| S|CS|TAMS 0x000000070c000000, 0x000000070c000000| Complete 
|  97|0x000000070c200000, 0x000000070c400000, 0x000000070c400000|100%| S|CS|TAMS 0x000000070c200000, 0x000000070c200000| Complete 
|  98|0x000000070c400000, 0x000000070c600000, 0x000000070c600000|100%| S|CS|TAMS 0x000000070c400000, 0x000000070c400000| Complete 
|  99|0x000000070c600000, 0x000000070c600000, 0x000000070c800000|  0%| F|  |TAMS 0x000000070c600000, 0x000000070c600000| Untracked 
| 100|0x000000070c800000, 0x000000070c800000, 0x000000070ca00000|  0%| F|  |TAMS 0x000000070c800000, 0x000000070c800000| Untracked 
| 101|0x000000070ca00000, 0x000000070ca00000, 0x000000070cc00000|  0%| F|  |TAMS 0x000000070ca00000, 0x000000070ca00000| Untracked 
| 102|0x000000070cc00000, 0x000000070cc00000, 0x000000070ce00000|  0%| F|  |TAMS 0x000000070cc00000, 0x000000070cc00000| Untracked 
| 103|0x000000070ce00000, 0x000000070ce00000, 0x000000070d000000|  0%| F|  |TAMS 0x000000070ce00000, 0x000000070ce00000| Untracked 
| 104|0x000000070d000000, 0x000000070d000000, 0x000000070d200000|  0%| F|  |TAMS 0x000000070d000000, 0x000000070d000000| Untracked 
| 105|0x000000070d200000, 0x000000070d200000, 0x000000070d400000|  0%| F|  |TAMS 0x000000070d200000, 0x000000070d200000| Untracked 
| 106|0x000000070d400000, 0x000000070d400000, 0x000000070d600000|  0%| F|  |TAMS 0x000000070d400000, 0x000000070d400000| Untracked 
| 107|0x000000070d600000, 0x000000070d600000, 0x000000070d800000|  0%| F|  |TAMS 0x000000070d600000, 0x000000070d600000| Untracked 
| 108|0x000000070d800000, 0x000000070d800000, 0x000000070da00000|  0%| F|  |TAMS 0x000000070d800000, 0x000000070d800000| Untracked 
| 109|0x000000070da00000, 0x000000070da00000, 0x000000070dc00000|  0%| F|  |TAMS 0x000000070da00000, 0x000000070da00000| Untracked 
| 110|0x000000070dc00000, 0x000000070dc00000, 0x000000070de00000|  0%| F|  |TAMS 0x000000070dc00000, 0x000000070dc00000| Untracked 
| 111|0x000000070de00000, 0x000000070de00000, 0x000000070e000000|  0%| F|  |TAMS 0x000000070de00000, 0x000000070de00000| Untracked 
| 112|0x000000070e000000, 0x000000070e000000, 0x000000070e200000|  0%| F|  |TAMS 0x000000070e000000, 0x000000070e000000| Untracked 
| 113|0x000000070e200000, 0x000000070e200000, 0x000000070e400000|  0%| F|  |TAMS 0x000000070e200000, 0x000000070e200000| Untracked 
| 114|0x000000070e400000, 0x000000070e400000, 0x000000070e600000|  0%| F|  |TAMS 0x000000070e400000, 0x000000070e400000| Untracked 
| 115|0x000000070e600000, 0x000000070e600000, 0x000000070e800000|  0%| F|  |TAMS 0x000000070e600000, 0x000000070e600000| Untracked 
| 116|0x000000070e800000, 0x000000070e800000, 0x000000070ea00000|  0%| F|  |TAMS 0x000000070e800000, 0x000000070e800000| Untracked 
| 117|0x000000070ea00000, 0x000000070ea00000, 0x000000070ec00000|  0%| F|  |TAMS 0x000000070ea00000, 0x000000070ea00000| Untracked 
| 118|0x000000070ec00000, 0x000000070ec00000, 0x000000070ee00000|  0%| F|  |TAMS 0x000000070ec00000, 0x000000070ec00000| Untracked 
| 119|0x000000070ee00000, 0x000000070ee00000, 0x000000070f000000|  0%| F|  |TAMS 0x000000070ee00000, 0x000000070ee00000| Untracked 
| 120|0x000000070f000000, 0x000000070f000000, 0x000000070f200000|  0%| F|  |TAMS 0x000000070f000000, 0x000000070f000000| Untracked 
| 121|0x000000070f200000, 0x000000070f200000, 0x000000070f400000|  0%| F|  |TAMS 0x000000070f200000, 0x000000070f200000| Untracked 
| 122|0x000000070f400000, 0x000000070f400000, 0x000000070f600000|  0%| F|  |TAMS 0x000000070f400000, 0x000000070f400000| Untracked 
| 123|0x000000070f600000, 0x000000070f800000, 0x000000070f800000|100%| E|  |TAMS 0x000000070f600000, 0x000000070f600000| Complete 
| 124|0x000000070f800000, 0x000000070fa00000, 0x000000070fa00000|100%| E|CS|TAMS 0x000000070f800000, 0x000000070f800000| Complete 
| 125|0x000000070fa00000, 0x000000070fc00000, 0x000000070fc00000|100%| E|CS|TAMS 0x000000070fa00000, 0x000000070fa00000| Complete 
| 126|0x000000070fc00000, 0x000000070fe00000, 0x000000070fe00000|100%| E|CS|TAMS 0x000000070fc00000, 0x000000070fc00000| Complete 
| 127|0x000000070fe00000, 0x0000000710000000, 0x0000000710000000|100%| E|CS|TAMS 0x000000070fe00000, 0x000000070fe00000| Complete 
|2046|0x00000007ffc00000, 0x00000007ffd78000, 0x00000007ffe00000| 73%|OA|  |TAMS 0x00000007ffc00000, 0x00000007ffc00000| Untracked 
|2047|0x00000007ffe00000, 0x00000007ffe80000, 0x0000000800000000| 25%|CA|  |TAMS 0x00000007ffe00000, 0x00000007ffe00000| Untracked 

Card table byte_map: [0x000000011cd30000,0x000000011d530000] _byte_map_base: 0x0000000119530000

Marking Bits (Prev, Next): (CMBitMap*) 0x0000000160039010, (CMBitMap*) 0x0000000160039050
 Prev Bits: [0x000000011dd30000, 0x0000000121d30000)
 Next Bits: [0x0000000121d30000, 0x0000000125d30000)

Polling page: 0x00000001045b4000

Metaspace:

Usage:
  Non-class:      8.95 MB used.
      Class:      1.23 MB used.
       Both:     10.18 MB used.

Virtual space:
  Non-class space:       16.00 MB reserved,       9.06 MB ( 57%) committed,  2 nodes.
      Class space:        1.00 GB reserved,       1.31 MB ( <1%) committed,  1 nodes.
             Both:        1.02 GB reserved,      10.38 MB ( <1%) committed. 

Chunk freelists:
   Non-Class:  2.89 MB
       Class:  2.60 MB
        Both:  5.50 MB

MaxMetaspaceSize: unlimited
CompressedClassSpaceSize: 1.00 GB
Initial GC threshold: 21.00 MB
Current GC threshold: 21.00 MB
CDS: on
MetaspaceReclaimPolicy: balanced
 - commit_granule_bytes: 65536.
 - commit_granule_words: 8192.
 - virtual_space_node_default_size: 1048576.
 - enlarge_chunks_in_place: 1.
 - new_chunks_are_fully_committed: 0.
 - uncommit_free_chunks: 1.
 - use_allocation_guard: 0.
 - handle_deallocations: 1.


Internal statistics:

num_allocs_failed_limit: 0.
num_arena_births: 106.
num_arena_deaths: 0.
num_vsnodes_births: 3.
num_vsnodes_deaths: 0.
num_space_committed: 166.
num_space_uncommitted: 0.
num_chunks_returned_to_freelist: 0.
num_chunks_taken_from_freelist: 364.
num_chunk_merges: 0.
num_chunk_splits: 258.
num_chunks_enlarged: 213.
num_purges: 0.
num_inconsistent_stats: 0.

CodeHeap 'non-profiled nmethods': size=120032Kb used=1247Kb max_used=1247Kb free=118784Kb
 bounds [0x00000001157f8000, 0x0000000115a68000, 0x000000011cd30000]
CodeHeap 'profiled nmethods': size=120016Kb used=4157Kb max_used=4157Kb free=115858Kb
 bounds [0x000000010e2c4000, 0x000000010e6d4000, 0x00000001157f8000]
CodeHeap 'non-nmethods': size=5712Kb used=1320Kb max_used=1465Kb free=4391Kb
 bounds [0x000000010dd30000, 0x000000010dfa0000, 0x000000010e2c4000]
 total_blobs=2802 nmethods=2117 adapters=601
 compilation: enabled
              stopped_count=0, restarted_count=0
 full_count=0

Compilation events (20 events):
Event: 9.086 Thread 0x0000000137008200 2291       3       com.sun.javafx.event.EventDispatchChainImpl::prepend (77 bytes)
Event: 9.086 Thread 0x0000000137008200 nmethod 2291 0x000000010e6cf690 code [0x000000010e6cf880, 0x000000010e6cfd08]
Event: 9.086 Thread 0x0000000137008200 2292       3       com.sun.javafx.event.EventDispatchChainImpl::ensureCapacity (89 bytes)
Event: 9.086 Thread 0x0000000137008200 nmethod 2292 0x000000010e6cfe90 code [0x000000010e6d0080, 0x000000010e6d0688]
Event: 9.102 Thread 0x0000000137008200 2294       1       javafx.scene.input.MouseEvent::isShiftDown (5 bytes)
Event: 9.102 Thread 0x0000000160052200 2300       4       com.sun.javafx.util.TempState::getInstance (10 bytes)
Event: 9.102 Thread 0x0000000137008200 nmethod 2294 0x000000011592de10 code [0x000000011592df80, 0x000000011592e068]
Event: 9.102 Thread 0x0000000137008200 2295       1       javafx.scene.input.MouseEvent::isControlDown (5 bytes)
Event: 9.102 Thread 0x0000000137008200 nmethod 2295 0x000000011592e110 code [0x000000011592e280, 0x000000011592e368]
Event: 9.102 Thread 0x0000000137008200 2296       1       javafx.scene.input.MouseEvent::isAltDown (5 bytes)
Event: 9.102 Thread 0x0000000137008200 nmethod 2296 0x000000011592e410 code [0x000000011592e580, 0x000000011592e668]
Event: 9.102 Thread 0x0000000137008200 2297       1       javafx.scene.input.MouseEvent::isMetaDown (5 bytes)
Event: 9.102 Thread 0x0000000137008200 nmethod 2297 0x000000011592e710 code [0x000000011592e880, 0x000000011592e968]
Event: 9.102 Thread 0x0000000137008200 2298       1       javafx.scene.input.MouseEvent::isSynthesized (5 bytes)
Event: 9.102 Thread 0x0000000137008200 nmethod 2298 0x000000011592ea10 code [0x000000011592eb80, 0x000000011592ec68]
Event: 9.102 Thread 0x0000000137008200 2299       1       javafx.scene.input.MouseEvent::isPopupTrigger (5 bytes)
Event: 9.102 Thread 0x0000000137008200 nmethod 2299 0x000000011592ed10 code [0x000000011592ee80, 0x000000011592ef68]
Event: 9.102 Thread 0x0000000137008200 2293       1       javafx.scene.Scene$TargetWrapper::getResult (5 bytes)
Event: 9.102 Thread 0x0000000137008200 nmethod 2293 0x000000011592f010 code [0x000000011592f180, 0x000000011592f268]
Event: 9.104 Thread 0x0000000160052200 nmethod 2300 0x000000011592f310 code [0x000000011592f500, 0x000000011592f750]

GC Heap History (4 events):
Event: 1.825 GC heap before
{Heap before GC invocations=0 (full 0):
 garbage-first heap   total 266240K, used 24544K [0x0000000700000000, 0x0000000800000000)
  region size 2048K, 11 young (22528K), 0 survivors (0K)
 Metaspace       used 6527K, committed 6656K, reserved 1056768K
  class space    used 782K, committed 832K, reserved 1048576K
}
Event: 1.829 GC heap after
{Heap after GC invocations=1 (full 0):
 garbage-first heap   total 266240K, used 4965K [0x0000000700000000, 0x0000000800000000)
  region size 2048K, 2 young (4096K), 2 survivors (4096K)
 Metaspace       used 6527K, committed 6656K, reserved 1056768K
  class space    used 782K, committed 832K, reserved 1048576K
}
Event: 5.330 GC heap before
{Heap before GC invocations=1 (full 0):
 garbage-first heap   total 266240K, used 60261K [0x0000000700000000, 0x0000000800000000)
  region size 2048K, 29 young (59392K), 2 survivors (4096K)
 Metaspace       used 10054K, committed 10176K, reserved 1064960K
  class space    used 1245K, committed 1280K, reserved 1048576K
}
Event: 5.332 GC heap after
{Heap after GC invocations=2 (full 0):
 garbage-first heap   total 266240K, used 7452K [0x0000000700000000, 0x0000000800000000)
  region size 2048K, 3 young (6144K), 3 survivors (6144K)
 Metaspace       used 10054K, committed 10176K, reserved 1064960K
  class space    used 1245K, committed 1280K, reserved 1048576K
}

Deoptimization events (20 events):
Event: 5.179 Thread 0x00000001571fbc00 DEOPT PACKING pc=0x000000010e503380 sp=0x000000016b9ca850
Event: 5.179 Thread 0x00000001571fbc00 DEOPT UNPACKING pc=0x000000010dd6eb7c sp=0x000000016b9ca580 mode 0
Event: 5.179 Thread 0x00000001571fbc00 DEOPT PACKING pc=0x000000010e503380 sp=0x000000016b9ca850
Event: 5.179 Thread 0x00000001571fbc00 DEOPT UNPACKING pc=0x000000010dd6eb7c sp=0x000000016b9ca580 mode 0
Event: 5.180 Thread 0x00000001571fbc00 DEOPT PACKING pc=0x000000010e503380 sp=0x000000016b9ca850
Event: 5.180 Thread 0x00000001571fbc00 DEOPT UNPACKING pc=0x000000010dd6eb7c sp=0x000000016b9ca580 mode 0
Event: 5.187 Thread 0x00000001571fbc00 DEOPT PACKING pc=0x000000010e542eac sp=0x000000016b9cac40
Event: 5.187 Thread 0x00000001571fbc00 DEOPT UNPACKING pc=0x000000010dd6eb7c sp=0x000000016b9ca9e0 mode 3
Event: 5.238 Thread 0x00000001571fbc00 DEOPT PACKING pc=0x000000010e3c7a68 sp=0x000000016b9c92c0
Event: 5.238 Thread 0x00000001571fbc00 DEOPT UNPACKING pc=0x000000010dd6eb7c sp=0x000000016b9c8f50 mode 3
Event: 5.239 Thread 0x00000001571fbc00 DEOPT PACKING pc=0x000000010e3c8a50 sp=0x000000016b9c9550
Event: 5.239 Thread 0x00000001571fbc00 DEOPT UNPACKING pc=0x000000010dd6eb7c sp=0x000000016b9c9210 mode 3
Event: 5.310 Thread 0x00000001571fbc00 DEOPT PACKING pc=0x000000010e3e2e94 sp=0x000000016b9c9bb0
Event: 5.310 Thread 0x00000001571fbc00 DEOPT UNPACKING pc=0x000000010dd6eb7c sp=0x000000016b9c9880 mode 3
Event: 5.310 Thread 0x00000001571fbc00 DEOPT PACKING pc=0x000000010e571d6c sp=0x000000016b9c9c10
Event: 5.310 Thread 0x00000001571fbc00 DEOPT UNPACKING pc=0x000000010dd6eb7c sp=0x000000016b9c98e0 mode 3
Event: 9.075 Thread 0x00000001571fbc00 Uncommon trap: trap_request=0xffffff45 fr.pc=0x00000001159071cc relative=0x0000000000000a0c
Event: 9.075 Thread 0x00000001571fbc00 Uncommon trap: reason=unstable_if action=reinterpret pc=0x00000001159071cc method=javafx.scene.Node.intersectsBounds(Lcom/sun/javafx/geom/PickRay;)D @ 769 c2
Event: 9.075 Thread 0x00000001571fbc00 DEOPT PACKING pc=0x00000001159071cc sp=0x000000016b9cb410
Event: 9.075 Thread 0x00000001571fbc00 DEOPT UNPACKING pc=0x000000010dd6ed1c sp=0x000000016b9cb2b0 mode 2

Classes unloaded (0 events):
No events

Classes redefined (0 events):
No events

Internal exceptions (20 events):
Event: 0.023 Thread 0x0000000160011a00 Exception <a 'sun/nio/fs/UnixException'{0x000000070fe69eb0}> (0x000000070fe69eb0) 
thrown [open/src/hotspot/share/prims/jni.cpp, line 516]
Event: 0.053 Thread 0x0000000160011a00 Implicit null exception at 0x000000011580937c to 0x000000011580948c
Event: 0.059 Thread 0x0000000160011a00 Exception <a 'java/lang/NoSuchMethodError'{0x000000070f98c5c8}: 'java.lang.Object java.lang.invoke.DirectMethodHandle$Holder.invokeStaticInit(java.lang.Object)'> (0x000000070f98c5c8) 
thrown [open/src/hotspot/share/interpreter/linkResolver.cpp, line 766]
Event: 0.060 Thread 0x0000000160011a00 Exception <a 'java/lang/NoSuchMethodError'{0x000000070f993908}: 'void java.lang.invoke.DirectMethodHandle$Holder.invokeStatic(java.lang.Object, java.lang.Object)'> (0x000000070f993908) 
thrown [open/src/hotspot/share/interpreter/linkResolver.cpp, line 766]
Event: 0.076 Thread 0x0000000160011a00 Exception <a 'java/lang/NoSuchMethodError'{0x000000070f40cf30}: 'void java.lang.invoke.DirectMethodHandle$Holder.invokeSpecial(java.lang.Object, java.lang.Object, java.lang.Object)'> (0x000000070f40cf30) 
thrown [open/src/hotspot/share/interpreter/linkResolver.cpp, line 766]
Event: 0.081 Thread 0x0000000160011a00 Exception <a 'java/lang/NoSuchMethodError'{0x000000070f449f10}: 'void java.lang.invoke.DirectMethodHandle$Holder.invokeStatic(java.lang.Object, java.lang.Object, java.lang.Object)'> (0x000000070f449f10) 
thrown [open/src/hotspot/share/interpreter/linkResolver.cpp, line 766]
Event: 0.125 Thread 0x0000000160011a00 Exception <a 'java/lang/NoSuchMethodError'{0x000000070f466768}: 'int java.lang.invoke.DirectMethodHandle$Holder.invokeStaticInit(java.lang.Object, java.lang.Object, java.lang.Object)'> (0x000000070f466768) 
thrown [open/src/hotspot/share/interpreter/linkResolver.cpp, line 766]
Event: 0.204 Thread 0x00000001571fbc00 Exception <a 'java/lang/NoSuchMethodError'{0x000000070f18e9a0}: 'void java.lang.invoke.DirectMethodHandle$Holder.invokeStaticInit(java.lang.Object)'> (0x000000070f18e9a0) 
thrown [open/src/hotspot/share/interpreter/linkResolver.cpp, line 766]
Event: 0.205 Thread 0x0000000160011a00 Exception <a 'java/lang/NoSuchMethodError'{0x000000070f26fe78}: 'java.lang.Object java.lang.invoke.DirectMethodHandle$Holder.newInvokeSpecial(java.lang.Object, java.lang.Object, java.lang.Object, java.lang.Object, java.lang.Object, java.lang.Object)'> (0x000000070f26fe78) 
thrown [open/src/hotspot/share/interpreter/linkResolver.cpp, line 766]
Event: 0.209 Thread 0x0000000160011a00 Exception <a 'java/lang/NoSuchMethodError'{0x000000070f1edb40}: 'java.lang.Object java.lang.invoke.DirectMethodHandle$Holder.newInvokeSpecial(java.lang.Object, java.lang.Object, java.lang.Object, java.lang.Object, java.lang.Object)'> (0x000000070f1edb40) 
thrown [open/src/hotspot/share/interpreter/linkResolver.cpp, line 766]
Event: 0.210 Thread 0x0000000157291400 Exception <a 'java/lang/NoSuchMethodError'{0x000000070ee78838}: 'void java.lang.invoke.DirectMethodHandle$Holder.invokeStatic(java.lang.Object, java.lang.Object, java.lang.Object, java.lang.Object)'> (0x000000070ee78838) 
thrown [open/src/hotspot/share/interpreter/linkResolver.cpp, line 766]
Event: 0.223 Thread 0x00000001571fbc00 Exception <a 'java/lang/NoSuchMethodError'{0x000000070edd5630}: 'java.lang.Object java.lang.invoke.DirectMethodHandle$Holder.invokeStaticInit(java.lang.Object, java.lang.Object, java.lang.Object, java.lang.Object)'> (0x000000070edd5630) 
thrown [open/src/hotspot/share/interpreter/linkResolver.cpp, line 766]
Event: 5.189 Thread 0x00000001571fbc00 Exception <a 'java/lang/NullPointerException'{0x000000070d5c4ec0}> (0x000000070d5c4ec0) 
thrown [open/src/hotspot/share/interpreter/linkResolver.cpp, line 1357]
Event: 5.269 Thread 0x00000001571fbc00 Exception <a 'java/lang/NoSuchMethodError'{0x000000070cdf0d98}: 'java.lang.Object java.lang.invoke.DirectMethodHandle$Holder.newInvokeSpecial(java.lang.Object, java.lang.Object, int)'> (0x000000070cdf0d98) 
thrown [open/src/hotspot/share/interpreter/linkResolver.cpp, line 766]
Event: 5.298 Thread 0x00000001571fbc00 Exception <a 'java/lang/NoSuchMethodError'{0x000000070caa4b18}: 'long java.lang.invoke.DirectMethodHandle$Holder.invokeStatic(java.lang.Object, java.lang.Object, java.lang.Object)'> (0x000000070caa4b18) 
thrown [open/src/hotspot/share/interpreter/linkResolver.cpp, line 766]
Event: 5.299 Thread 0x00000001571fbc00 Exception <a 'java/lang/NoSuchMethodError'{0x000000070caa82c0}: 'long java.lang.invoke.DirectMethodHandle$Holder.invokeStaticInit(java.lang.Object, java.lang.Object, java.lang.Object)'> (0x000000070caa82c0) 
thrown [open/src/hotspot/share/interpreter/linkResolver.cpp, line 766]
Event: 5.300 Thread 0x00000001571fbc00 Exception <a 'java/lang/NoSuchMethodError'{0x000000070cac0240}: 'java.lang.Object java.lang.invoke.DirectMethodHandle$Holder.newInvokeSpecial(java.lang.Object, java.lang.Object, long)'> (0x000000070cac0240) 
thrown [open/src/hotspot/share/interpreter/linkResolver.cpp, line 766]
Event: 5.300 Thread 0x00000001571fbc00 Exception <a 'java/lang/NoSuchMethodError'{0x000000070cac3b08}: 'java.lang.Object java.lang.invoke.Invokers$Holder.linkToTargetMethod(java.lang.Object, long, java.lang.Object)'> (0x000000070cac3b08) 
thrown [open/src/hotspot/share/interpreter/linkResolver.cpp, line 766]
Event: 5.312 Thread 0x0000000160055c00 Exception <a 'java/lang/NoSuchMethodError'{0x000000070c917678}: 'int java.lang.invoke.DirectMethodHandle$Holder.invokeStaticInit(java.lang.Object, java.lang.Object)'> (0x000000070c917678) 
thrown [open/src/hotspot/share/interpreter/linkResolver.cpp, line 766]
Event: 7.494 Thread 0x00000001571fbc00 Exception <a 'java/lang/NoSuchMethodError'{0x000000070fd4bb98}: 'java.lang.Object java.lang.invoke.DirectMethodHandle$Holder.newInvokeSpecial(java.lang.Object, java.lang.Object, int, java.lang.Object, double, double, double, double, double, double, int, int, int, int, int, int, int, int)'> (0x000000070fd4bb98) 
thrown [open/src/hotspot/share/interpreter/linkResolver.cpp, line 766]

VM Operations (20 events):
Event: 4.839 Executing VM operation: Cleanup
Event: 4.839 Executing VM operation: Cleanup done
Event: 5.180 Executing VM operation: HandshakeAllThreads
Event: 5.180 Executing VM operation: HandshakeAllThreads done
Event: 5.180 Executing VM operation: HandshakeAllThreads
Event: 5.181 Executing VM operation: HandshakeAllThreads done
Event: 5.181 Executing VM operation: HandshakeAllThreads
Event: 5.181 Executing VM operation: HandshakeAllThreads done
Event: 5.216 Executing VM operation: HandshakeAllThreads
Event: 5.216 Executing VM operation: HandshakeAllThreads done
Event: 5.287 Executing VM operation: ICBufferFull
Event: 5.287 Executing VM operation: ICBufferFull done
Event: 5.330 Executing VM operation: G1CollectForAllocation
Event: 5.332 Executing VM operation: G1CollectForAllocation done
Event: 6.337 Executing VM operation: Cleanup
Event: 6.338 Executing VM operation: Cleanup done
Event: 7.343 Executing VM operation: Cleanup
Event: 7.343 Executing VM operation: Cleanup done
Event: 8.348 Executing VM operation: Cleanup
Event: 8.348 Executing VM operation: Cleanup done

Events (20 events):
Event: 5.312 loading class java/util/EnumMap$ValueIterator
Event: 5.312 loading class java/util/EnumMap$EnumMapIterator
Event: 5.312 loading class java/util/EnumMap$EnumMapIterator done
Event: 5.312 loading class java/util/EnumMap$ValueIterator done
Event: 5.312 loading class java/lang/invoke/MethodHandle$1
Event: 5.312 loading class java/lang/invoke/MethodHandle$1 done
Event: 5.328 loading class java/nio/DirectShortBufferU
Event: 5.329 loading class java/nio/ShortBuffer
Event: 5.329 loading class java/nio/ShortBuffer done
Event: 5.329 loading class java/nio/DirectShortBufferU done
Event: 5.329 loading class java/nio/DoubleBuffer
Event: 5.329 loading class java/nio/DoubleBuffer done
Event: 5.589 Protecting memory [0x000000016f75c000,0x000000016f768000] with protection modes 3
Event: 5.589 Thread 0x0000000136a37200 Thread exited: 0x0000000136a37200
Event: 5.674 Protecting memory [0x000000016f550000,0x000000016f55c000] with protection modes 3
Event: 5.674 Thread 0x0000000157296e00 Thread exited: 0x0000000157296e00
Event: 8.024 Thread 0x0000000157585a00 Thread added: 0x0000000157585a00
Event: 8.024 Protecting memory [0x000000016f550000,0x000000016f55c000] with protection modes 0
Event: 8.307 Protecting memory [0x000000016f550000,0x000000016f55c000] with protection modes 3
Event: 8.307 Thread 0x0000000157585a00 Thread exited: 0x0000000157585a00


Dynamic libraries:
0x0000000104564000 	/Library/Java/JavaVirtualMachines/jdk-17.0.3.jdk/Contents/Home/lib/libjli.dylib
0x000000018df10000 	/usr/lib/libz.1.dylib
0x000000018dfc7000 	/usr/lib/libSystem.B.dylib
0x000000018dfc1000 	/usr/lib/system/libcache.dylib
0x000000018df7f000 	/usr/lib/system/libcommonCrypto.dylib
0x000000018dfa8000 	/usr/lib/system/libcompiler_rt.dylib
0x000000018df9f000 	/usr/lib/system/libcopyfile.dylib
0x0000000183207000 	/usr/lib/system/libcorecrypto.dylib
0x00000001832ba000 	/usr/lib/system/libdispatch.dylib
0x0000000183488000 	/usr/lib/system/libdyld.dylib
0x000000018dfb7000 	/usr/lib/system/libkeymgr.dylib
0x000000018df5a000 	/usr/lib/system/libmacho.dylib
0x000000018d64f000 	/usr/lib/system/libquarantine.dylib
0x000000018dfb4000 	/usr/lib/system/libremovefile.dylib
0x00000001885f0000 	/usr/lib/system/libsystem_asl.dylib
0x00000001831a9000 	/usr/lib/system/libsystem_blocks.dylib
0x0000000183342000 	/usr/lib/system/libsystem_c.dylib
0x000000018dfac000 	/usr/lib/system/libsystem_collections.dylib
0x000000018cadd000 	/usr/lib/system/libsystem_configuration.dylib
0x000000018bd39000 	/usr/lib/system/libsystem_containermanager.dylib
0x000000018dcbc000 	/usr/lib/system/libsystem_coreservices.dylib
0x0000000185bb0000 	/usr/lib/system/libsystem_darwin.dylib
0x000000018dfb8000 	/usr/lib/system/libsystem_dnssd.dylib
0x000000018333f000 	/usr/lib/system/libsystem_featureflags.dylib
0x000000018349d000 	/usr/lib/system/libsystem_info.dylib
0x000000018df22000 	/usr/lib/system/libsystem_m.dylib
0x000000018328f000 	/usr/lib/system/libsystem_malloc.dylib
0x000000018857f000 	/usr/lib/system/libsystem_networkextension.dylib
0x0000000186009000 	/usr/lib/system/libsystem_notify.dylib
0x0000000194305000 	/usr/lib/system/libsystem_product_info_filter.dylib
0x000000018cae2000 	/usr/lib/system/libsystem_sandbox.dylib
0x000000018dfb1000 	/usr/lib/system/libsystem_secinit.dylib
0x0000000183443000 	/usr/lib/system/libsystem_kernel.dylib
0x0000000183495000 	/usr/lib/system/libsystem_platform.dylib
0x000000018347b000 	/usr/lib/system/libsystem_pthread.dylib
0x0000000189d48000 	/usr/lib/system/libsystem_symptoms.dylib
0x00000001831ed000 	/usr/lib/system/libsystem_trace.dylib
0x000000018df8c000 	/usr/lib/system/libunwind.dylib
0x00000001831ab000 	/usr/lib/system/libxpc.dylib
0x000000018342b000 	/usr/lib/libc++abi.dylib
0x0000000183301000 	/usr/lib/libobjc.A.dylib
0x000000018df97000 	/usr/lib/liboah.dylib
0x00000001833c4000 	/usr/lib/libc++.1.dylib
0x0000000199e1e000 	/System/Library/Frameworks/Cocoa.framework/Versions/A/Cocoa
0x000000018606a000 	/System/Library/Frameworks/AppKit.framework/Versions/C/AppKit
0x0000000189570000 	/System/Library/Frameworks/CoreData.framework/Versions/A/CoreData
0x00000001843c5000 	/System/Library/Frameworks/Foundation.framework/Versions/C/Foundation
0x0000000186f22000 	/System/Library/PrivateFrameworks/UIFoundation.framework/Versions/A/UIFoundation
0x0000000193fff000 	/System/Library/PrivateFrameworks/RemoteViewServices.framework/Versions/A/RemoteViewServices
0x000000018c485000 	/System/Library/PrivateFrameworks/XCTTargetBootstrap.framework/Versions/A/XCTTargetBootstrap
0x000000018fd03000 	/System/Library/PrivateFrameworks/InternationalSupport.framework/Versions/A/InternationalSupport
0x000000018fd8c000 	/System/Library/PrivateFrameworks/UserActivity.framework/Versions/A/UserActivity
0x000000018f1fe000 	/usr/lib/libspindump.dylib
0x0000000187193000 	/System/Library/Frameworks/UniformTypeIdentifiers.framework/Versions/A/UniformTypeIdentifiers
0x000000018a9d0000 	/usr/lib/libapp_launch_measurement.dylib
0x0000000189efa000 	/System/Library/PrivateFrameworks/CoreAnalytics.framework/Versions/A/CoreAnalytics
0x000000018a9d3000 	/System/Library/PrivateFrameworks/CoreAutoLayout.framework/Versions/A/CoreAutoLayout
0x000000018bd76000 	/System/Library/Frameworks/Metal.framework/Versions/A/Metal
0x000000018caed000 	/usr/lib/liblangid.dylib
0x000000018c48a000 	/System/Library/PrivateFrameworks/CoreSVG.framework/Versions/A/CoreSVG
0x0000000188624000 	/System/Library/PrivateFrameworks/SkyLight.framework/Versions/A/SkyLight
0x00000001889f9000 	/System/Library/Frameworks/CoreGraphics.framework/Versions/A/CoreGraphics
0x00000001946cb000 	/System/Library/Frameworks/Accelerate.framework/Versions/A/Accelerate
0x000000018ec75000 	/System/Library/PrivateFrameworks/IconServices.framework/Versions/A/IconServices
0x000000018bd58000 	/System/Library/Frameworks/IOSurface.framework/Versions/A/IOSurface
0x0000000189f2b000 	/usr/lib/libDiagnosticMessagesClient.dylib
0x0000000197bcc000 	/System/Library/Frameworks/ApplicationServices.framework/Versions/A/ApplicationServices
0x000000018c46d000 	/System/Library/PrivateFrameworks/DFRFoundation.framework/Versions/A/DFRFoundation
0x00000001858fa000 	/usr/lib/libicucore.A.dylib
0x0000000190baf000 	/System/Library/Frameworks/AudioToolbox.framework/Versions/A/AudioToolbox
0x000000018fd0f000 	/System/Library/PrivateFrameworks/DataDetectorsCore.framework/Versions/A/DataDetectorsCore
0x00000001a664f000 	/System/Library/PrivateFrameworks/TextInput.framework/Versions/A/TextInput
0x0000000188599000 	/usr/lib/libMobileGestalt.dylib
0x000000018c139000 	/System/Library/Frameworks/Carbon.framework/Versions/A/Frameworks/HIToolbox.framework/Versions/A/HIToolbox
0x000000018a3ac000 	/System/Library/Frameworks/QuartzCore.framework/Versions/A/QuartzCore
0x000000018557d000 	/System/Library/Frameworks/Security.framework/Versions/A/Security
0x000000019403f000 	/System/Library/Frameworks/Carbon.framework/Versions/A/Frameworks/SpeechRecognition.framework/Versions/A/SpeechRecognition
0x000000018a726000 	/System/Library/PrivateFrameworks/CoreUI.framework/Versions/A/CoreUI
0x0000000184e5a000 	/System/Library/Frameworks/CoreAudio.framework/Versions/A/CoreAudio
0x000000018a020000 	/System/Library/Frameworks/DiskArbitration.framework/Versions/A/DiskArbitration
0x000000018f608000 	/System/Library/PrivateFrameworks/MultitouchSupport.framework/Versions/A/MultitouchSupport
0x0000000188597000 	/usr/lib/libenergytrace.dylib
0x0000000185f32000 	/System/Library/Frameworks/IOKit.framework/Versions/A/IOKit
0x000000019442e000 	/System/Library/Frameworks/CoreServices.framework/Versions/A/CoreServices
0x000000018a960000 	/System/Library/PrivateFrameworks/PerformanceAnalysis.framework/Versions/A/PerformanceAnalysis
0x00000001e4937000 	/System/Library/Frameworks/OpenGL.framework/Versions/A/OpenGL
0x000000018d567000 	/System/Library/PrivateFrameworks/MobileKeyBag.framework/Versions/A/MobileKeyBag
0x0000000189006000 	/System/Library/Frameworks/ColorSync.framework/Versions/A/ColorSync
0x00000001834ca000 	/System/Library/Frameworks/CoreFoundation.framework/Versions/A/CoreFoundation
0x000000018c709000 	/System/Library/Frameworks/CoreImage.framework/Versions/A/CoreImage
0x0000000184c7e000 	/System/Library/Frameworks/CoreText.framework/Versions/A/CoreText
0x000000018c4ba000 	/System/Library/Frameworks/ImageIO.framework/Versions/A/ImageIO
0x000000018dfcd000 	/System/Library/PrivateFrameworks/SoftLinking.framework/Versions/A/SoftLinking
0x000000018aa1e000 	/usr/lib/libxml2.2.dylib
0x000000018e266000 	/usr/lib/libcompression.dylib
0x000000018fc5f000 	/System/Library/PrivateFrameworks/TextureIO.framework/Versions/A/TextureIO
0x000000018e98e000 	/usr/lib/libate.dylib
0x000000018e853000 	/usr/lib/liblzma.5.dylib
0x00000001840b9000 	/System/Library/Frameworks/SystemConfiguration.framework/Versions/A/SystemConfiguration
0x000000018dfc9000 	/usr/lib/libfakelink.dylib
0x00000001880cb000 	/System/Library/Frameworks/CFNetwork.framework/Versions/A/CFNetwork
0x000000018e10f000 	/usr/lib/libarchive.2.dylib
0x000000018cae9000 	/System/Library/PrivateFrameworks/AppleSystemInfo.framework/Versions/A/AppleSystemInfo
0x000000018d67a000 	/usr/lib/libbsm.0.dylib
0x000000018763c000 	/usr/lib/libnetwork.dylib
0x000000018df63000 	/usr/lib/system/libkxld.dylib
0x000000018d28d000 	/System/Library/PrivateFrameworks/IOMobileFramebuffer.framework/Versions/A/IOMobileFramebuffer
0x0000000202263000 	/usr/lib/libCoreEntitlements.dylib
0x000000018dc9e000 	/System/Library/PrivateFrameworks/AppleFSCompression.framework/Versions/A/AppleFSCompression
0x000000018d662000 	/usr/lib/libcoretls.dylib
0x000000018e86c000 	/usr/lib/libcoretls_cfhelpers.dylib
0x000000018e261000 	/usr/lib/libpam.2.dylib
0x000000018995f000 	/usr/lib/libsqlite3.dylib
0x000000018e8d5000 	/usr/lib/libxar.1.dylib
0x000000018dcaf000 	/usr/lib/libbz2.1.0.dylib
0x000000018dfce000 	/usr/lib/libpcap.A.dylib
0x0000000189d3f000 	/usr/lib/libdns_services.dylib
0x000000018e234000 	/usr/lib/libapple_nghttp2.dylib
0x000000018e00b000 	/usr/lib/libiconv.2.dylib
0x000000018df59000 	/usr/lib/libcharset.1.dylib
0x000000018a99c000 	/System/Library/Frameworks/CoreServices.framework/Versions/A/Frameworks/FSEvents.framework/Versions/A/FSEvents
0x0000000185bbb000 	/System/Library/Frameworks/CoreServices.framework/Versions/A/Frameworks/CarbonCore.framework/Versions/A/CarbonCore
0x0000000189f80000 	/System/Library/Frameworks/CoreServices.framework/Versions/A/Frameworks/Metadata.framework/Versions/A/Metadata
0x000000018dcc2000 	/System/Library/Frameworks/CoreServices.framework/Versions/A/Frameworks/OSServices.framework/Versions/A/OSServices
0x000000018e195000 	/System/Library/Frameworks/CoreServices.framework/Versions/A/Frameworks/SearchKit.framework/Versions/A/SearchKit
0x0000000189cce000 	/System/Library/Frameworks/CoreServices.framework/Versions/A/Frameworks/AE.framework/Versions/A/AE
0x0000000183a10000 	/System/Library/Frameworks/CoreServices.framework/Versions/A/Frameworks/LaunchServices.framework/Versions/A/LaunchServices
0x000000018e7fc000 	/System/Library/Frameworks/CoreServices.framework/Versions/A/Frameworks/DictionaryServices.framework/Versions/A/DictionaryServices
0x000000018a9a9000 	/System/Library/Frameworks/CoreServices.framework/Versions/A/Frameworks/SharedFileList.framework/Versions/A/SharedFileList
0x000000018d652000 	/usr/lib/libCheckFix.dylib
0x0000000188608000 	/System/Library/PrivateFrameworks/TCC.framework/Versions/A/TCC
0x000000018caef000 	/System/Library/PrivateFrameworks/CoreNLP.framework/Versions/A/CoreNLP
0x0000000189f2e000 	/System/Library/PrivateFrameworks/MetadataUtilities.framework/Versions/A/MetadataUtilities
0x0000000184172000 	/usr/lib/libmecabra.dylib
0x000000018d68b000 	/usr/lib/libmecab.dylib
0x000000018413e000 	/usr/lib/libCRFSuite.dylib
0x000000018d6e8000 	/usr/lib/libgermantok.dylib
0x000000018e20d000 	/usr/lib/libThaiTokenizer.dylib
0x000000018a028000 	/System/Library/Frameworks/Accelerate.framework/Versions/A/Frameworks/vImage.framework/Versions/A/vImage
0x0000000194405000 	/System/Library/Frameworks/Accelerate.framework/Versions/A/Frameworks/vecLib.framework/Versions/A/vecLib
0x000000018e91a000 	/System/Library/Frameworks/Accelerate.framework/Versions/A/Frameworks/vecLib.framework/Versions/A/libvMisc.dylib
0x000000018d194000 	/System/Library/Frameworks/Accelerate.framework/Versions/A/Frameworks/vecLib.framework/Versions/A/libvDSP.dylib
0x0000000183d99000 	/System/Library/Frameworks/Accelerate.framework/Versions/A/Frameworks/vecLib.framework/Versions/A/libBLAS.dylib
0x000000018e337000 	/System/Library/Frameworks/Accelerate.framework/Versions/A/Frameworks/vecLib.framework/Versions/A/libLAPACK.dylib
0x000000018d6eb000 	/System/Library/Frameworks/Accelerate.framework/Versions/A/Frameworks/vecLib.framework/Versions/A/libLinearAlgebra.dylib
0x000000018e24c000 	/System/Library/Frameworks/Accelerate.framework/Versions/A/Frameworks/vecLib.framework/Versions/A/libSparseBLAS.dylib
0x000000018e332000 	/System/Library/Frameworks/Accelerate.framework/Versions/A/Frameworks/vecLib.framework/Versions/A/libQuadrature.dylib
0x000000018cbe8000 	/System/Library/Frameworks/Accelerate.framework/Versions/A/Frameworks/vecLib.framework/Versions/A/libBNNS.dylib
0x0000000184057000 	/System/Library/Frameworks/Accelerate.framework/Versions/A/Frameworks/vecLib.framework/Versions/A/libSparse.dylib
0x000000018cbe0000 	/System/Library/PrivateFrameworks/LinguisticData.framework/Versions/A/LinguisticData
0x000000018400f000 	/System/Library/PrivateFrameworks/Lexicon.framework/Versions/A/Lexicon
0x000000018e912000 	/usr/lib/libChineseTokenizer.dylib
0x00000001847b6000 	/System/Library/PrivateFrameworks/LanguageModeling.framework/Versions/A/LanguageModeling
0x000000018e20f000 	/System/Library/PrivateFrameworks/AppleSauce.framework/Versions/A/AppleSauce
0x000000018d27a000 	/System/Library/PrivateFrameworks/CoreEmoji.framework/Versions/A/CoreEmoji
0x000000018e0fd000 	/usr/lib/libcmph.dylib
0x000000018a97c000 	/System/Library/Frameworks/OpenDirectory.framework/Versions/A/Frameworks/CFOpenDirectory.framework/Versions/A/CFOpenDirectory
0x000000018a96c000 	/System/Library/Frameworks/OpenDirectory.framework/Versions/A/OpenDirectory
0x000000018e86e000 	/System/Library/PrivateFrameworks/APFS.framework/Versions/A/APFS
0x000000018d5a2000 	/System/Library/Frameworks/SecurityFoundation.framework/Versions/A/SecurityFoundation
0x000000018e8e4000 	/usr/lib/libutil.dylib
0x0000000185ef4000 	/System/Library/PrivateFrameworks/CoreServicesStore.framework/Versions/A/CoreServicesStore
0x000000018e8e8000 	/usr/lib/libxslt.1.dylib
0x000000018d636000 	/System/Library/PrivateFrameworks/BackgroundTaskManagement.framework/Versions/A/BackgroundTaskManagement
0x000000018fb80000 	/System/Library/Frameworks/ImageIO.framework/Versions/A/Resources/libRadiance.dylib
0x000000018fb89000 	/System/Library/Frameworks/ImageIO.framework/Versions/A/Resources/libJPEG.dylib
0x000000018fadc000 	/System/Library/Frameworks/ImageIO.framework/Versions/A/Resources/libPng.dylib
0x000000018fafe000 	/System/Library/Frameworks/ImageIO.framework/Versions/A/Resources/libTIFF.dylib
0x000000018fbe4000 	/System/Library/Frameworks/ImageIO.framework/Versions/A/Resources/libGIF.dylib
0x000000018f518000 	/System/Library/Frameworks/ImageIO.framework/Versions/A/Resources/libJP2.dylib
0x000000018ec3a000 	/usr/lib/libexpat.1.dylib
0x000000018f4d3000 	/System/Library/PrivateFrameworks/AppleJPEG.framework/Versions/A/AppleJPEG
0x000000018bff5000 	/System/Library/PrivateFrameworks/FontServices.framework/libFontParser.dylib
0x0000000189c73000 	/System/Library/PrivateFrameworks/RunningBoardServices.framework/Versions/A/RunningBoardServices
0x000000019a4f1000 	/System/Library/PrivateFrameworks/IOSurfaceAccelerator.framework/Versions/A/IOSurfaceAccelerator
0x000000018f604000 	/System/Library/PrivateFrameworks/WatchdogClient.framework/Versions/A/WatchdogClient
0x00000001848ba000 	/System/Library/Frameworks/CoreDisplay.framework/Versions/A/CoreDisplay
0x000000018bedf000 	/System/Library/Frameworks/CoreMedia.framework/Versions/A/CoreMedia
0x000000018bd6c000 	/System/Library/PrivateFrameworks/IOAccelerator.framework/Versions/A/IOAccelerator
0x000000018ab0c000 	/System/Library/Frameworks/CoreVideo.framework/Versions/A/CoreVideo
0x000000018e25f000 	/System/Library/Frameworks/MetalPerformanceShaders.framework/Versions/A/MetalPerformanceShaders
0x000000018f643000 	/System/Library/Frameworks/VideoToolbox.framework/Versions/A/VideoToolbox
0x0000000189bb7000 	/System/Library/PrivateFrameworks/BaseBoard.framework/Versions/A/BaseBoard
0x0000000189945000 	/System/Library/PrivateFrameworks/ProtocolBuffer.framework/Versions/A/ProtocolBuffer
0x000000018fb7b000 	/System/Library/PrivateFrameworks/GPUWrangler.framework/Versions/A/GPUWrangler
0x000000018fb5b000 	/System/Library/PrivateFrameworks/IOPresentment.framework/Versions/A/IOPresentment
0x000000018fb83000 	/System/Library/PrivateFrameworks/DSExternalDisplay.framework/Versions/A/DSExternalDisplay
0x00000001e492a000 	/System/Library/Frameworks/OpenGL.framework/Versions/A/Libraries/libCoreFSCache.dylib
0x00000001eede9000 	/System/Library/PrivateFrameworks/GPUCompiler.framework/Versions/31001/Libraries/libGPUCompilerUtils.dylib
0x000000018fbe9000 	/System/Library/PrivateFrameworks/CMCaptureCore.framework/Versions/A/CMCaptureCore
0x000000018f1eb000 	/System/Library/PrivateFrameworks/AppServerSupport.framework/Versions/A/AppServerSupport
0x000000019146c000 	/System/Library/PrivateFrameworks/perfdata.framework/Versions/A/perfdata
0x00000001849da000 	/System/Library/PrivateFrameworks/AudioToolboxCore.framework/Versions/A/AudioToolboxCore
0x000000018beb8000 	/System/Library/PrivateFrameworks/caulk.framework/Versions/A/caulk
0x0000000190d61000 	/usr/lib/libAudioStatistics.dylib
0x00000001a2cb6000 	/System/Library/PrivateFrameworks/SystemPolicy.framework/Versions/A/SystemPolicy
0x0000000190fcd000 	/usr/lib/libSMC.dylib
0x0000000199d00000 	/System/Library/Frameworks/CoreMIDI.framework/Versions/A/CoreMIDI
0x000000018faaa000 	/usr/lib/libAudioToolboxUtility.dylib
0x000000019ed83000 	/System/Library/PrivateFrameworks/OSAServicesClient.framework/Versions/A/OSAServicesClient
0x0000000191479000 	/usr/lib/libperfcheck.dylib
0x00000001a37ce000 	/usr/lib/libmis.dylib
0x00000001e498c000 	/System/Library/Frameworks/OpenGL.framework/Versions/A/Libraries/libGLU.dylib
0x00000001e494b000 	/System/Library/Frameworks/OpenGL.framework/Versions/A/Libraries/libGFXShared.dylib
0x00000001e4b38000 	/System/Library/Frameworks/OpenGL.framework/Versions/A/Libraries/libGL.dylib
0x00000001e4954000 	/System/Library/Frameworks/OpenGL.framework/Versions/A/Libraries/libGLImage.dylib
0x00000001e4948000 	/System/Library/Frameworks/OpenGL.framework/Versions/A/Libraries/libCVMSPluginSupport.dylib
0x00000001e4931000 	/System/Library/Frameworks/OpenGL.framework/Versions/A/Libraries/libCoreVMClient.dylib
0x000000018ca69000 	/System/Library/Frameworks/MetalPerformanceShaders.framework/Versions/A/Frameworks/MPSCore.framework/Versions/A/MPSCore
0x000000018dc11000 	/System/Library/Frameworks/MetalPerformanceShaders.framework/Versions/A/Frameworks/MPSImage.framework/Versions/A/MPSImage
0x000000018d700000 	/System/Library/Frameworks/MetalPerformanceShaders.framework/Versions/A/Frameworks/MPSNeuralNetwork.framework/Versions/A/MPSNeuralNetwork
0x000000018db39000 	/System/Library/Frameworks/MetalPerformanceShaders.framework/Versions/A/Frameworks/MPSMatrix.framework/Versions/A/MPSMatrix
0x000000018d912000 	/System/Library/Frameworks/MetalPerformanceShaders.framework/Versions/A/Frameworks/MPSRayIntersector.framework/Versions/A/MPSRayIntersector
0x000000018db6a000 	/System/Library/Frameworks/MetalPerformanceShaders.framework/Versions/A/Frameworks/MPSNDArray.framework/Versions/A/MPSNDArray
0x00000001e6aa3000 	/System/Library/Frameworks/MetalPerformanceShaders.framework/Versions/A/Frameworks/MPSFunctions.framework/Versions/A/MPSFunctions
0x0000000183c70000 	/System/Library/PrivateFrameworks/MetalTools.framework/Versions/A/MetalTools
0x000000018cae7000 	/System/Library/PrivateFrameworks/AggregateDictionary.framework/Versions/A/AggregateDictionary
0x000000018ea1f000 	/usr/lib/libIOReport.dylib
0x0000000198d1e000 	/System/Library/PrivateFrameworks/ASEProcessing.framework/Versions/A/ASEProcessing
0x000000018ed94000 	/System/Library/PrivateFrameworks/FaceCore.framework/Versions/A/FaceCore
0x000000018ed86000 	/System/Library/PrivateFrameworks/GraphVisualizer.framework/Versions/A/GraphVisualizer
0x00000001eed00000 	/System/Library/PrivateFrameworks/FontServices.framework/Versions/A/FontServices
0x000000018f1a7000 	/System/Library/PrivateFrameworks/OTSVG.framework/Versions/A/OTSVG
0x000000018a6d6000 	/System/Library/Frameworks/ApplicationServices.framework/Versions/A/Frameworks/ATS.framework/Versions/A/Resources/libFontRegistry.dylib
0x000000018f1f4000 	/System/Library/PrivateFrameworks/FontServices.framework/libhvf.dylib
0x00000001eed01000 	/System/Library/PrivateFrameworks/FontServices.framework/libXTFontStaticRegistryData.dylib
0x00000001e4cd9000 	/System/Library/Frameworks/OpenCL.framework/Versions/A/OpenCL
0x000000018ebee000 	/System/Library/PrivateFrameworks/AppleVA.framework/Versions/A/AppleVA
0x0000000190d89000 	/System/Library/Frameworks/ApplicationServices.framework/Versions/A/Frameworks/ATS.framework/Versions/A/ATS
0x0000000189103000 	/System/Library/Frameworks/ApplicationServices.framework/Versions/A/Frameworks/HIServices.framework/Versions/A/HIServices
0x000000018fbf3000 	/System/Library/Frameworks/ApplicationServices.framework/Versions/A/Frameworks/PrintCore.framework/Versions/A/PrintCore
0x0000000191120000 	/System/Library/Frameworks/ApplicationServices.framework/Versions/A/Frameworks/QD.framework/Versions/A/QD
0x0000000191118000 	/System/Library/Frameworks/ApplicationServices.framework/Versions/A/Frameworks/ColorSyncLegacy.framework/Versions/A/ColorSyncLegacy
0x0000000190d75000 	/System/Library/Frameworks/ApplicationServices.framework/Versions/A/Frameworks/SpeechSynthesis.framework/Versions/A/SpeechSynthesis
0x000000018fbb4000 	/System/Library/Frameworks/ApplicationServices.framework/Versions/A/Frameworks/ATSUI.framework/Versions/A/ATSUI
0x00000001910ad000 	/usr/lib/libcups.2.dylib
0x0000000191487000 	/System/Library/Frameworks/Kerberos.framework/Versions/A/Kerberos
0x0000000191498000 	/System/Library/Frameworks/GSS.framework/Versions/A/GSS
0x0000000190df9000 	/usr/lib/libresolv.9.dylib
0x000000018f203000 	/System/Library/PrivateFrameworks/Heimdal.framework/Versions/A/Heimdal
0x0000000197f53000 	/System/Library/Frameworks/Kerberos.framework/Versions/A/Libraries/libHeimdalProxy.dylib
0x0000000189d51000 	/System/Library/Frameworks/Network.framework/Versions/A/Network
0x000000018ec55000 	/usr/lib/libheimdal-asn1.dylib
0x00000001914e8000 	/System/Library/PrivateFrameworks/CommonAuth.framework/Versions/A/CommonAuth
0x0000000190cef000 	/System/Library/PrivateFrameworks/AudioSession.framework/Versions/A/AudioSession
0x000000018ece7000 	/System/Library/PrivateFrameworks/MediaExperience.framework/Versions/A/MediaExperience
0x0000000190b75000 	/System/Library/PrivateFrameworks/AudioSession.framework/libSessionUtility.dylib
0x000000019112c000 	/System/Library/PrivateFrameworks/AudioResourceArbitration.framework/Versions/A/AudioResourceArbitration
0x00000001952e2000 	/System/Library/PrivateFrameworks/PowerLog.framework/Versions/A/PowerLog
0x000000018ec5f000 	/System/Library/PrivateFrameworks/IconFoundation.framework/Versions/A/IconFoundation
0x000000019402b000 	/System/Library/PrivateFrameworks/SpeechRecognitionCore.framework/Versions/A/SpeechRecognitionCore
0x00000001c8c3d000 	/System/Library/CoreServices/Encodings/libSimplifiedChineseConverter.dylib
0x000000010564c000 	/Library/Java/JavaVirtualMachines/jdk-17.0.3.jdk/Contents/Home/lib/server/libjvm.dylib
0x00000001045c8000 	/Library/Java/JavaVirtualMachines/jdk-17.0.3.jdk/Contents/Home/lib/libjimage.dylib
0x0000000104650000 	/Library/Java/JavaVirtualMachines/jdk-17.0.3.jdk/Contents/Home/lib/libjava.dylib
0x0000000105198000 	/Library/Java/JavaVirtualMachines/jdk-17.0.3.jdk/Contents/Home/lib/libnio.dylib
0x00000001051dc000 	/Library/Java/JavaVirtualMachines/jdk-17.0.3.jdk/Contents/Home/lib/libnet.dylib
0x0000000104684000 	/Library/Java/JavaVirtualMachines/jdk-17.0.3.jdk/Contents/Home/lib/libzip.dylib
0x00000001051b8000 	/Users/xuyi/opt/javafx-sdk-17.0.0.1/lib/libprism_es2.dylib
0x0000000185eb7000 	/System/Library/PrivateFrameworks/CoreServicesInternal.framework/Versions/A/CoreServicesInternal
0x00000001e4b42000 	/System/Library/Frameworks/OpenGL.framework/Versions/A/Resources/GLEngine.bundle/GLEngine
0x00000001e49ca000 	/System/Library/Frameworks/OpenGL.framework/Versions/A/Libraries/libGLProgrammability.dylib
0x00000001054dc000 	/System/Library/Extensions/AppleMetalOpenGLRenderer.bundle/Contents/MacOS/AppleMetalOpenGLRenderer
0x00000001e4cb1000 	/System/Library/Frameworks/OpenGL.framework/Versions/A/Resources/GLRendererFloat.bundle/GLRendererFloat
0x00000001e4db1000 	/System/Library/Extensions/AGXMetal13_3.bundle/Contents/MacOS/AGXMetal13_3
0x00000001a37ea000 	/System/Library/PrivateFrameworks/GPURawCounter.framework/Versions/A/GPURawCounter
0x000000019def4000 	/System/Library/PrivateFrameworks/IOGPU.framework/Versions/A/IOGPU
0x0000000105574000 	/Users/xuyi/opt/javafx-sdk-17.0.0.1/lib/libglass.dylib
0x000000019553a000 	/System/Library/Frameworks/FileProvider.framework/Versions/A/FileProvider
0x0000000189b1f000 	/System/Library/Frameworks/Accounts.framework/Versions/A/Accounts
0x00000001956be000 	/System/Library/PrivateFrameworks/GenerationalStorage.framework/Versions/A/GenerationalStorage
0x0000000196281000 	/System/Library/PrivateFrameworks/CoreSymbolication.framework/Versions/A/CoreSymbolication
0x00000001952d6000 	/System/Library/PrivateFrameworks/SymptomDiagnosticReporter.framework/Versions/A/SymptomDiagnosticReporter
0x00000001871a7000 	/System/Library/PrivateFrameworks/DesktopServicesPriv.framework/Versions/A/DesktopServicesPriv
0x0000000186019000 	/usr/lib/libsandbox.1.dylib
0x000000018ab9a000 	/System/Library/PrivateFrameworks/UserManagement.framework/Versions/A/UserManagement
0x000000019623e000 	/System/Library/PrivateFrameworks/DebugSymbols.framework/Versions/A/DebugSymbols
0x000000019110b000 	/System/Library/PrivateFrameworks/NetAuth.framework/Versions/A/NetAuth
0x0000000192029000 	/System/Library/PrivateFrameworks/Sharing.framework/Versions/A/Sharing
0x000000018ab6a000 	/System/Library/PrivateFrameworks/login.framework/Versions/A/Frameworks/loginsupport.framework/Versions/A/loginsupport
0x0000000197473000 	/System/Library/PrivateFrameworks/Apple80211.framework/Versions/A/Apple80211
0x000000018dcf5000 	/System/Library/PrivateFrameworks/AuthKit.framework/Versions/A/AuthKit
0x000000018d376000 	/System/Library/PrivateFrameworks/CoreUtils.framework/Versions/A/CoreUtils
0x000000018d299000 	/System/Library/Frameworks/CoreWLAN.framework/Versions/A/CoreWLAN
0x0000000192199000 	/System/Library/Frameworks/IOBluetooth.framework/Versions/A/IOBluetooth
0x00000001974d3000 	/System/Library/PrivateFrameworks/CoreWiFi.framework/Versions/A/CoreWiFi
0x0000000195e1e000 	/System/Library/PrivateFrameworks/FrontBoardServices.framework/Versions/A/FrontBoardServices
0x0000000195eb6000 	/System/Library/PrivateFrameworks/BoardServices.framework/Versions/A/BoardServices
0x000000018d590000 	/System/Library/PrivateFrameworks/AssertionServices.framework/Versions/A/AssertionServices
0x0000000197650000 	/System/Library/PrivateFrameworks/BackBoardServices.framework/Versions/A/BackBoardServices
0x000000019157f000 	/System/Library/PrivateFrameworks/CorePhoneNumbers.framework/Versions/A/CorePhoneNumbers
0x0000000195406000 	/System/Library/PrivateFrameworks/DiskManagement.framework/Versions/A/DiskManagement
0x0000000195309000 	/System/Library/PrivateFrameworks/AppleIDAuthSupport.framework/Versions/A/AppleIDAuthSupport
0x00000001e92ca000 	/System/Library/PrivateFrameworks/AAAFoundation.framework/Versions/A/AAAFoundation
0x000000019155e000 	/System/Library/PrivateFrameworks/KeychainCircle.framework/Versions/A/KeychainCircle
0x00000001953d2000 	/System/Library/PrivateFrameworks/MediaKit.framework/Versions/A/MediaKit
0x0000000195316000 	/System/Library/Frameworks/DiscRecording.framework/Versions/A/DiscRecording
0x000000018eb6a000 	/usr/lib/libCoreStorage.dylib
0x000000019794d000 	/usr/lib/libcsfde.dylib
0x000000019226e000 	/System/Library/PrivateFrameworks/ProtectedCloudStorage.framework/Versions/A/ProtectedCloudStorage
0x0000000197945000 	/System/Library/PrivateFrameworks/EFILogin.framework/Versions/A/EFILogin
0x00000001956e5000 	/System/Library/PrivateFrameworks/OctagonTrust.framework/Versions/A/OctagonTrust
0x00000001ede9b000 	/System/Library/PrivateFrameworks/CoreUtilsExtras.framework/Versions/A/CoreUtilsExtras
0x000000019523b000 	/System/Library/Frameworks/CoreBluetooth.framework/Versions/A/CoreBluetooth
0x0000000197fd8000 	/System/Library/Frameworks/AudioUnit.framework/Versions/A/AudioUnit
0x000000018eb62000 	/usr/lib/libMatch.1.dylib
0x00000001a7c96000 	/System/Library/Frameworks/Accelerate.framework/Versions/A/Frameworks/vImage.framework/Versions/A/Libraries/libCGInterfaces.dylib
0x000000012a654000 	/usr/lib/libobjc-trampolines.dylib
0x000000018a864000 	/System/Library/PrivateFrameworks/ViewBridge.framework/Versions/A/ViewBridge
0x000000018ea28000 	/System/Library/PrivateFrameworks/CrashReporterSupport.framework/Versions/A/CrashReporterSupport
0x00000001af70f000 	/System/Library/PrivateFrameworks/OSAnalytics.framework/Versions/A/OSAnalytics
0x00000001baa0d000 	/System/Library/PrivateFrameworks/Symbolication.framework/Versions/A/Symbolication
0x00000001a37ab000 	/System/Library/PrivateFrameworks/MallocStackLogging.framework/Versions/A/MallocStackLogging
0x000000012dde8000 	/Library/Java/JavaVirtualMachines/jdk-17.0.3.jdk/Contents/Home/lib/libextnet.dylib
0x000000012eee4000 	/Users/xuyi/opt/javafx-sdk-17.0.0.1/lib/libjavafx_font.dylib
0x000000018f2c6000 	/System/Library/PrivateFrameworks/login.framework/Versions/A/login
0x00000002023e1000 	/usr/lib/libRosetta.dylib


VM Arguments:
jvm_args: -Dfile.encoding=UTF-8 --module-path=/Users/xuyi/opt/javafx-sdk-17.0.0.1/lib --add-modules=javafx.controls --module-path=/Users/xuyi/Source/Java/Slicer/build/classes:/Users/xuyi/opt/javafx-sdk-17.0.0.1/lib/javafx-swt.jar:/Users/xuyi/opt/javafx-sdk-17.0.0.1/lib/javafx.base.jar:/Users/xuyi/opt/javafx-sdk-17.0.0.1/lib/javafx.controls.jar:/Users/xuyi/opt/javafx-sdk-17.0.0.1/lib/javafx.fxml.jar:/Users/xuyi/opt/javafx-sdk-17.0.0.1/lib/javafx.graphics.jar:/Users/xuyi/opt/javafx-sdk-17.0.0.1/lib/javafx.media.jar:/Users/xuyi/opt/javafx-sdk-17.0.0.1/lib/javafx.swing.jar:/Users/xuyi/opt/javafx-sdk-17.0.0.1/lib/javafx.web.jar 
java_command: org.reprap.Gfx3D
java_class_path (initial): /Users/xuyi/Source/Java/lib/vecmath.jar:/Users/xuyi/opt/javafx-sdk-17.0.0.1/lib/javafx-swt.jar:/Users/xuyi/opt/javafx-sdk-17.0.0.1/lib/javafx.base.jar:/Users/xuyi/opt/javafx-sdk-17.0.0.1/lib/javafx.controls.jar:/Users/xuyi/opt/javafx-sdk-17.0.0.1/lib/javafx.fxml.jar:/Users/xuyi/opt/javafx-sdk-17.0.0.1/lib/javafx.graphics.jar:/Users/xuyi/opt/javafx-sdk-17.0.0.1/lib/javafx.media.jar:/Users/xuyi/opt/javafx-sdk-17.0.0.1/lib/javafx.swing.jar:/Users/xuyi/opt/javafx-sdk-17.0.0.1/lib/javafx.web.jar:/Users/xuyi/Source/Java/Slicer/build/classes
Launcher Type: SUN_STANDARD

[Global flags]
     intx CICompilerCount                          = 4                                         {product} {ergonomic}
     uint ConcGCThreads                            = 2                                         {product} {ergonomic}
     uint G1ConcRefinementThreads                  = 8                                         {product} {ergonomic}
   size_t G1HeapRegionSize                         = 2097152                                   {product} {ergonomic}
    uintx GCDrainStackTargetSize                   = 64                                        {product} {ergonomic}
   size_t InitialHeapSize                          = 268435456                                 {product} {ergonomic}
   size_t MarkStackSize                            = 4194304                                   {product} {ergonomic}
   size_t MaxHeapSize                              = 4294967296                                {product} {ergonomic}
   size_t MaxNewSize                               = 2575302656                                {product} {ergonomic}
   size_t MinHeapDeltaBytes                        = 2097152                                   {product} {ergonomic}
   size_t MinHeapSize                              = 8388608                                   {product} {ergonomic}
    uintx NonNMethodCodeHeapSize                   = 5839564                                {pd product} {ergonomic}
    uintx NonProfiledCodeHeapSize                  = 122909338                              {pd product} {ergonomic}
    uintx ProfiledCodeHeapSize                     = 122909338                              {pd product} {ergonomic}
    uintx ReservedCodeCacheSize                    = 251658240                              {pd product} {ergonomic}
     bool SegmentedCodeCache                       = true                                      {product} {ergonomic}
   size_t SoftMaxHeapSize                          = 4294967296                             {manageable} {ergonomic}
     bool UseCompressedClassPointers               = true                           {product lp64_product} {ergonomic}
     bool UseCompressedOops                        = true                           {product lp64_product} {ergonomic}
     bool UseG1GC                                  = true                                      {product} {ergonomic}
     bool UseNUMA                                  = false                                     {product} {ergonomic}
     bool UseNUMAInterleaving                      = false                                     {product} {ergonomic}

Logging:
Log output configuration:
 #0: stdout all=warning uptime,level,tags
 #1: stderr all=off uptime,level,tags

Environment Variables:
PATH=/usr/bin:/bin:/usr/sbin:/sbin
SHELL=/bin/zsh
LC_CTYPE=UTF-8

Signal Handlers:
   SIGSEGV: crash_handler in libjvm.dylib, mask=11100110000111110111111111111111, flags=SA_RESTART|SA_SIGINFO
    SIGBUS: crash_handler in libjvm.dylib, mask=11100110000111110111111111111111, flags=SA_RESTART|SA_SIGINFO
    SIGFPE: crash_handler in libjvm.dylib, mask=11100110000111110111111111111111, flags=SA_RESTART|SA_SIGINFO
   SIGPIPE: javaSignalHandler in libjvm.dylib, mask=11100110000111110111111111111111, flags=SA_RESTART|SA_SIGINFO
   SIGXFSZ: javaSignalHandler in libjvm.dylib, mask=11100110000111110111111111111111, flags=SA_RESTART|SA_SIGINFO
    SIGILL: crash_handler in libjvm.dylib, mask=11100110000111110111111111111111, flags=SA_RESTART|SA_SIGINFO
   SIGUSR2: SR_handler in libjvm.dylib, mask=00100000000000000000000000000000, flags=SA_RESTART|SA_SIGINFO
    SIGHUP: UserHandler in libjvm.dylib, mask=11100110000111110111111111111111, flags=SA_RESTART|SA_SIGINFO
    SIGINT: SIG_IGN, mask=11111111011111110111111111111111, flags=none
   SIGTERM: UserHandler in libjvm.dylib, mask=11100110000111110111111111111111, flags=SA_RESTART|SA_SIGINFO
   SIGQUIT: UserHandler in libjvm.dylib, mask=11100110000111110111111111111111, flags=SA_RESTART|SA_SIGINFO
   SIGTRAP: crash_handler in libjvm.dylib, mask=11100110000111110111111111111111, flags=SA_RESTART|SA_SIGINFO


---------------  S Y S T E M  ---------------

OS:
uname: Darwin 21.4.0 Darwin Kernel Version 21.4.0: Fri Mar 18 00:47:26 PDT 2022; root:xnu-8020.101.4~15/RELEASE_ARM64_T8101 arm64
OS uptime: 2 days 19:38 hours
rlimit (soft/hard): STACK 8176k/65520k , CORE 0k/infinity , NPROC 2666/4000 , NOFILE 10240/infinity , AS infinity/infinity , CPU infinity/infinity , DATA infinity/infinity , FSIZE infinity/infinity , MEMLOCK infinity/infinity , RSS infinity/infinity
load average: 1.98 2.68 2.75

CPU: total 8 (initial active 8) 0x61:0x0:0x1b588bb3:0, fp, simd, crc, lse

Memory: 16k page, physical 16777216k(557936k free), swap 0k(0k free)

vm_info: Java HotSpot(TM) 64-Bit Server VM (17.0.3+8-LTS-111) for bsd-aarch64 JRE (17.0.3+8-LTS-111), built on Mar  9 2022 22:37:38 by "mach5one" with clang Apple LLVM 12.0.0 (clang-1200.0.32.29)

END.
