#
# A fatal error has been detected by the Java Runtime Environment:
#
#  SIGBUS (0xa) at pc=0x000000010e9c14f0, pid=24620, tid=29195
#
# JRE version: Java(TM) SE Runtime Environment (17.0.3+8) (build 17.0.3+8-LTS-111)
# Java VM: Java HotSpot(TM) 64-Bit Server VM (17.0.3+8-LTS-111, mixed mode, sharing, tiered, compressed oops, compressed class ptrs, g1 gc, bsd-aarch64)
# Problematic frame:
# v  ~StubRoutines::SafeFetchN
#
# No core dump will be written. Core dumps have been disabled. To enable core dumping, try "ulimit -c unlimited" before starting Java again
#
# If you would like to submit a bug report, please visit:
#   https://bugreport.java.com/bugreport/crash.jsp
# The crash happened outside the Java Virtual Machine in native code.
# See problematic frame for where to report the bug.
#

---------------  S U M M A R Y ------------

Command Line: -Dfile.encoding=UTF-8 --module-path=/Users/xuyi/opt/javafx-sdk-17.0.0.1/lib --add-modules=javafx.controls --module-path=/Users/xuyi/Source/Java/Slicer/build/classes:/Users/xuyi/opt/javafx-sdk-17.0.0.1/lib/javafx-swt.jar:/Users/xuyi/opt/javafx-sdk-17.0.0.1/lib/javafx.base.jar:/Users/xuyi/opt/javafx-sdk-17.0.0.1/lib/javafx.controls.jar:/Users/xuyi/opt/javafx-sdk-17.0.0.1/lib/javafx.fxml.jar:/Users/xuyi/opt/javafx-sdk-17.0.0.1/lib/javafx.graphics.jar:/Users/xuyi/opt/javafx-sdk-17.0.0.1/lib/javafx.media.jar:/Users/xuyi/opt/javafx-sdk-17.0.0.1/lib/javafx.swing.jar:/Users/xuyi/opt/javafx-sdk-17.0.0.1/lib/javafx.web.jar org.reprap.Gfx3D

Host: "MacBookAir10,1" arm64 1 MHz, 8 cores, 16G, Darwin 21.4.0, macOS 12.3.1 (21E258)
Time: Fri Apr 22 02:38:55 2022 CEST elapsed time: 8.513138 seconds (0d 0h 0m 8s)

---------------  T H R E A D  ---------------

Current thread (0x00000001500caa00):  JavaThread "InvokeLaterDispatcher" daemon [_thread_in_native, id=29195, stack(0x000000016d954000,0x000000016db57000)]

Stack: [0x000000016d954000,0x000000016db57000],  sp=0x000000016db567b0,  free space=2057k
Native frames: (J=compiled Java code, j=interpreted, Vv=VM code, C=native code)
v  ~StubRoutines::SafeFetchN
V  [libjvm.dylib+0x7a3f04]  _ZN10OopStorage7releaseEPKP7oopDesc+0x20
V  [libjvm.dylib+0x4b93a0]  jni_DeleteGlobalRef+0xc4
C  [libglass.dylib+0xab08]  -[GlassRunnable dealloc]+0x34
C  [Foundation+0x85618]  -[_NSThreadPerformInfo dealloc]+0x30
C  [Foundation+0x5198c]  -[NSObject(NSThreadPerformAdditions) performSelectorOnMainThread:withObject:waitUntilDone:]+0x88
C  0xd36380010e9c98ac
j  com.sun.glass.ui.mac.MacApplication.submitForLaterInvocation(Ljava/lang/Runnable;)V+2 javafx.graphics
j  com.sun.glass.ui.InvokeLaterDispatcher.run()V+82 javafx.graphics
v  ~StubRoutines::call_stub
V  [libjvm.dylib+0x4609f8]  _ZN9JavaCalls11call_helperEP9JavaValueRK12methodHandleP17JavaCallArgumentsP10JavaThread+0x38c
V  [libjvm.dylib+0x45fa14]  _ZN9JavaCalls12call_virtualEP9JavaValueP5KlassP6SymbolS5_P17JavaCallArgumentsP10JavaThread+0x11c
V  [libjvm.dylib+0x45fae0]  _ZN9JavaCalls12call_virtualEP9JavaValue6HandleP5KlassP6SymbolS6_P10JavaThread+0x64
V  [libjvm.dylib+0x513360]  _ZL12thread_entryP10JavaThreadS0_+0xc4
V  [libjvm.dylib+0x904598]  _ZN10JavaThread17thread_main_innerEv+0x134
V  [libjvm.dylib+0x902ec0]  _ZN6Thread8call_runEv+0x128
V  [libjvm.dylib+0x7aaac4]  _ZL19thread_native_entryP6Thread+0x158
C  [libsystem_pthread.dylib+0x726c]  _pthread_start+0x94

Java frames: (J=compiled Java code, j=interpreted, Vv=VM code)
j  com.sun.glass.ui.mac.MacApplication._submitForLaterInvocation(Ljava/lang/Runnable;)V+0 javafx.graphics
j  com.sun.glass.ui.mac.MacApplication.submitForLaterInvocation(Ljava/lang/Runnable;)V+2 javafx.graphics
j  com.sun.glass.ui.InvokeLaterDispatcher.run()V+82 javafx.graphics
v  ~StubRoutines::call_stub

siginfo: si_signo: 10 (SIGBUS), si_code: 1 (BUS_ADRALN), si_addr: 0x000000010e9c14f0

Register to memory mapping:

 x0=0x000000015100e6c8 points into unknown readable memory: 0x0000000000000000 | 00 00 00 00 00 00 00 00
 x1=0x0 is NULL
 x2=0x000000070fc01ca0 is an oop: com.sun.glass.ui.InvokeLaterDispatcher$Future 
{0x000000070fc01ca0} - klass: 'com/sun/glass/ui/InvokeLaterDispatcher$Future'
 - ---- fields (total size 3 words):
 - private 'done' 'Z' @12  true
 - private final 'runnable' 'Ljava/lang/Runnable;' @16  a 'com/sun/javafx/tk/quantum/QuantumToolkit$$Lambda$92+0x0000000800c37db8'{0x0000000700649950} (e00c932a)
 - final synthetic 'this$0' 'Lcom/sun/glass/ui/InvokeLaterDispatcher;' @20  a 'com/sun/glass/ui/InvokeLaterDispatcher'{0x0000000700668f88} (e00cd1f1)
 x3=0x0 is NULL
 x4=0x00000000000130a8 is an unknown value
 x5=0x0 is NULL
 x6=0x0 is NULL
 x7=0x0 is NULL
 x8=0x000000010e9c14ec is at begin+0 in a stub
StubRoutines::SafeFetchN [0x000000010e9c14ec, 0x000000010e9c14f8] (12 bytes)
 x9=0x0 is NULL
x10=0x2010000030300000 is an unknown value
x11=0x0000000000000007 is an unknown value
x12=0x0000000000000004 is an unknown value
x13=0x0000600000b04810 points into unknown readable memory: 0xdc65000183313c40 | 40 3c 31 83 01 00 65 dc
x14=0x00000a0000000000 is an unknown value
x15=0x0000000106151f98: OBJC_CLASS_$_GlassRunnable+0 in /Users/xuyi/opt/javafx-sdk-17.0.0.1/lib/libglass.dylib at 0x000000010610c000
x16=0x000000018347d0fc: pthread_getspecific+0 in /usr/lib/system/libsystem_pthread.dylib at 0x000000018347b000
x17=0x0000600000e05650 points into unknown readable memory: 0xfffffffffffffffe | fe ff ff ff ff ff ff ff
x18=0x0 is NULL
x19=0x0000600000e0c850 points into unknown readable memory: 0x0000600002709590 | 90 95 70 02 00 60 00 00
x20=0x000000015100e4c0 points into unknown readable memory: 0x8c625b6987b954ec | ec 54 b9 87 69 5b 62 8c
x21=0x000000015100e6c8 points into unknown readable memory: 0x0000000000000000 | 00 00 00 00 00 00 00 00
x22=0x00000001500caa00 is a thread
x23=0x0000000000000001 is an unknown value
x24=0x000000015100e680 is a global jni handle
x25=0x0000000106e75628: _ZN12StubRoutines17_safefetchN_entryE+0 in /Library/Java/JavaVirtualMachines/jdk-17.0.3.jdk/Contents/Home/lib/server/libjvm.dylib at 0x00000001062dc000
x26=0x0000000129114c38 is pointing into metadata
x27=0x0 is NULL
x28=0x00000001500caa00 is a thread


Registers:
 x0=0x000000015100e6c8  x1=0x0000000000000000  x2=0x000000070fc01ca0  x3=0x0000000000000000
 x4=0x00000000000130a8  x5=0x0000000000000000  x6=0x0000000000000000  x7=0x0000000000000000
 x8=0x000000010e9c14ec  x9=0x0000000000000000 x10=0x2010000030300000 x11=0x0000000000000007
x12=0x0000000000000004 x13=0x0000600000b04810 x14=0x00000a0000000000 x15=0x0000000106151f98
x16=0x000000018347d0fc x17=0x0000600000e05650 x18=0x0000000000000000 x19=0x0000600000e0c850
x20=0x000000015100e4c0 x21=0x000000015100e6c8 x22=0x00000001500caa00 x23=0x0000000000000001
x24=0x000000015100e680 x25=0x0000000106e75628 x26=0x0000000129114c38 x27=0x0000000000000000
x28=0x00000001500caa00  fp=0x000000016db567f0  lr=0x0000000106a7ecd4  sp=0x000000016db567b0
pc=0x000000010e9c14f0 cpsr=0x0000000060001000
Top of Stack: (sp=0x000000016db567b0)
0x000000016db567b0:   0000000129114c38 0000000000000001
0x000000016db567c0:   000000016db569a8 000060000271d890
0x000000016db567d0:   0000000000000000 000000015100e680
0x000000016db567e0:   000000015100e680 0000600000e0c850
0x000000016db567f0:   000000016db56830 0000000106a7ff04
0x000000016db56800:   0000000000000001 000000015100e680
0x000000016db56810:   0000000000000000 000000015100e680
0x000000016db56820:   0000000000000001 00000001500adc00
0x000000016db56830:   000000016db56860 00000001067953a0
0x000000016db56840:   000060000271d870 00000001cd542be0
0x000000016db56850:   0000000000000000 000060000271d870
0x000000016db56860:   000000016db56890 0000000106116b08
0x000000016db56870:   1add6e55afe800ab 0000000000000000
0x000000016db56880:   0000000000000000 000060000302d500
0x000000016db56890:   000000016db568d0 000000018444a618
0x000000016db568a0:   000000016db569a8 000060000271d890
0x000000016db568b0:   000060000271d870 1add6e55afe800ab
0x000000016db568c0:   0000000000000000 0000000000000000
0x000000016db568d0:   000000016db56910 b74880018441698c
0x000000016db568e0:   000000016db569a8 000000010e9c87c0
0x000000016db568f0:   0000000000000000 0000000106e7cfe8
0x000000016db56900:   000000016db56920 000000010e9c7730
0x000000016db56910:   000000016db56980 d36380010e9c98ac
0x000000016db56920:   0000000000000000 00000007006623f0
0x000000016db56930:   000000016db56930 0000000000000000
0x000000016db56940:   000000016db569a8 0000000129114c38
0x000000016db56950:   0000000700688fb8 0000000000000000
0x000000016db56960:   0000000000000000 00000001290f0938
0x000000016db56970:   0000000000000000 000000016db56980
0x000000016db56980:   000000016db56a00 000000010e9c5fc8
0x000000016db56990:   0000000000000000 0000000000000000
0x000000016db569a0:   000000070fc01ca0 0000000700689f38 

Instructions: (pc=0x000000010e9c14f0)
0x000000010e9c13f0:   f2a0dc89 f2c00029 6d425935 1e640886
0x000000010e9c1400:   0c402d31 1e6408c7 1f5654d0 1e6c1017
0x000000010e9c1410:   1f5050d0 1f504cd0 1f5048d0 1e650af6
0x000000010e9c1420:   1f50d8f6 1f5694d6 1f5158f6 1e762880
0x000000010e9c1430:   36000501 1e614000 14000026 2e251ca5
0x000000010e9c1440:   d2843009 f2a0dc89 f2c00029 6d425d36
0x000000010e9c1450:   1e600806 0c402d32 1f5758c7 1e6c101a
0x000000010e9c1460:   1f4754c7 1e650805 1f4750c7 d2866668
0x000000010e9c1470:   f2a7fa68 1f474cc7 1e6608c0 1f4748c7
0x000000010e9c1480:   1e6e1019 eb08007f 540000ac 1f479400
0x000000010e9c1490:   1f460340 1e603b20 1400000e d2a7fd29
0x000000010e9c14a0:   eb09007f 540000ac 51480069 d3607d29
0x000000010e9c14b0:   9e670121 14000002 1e6a5001 1f679417
0x000000010e9c14c0:   1f668742 1e613b23 1e773857 1e773860
0x000000010e9c14d0:   a8c17ff3 910003bf a8c17bfd d65f03c0
0x000000010e9c14e0:   b9400001 aa0103e0 d65f03c0 f9400001
0x000000010e9c14f0:   aa0103e0 d65f03c0 00000000 00000000
0x000000010e9c1500:   00000000 00000000 00000000 00000000
0x000000010e9c1510:   00000000 00000000 00000000 00000000
0x000000010e9c1520:   00000000 00000000 00000000 00000000
0x000000010e9c1530:   00000000 00000000 00000000 00000000
0x000000010e9c1540:   00000000 00000000 00000000 00000000
0x000000010e9c1550:   00000000 00000000 00000000 00000000
0x000000010e9c1560:   00000000 00000000 00000000 00000000
0x000000010e9c1570:   00000000 00000000 00000000 00000000
0x000000010e9c1580:   00000000 00000000 00000000 00000000
0x000000010e9c1590:   00000000 00000000 00000000 00000000
0x000000010e9c15a0:   00000000 00000000 00000000 00000000
0x000000010e9c15b0:   00000000 00000000 00000000 00000000
0x000000010e9c15c0:   00000000 00000000 00000000 00000000
0x000000010e9c15d0:   00000000 00000000 00000000 00000000
0x000000010e9c15e0:   00000000 00000000 00000000 00000000 


Stack slot to memory mapping:
stack at sp + 0 slots: 0x0000000129114c38 is pointing into metadata
stack at sp + 1 slots: 0x0000000000000001 is an unknown value
stack at sp + 2 slots: 0x000000016db569a8 is pointing into the stack for thread: 0x00000001500caa00
stack at sp + 3 slots: 0x000060000271d890 points into unknown readable memory: 0x01000001dbc2e011 | 11 e0 c2 db 01 00 00 01
stack at sp + 4 slots: 0x0 is NULL
stack at sp + 5 slots: 0x000000015100e680 is a global jni handle
stack at sp + 6 slots: 0x000000015100e680 is a global jni handle
stack at sp + 7 slots: 0x0000600000e0c850 points into unknown readable memory: 0x0000600002709590 | 90 95 70 02 00 60 00 00

StubRoutines::SafeFetchN [0x000000010e9c14ec, 0x000000010e9c14f8] (12 bytes)
[MachCode]
  0x000000010e9c14ec: 0100 40f9 | e003 01aa | c003 5fd6 
[/MachCode]

---------------  P R O C E S S  ---------------

Threads class SMR info:
_java_thread_list=0x00006000025cf880, length=18, elements={
0x0000000151808800, 0x0000000150008200, 0x0000000151863e00, 0x000000015186b600,
0x0000000151866000, 0x0000000151863600, 0x0000000151868400, 0x0000000138808200,
0x00000001508b8c00, 0x0000000151869400, 0x000000015009c600, 0x0000000151808e00,
0x00000001500caa00, 0x00000001500adc00, 0x00000001381ed400, 0x000000012c018200,
0x0000000151a7d600, 0x0000000151896400
}

Java Threads: ( => current thread )
  0x0000000151808800 JavaThread "main" [_thread_blocked, id=6147, stack(0x000000016af4c000,0x000000016b14f000)]
  0x0000000150008200 JavaThread "Reference Handler" daemon [_thread_blocked, id=14339, stack(0x000000016bda0000,0x000000016bfa3000)]
  0x0000000151863e00 JavaThread "Finalizer" daemon [_thread_blocked, id=15363, stack(0x000000016bfac000,0x000000016c1af000)]
  0x000000015186b600 JavaThread "Signal Dispatcher" daemon [_thread_blocked, id=22787, stack(0x000000016c2d0000,0x000000016c4d3000)]
  0x0000000151866000 JavaThread "Service Thread" daemon [_thread_blocked, id=23299, stack(0x000000016c4dc000,0x000000016c6df000)]
  0x0000000151863600 JavaThread "Monitor Deflation Thread" daemon [_thread_blocked, id=23555, stack(0x000000016c6e8000,0x000000016c8eb000)]
  0x0000000151868400 JavaThread "C2 CompilerThread0" daemon [_thread_blocked, id=41987, stack(0x000000016c8f4000,0x000000016caf7000)]
  0x0000000138808200 JavaThread "C1 CompilerThread0" daemon [_thread_blocked, id=24067, stack(0x000000016cb00000,0x000000016cd03000)]
  0x00000001508b8c00 JavaThread "Sweeper thread" daemon [_thread_blocked, id=41475, stack(0x000000016cd0c000,0x000000016cf0f000)]
  0x0000000151869400 JavaThread "Common-Cleaner" daemon [_thread_blocked, id=41219, stack(0x000000016cf18000,0x000000016d11b000)]
  0x000000015009c600 JavaThread "Notification Thread" daemon [_thread_blocked, id=25347, stack(0x000000016d330000,0x000000016d533000)]
  0x0000000151808e00 JavaThread "QuantumRenderer-0" daemon [_thread_blocked, id=40195, stack(0x000000016d748000,0x000000016d94b000)]
=>0x00000001500caa00 JavaThread "InvokeLaterDispatcher" daemon [_thread_in_native, id=29195, stack(0x000000016d954000,0x000000016db57000)]
  0x00000001500adc00 JavaThread "JavaFX Application Thread" [_thread_in_vm, id=259, stack(0x000000016a6c4000,0x000000016aec0000)]
  0x00000001381ed400 JavaThread "JavaFX-Launcher" [_thread_blocked, id=75011, stack(0x000000016df10000,0x000000016e113000)]
  0x000000012c018200 JavaThread "Keep-Alive-Timer" daemon [_thread_blocked, id=77575, stack(0x000000016d124000,0x000000016d327000)]
  0x0000000151a7d600 JavaThread "PulseTimer-CVDisplayLink thread" daemon [_thread_in_native, id=57091, stack(0x000000016db60000,0x000000016dbe3000)]
  0x0000000151896400 JavaThread "Cleaner-0" daemon [_thread_blocked, id=174339, stack(0x000000016fbb8000,0x000000016fdbb000)]

Other Threads:
  0x000000015100c6e0 VMThread "VM Thread" [stack: 0x000000016bb94000,0x000000016bd97000] [id=16387]
  0x000000014fe13c40 WatcherThread [stack: 0x000000016d53c000,0x000000016d73f000] [id=40451]
  0x0000000151007a20 GCTaskThread "GC Thread#0" [stack: 0x000000016b158000,0x000000016b35b000] [id=19715]
  0x000000014ff1ede0 GCTaskThread "GC Thread#1" [stack: 0x000000016e11c000,0x000000016e31f000] [id=54787]
  0x000000014ff1f090 GCTaskThread "GC Thread#2" [stack: 0x000000016e328000,0x000000016e52b000] [id=74499]
  0x000000014ff1f340 GCTaskThread "GC Thread#3" [stack: 0x000000016e534000,0x000000016e737000] [id=74243]
  0x000000014ff1f7c0 GCTaskThread "GC Thread#4" [stack: 0x000000016e740000,0x000000016e943000] [id=55555]
  0x000000014ff1fc40 GCTaskThread "GC Thread#5" [stack: 0x000000016e94c000,0x000000016eb4f000] [id=55811]
  0x000000015107e860 GCTaskThread "GC Thread#6" [stack: 0x000000016ef70000,0x000000016f173000] [id=1299]
  0x00000001510080d0 ConcurrentGCThread "G1 Main Marker" [stack: 0x000000016b364000,0x000000016b567000] [id=19203]
  0x000000014ff05b10 ConcurrentGCThread "G1 Conc#0" [stack: 0x000000016b570000,0x000000016b773000] [id=12547]
  0x000000014ff07980 ConcurrentGCThread "G1 Refine#0" [stack: 0x000000016b77c000,0x000000016b97f000] [id=13059]
  0x000000014fe2b210 ConcurrentGCThread "G1 Refine#1" [stack: 0x000000016eb58000,0x000000016ed5b000] [id=56331]
  0x000000012fe17f90 ConcurrentGCThread "G1 Refine#2" [stack: 0x000000016ed64000,0x000000016ef67000] [id=73475]
  0x000000012ff075f0 ConcurrentGCThread "G1 Refine#3" [stack: 0x000000016f17c000,0x000000016f37f000] [id=64779]
  0x000000012ff07c90 ConcurrentGCThread "G1 Refine#4" [stack: 0x000000016f388000,0x000000016f58b000] [id=64259]
  0x0000000139906530 ConcurrentGCThread "G1 Refine#5" [stack: 0x000000016f594000,0x000000016f797000] [id=61955]
  0x0000000128a05580 ConcurrentGCThread "G1 Refine#6" [stack: 0x000000016f7a0000,0x000000016f9a3000] [id=63747]
  0x000000012ff08280 ConcurrentGCThread "G1 Refine#7" [stack: 0x000000016f9ac000,0x000000016fbaf000] [id=62979]
  0x0000000151008950 ConcurrentGCThread "G1 Service" [stack: 0x000000016b988000,0x000000016bb8b000] [id=17923]

Threads with active compile tasks:

VM state: not at safepoint (normal execution)

VM Mutex/Monitor currently owned by a thread: None

Heap address: 0x0000000700000000, size: 4096 MB, Compressed Oops mode: Zero based, Oop shift amount: 3

CDS archive(s) mapped at: [0x0000000800000000-0x0000000800bd8000-0x0000000800bd8000), size 12419072, SharedBaseAddress: 0x0000000800000000, ArchiveRelocationMode: 0.
Compressed class space mapped at: 0x0000000800c00000-0x0000000840c00000, reserved size: 1073741824
Narrow klass base: 0x0000000800000000, Narrow klass shift: 0, Narrow klass range: 0x100000000

GC Precious Log:
 CPUs: 8 total, 8 available
 Memory: 16384M
 Large Page Support: Disabled
 NUMA Support: Disabled
 Compressed Oops: Enabled (Zero based)
 Heap Region Size: 2M
 Heap Min Capacity: 8M
 Heap Initial Capacity: 256M
 Heap Max Capacity: 4G
 Pre-touch: Disabled
 Parallel Workers: 8
 Concurrent Workers: 2
 Concurrent Refinement Workers: 8
 Periodic GC: Disabled

Heap:
 garbage-first heap   total 266240K, used 59472K [0x0000000700000000, 0x0000000800000000)
  region size 2048K, 16 young (32768K), 2 survivors (4096K)
 Metaspace       used 11350K, committed 11520K, reserved 1064960K
  class space    used 1340K, committed 1408K, reserved 1048576K

Heap Regions: E=young(eden), S=young(survivor), O=old, HS=humongous(starts), HC=humongous(continues), CS=collection set, F=free, OA=open archive, CA=closed archive, TAMS=top-at-mark-start (previous, next)
|   0|0x0000000700000000, 0x0000000700200000, 0x0000000700200000|100%| O|  |TAMS 0x0000000700000000, 0x0000000700000000| Untracked 
|   1|0x0000000700200000, 0x0000000700400000, 0x0000000700400000|100%| O|  |TAMS 0x0000000700200000, 0x0000000700200000| Untracked 
|   2|0x0000000700400000, 0x0000000700600000, 0x0000000700600000|100%| O|  |TAMS 0x0000000700400000, 0x0000000700400000| Untracked 
|   3|0x0000000700600000, 0x0000000700800000, 0x0000000700800000|100%| O|  |TAMS 0x0000000700600000, 0x0000000700600000| Untracked 
|   4|0x0000000700800000, 0x0000000700a00000, 0x0000000700a00000|100%| O|  |TAMS 0x0000000700800000, 0x0000000700800000| Untracked 
|   5|0x0000000700a00000, 0x0000000700c00000, 0x0000000700c00000|100%| O|  |TAMS 0x0000000700a00000, 0x0000000700a00000| Untracked 
|   6|0x0000000700c00000, 0x0000000700e00000, 0x0000000700e00000|100%| O|  |TAMS 0x0000000700c00000, 0x0000000700c00000| Untracked 
|   7|0x0000000700e00000, 0x0000000701000000, 0x0000000701000000|100%| O|  |TAMS 0x0000000700e00000, 0x0000000700e00000| Untracked 
|   8|0x0000000701000000, 0x0000000701200000, 0x0000000701200000|100%| O|  |TAMS 0x0000000701000000, 0x0000000701000000| Untracked 
|   9|0x0000000701200000, 0x0000000701400000, 0x0000000701400000|100%| O|  |TAMS 0x0000000701200000, 0x0000000701200000| Untracked 
|  10|0x0000000701400000, 0x0000000701600000, 0x0000000701600000|100%| O|  |TAMS 0x0000000701400000, 0x0000000701400000| Untracked 
|  11|0x0000000701600000, 0x0000000701800000, 0x0000000701800000|100%| O|  |TAMS 0x0000000701600000, 0x0000000701600000| Untracked 
|  12|0x0000000701800000, 0x0000000701a00000, 0x0000000701a00000|100%| O|  |TAMS 0x0000000701800000, 0x0000000701800000| Untracked 
|  13|0x0000000701a00000, 0x0000000701bd3a00, 0x0000000701c00000| 91%| O|  |TAMS 0x0000000701a00000, 0x0000000701a00000| Untracked 
|  14|0x0000000701c00000, 0x0000000701c00000, 0x0000000701e00000|  0%| F|  |TAMS 0x0000000701c00000, 0x0000000701c00000| Untracked 
|  15|0x0000000701e00000, 0x0000000701e00000, 0x0000000702000000|  0%| F|  |TAMS 0x0000000701e00000, 0x0000000701e00000| Untracked 
|  16|0x0000000702000000, 0x0000000702000000, 0x0000000702200000|  0%| F|  |TAMS 0x0000000702000000, 0x0000000702000000| Untracked 
|  17|0x0000000702200000, 0x0000000702200000, 0x0000000702400000|  0%| F|  |TAMS 0x0000000702200000, 0x0000000702200000| Untracked 
|  18|0x0000000702400000, 0x0000000702400000, 0x0000000702600000|  0%| F|  |TAMS 0x0000000702400000, 0x0000000702400000| Untracked 
|  19|0x0000000702600000, 0x0000000702600000, 0x0000000702800000|  0%| F|  |TAMS 0x0000000702600000, 0x0000000702600000| Untracked 
|  20|0x0000000702800000, 0x0000000702800000, 0x0000000702a00000|  0%| F|  |TAMS 0x0000000702800000, 0x0000000702800000| Untracked 
|  21|0x0000000702a00000, 0x0000000702a00000, 0x0000000702c00000|  0%| F|  |TAMS 0x0000000702a00000, 0x0000000702a00000| Untracked 
|  22|0x0000000702c00000, 0x0000000702c00000, 0x0000000702e00000|  0%| F|  |TAMS 0x0000000702c00000, 0x0000000702c00000| Untracked 
|  23|0x0000000702e00000, 0x0000000702e00000, 0x0000000703000000|  0%| F|  |TAMS 0x0000000702e00000, 0x0000000702e00000| Untracked 
|  24|0x0000000703000000, 0x0000000703000000, 0x0000000703200000|  0%| F|  |TAMS 0x0000000703000000, 0x0000000703000000| Untracked 
|  25|0x0000000703200000, 0x0000000703200000, 0x0000000703400000|  0%| F|  |TAMS 0x0000000703200000, 0x0000000703200000| Untracked 
|  26|0x0000000703400000, 0x0000000703400000, 0x0000000703600000|  0%| F|  |TAMS 0x0000000703400000, 0x0000000703400000| Untracked 
|  27|0x0000000703600000, 0x0000000703600000, 0x0000000703800000|  0%| F|  |TAMS 0x0000000703600000, 0x0000000703600000| Untracked 
|  28|0x0000000703800000, 0x0000000703800000, 0x0000000703a00000|  0%| F|  |TAMS 0x0000000703800000, 0x0000000703800000| Untracked 
|  29|0x0000000703a00000, 0x0000000703a00000, 0x0000000703c00000|  0%| F|  |TAMS 0x0000000703a00000, 0x0000000703a00000| Untracked 
|  30|0x0000000703c00000, 0x0000000703c00000, 0x0000000703e00000|  0%| F|  |TAMS 0x0000000703c00000, 0x0000000703c00000| Untracked 
|  31|0x0000000703e00000, 0x0000000703e00000, 0x0000000704000000|  0%| F|  |TAMS 0x0000000703e00000, 0x0000000703e00000| Untracked 
|  32|0x0000000704000000, 0x0000000704000000, 0x0000000704200000|  0%| F|  |TAMS 0x0000000704000000, 0x0000000704000000| Untracked 
|  33|0x0000000704200000, 0x0000000704200000, 0x0000000704400000|  0%| F|  |TAMS 0x0000000704200000, 0x0000000704200000| Untracked 
|  34|0x0000000704400000, 0x0000000704400000, 0x0000000704600000|  0%| F|  |TAMS 0x0000000704400000, 0x0000000704400000| Untracked 
|  35|0x0000000704600000, 0x0000000704600000, 0x0000000704800000|  0%| F|  |TAMS 0x0000000704600000, 0x0000000704600000| Untracked 
|  36|0x0000000704800000, 0x0000000704800000, 0x0000000704a00000|  0%| F|  |TAMS 0x0000000704800000, 0x0000000704800000| Untracked 
|  37|0x0000000704a00000, 0x0000000704a00000, 0x0000000704c00000|  0%| F|  |TAMS 0x0000000704a00000, 0x0000000704a00000| Untracked 
|  38|0x0000000704c00000, 0x0000000704c00000, 0x0000000704e00000|  0%| F|  |TAMS 0x0000000704c00000, 0x0000000704c00000| Untracked 
|  39|0x0000000704e00000, 0x0000000704e00000, 0x0000000705000000|  0%| F|  |TAMS 0x0000000704e00000, 0x0000000704e00000| Untracked 
|  40|0x0000000705000000, 0x0000000705000000, 0x0000000705200000|  0%| F|  |TAMS 0x0000000705000000, 0x0000000705000000| Untracked 
|  41|0x0000000705200000, 0x0000000705200000, 0x0000000705400000|  0%| F|  |TAMS 0x0000000705200000, 0x0000000705200000| Untracked 
|  42|0x0000000705400000, 0x0000000705400000, 0x0000000705600000|  0%| F|  |TAMS 0x0000000705400000, 0x0000000705400000| Untracked 
|  43|0x0000000705600000, 0x0000000705600000, 0x0000000705800000|  0%| F|  |TAMS 0x0000000705600000, 0x0000000705600000| Untracked 
|  44|0x0000000705800000, 0x0000000705800000, 0x0000000705a00000|  0%| F|  |TAMS 0x0000000705800000, 0x0000000705800000| Untracked 
|  45|0x0000000705a00000, 0x0000000705a00000, 0x0000000705c00000|  0%| F|  |TAMS 0x0000000705a00000, 0x0000000705a00000| Untracked 
|  46|0x0000000705c00000, 0x0000000705c00000, 0x0000000705e00000|  0%| F|  |TAMS 0x0000000705c00000, 0x0000000705c00000| Untracked 
|  47|0x0000000705e00000, 0x0000000705e00000, 0x0000000706000000|  0%| F|  |TAMS 0x0000000705e00000, 0x0000000705e00000| Untracked 
|  48|0x0000000706000000, 0x0000000706000000, 0x0000000706200000|  0%| F|  |TAMS 0x0000000706000000, 0x0000000706000000| Untracked 
|  49|0x0000000706200000, 0x0000000706200000, 0x0000000706400000|  0%| F|  |TAMS 0x0000000706200000, 0x0000000706200000| Untracked 
|  50|0x0000000706400000, 0x0000000706400000, 0x0000000706600000|  0%| F|  |TAMS 0x0000000706400000, 0x0000000706400000| Untracked 
|  51|0x0000000706600000, 0x0000000706600000, 0x0000000706800000|  0%| F|  |TAMS 0x0000000706600000, 0x0000000706600000| Untracked 
|  52|0x0000000706800000, 0x0000000706800000, 0x0000000706a00000|  0%| F|  |TAMS 0x0000000706800000, 0x0000000706800000| Untracked 
|  53|0x0000000706a00000, 0x0000000706a00000, 0x0000000706c00000|  0%| F|  |TAMS 0x0000000706a00000, 0x0000000706a00000| Untracked 
|  54|0x0000000706c00000, 0x0000000706c00000, 0x0000000706e00000|  0%| F|  |TAMS 0x0000000706c00000, 0x0000000706c00000| Untracked 
|  55|0x0000000706e00000, 0x0000000706e00000, 0x0000000707000000|  0%| F|  |TAMS 0x0000000706e00000, 0x0000000706e00000| Untracked 
|  56|0x0000000707000000, 0x0000000707000000, 0x0000000707200000|  0%| F|  |TAMS 0x0000000707000000, 0x0000000707000000| Untracked 
|  57|0x0000000707200000, 0x0000000707200000, 0x0000000707400000|  0%| F|  |TAMS 0x0000000707200000, 0x0000000707200000| Untracked 
|  58|0x0000000707400000, 0x0000000707400000, 0x0000000707600000|  0%| F|  |TAMS 0x0000000707400000, 0x0000000707400000| Untracked 
|  59|0x0000000707600000, 0x0000000707600000, 0x0000000707800000|  0%| F|  |TAMS 0x0000000707600000, 0x0000000707600000| Untracked 
|  60|0x0000000707800000, 0x0000000707800000, 0x0000000707a00000|  0%| F|  |TAMS 0x0000000707800000, 0x0000000707800000| Untracked 
|  61|0x0000000707a00000, 0x0000000707a00000, 0x0000000707c00000|  0%| F|  |TAMS 0x0000000707a00000, 0x0000000707a00000| Untracked 
|  62|0x0000000707c00000, 0x0000000707c00000, 0x0000000707e00000|  0%| F|  |TAMS 0x0000000707c00000, 0x0000000707c00000| Untracked 
|  63|0x0000000707e00000, 0x0000000707e00000, 0x0000000708000000|  0%| F|  |TAMS 0x0000000707e00000, 0x0000000707e00000| Untracked 
|  64|0x0000000708000000, 0x0000000708000000, 0x0000000708200000|  0%| F|  |TAMS 0x0000000708000000, 0x0000000708000000| Untracked 
|  65|0x0000000708200000, 0x0000000708200000, 0x0000000708400000|  0%| F|  |TAMS 0x0000000708200000, 0x0000000708200000| Untracked 
|  66|0x0000000708400000, 0x0000000708400000, 0x0000000708600000|  0%| F|  |TAMS 0x0000000708400000, 0x0000000708400000| Untracked 
|  67|0x0000000708600000, 0x0000000708600000, 0x0000000708800000|  0%| F|  |TAMS 0x0000000708600000, 0x0000000708600000| Untracked 
|  68|0x0000000708800000, 0x0000000708800000, 0x0000000708a00000|  0%| F|  |TAMS 0x0000000708800000, 0x0000000708800000| Untracked 
|  69|0x0000000708a00000, 0x0000000708a00000, 0x0000000708c00000|  0%| F|  |TAMS 0x0000000708a00000, 0x0000000708a00000| Untracked 
|  70|0x0000000708c00000, 0x0000000708c00000, 0x0000000708e00000|  0%| F|  |TAMS 0x0000000708c00000, 0x0000000708c00000| Untracked 
|  71|0x0000000708e00000, 0x0000000708e00000, 0x0000000709000000|  0%| F|  |TAMS 0x0000000708e00000, 0x0000000708e00000| Untracked 
|  72|0x0000000709000000, 0x0000000709000000, 0x0000000709200000|  0%| F|  |TAMS 0x0000000709000000, 0x0000000709000000| Untracked 
|  73|0x0000000709200000, 0x0000000709200000, 0x0000000709400000|  0%| F|  |TAMS 0x0000000709200000, 0x0000000709200000| Untracked 
|  74|0x0000000709400000, 0x0000000709400000, 0x0000000709600000|  0%| F|  |TAMS 0x0000000709400000, 0x0000000709400000| Untracked 
|  75|0x0000000709600000, 0x0000000709600000, 0x0000000709800000|  0%| F|  |TAMS 0x0000000709600000, 0x0000000709600000| Untracked 
|  76|0x0000000709800000, 0x0000000709800000, 0x0000000709a00000|  0%| F|  |TAMS 0x0000000709800000, 0x0000000709800000| Untracked 
|  77|0x0000000709a00000, 0x0000000709a00000, 0x0000000709c00000|  0%| F|  |TAMS 0x0000000709a00000, 0x0000000709a00000| Untracked 
|  78|0x0000000709c00000, 0x0000000709c00000, 0x0000000709e00000|  0%| F|  |TAMS 0x0000000709c00000, 0x0000000709c00000| Untracked 
|  79|0x0000000709e00000, 0x0000000709e00000, 0x000000070a000000|  0%| F|  |TAMS 0x0000000709e00000, 0x0000000709e00000| Untracked 
|  80|0x000000070a000000, 0x000000070a000000, 0x000000070a200000|  0%| F|  |TAMS 0x000000070a000000, 0x000000070a000000| Untracked 
|  81|0x000000070a200000, 0x000000070a200000, 0x000000070a400000|  0%| F|  |TAMS 0x000000070a200000, 0x000000070a200000| Untracked 
|  82|0x000000070a400000, 0x000000070a400000, 0x000000070a600000|  0%| F|  |TAMS 0x000000070a400000, 0x000000070a400000| Untracked 
|  83|0x000000070a600000, 0x000000070a600000, 0x000000070a800000|  0%| F|  |TAMS 0x000000070a600000, 0x000000070a600000| Untracked 
|  84|0x000000070a800000, 0x000000070a800000, 0x000000070aa00000|  0%| F|  |TAMS 0x000000070a800000, 0x000000070a800000| Untracked 
|  85|0x000000070aa00000, 0x000000070aa00000, 0x000000070ac00000|  0%| F|  |TAMS 0x000000070aa00000, 0x000000070aa00000| Untracked 
|  86|0x000000070ac00000, 0x000000070ac00000, 0x000000070ae00000|  0%| F|  |TAMS 0x000000070ac00000, 0x000000070ac00000| Untracked 
|  87|0x000000070ae00000, 0x000000070ae00000, 0x000000070b000000|  0%| F|  |TAMS 0x000000070ae00000, 0x000000070ae00000| Untracked 
|  88|0x000000070b000000, 0x000000070b000000, 0x000000070b200000|  0%| F|  |TAMS 0x000000070b000000, 0x000000070b000000| Untracked 
|  89|0x000000070b200000, 0x000000070b200000, 0x000000070b400000|  0%| F|  |TAMS 0x000000070b200000, 0x000000070b200000| Untracked 
|  90|0x000000070b400000, 0x000000070b400000, 0x000000070b600000|  0%| F|  |TAMS 0x000000070b400000, 0x000000070b400000| Untracked 
|  91|0x000000070b600000, 0x000000070b600000, 0x000000070b800000|  0%| F|  |TAMS 0x000000070b600000, 0x000000070b600000| Untracked 
|  92|0x000000070b800000, 0x000000070b800000, 0x000000070ba00000|  0%| F|  |TAMS 0x000000070b800000, 0x000000070b800000| Untracked 
|  93|0x000000070ba00000, 0x000000070ba00000, 0x000000070bc00000|  0%| F|  |TAMS 0x000000070ba00000, 0x000000070ba00000| Untracked 
|  94|0x000000070bc00000, 0x000000070bc00000, 0x000000070be00000|  0%| F|  |TAMS 0x000000070bc00000, 0x000000070bc00000| Untracked 
|  95|0x000000070be00000, 0x000000070be00000, 0x000000070c000000|  0%| F|  |TAMS 0x000000070be00000, 0x000000070be00000| Untracked 
|  96|0x000000070c000000, 0x000000070c000000, 0x000000070c200000|  0%| F|  |TAMS 0x000000070c000000, 0x000000070c000000| Untracked 
|  97|0x000000070c200000, 0x000000070c200000, 0x000000070c400000|  0%| F|  |TAMS 0x000000070c200000, 0x000000070c200000| Untracked 
|  98|0x000000070c400000, 0x000000070c400000, 0x000000070c600000|  0%| F|  |TAMS 0x000000070c400000, 0x000000070c400000| Untracked 
|  99|0x000000070c600000, 0x000000070c600000, 0x000000070c800000|  0%| F|  |TAMS 0x000000070c600000, 0x000000070c600000| Untracked 
| 100|0x000000070c800000, 0x000000070c800000, 0x000000070ca00000|  0%| F|  |TAMS 0x000000070c800000, 0x000000070c800000| Untracked 
| 101|0x000000070ca00000, 0x000000070ca00000, 0x000000070cc00000|  0%| F|  |TAMS 0x000000070ca00000, 0x000000070ca00000| Untracked 
| 102|0x000000070cc00000, 0x000000070cc00000, 0x000000070ce00000|  0%| F|  |TAMS 0x000000070cc00000, 0x000000070cc00000| Untracked 
| 103|0x000000070ce00000, 0x000000070ce00000, 0x000000070d000000|  0%| F|  |TAMS 0x000000070ce00000, 0x000000070ce00000| Untracked 
| 104|0x000000070d000000, 0x000000070d000000, 0x000000070d200000|  0%| F|  |TAMS 0x000000070d000000, 0x000000070d000000| Untracked 
| 105|0x000000070d200000, 0x000000070d200000, 0x000000070d400000|  0%| F|  |TAMS 0x000000070d200000, 0x000000070d200000| Untracked 
| 106|0x000000070d400000, 0x000000070d400000, 0x000000070d600000|  0%| F|  |TAMS 0x000000070d400000, 0x000000070d400000| Untracked 
| 107|0x000000070d600000, 0x000000070d600000, 0x000000070d800000|  0%| F|  |TAMS 0x000000070d600000, 0x000000070d600000| Untracked 
| 108|0x000000070d800000, 0x000000070d800000, 0x000000070da00000|  0%| F|  |TAMS 0x000000070d800000, 0x000000070d800000| Untracked 
| 109|0x000000070da00000, 0x000000070da00000, 0x000000070dc00000|  0%| F|  |TAMS 0x000000070da00000, 0x000000070da00000| Untracked 
| 110|0x000000070dc00000, 0x000000070dc00000, 0x000000070de00000|  0%| F|  |TAMS 0x000000070dc00000, 0x000000070dc00000| Untracked 
| 111|0x000000070de00000, 0x000000070de00000, 0x000000070e000000|  0%| F|  |TAMS 0x000000070de00000, 0x000000070de00000| Untracked 
| 112|0x000000070e000000, 0x000000070e0489b0, 0x000000070e200000| 14%| S|CS|TAMS 0x000000070e000000, 0x000000070e000000| Complete 
| 113|0x000000070e200000, 0x000000070e400000, 0x000000070e400000|100%| S|CS|TAMS 0x000000070e200000, 0x000000070e200000| Complete 
| 114|0x000000070e400000, 0x000000070e500800, 0x000000070e600000| 50%| E|  |TAMS 0x000000070e400000, 0x000000070e400000| Complete 
| 115|0x000000070e600000, 0x000000070e800000, 0x000000070e800000|100%| E|CS|TAMS 0x000000070e600000, 0x000000070e600000| Complete 
| 116|0x000000070e800000, 0x000000070ea00000, 0x000000070ea00000|100%| E|CS|TAMS 0x000000070e800000, 0x000000070e800000| Complete 
| 117|0x000000070ea00000, 0x000000070ec00000, 0x000000070ec00000|100%| E|CS|TAMS 0x000000070ea00000, 0x000000070ea00000| Complete 
| 118|0x000000070ec00000, 0x000000070ee00000, 0x000000070ee00000|100%| E|CS|TAMS 0x000000070ec00000, 0x000000070ec00000| Complete 
| 119|0x000000070ee00000, 0x000000070f000000, 0x000000070f000000|100%| E|CS|TAMS 0x000000070ee00000, 0x000000070ee00000| Complete 
| 120|0x000000070f000000, 0x000000070f200000, 0x000000070f200000|100%| E|CS|TAMS 0x000000070f000000, 0x000000070f000000| Complete 
| 121|0x000000070f200000, 0x000000070f400000, 0x000000070f400000|100%| E|CS|TAMS 0x000000070f200000, 0x000000070f200000| Complete 
| 122|0x000000070f400000, 0x000000070f600000, 0x000000070f600000|100%| E|CS|TAMS 0x000000070f400000, 0x000000070f400000| Complete 
| 123|0x000000070f600000, 0x000000070f800000, 0x000000070f800000|100%| E|CS|TAMS 0x000000070f600000, 0x000000070f600000| Complete 
| 124|0x000000070f800000, 0x000000070fa00000, 0x000000070fa00000|100%| E|CS|TAMS 0x000000070f800000, 0x000000070f800000| Complete 
| 125|0x000000070fa00000, 0x000000070fc00000, 0x000000070fc00000|100%| E|CS|TAMS 0x000000070fa00000, 0x000000070fa00000| Complete 
| 126|0x000000070fc00000, 0x000000070fe00000, 0x000000070fe00000|100%| E|CS|TAMS 0x000000070fc00000, 0x000000070fc00000| Complete 
| 127|0x000000070fe00000, 0x0000000710000000, 0x0000000710000000|100%| E|CS|TAMS 0x000000070fe00000, 0x000000070fe00000| Complete 
|2046|0x00000007ffc00000, 0x00000007ffd78000, 0x00000007ffe00000| 73%|OA|  |TAMS 0x00000007ffc00000, 0x00000007ffc00000| Untracked 
|2047|0x00000007ffe00000, 0x00000007ffe80000, 0x0000000800000000| 25%|CA|  |TAMS 0x00000007ffe00000, 0x00000007ffe00000| Untracked 

Card table byte_map: [0x000000011d9c0000,0x000000011e1c0000] _byte_map_base: 0x000000011a1c0000

Marking Bits (Prev, Next): (CMBitMap*) 0x0000000151833610, (CMBitMap*) 0x0000000151833650
 Prev Bits: [0x000000011e9c0000, 0x00000001229c0000)
 Next Bits: [0x00000001229c0000, 0x00000001269c0000)

Polling page: 0x00000001050c4000

Metaspace:

Usage:
  Non-class:      9.78 MB used.
      Class:      1.31 MB used.
       Both:     11.08 MB used.

Virtual space:
  Non-class space:       16.00 MB reserved,       9.88 MB ( 62%) committed,  2 nodes.
      Class space:        1.00 GB reserved,       1.38 MB ( <1%) committed,  1 nodes.
             Both:        1.02 GB reserved,      11.25 MB (  1%) committed. 

Chunk freelists:
   Non-Class:  2.08 MB
       Class:  2.53 MB
        Both:  4.61 MB

MaxMetaspaceSize: unlimited
CompressedClassSpaceSize: 1.00 GB
Initial GC threshold: 21.00 MB
Current GC threshold: 21.00 MB
CDS: on
MetaspaceReclaimPolicy: balanced
 - commit_granule_bytes: 65536.
 - commit_granule_words: 8192.
 - virtual_space_node_default_size: 1048576.
 - enlarge_chunks_in_place: 1.
 - new_chunks_are_fully_committed: 0.
 - uncommit_free_chunks: 1.
 - use_allocation_guard: 0.
 - handle_deallocations: 1.


Internal statistics:

num_allocs_failed_limit: 0.
num_arena_births: 126.
num_arena_deaths: 0.
num_vsnodes_births: 3.
num_vsnodes_deaths: 0.
num_space_committed: 180.
num_space_uncommitted: 0.
num_chunks_returned_to_freelist: 0.
num_chunks_taken_from_freelist: 414.
num_chunk_merges: 0.
num_chunk_splits: 297.
num_chunks_enlarged: 245.
num_purges: 0.
num_inconsistent_stats: 0.

CodeHeap 'non-profiled nmethods': size=120032Kb used=1558Kb max_used=1558Kb free=118474Kb
 bounds [0x0000000116488000, 0x00000001166f8000, 0x000000011d9c0000]
CodeHeap 'profiled nmethods': size=120016Kb used=5913Kb max_used=5913Kb free=114102Kb
 bounds [0x000000010ef54000, 0x000000010f524000, 0x0000000116488000]
CodeHeap 'non-nmethods': size=5712Kb used=1336Kb max_used=1481Kb free=4376Kb
 bounds [0x000000010e9c0000, 0x000000010ec30000, 0x000000010ef54000]
 total_blobs=3529 nmethods=2825 adapters=620
 compilation: enabled
              stopped_count=0, restarted_count=0
 full_count=0

Compilation events (20 events):
Event: 8.361 Thread 0x0000000138808200 4111       3       com.sun.javafx.tk.Toolkit$$Lambda$167/0x0000000800d4e888::run (8 bytes)
Event: 8.362 Thread 0x0000000138808200 nmethod 4111 0x000000010f516310 code [0x000000010f5164c0, 0x000000010f516758]
Event: 8.362 Thread 0x0000000138808200 4112       3       com.sun.javafx.tk.Toolkit::lambda$runPulse$2 (8 bytes)
Event: 8.362 Thread 0x0000000138808200 nmethod 4112 0x000000010f516890 code [0x000000010f516a40, 0x000000010f516c18]
Event: 8.390 Thread 0x0000000138808200 4113       3       com.sun.javafx.geom.Vec3d::length (33 bytes)
Event: 8.391 Thread 0x0000000138808200 nmethod 4113 0x000000010f516d10 code [0x000000010f516ec0, 0x000000010f517028]
Event: 8.408 Thread 0x0000000138808200 4114       1       javafx.event.Event::getTarget (5 bytes)
Event: 8.408 Thread 0x0000000138808200 nmethod 4114 0x000000011660cc10 code [0x000000011660cd80, 0x000000011660ce68]
Event: 8.414 Thread 0x0000000138808200 4115       1       com.sun.glass.ui.Window::getPlatformScaleX (5 bytes)
Event: 8.414 Thread 0x0000000138808200 nmethod 4115 0x000000011660cf10 code [0x000000011660d080, 0x000000011660d168]
Event: 8.414 Thread 0x0000000138808200 4116       1       com.sun.glass.ui.Window::getPlatformScaleY (5 bytes)
Event: 8.414 Thread 0x0000000138808200 nmethod 4116 0x000000011660d210 code [0x000000011660d380, 0x000000011660d468]
Event: 8.448 Thread 0x0000000138808200 4117       3       java.util.EnumMap$ValueIterator::next (50 bytes)
Event: 8.449 Thread 0x0000000138808200 nmethod 4117 0x000000010f517110 code [0x000000010f517300, 0x000000010f517748]
Event: 8.449 Thread 0x0000000138808200 4118       3       javafx.scene.Scene$ClickCounter::moved (52 bytes)
Event: 8.449 Thread 0x0000000138808200 nmethod 4118 0x000000010f517910 code [0x000000010f517bc0, 0x000000010f518478]
Event: 8.449 Thread 0x0000000138808200 4119       3       javafx.scene.Scene$MouseHandler::updateCursorFrame (61 bytes)
Event: 8.450 Thread 0x0000000138808200 nmethod 4119 0x000000010f518910 code [0x000000010f518c80, 0x000000010f519f58]
Event: 8.450 Thread 0x0000000138808200 4120       1       com.sun.javafx.tk.quantum.WindowStage::setInAllowedEventHandler (6 bytes)
Event: 8.450 Thread 0x0000000138808200 nmethod 4120 0x000000011660d510 code [0x000000011660d680, 0x000000011660d768]

GC Heap History (8 events):
Event: 1.813 GC heap before
{Heap before GC invocations=0 (full 0):
 garbage-first heap   total 266240K, used 24544K [0x0000000700000000, 0x0000000800000000)
  region size 2048K, 11 young (22528K), 0 survivors (0K)
 Metaspace       used 6522K, committed 6656K, reserved 1056768K
  class space    used 782K, committed 832K, reserved 1048576K
}
Event: 1.815 GC heap after
{Heap after GC invocations=1 (full 0):
 garbage-first heap   total 266240K, used 4918K [0x0000000700000000, 0x0000000800000000)
  region size 2048K, 2 young (4096K), 2 survivors (4096K)
 Metaspace       used 6522K, committed 6656K, reserved 1056768K
  class space    used 782K, committed 832K, reserved 1048576K
}
Event: 4.806 GC heap before
{Heap before GC invocations=1 (full 0):
 garbage-first heap   total 266240K, used 60214K [0x0000000700000000, 0x0000000800000000)
  region size 2048K, 29 young (59392K), 2 survivors (4096K)
 Metaspace       used 7776K, committed 7936K, reserved 1056768K
  class space    used 886K, committed 960K, reserved 1048576K
}
Event: 4.812 GC heap after
{Heap after GC invocations=2 (full 0):
 garbage-first heap   total 266240K, used 16643K [0x0000000700000000, 0x0000000800000000)
  region size 2048K, 4 young (8192K), 4 survivors (8192K)
 Metaspace       used 7776K, committed 7936K, reserved 1056768K
  class space    used 886K, committed 960K, reserved 1048576K
}
Event: 5.361 GC heap before
{Heap before GC invocations=2 (full 0):
 garbage-first heap   total 266240K, used 49411K [0x0000000700000000, 0x0000000800000000)
  region size 2048K, 20 young (40960K), 4 survivors (8192K)
 Metaspace       used 10829K, committed 10944K, reserved 1064960K
  class space    used 1288K, committed 1344K, reserved 1048576K
}
Event: 5.378 GC heap after
{Heap after GC invocations=3 (full 0):
 garbage-first heap   total 266240K, used 30226K [0x0000000700000000, 0x0000000800000000)
  region size 2048K, 3 young (6144K), 3 survivors (6144K)
 Metaspace       used 10829K, committed 10944K, reserved 1064960K
  class space    used 1288K, committed 1344K, reserved 1048576K
}
Event: 6.904 GC heap before
{Heap before GC invocations=3 (full 0):
 garbage-first heap   total 266240K, used 58898K [0x0000000700000000, 0x0000000800000000)
  region size 2048K, 17 young (34816K), 3 survivors (6144K)
 Metaspace       used 11310K, committed 11520K, reserved 1064960K
  class space    used 1340K, committed 1408K, reserved 1048576K
}
Event: 6.908 GC heap after
{Heap after GC invocations=4 (full 0):
 garbage-first heap   total 266240K, used 32848K [0x0000000700000000, 0x0000000800000000)
  region size 2048K, 2 young (4096K), 2 survivors (4096K)
 Metaspace       used 11310K, committed 11520K, reserved 1064960K
  class space    used 1340K, committed 1408K, reserved 1048576K
}

Deoptimization events (20 events):
Event: 6.827 Thread 0x0000000151808e00 Uncommon trap: trap_request=0xffffff45 fr.pc=0x00000001165a62f0 relative=0x00000000000001f0
Event: 6.827 Thread 0x0000000151808e00 Uncommon trap: reason=unstable_if action=reinterpret pc=0x00000001165a62f0 method=jdk.internal.util.ArraysSupport.vectorizedMismatch(Ljava/lang/Object;JLjava/lang/Object;JII)I @ 62 c2
Event: 6.827 Thread 0x0000000151808e00 DEOPT PACKING pc=0x00000001165a62f0 sp=0x000000016d949680
Event: 6.827 Thread 0x0000000151808e00 DEOPT UNPACKING pc=0x000000010e9fed1c sp=0x000000016d9493f0 mode 2
Event: 6.874 Thread 0x00000001500adc00 Uncommon trap: trap_request=0xffffffde fr.pc=0x00000001165b2b40 relative=0x0000000000000440
Event: 6.874 Thread 0x00000001500adc00 Uncommon trap: reason=class_check action=maybe_recompile pc=0x00000001165b2b40 method=javafx.scene.Node.updateLocalToParentTransform()V @ 11 c2
Event: 6.874 Thread 0x00000001500adc00 DEOPT PACKING pc=0x00000001165b2b40 sp=0x000000016aebab70
Event: 6.874 Thread 0x00000001500adc00 DEOPT UNPACKING pc=0x000000010e9fed1c sp=0x000000016aebaaa0 mode 2
Event: 6.875 Thread 0x0000000151808e00 Uncommon trap: trap_request=0xffffff45 fr.pc=0x00000001165aadb4 relative=0x00000000000001f4
Event: 6.875 Thread 0x0000000151808e00 Uncommon trap: reason=unstable_if action=reinterpret pc=0x00000001165aadb4 method=jdk.internal.util.ArraysSupport.vectorizedMismatch(Ljava/lang/Object;JLjava/lang/Object;JII)I @ 62 c2
Event: 6.875 Thread 0x0000000151808e00 DEOPT PACKING pc=0x00000001165aadb4 sp=0x000000016d949640
Event: 6.875 Thread 0x0000000151808e00 DEOPT UNPACKING pc=0x000000010e9fed1c sp=0x000000016d949430 mode 2
Event: 6.925 Thread 0x00000001500adc00 Uncommon trap: trap_request=0xffffffde fr.pc=0x00000001165b2b40 relative=0x0000000000000440
Event: 6.925 Thread 0x00000001500adc00 Uncommon trap: reason=class_check action=maybe_recompile pc=0x00000001165b2b40 method=javafx.scene.Node.updateLocalToParentTransform()V @ 11 c2
Event: 6.925 Thread 0x00000001500adc00 DEOPT PACKING pc=0x00000001165b2b40 sp=0x000000016aebab70
Event: 6.925 Thread 0x00000001500adc00 DEOPT UNPACKING pc=0x000000010e9fed1c sp=0x000000016aebaaa0 mode 2
Event: 6.925 Thread 0x0000000151808e00 Uncommon trap: trap_request=0xffffff45 fr.pc=0x00000001165ab60c relative=0x000000000000024c
Event: 6.925 Thread 0x0000000151808e00 Uncommon trap: reason=unstable_if action=reinterpret pc=0x00000001165ab60c method=jdk.internal.util.ArraysSupport.vectorizedMismatch(Ljava/lang/Object;JLjava/lang/Object;JII)I @ 62 c2
Event: 6.925 Thread 0x0000000151808e00 DEOPT PACKING pc=0x00000001165ab60c sp=0x000000016d9495f0
Event: 6.925 Thread 0x0000000151808e00 DEOPT UNPACKING pc=0x000000010e9fed1c sp=0x000000016d949460 mode 2

Classes unloaded (0 events):
No events

Classes redefined (0 events):
No events

Internal exceptions (20 events):
Event: 0.056 Thread 0x0000000151808800 Exception <a 'java/lang/NoSuchMethodError'{0x000000070f98c5c8}: 'java.lang.Object java.lang.invoke.DirectMethodHandle$Holder.invokeStaticInit(java.lang.Object)'> (0x000000070f98c5c8) 
thrown [open/src/hotspot/share/interpreter/linkResolver.cpp, line 766]
Event: 0.057 Thread 0x0000000151808800 Exception <a 'java/lang/NoSuchMethodError'{0x000000070f993908}: 'void java.lang.invoke.DirectMethodHandle$Holder.invokeStatic(java.lang.Object, java.lang.Object)'> (0x000000070f993908) 
thrown [open/src/hotspot/share/interpreter/linkResolver.cpp, line 766]
Event: 0.073 Thread 0x0000000151808800 Exception <a 'java/lang/NoSuchMethodError'{0x000000070f40aef0}: 'void java.lang.invoke.DirectMethodHandle$Holder.invokeSpecial(java.lang.Object, java.lang.Object, java.lang.Object)'> (0x000000070f40aef0) 
thrown [open/src/hotspot/share/interpreter/linkResolver.cpp, line 766]
Event: 0.078 Thread 0x0000000151808800 Exception <a 'java/lang/NoSuchMethodError'{0x000000070f447ed0}: 'void java.lang.invoke.DirectMethodHandle$Holder.invokeStatic(java.lang.Object, java.lang.Object, java.lang.Object)'> (0x000000070f447ed0) 
thrown [open/src/hotspot/share/interpreter/linkResolver.cpp, line 766]
Event: 0.120 Thread 0x0000000151808800 Exception <a 'java/lang/NoSuchMethodError'{0x000000070f464728}: 'int java.lang.invoke.DirectMethodHandle$Holder.invokeStaticInit(java.lang.Object, java.lang.Object, java.lang.Object)'> (0x000000070f464728) 
thrown [open/src/hotspot/share/interpreter/linkResolver.cpp, line 766]
Event: 0.203 Thread 0x00000001500adc00 Exception <a 'java/lang/NoSuchMethodError'{0x000000070f18e7e8}: 'void java.lang.invoke.DirectMethodHandle$Holder.invokeStaticInit(java.lang.Object)'> (0x000000070f18e7e8) 
thrown [open/src/hotspot/share/interpreter/linkResolver.cpp, line 766]
Event: 0.204 Thread 0x0000000151808800 Exception <a 'java/lang/NoSuchMethodError'{0x000000070f26de40}: 'java.lang.Object java.lang.invoke.DirectMethodHandle$Holder.newInvokeSpecial(java.lang.Object, java.lang.Object, java.lang.Object, java.lang.Object, java.lang.Object, java.lang.Object)'> (0x000000070f26de40) 
thrown [open/src/hotspot/share/interpreter/linkResolver.cpp, line 766]
Event: 0.209 Thread 0x0000000151808800 Exception <a 'java/lang/NoSuchMethodError'{0x000000070f1f18a8}: 'java.lang.Object java.lang.invoke.DirectMethodHandle$Holder.newInvokeSpecial(java.lang.Object, java.lang.Object, java.lang.Object, java.lang.Object, java.lang.Object)'> (0x000000070f1f18a8) 
thrown [open/src/hotspot/share/interpreter/linkResolver.cpp, line 766]
Event: 0.209 Thread 0x00000001381ed400 Exception <a 'java/lang/NoSuchMethodError'{0x000000070ee78838}: 'void java.lang.invoke.DirectMethodHandle$Holder.invokeStatic(java.lang.Object, java.lang.Object, java.lang.Object, java.lang.Object)'> (0x000000070ee78838) 
thrown [open/src/hotspot/share/interpreter/linkResolver.cpp, line 766]
Event: 0.223 Thread 0x00000001500adc00 Exception <a 'java/lang/NoSuchMethodError'{0x000000070edd2680}: 'java.lang.Object java.lang.invoke.DirectMethodHandle$Holder.invokeStaticInit(java.lang.Object, java.lang.Object, java.lang.Object, java.lang.Object)'> (0x000000070edd2680) 
thrown [open/src/hotspot/share/interpreter/linkResolver.cpp, line 766]
Event: 4.727 Thread 0x00000001500adc00 Exception <a 'java/lang/NullPointerException'{0x000000070d5b09d0}> (0x000000070d5b09d0) 
thrown [open/src/hotspot/share/interpreter/linkResolver.cpp, line 1357]
Event: 4.912 Thread 0x00000001500adc00 Exception <a 'java/lang/NoSuchMethodError'{0x000000070f386df8}: 'java.lang.Object java.lang.invoke.DirectMethodHandle$Holder.newInvokeSpecial(java.lang.Object, java.lang.Object, int)'> (0x000000070f386df8) 
thrown [open/src/hotspot/share/interpreter/linkResolver.cpp, line 766]
Event: 4.943 Thread 0x00000001500adc00 Exception <a 'java/lang/NoSuchMethodError'{0x000000070f3afb78}: 'long java.lang.invoke.DirectMethodHandle$Holder.invokeStatic(java.lang.Object, java.lang.Object, java.lang.Object)'> (0x000000070f3afb78) 
thrown [open/src/hotspot/share/interpreter/linkResolver.cpp, line 766]
Event: 4.943 Thread 0x00000001500adc00 Exception <a 'java/lang/NoSuchMethodError'{0x000000070f3b3320}: 'long java.lang.invoke.DirectMethodHandle$Holder.invokeStaticInit(java.lang.Object, java.lang.Object, java.lang.Object)'> (0x000000070f3b3320) 
thrown [open/src/hotspot/share/interpreter/linkResolver.cpp, line 766]
Event: 4.944 Thread 0x00000001500adc00 Exception <a 'java/lang/NoSuchMethodError'{0x000000070f3cb2a0}: 'java.lang.Object java.lang.invoke.DirectMethodHandle$Holder.newInvokeSpecial(java.lang.Object, java.lang.Object, long)'> (0x000000070f3cb2a0) 
thrown [open/src/hotspot/share/interpreter/linkResolver.cpp, line 766]
Event: 4.944 Thread 0x00000001500adc00 Exception <a 'java/lang/NoSuchMethodError'{0x000000070f3ceb68}: 'java.lang.Object java.lang.invoke.Invokers$Holder.linkToTargetMethod(java.lang.Object, long, java.lang.Object)'> (0x000000070f3ceb68) 
thrown [open/src/hotspot/share/interpreter/linkResolver.cpp, line 766]
Event: 4.966 Thread 0x00000001500adc00 Implicit null exception at 0x000000011655cd34 to 0x000000011655d154
Event: 5.013 Thread 0x0000000151808e00 Exception <a 'java/lang/NoSuchMethodError'{0x000000070e861060}: 'int java.lang.invoke.DirectMethodHandle$Holder.invokeStaticInit(java.lang.Object, java.lang.Object)'> (0x000000070e861060) 
thrown [open/src/hotspot/share/interpreter/linkResolver.cpp, line 766]
Event: 5.029 Thread 0x0000000151808e00 Implicit null exception at 0x000000011655439c to 0x00000001165548b8
Event: 6.732 Thread 0x00000001500adc00 Exception <a 'java/lang/NoSuchMethodError'{0x000000070f2571c8}: 'java.lang.Object java.lang.invoke.DirectMethodHandle$Holder.newInvokeSpecial(java.lang.Object, java.lang.Object, int, java.lang.Object, double, double, double, double, double, double, int, int, int, int, int, int, int, int)'> (0x000000070f2571c8) 
thrown [open/src/hotspot/share/interpreter/linkResolver.cpp, line 766]

VM Operations (20 events):
Event: 4.944 Executing VM operation: ICBufferFull
Event: 4.944 Executing VM operation: ICBufferFull done
Event: 4.978 Executing VM operation: HandshakeAllThreads
Event: 4.978 Executing VM operation: HandshakeAllThreads done
Event: 4.989 Executing VM operation: ICBufferFull
Event: 4.989 Executing VM operation: ICBufferFull done
Event: 5.029 Executing VM operation: HandshakeAllThreads
Event: 5.029 Executing VM operation: HandshakeAllThreads done
Event: 5.122 Executing VM operation: ICBufferFull
Event: 5.122 Executing VM operation: ICBufferFull done
Event: 5.361 Executing VM operation: G1CollectForAllocation
Event: 5.378 Executing VM operation: G1CollectForAllocation done
Event: 5.904 Executing VM operation: HandshakeAllThreads
Event: 5.904 Executing VM operation: HandshakeAllThreads done
Event: 5.907 Executing VM operation: ICBufferFull
Event: 5.907 Executing VM operation: ICBufferFull done
Event: 6.904 Executing VM operation: G1CollectForAllocation
Event: 6.908 Executing VM operation: G1CollectForAllocation done
Event: 7.909 Executing VM operation: Cleanup
Event: 7.909 Executing VM operation: Cleanup done

Events (20 events):
Event: 5.013 loading class java/lang/invoke/MethodHandle$1
Event: 5.013 loading class java/lang/invoke/MethodHandle$1 done
Event: 5.030 loading class java/nio/DirectShortBufferU
Event: 5.030 loading class java/nio/ShortBuffer
Event: 5.030 loading class java/nio/ShortBuffer done
Event: 5.030 loading class java/nio/DirectShortBufferU done
Event: 5.031 loading class java/nio/DoubleBuffer
Event: 5.031 loading class java/nio/DoubleBuffer done
Event: 5.889 loading class jdk/internal/ref/CleanerImpl$InnocuousThreadFactory
Event: 5.889 loading class jdk/internal/ref/CleanerImpl$InnocuousThreadFactory done
Event: 5.889 Thread 0x0000000151896400 Thread added: 0x0000000151896400
Event: 5.889 Protecting memory [0x000000016fbb8000,0x000000016fbc4000] with protection modes 0
Event: 5.894 loading class sun/misc/Unsafe
Event: 5.894 loading class sun/misc/Unsafe done
Event: 5.895 loading class jdk/internal/reflect/UnsafeFieldAccessorFactory
Event: 5.895 loading class jdk/internal/reflect/UnsafeFieldAccessorFactory done
Event: 5.895 loading class jdk/internal/reflect/UnsafeQualifiedStaticObjectFieldAccessorImpl
Event: 5.895 loading class jdk/internal/reflect/UnsafeQualifiedStaticFieldAccessorImpl
Event: 5.895 loading class jdk/internal/reflect/UnsafeQualifiedStaticFieldAccessorImpl done
Event: 5.895 loading class jdk/internal/reflect/UnsafeQualifiedStaticObjectFieldAccessorImpl done


Dynamic libraries:
0x0000000105074000 	/Library/Java/JavaVirtualMachines/jdk-17.0.3.jdk/Contents/Home/lib/libjli.dylib
0x000000018df10000 	/usr/lib/libz.1.dylib
0x000000018dfc7000 	/usr/lib/libSystem.B.dylib
0x000000018dfc1000 	/usr/lib/system/libcache.dylib
0x000000018df7f000 	/usr/lib/system/libcommonCrypto.dylib
0x000000018dfa8000 	/usr/lib/system/libcompiler_rt.dylib
0x000000018df9f000 	/usr/lib/system/libcopyfile.dylib
0x0000000183207000 	/usr/lib/system/libcorecrypto.dylib
0x00000001832ba000 	/usr/lib/system/libdispatch.dylib
0x0000000183488000 	/usr/lib/system/libdyld.dylib
0x000000018dfb7000 	/usr/lib/system/libkeymgr.dylib
0x000000018df5a000 	/usr/lib/system/libmacho.dylib
0x000000018d64f000 	/usr/lib/system/libquarantine.dylib
0x000000018dfb4000 	/usr/lib/system/libremovefile.dylib
0x00000001885f0000 	/usr/lib/system/libsystem_asl.dylib
0x00000001831a9000 	/usr/lib/system/libsystem_blocks.dylib
0x0000000183342000 	/usr/lib/system/libsystem_c.dylib
0x000000018dfac000 	/usr/lib/system/libsystem_collections.dylib
0x000000018cadd000 	/usr/lib/system/libsystem_configuration.dylib
0x000000018bd39000 	/usr/lib/system/libsystem_containermanager.dylib
0x000000018dcbc000 	/usr/lib/system/libsystem_coreservices.dylib
0x0000000185bb0000 	/usr/lib/system/libsystem_darwin.dylib
0x000000018dfb8000 	/usr/lib/system/libsystem_dnssd.dylib
0x000000018333f000 	/usr/lib/system/libsystem_featureflags.dylib
0x000000018349d000 	/usr/lib/system/libsystem_info.dylib
0x000000018df22000 	/usr/lib/system/libsystem_m.dylib
0x000000018328f000 	/usr/lib/system/libsystem_malloc.dylib
0x000000018857f000 	/usr/lib/system/libsystem_networkextension.dylib
0x0000000186009000 	/usr/lib/system/libsystem_notify.dylib
0x0000000194305000 	/usr/lib/system/libsystem_product_info_filter.dylib
0x000000018cae2000 	/usr/lib/system/libsystem_sandbox.dylib
0x000000018dfb1000 	/usr/lib/system/libsystem_secinit.dylib
0x0000000183443000 	/usr/lib/system/libsystem_kernel.dylib
0x0000000183495000 	/usr/lib/system/libsystem_platform.dylib
0x000000018347b000 	/usr/lib/system/libsystem_pthread.dylib
0x0000000189d48000 	/usr/lib/system/libsystem_symptoms.dylib
0x00000001831ed000 	/usr/lib/system/libsystem_trace.dylib
0x000000018df8c000 	/usr/lib/system/libunwind.dylib
0x00000001831ab000 	/usr/lib/system/libxpc.dylib
0x000000018342b000 	/usr/lib/libc++abi.dylib
0x0000000183301000 	/usr/lib/libobjc.A.dylib
0x000000018df97000 	/usr/lib/liboah.dylib
0x00000001833c4000 	/usr/lib/libc++.1.dylib
0x0000000199e1e000 	/System/Library/Frameworks/Cocoa.framework/Versions/A/Cocoa
0x000000018606a000 	/System/Library/Frameworks/AppKit.framework/Versions/C/AppKit
0x0000000189570000 	/System/Library/Frameworks/CoreData.framework/Versions/A/CoreData
0x00000001843c5000 	/System/Library/Frameworks/Foundation.framework/Versions/C/Foundation
0x0000000186f22000 	/System/Library/PrivateFrameworks/UIFoundation.framework/Versions/A/UIFoundation
0x0000000193fff000 	/System/Library/PrivateFrameworks/RemoteViewServices.framework/Versions/A/RemoteViewServices
0x000000018c485000 	/System/Library/PrivateFrameworks/XCTTargetBootstrap.framework/Versions/A/XCTTargetBootstrap
0x000000018fd03000 	/System/Library/PrivateFrameworks/InternationalSupport.framework/Versions/A/InternationalSupport
0x000000018fd8c000 	/System/Library/PrivateFrameworks/UserActivity.framework/Versions/A/UserActivity
0x000000018f1fe000 	/usr/lib/libspindump.dylib
0x0000000187193000 	/System/Library/Frameworks/UniformTypeIdentifiers.framework/Versions/A/UniformTypeIdentifiers
0x000000018a9d0000 	/usr/lib/libapp_launch_measurement.dylib
0x0000000189efa000 	/System/Library/PrivateFrameworks/CoreAnalytics.framework/Versions/A/CoreAnalytics
0x000000018a9d3000 	/System/Library/PrivateFrameworks/CoreAutoLayout.framework/Versions/A/CoreAutoLayout
0x000000018bd76000 	/System/Library/Frameworks/Metal.framework/Versions/A/Metal
0x000000018caed000 	/usr/lib/liblangid.dylib
0x000000018c48a000 	/System/Library/PrivateFrameworks/CoreSVG.framework/Versions/A/CoreSVG
0x0000000188624000 	/System/Library/PrivateFrameworks/SkyLight.framework/Versions/A/SkyLight
0x00000001889f9000 	/System/Library/Frameworks/CoreGraphics.framework/Versions/A/CoreGraphics
0x00000001946cb000 	/System/Library/Frameworks/Accelerate.framework/Versions/A/Accelerate
0x000000018ec75000 	/System/Library/PrivateFrameworks/IconServices.framework/Versions/A/IconServices
0x000000018bd58000 	/System/Library/Frameworks/IOSurface.framework/Versions/A/IOSurface
0x0000000189f2b000 	/usr/lib/libDiagnosticMessagesClient.dylib
0x0000000197bcc000 	/System/Library/Frameworks/ApplicationServices.framework/Versions/A/ApplicationServices
0x000000018c46d000 	/System/Library/PrivateFrameworks/DFRFoundation.framework/Versions/A/DFRFoundation
0x00000001858fa000 	/usr/lib/libicucore.A.dylib
0x0000000190baf000 	/System/Library/Frameworks/AudioToolbox.framework/Versions/A/AudioToolbox
0x000000018fd0f000 	/System/Library/PrivateFrameworks/DataDetectorsCore.framework/Versions/A/DataDetectorsCore
0x00000001a664f000 	/System/Library/PrivateFrameworks/TextInput.framework/Versions/A/TextInput
0x0000000188599000 	/usr/lib/libMobileGestalt.dylib
0x000000018c139000 	/System/Library/Frameworks/Carbon.framework/Versions/A/Frameworks/HIToolbox.framework/Versions/A/HIToolbox
0x000000018a3ac000 	/System/Library/Frameworks/QuartzCore.framework/Versions/A/QuartzCore
0x000000018557d000 	/System/Library/Frameworks/Security.framework/Versions/A/Security
0x000000019403f000 	/System/Library/Frameworks/Carbon.framework/Versions/A/Frameworks/SpeechRecognition.framework/Versions/A/SpeechRecognition
0x000000018a726000 	/System/Library/PrivateFrameworks/CoreUI.framework/Versions/A/CoreUI
0x0000000184e5a000 	/System/Library/Frameworks/CoreAudio.framework/Versions/A/CoreAudio
0x000000018a020000 	/System/Library/Frameworks/DiskArbitration.framework/Versions/A/DiskArbitration
0x000000018f608000 	/System/Library/PrivateFrameworks/MultitouchSupport.framework/Versions/A/MultitouchSupport
0x0000000188597000 	/usr/lib/libenergytrace.dylib
0x0000000185f32000 	/System/Library/Frameworks/IOKit.framework/Versions/A/IOKit
0x000000019442e000 	/System/Library/Frameworks/CoreServices.framework/Versions/A/CoreServices
0x000000018a960000 	/System/Library/PrivateFrameworks/PerformanceAnalysis.framework/Versions/A/PerformanceAnalysis
0x00000001e4937000 	/System/Library/Frameworks/OpenGL.framework/Versions/A/OpenGL
0x000000018d567000 	/System/Library/PrivateFrameworks/MobileKeyBag.framework/Versions/A/MobileKeyBag
0x0000000189006000 	/System/Library/Frameworks/ColorSync.framework/Versions/A/ColorSync
0x00000001834ca000 	/System/Library/Frameworks/CoreFoundation.framework/Versions/A/CoreFoundation
0x000000018c709000 	/System/Library/Frameworks/CoreImage.framework/Versions/A/CoreImage
0x0000000184c7e000 	/System/Library/Frameworks/CoreText.framework/Versions/A/CoreText
0x000000018c4ba000 	/System/Library/Frameworks/ImageIO.framework/Versions/A/ImageIO
0x000000018dfcd000 	/System/Library/PrivateFrameworks/SoftLinking.framework/Versions/A/SoftLinking
0x000000018aa1e000 	/usr/lib/libxml2.2.dylib
0x000000018e266000 	/usr/lib/libcompression.dylib
0x000000018fc5f000 	/System/Library/PrivateFrameworks/TextureIO.framework/Versions/A/TextureIO
0x000000018e98e000 	/usr/lib/libate.dylib
0x000000018e853000 	/usr/lib/liblzma.5.dylib
0x00000001840b9000 	/System/Library/Frameworks/SystemConfiguration.framework/Versions/A/SystemConfiguration
0x000000018dfc9000 	/usr/lib/libfakelink.dylib
0x00000001880cb000 	/System/Library/Frameworks/CFNetwork.framework/Versions/A/CFNetwork
0x000000018e10f000 	/usr/lib/libarchive.2.dylib
0x000000018cae9000 	/System/Library/PrivateFrameworks/AppleSystemInfo.framework/Versions/A/AppleSystemInfo
0x000000018d67a000 	/usr/lib/libbsm.0.dylib
0x000000018763c000 	/usr/lib/libnetwork.dylib
0x000000018df63000 	/usr/lib/system/libkxld.dylib
0x000000018d28d000 	/System/Library/PrivateFrameworks/IOMobileFramebuffer.framework/Versions/A/IOMobileFramebuffer
0x0000000202263000 	/usr/lib/libCoreEntitlements.dylib
0x000000018dc9e000 	/System/Library/PrivateFrameworks/AppleFSCompression.framework/Versions/A/AppleFSCompression
0x000000018d662000 	/usr/lib/libcoretls.dylib
0x000000018e86c000 	/usr/lib/libcoretls_cfhelpers.dylib
0x000000018e261000 	/usr/lib/libpam.2.dylib
0x000000018995f000 	/usr/lib/libsqlite3.dylib
0x000000018e8d5000 	/usr/lib/libxar.1.dylib
0x000000018dcaf000 	/usr/lib/libbz2.1.0.dylib
0x000000018dfce000 	/usr/lib/libpcap.A.dylib
0x0000000189d3f000 	/usr/lib/libdns_services.dylib
0x000000018e234000 	/usr/lib/libapple_nghttp2.dylib
0x000000018e00b000 	/usr/lib/libiconv.2.dylib
0x000000018df59000 	/usr/lib/libcharset.1.dylib
0x000000018a99c000 	/System/Library/Frameworks/CoreServices.framework/Versions/A/Frameworks/FSEvents.framework/Versions/A/FSEvents
0x0000000185bbb000 	/System/Library/Frameworks/CoreServices.framework/Versions/A/Frameworks/CarbonCore.framework/Versions/A/CarbonCore
0x0000000189f80000 	/System/Library/Frameworks/CoreServices.framework/Versions/A/Frameworks/Metadata.framework/Versions/A/Metadata
0x000000018dcc2000 	/System/Library/Frameworks/CoreServices.framework/Versions/A/Frameworks/OSServices.framework/Versions/A/OSServices
0x000000018e195000 	/System/Library/Frameworks/CoreServices.framework/Versions/A/Frameworks/SearchKit.framework/Versions/A/SearchKit
0x0000000189cce000 	/System/Library/Frameworks/CoreServices.framework/Versions/A/Frameworks/AE.framework/Versions/A/AE
0x0000000183a10000 	/System/Library/Frameworks/CoreServices.framework/Versions/A/Frameworks/LaunchServices.framework/Versions/A/LaunchServices
0x000000018e7fc000 	/System/Library/Frameworks/CoreServices.framework/Versions/A/Frameworks/DictionaryServices.framework/Versions/A/DictionaryServices
0x000000018a9a9000 	/System/Library/Frameworks/CoreServices.framework/Versions/A/Frameworks/SharedFileList.framework/Versions/A/SharedFileList
0x000000018d652000 	/usr/lib/libCheckFix.dylib
0x0000000188608000 	/System/Library/PrivateFrameworks/TCC.framework/Versions/A/TCC
0x000000018caef000 	/System/Library/PrivateFrameworks/CoreNLP.framework/Versions/A/CoreNLP
0x0000000189f2e000 	/System/Library/PrivateFrameworks/MetadataUtilities.framework/Versions/A/MetadataUtilities
0x0000000184172000 	/usr/lib/libmecabra.dylib
0x000000018d68b000 	/usr/lib/libmecab.dylib
0x000000018413e000 	/usr/lib/libCRFSuite.dylib
0x000000018d6e8000 	/usr/lib/libgermantok.dylib
0x000000018e20d000 	/usr/lib/libThaiTokenizer.dylib
0x000000018a028000 	/System/Library/Frameworks/Accelerate.framework/Versions/A/Frameworks/vImage.framework/Versions/A/vImage
0x0000000194405000 	/System/Library/Frameworks/Accelerate.framework/Versions/A/Frameworks/vecLib.framework/Versions/A/vecLib
0x000000018e91a000 	/System/Library/Frameworks/Accelerate.framework/Versions/A/Frameworks/vecLib.framework/Versions/A/libvMisc.dylib
0x000000018d194000 	/System/Library/Frameworks/Accelerate.framework/Versions/A/Frameworks/vecLib.framework/Versions/A/libvDSP.dylib
0x0000000183d99000 	/System/Library/Frameworks/Accelerate.framework/Versions/A/Frameworks/vecLib.framework/Versions/A/libBLAS.dylib
0x000000018e337000 	/System/Library/Frameworks/Accelerate.framework/Versions/A/Frameworks/vecLib.framework/Versions/A/libLAPACK.dylib
0x000000018d6eb000 	/System/Library/Frameworks/Accelerate.framework/Versions/A/Frameworks/vecLib.framework/Versions/A/libLinearAlgebra.dylib
0x000000018e24c000 	/System/Library/Frameworks/Accelerate.framework/Versions/A/Frameworks/vecLib.framework/Versions/A/libSparseBLAS.dylib
0x000000018e332000 	/System/Library/Frameworks/Accelerate.framework/Versions/A/Frameworks/vecLib.framework/Versions/A/libQuadrature.dylib
0x000000018cbe8000 	/System/Library/Frameworks/Accelerate.framework/Versions/A/Frameworks/vecLib.framework/Versions/A/libBNNS.dylib
0x0000000184057000 	/System/Library/Frameworks/Accelerate.framework/Versions/A/Frameworks/vecLib.framework/Versions/A/libSparse.dylib
0x000000018cbe0000 	/System/Library/PrivateFrameworks/LinguisticData.framework/Versions/A/LinguisticData
0x000000018400f000 	/System/Library/PrivateFrameworks/Lexicon.framework/Versions/A/Lexicon
0x000000018e912000 	/usr/lib/libChineseTokenizer.dylib
0x00000001847b6000 	/System/Library/PrivateFrameworks/LanguageModeling.framework/Versions/A/LanguageModeling
0x000000018e20f000 	/System/Library/PrivateFrameworks/AppleSauce.framework/Versions/A/AppleSauce
0x000000018d27a000 	/System/Library/PrivateFrameworks/CoreEmoji.framework/Versions/A/CoreEmoji
0x000000018e0fd000 	/usr/lib/libcmph.dylib
0x000000018a97c000 	/System/Library/Frameworks/OpenDirectory.framework/Versions/A/Frameworks/CFOpenDirectory.framework/Versions/A/CFOpenDirectory
0x000000018a96c000 	/System/Library/Frameworks/OpenDirectory.framework/Versions/A/OpenDirectory
0x000000018e86e000 	/System/Library/PrivateFrameworks/APFS.framework/Versions/A/APFS
0x000000018d5a2000 	/System/Library/Frameworks/SecurityFoundation.framework/Versions/A/SecurityFoundation
0x000000018e8e4000 	/usr/lib/libutil.dylib
0x0000000185ef4000 	/System/Library/PrivateFrameworks/CoreServicesStore.framework/Versions/A/CoreServicesStore
0x000000018e8e8000 	/usr/lib/libxslt.1.dylib
0x000000018d636000 	/System/Library/PrivateFrameworks/BackgroundTaskManagement.framework/Versions/A/BackgroundTaskManagement
0x000000018fb80000 	/System/Library/Frameworks/ImageIO.framework/Versions/A/Resources/libRadiance.dylib
0x000000018fb89000 	/System/Library/Frameworks/ImageIO.framework/Versions/A/Resources/libJPEG.dylib
0x000000018fadc000 	/System/Library/Frameworks/ImageIO.framework/Versions/A/Resources/libPng.dylib
0x000000018fafe000 	/System/Library/Frameworks/ImageIO.framework/Versions/A/Resources/libTIFF.dylib
0x000000018fbe4000 	/System/Library/Frameworks/ImageIO.framework/Versions/A/Resources/libGIF.dylib
0x000000018f518000 	/System/Library/Frameworks/ImageIO.framework/Versions/A/Resources/libJP2.dylib
0x000000018ec3a000 	/usr/lib/libexpat.1.dylib
0x000000018f4d3000 	/System/Library/PrivateFrameworks/AppleJPEG.framework/Versions/A/AppleJPEG
0x000000018bff5000 	/System/Library/PrivateFrameworks/FontServices.framework/libFontParser.dylib
0x0000000189c73000 	/System/Library/PrivateFrameworks/RunningBoardServices.framework/Versions/A/RunningBoardServices
0x000000019a4f1000 	/System/Library/PrivateFrameworks/IOSurfaceAccelerator.framework/Versions/A/IOSurfaceAccelerator
0x000000018f604000 	/System/Library/PrivateFrameworks/WatchdogClient.framework/Versions/A/WatchdogClient
0x00000001848ba000 	/System/Library/Frameworks/CoreDisplay.framework/Versions/A/CoreDisplay
0x000000018bedf000 	/System/Library/Frameworks/CoreMedia.framework/Versions/A/CoreMedia
0x000000018bd6c000 	/System/Library/PrivateFrameworks/IOAccelerator.framework/Versions/A/IOAccelerator
0x000000018ab0c000 	/System/Library/Frameworks/CoreVideo.framework/Versions/A/CoreVideo
0x000000018e25f000 	/System/Library/Frameworks/MetalPerformanceShaders.framework/Versions/A/MetalPerformanceShaders
0x000000018f643000 	/System/Library/Frameworks/VideoToolbox.framework/Versions/A/VideoToolbox
0x0000000189bb7000 	/System/Library/PrivateFrameworks/BaseBoard.framework/Versions/A/BaseBoard
0x0000000189945000 	/System/Library/PrivateFrameworks/ProtocolBuffer.framework/Versions/A/ProtocolBuffer
0x000000018fb7b000 	/System/Library/PrivateFrameworks/GPUWrangler.framework/Versions/A/GPUWrangler
0x000000018fb5b000 	/System/Library/PrivateFrameworks/IOPresentment.framework/Versions/A/IOPresentment
0x000000018fb83000 	/System/Library/PrivateFrameworks/DSExternalDisplay.framework/Versions/A/DSExternalDisplay
0x00000001e492a000 	/System/Library/Frameworks/OpenGL.framework/Versions/A/Libraries/libCoreFSCache.dylib
0x00000001eede9000 	/System/Library/PrivateFrameworks/GPUCompiler.framework/Versions/31001/Libraries/libGPUCompilerUtils.dylib
0x000000018fbe9000 	/System/Library/PrivateFrameworks/CMCaptureCore.framework/Versions/A/CMCaptureCore
0x000000018f1eb000 	/System/Library/PrivateFrameworks/AppServerSupport.framework/Versions/A/AppServerSupport
0x000000019146c000 	/System/Library/PrivateFrameworks/perfdata.framework/Versions/A/perfdata
0x00000001849da000 	/System/Library/PrivateFrameworks/AudioToolboxCore.framework/Versions/A/AudioToolboxCore
0x000000018beb8000 	/System/Library/PrivateFrameworks/caulk.framework/Versions/A/caulk
0x0000000190d61000 	/usr/lib/libAudioStatistics.dylib
0x00000001a2cb6000 	/System/Library/PrivateFrameworks/SystemPolicy.framework/Versions/A/SystemPolicy
0x0000000190fcd000 	/usr/lib/libSMC.dylib
0x0000000199d00000 	/System/Library/Frameworks/CoreMIDI.framework/Versions/A/CoreMIDI
0x000000018faaa000 	/usr/lib/libAudioToolboxUtility.dylib
0x000000019ed83000 	/System/Library/PrivateFrameworks/OSAServicesClient.framework/Versions/A/OSAServicesClient
0x0000000191479000 	/usr/lib/libperfcheck.dylib
0x00000001a37ce000 	/usr/lib/libmis.dylib
0x00000001e498c000 	/System/Library/Frameworks/OpenGL.framework/Versions/A/Libraries/libGLU.dylib
0x00000001e494b000 	/System/Library/Frameworks/OpenGL.framework/Versions/A/Libraries/libGFXShared.dylib
0x00000001e4b38000 	/System/Library/Frameworks/OpenGL.framework/Versions/A/Libraries/libGL.dylib
0x00000001e4954000 	/System/Library/Frameworks/OpenGL.framework/Versions/A/Libraries/libGLImage.dylib
0x00000001e4948000 	/System/Library/Frameworks/OpenGL.framework/Versions/A/Libraries/libCVMSPluginSupport.dylib
0x00000001e4931000 	/System/Library/Frameworks/OpenGL.framework/Versions/A/Libraries/libCoreVMClient.dylib
0x000000018ca69000 	/System/Library/Frameworks/MetalPerformanceShaders.framework/Versions/A/Frameworks/MPSCore.framework/Versions/A/MPSCore
0x000000018dc11000 	/System/Library/Frameworks/MetalPerformanceShaders.framework/Versions/A/Frameworks/MPSImage.framework/Versions/A/MPSImage
0x000000018d700000 	/System/Library/Frameworks/MetalPerformanceShaders.framework/Versions/A/Frameworks/MPSNeuralNetwork.framework/Versions/A/MPSNeuralNetwork
0x000000018db39000 	/System/Library/Frameworks/MetalPerformanceShaders.framework/Versions/A/Frameworks/MPSMatrix.framework/Versions/A/MPSMatrix
0x000000018d912000 	/System/Library/Frameworks/MetalPerformanceShaders.framework/Versions/A/Frameworks/MPSRayIntersector.framework/Versions/A/MPSRayIntersector
0x000000018db6a000 	/System/Library/Frameworks/MetalPerformanceShaders.framework/Versions/A/Frameworks/MPSNDArray.framework/Versions/A/MPSNDArray
0x00000001e6aa3000 	/System/Library/Frameworks/MetalPerformanceShaders.framework/Versions/A/Frameworks/MPSFunctions.framework/Versions/A/MPSFunctions
0x0000000183c70000 	/System/Library/PrivateFrameworks/MetalTools.framework/Versions/A/MetalTools
0x000000018cae7000 	/System/Library/PrivateFrameworks/AggregateDictionary.framework/Versions/A/AggregateDictionary
0x000000018ea1f000 	/usr/lib/libIOReport.dylib
0x0000000198d1e000 	/System/Library/PrivateFrameworks/ASEProcessing.framework/Versions/A/ASEProcessing
0x000000018ed94000 	/System/Library/PrivateFrameworks/FaceCore.framework/Versions/A/FaceCore
0x000000018ed86000 	/System/Library/PrivateFrameworks/GraphVisualizer.framework/Versions/A/GraphVisualizer
0x00000001eed00000 	/System/Library/PrivateFrameworks/FontServices.framework/Versions/A/FontServices
0x000000018f1a7000 	/System/Library/PrivateFrameworks/OTSVG.framework/Versions/A/OTSVG
0x000000018a6d6000 	/System/Library/Frameworks/ApplicationServices.framework/Versions/A/Frameworks/ATS.framework/Versions/A/Resources/libFontRegistry.dylib
0x000000018f1f4000 	/System/Library/PrivateFrameworks/FontServices.framework/libhvf.dylib
0x00000001eed01000 	/System/Library/PrivateFrameworks/FontServices.framework/libXTFontStaticRegistryData.dylib
0x00000001e4cd9000 	/System/Library/Frameworks/OpenCL.framework/Versions/A/OpenCL
0x000000018ebee000 	/System/Library/PrivateFrameworks/AppleVA.framework/Versions/A/AppleVA
0x0000000190d89000 	/System/Library/Frameworks/ApplicationServices.framework/Versions/A/Frameworks/ATS.framework/Versions/A/ATS
0x0000000189103000 	/System/Library/Frameworks/ApplicationServices.framework/Versions/A/Frameworks/HIServices.framework/Versions/A/HIServices
0x000000018fbf3000 	/System/Library/Frameworks/ApplicationServices.framework/Versions/A/Frameworks/PrintCore.framework/Versions/A/PrintCore
0x0000000191120000 	/System/Library/Frameworks/ApplicationServices.framework/Versions/A/Frameworks/QD.framework/Versions/A/QD
0x0000000191118000 	/System/Library/Frameworks/ApplicationServices.framework/Versions/A/Frameworks/ColorSyncLegacy.framework/Versions/A/ColorSyncLegacy
0x0000000190d75000 	/System/Library/Frameworks/ApplicationServices.framework/Versions/A/Frameworks/SpeechSynthesis.framework/Versions/A/SpeechSynthesis
0x000000018fbb4000 	/System/Library/Frameworks/ApplicationServices.framework/Versions/A/Frameworks/ATSUI.framework/Versions/A/ATSUI
0x00000001910ad000 	/usr/lib/libcups.2.dylib
0x0000000191487000 	/System/Library/Frameworks/Kerberos.framework/Versions/A/Kerberos
0x0000000191498000 	/System/Library/Frameworks/GSS.framework/Versions/A/GSS
0x0000000190df9000 	/usr/lib/libresolv.9.dylib
0x000000018f203000 	/System/Library/PrivateFrameworks/Heimdal.framework/Versions/A/Heimdal
0x0000000197f53000 	/System/Library/Frameworks/Kerberos.framework/Versions/A/Libraries/libHeimdalProxy.dylib
0x0000000189d51000 	/System/Library/Frameworks/Network.framework/Versions/A/Network
0x000000018ec55000 	/usr/lib/libheimdal-asn1.dylib
0x00000001914e8000 	/System/Library/PrivateFrameworks/CommonAuth.framework/Versions/A/CommonAuth
0x0000000190cef000 	/System/Library/PrivateFrameworks/AudioSession.framework/Versions/A/AudioSession
0x000000018ece7000 	/System/Library/PrivateFrameworks/MediaExperience.framework/Versions/A/MediaExperience
0x0000000190b75000 	/System/Library/PrivateFrameworks/AudioSession.framework/libSessionUtility.dylib
0x000000019112c000 	/System/Library/PrivateFrameworks/AudioResourceArbitration.framework/Versions/A/AudioResourceArbitration
0x00000001952e2000 	/System/Library/PrivateFrameworks/PowerLog.framework/Versions/A/PowerLog
0x000000018ec5f000 	/System/Library/PrivateFrameworks/IconFoundation.framework/Versions/A/IconFoundation
0x000000019402b000 	/System/Library/PrivateFrameworks/SpeechRecognitionCore.framework/Versions/A/SpeechRecognitionCore
0x00000001c8c3d000 	/System/Library/CoreServices/Encodings/libSimplifiedChineseConverter.dylib
0x00000001062dc000 	/Library/Java/JavaVirtualMachines/jdk-17.0.3.jdk/Contents/Home/lib/server/libjvm.dylib
0x00000001050d8000 	/Library/Java/JavaVirtualMachines/jdk-17.0.3.jdk/Contents/Home/lib/libjimage.dylib
0x0000000105160000 	/Library/Java/JavaVirtualMachines/jdk-17.0.3.jdk/Contents/Home/lib/libjava.dylib
0x0000000105308000 	/Library/Java/JavaVirtualMachines/jdk-17.0.3.jdk/Contents/Home/lib/libnio.dylib
0x0000000105cf8000 	/Library/Java/JavaVirtualMachines/jdk-17.0.3.jdk/Contents/Home/lib/libnet.dylib
0x00000001052e8000 	/Library/Java/JavaVirtualMachines/jdk-17.0.3.jdk/Contents/Home/lib/libzip.dylib
0x0000000105cd4000 	/Users/xuyi/opt/javafx-sdk-17.0.0.1/lib/libprism_es2.dylib
0x0000000185eb7000 	/System/Library/PrivateFrameworks/CoreServicesInternal.framework/Versions/A/CoreServicesInternal
0x00000001e4b42000 	/System/Library/Frameworks/OpenGL.framework/Versions/A/Resources/GLEngine.bundle/GLEngine
0x00000001e49ca000 	/System/Library/Frameworks/OpenGL.framework/Versions/A/Libraries/libGLProgrammability.dylib
0x0000000105ef8000 	/System/Library/Extensions/AppleMetalOpenGLRenderer.bundle/Contents/MacOS/AppleMetalOpenGLRenderer
0x00000001e4cb1000 	/System/Library/Frameworks/OpenGL.framework/Versions/A/Resources/GLRendererFloat.bundle/GLRendererFloat
0x00000001e4db1000 	/System/Library/Extensions/AGXMetal13_3.bundle/Contents/MacOS/AGXMetal13_3
0x00000001a37ea000 	/System/Library/PrivateFrameworks/GPURawCounter.framework/Versions/A/GPURawCounter
0x000000019def4000 	/System/Library/PrivateFrameworks/IOGPU.framework/Versions/A/IOGPU
0x000000010610c000 	/Users/xuyi/opt/javafx-sdk-17.0.0.1/lib/libglass.dylib
0x000000019553a000 	/System/Library/Frameworks/FileProvider.framework/Versions/A/FileProvider
0x0000000189b1f000 	/System/Library/Frameworks/Accounts.framework/Versions/A/Accounts
0x00000001956be000 	/System/Library/PrivateFrameworks/GenerationalStorage.framework/Versions/A/GenerationalStorage
0x0000000196281000 	/System/Library/PrivateFrameworks/CoreSymbolication.framework/Versions/A/CoreSymbolication
0x00000001952d6000 	/System/Library/PrivateFrameworks/SymptomDiagnosticReporter.framework/Versions/A/SymptomDiagnosticReporter
0x00000001871a7000 	/System/Library/PrivateFrameworks/DesktopServicesPriv.framework/Versions/A/DesktopServicesPriv
0x0000000186019000 	/usr/lib/libsandbox.1.dylib
0x000000018ab9a000 	/System/Library/PrivateFrameworks/UserManagement.framework/Versions/A/UserManagement
0x000000019623e000 	/System/Library/PrivateFrameworks/DebugSymbols.framework/Versions/A/DebugSymbols
0x000000019110b000 	/System/Library/PrivateFrameworks/NetAuth.framework/Versions/A/NetAuth
0x0000000192029000 	/System/Library/PrivateFrameworks/Sharing.framework/Versions/A/Sharing
0x000000018ab6a000 	/System/Library/PrivateFrameworks/login.framework/Versions/A/Frameworks/loginsupport.framework/Versions/A/loginsupport
0x0000000197473000 	/System/Library/PrivateFrameworks/Apple80211.framework/Versions/A/Apple80211
0x000000018dcf5000 	/System/Library/PrivateFrameworks/AuthKit.framework/Versions/A/AuthKit
0x000000018d376000 	/System/Library/PrivateFrameworks/CoreUtils.framework/Versions/A/CoreUtils
0x000000018d299000 	/System/Library/Frameworks/CoreWLAN.framework/Versions/A/CoreWLAN
0x0000000192199000 	/System/Library/Frameworks/IOBluetooth.framework/Versions/A/IOBluetooth
0x00000001974d3000 	/System/Library/PrivateFrameworks/CoreWiFi.framework/Versions/A/CoreWiFi
0x0000000195e1e000 	/System/Library/PrivateFrameworks/FrontBoardServices.framework/Versions/A/FrontBoardServices
0x0000000195eb6000 	/System/Library/PrivateFrameworks/BoardServices.framework/Versions/A/BoardServices
0x000000018d590000 	/System/Library/PrivateFrameworks/AssertionServices.framework/Versions/A/AssertionServices
0x0000000197650000 	/System/Library/PrivateFrameworks/BackBoardServices.framework/Versions/A/BackBoardServices
0x000000019157f000 	/System/Library/PrivateFrameworks/CorePhoneNumbers.framework/Versions/A/CorePhoneNumbers
0x0000000195406000 	/System/Library/PrivateFrameworks/DiskManagement.framework/Versions/A/DiskManagement
0x0000000195309000 	/System/Library/PrivateFrameworks/AppleIDAuthSupport.framework/Versions/A/AppleIDAuthSupport
0x00000001e92ca000 	/System/Library/PrivateFrameworks/AAAFoundation.framework/Versions/A/AAAFoundation
0x000000019155e000 	/System/Library/PrivateFrameworks/KeychainCircle.framework/Versions/A/KeychainCircle
0x00000001953d2000 	/System/Library/PrivateFrameworks/MediaKit.framework/Versions/A/MediaKit
0x0000000195316000 	/System/Library/Frameworks/DiscRecording.framework/Versions/A/DiscRecording
0x000000018eb6a000 	/usr/lib/libCoreStorage.dylib
0x000000019794d000 	/usr/lib/libcsfde.dylib
0x000000019226e000 	/System/Library/PrivateFrameworks/ProtectedCloudStorage.framework/Versions/A/ProtectedCloudStorage
0x0000000197945000 	/System/Library/PrivateFrameworks/EFILogin.framework/Versions/A/EFILogin
0x00000001956e5000 	/System/Library/PrivateFrameworks/OctagonTrust.framework/Versions/A/OctagonTrust
0x00000001ede9b000 	/System/Library/PrivateFrameworks/CoreUtilsExtras.framework/Versions/A/CoreUtilsExtras
0x000000019523b000 	/System/Library/Frameworks/CoreBluetooth.framework/Versions/A/CoreBluetooth
0x0000000197fd8000 	/System/Library/Frameworks/AudioUnit.framework/Versions/A/AudioUnit
0x000000018eb62000 	/usr/lib/libMatch.1.dylib
0x00000001a7c96000 	/System/Library/Frameworks/Accelerate.framework/Versions/A/Frameworks/vImage.framework/Versions/A/Libraries/libCGInterfaces.dylib
0x00000001289cc000 	/usr/lib/libobjc-trampolines.dylib
0x000000018a864000 	/System/Library/PrivateFrameworks/ViewBridge.framework/Versions/A/ViewBridge
0x0000000139834000 	/Library/Java/JavaVirtualMachines/jdk-17.0.3.jdk/Contents/Home/lib/libextnet.dylib
0x0000000139864000 	/Users/xuyi/opt/javafx-sdk-17.0.0.1/lib/libjavafx_font.dylib
0x000000018f2c6000 	/System/Library/PrivateFrameworks/login.framework/Versions/A/login
0x00000002023e1000 	/usr/lib/libRosetta.dylib


VM Arguments:
jvm_args: -Dfile.encoding=UTF-8 --module-path=/Users/xuyi/opt/javafx-sdk-17.0.0.1/lib --add-modules=javafx.controls --module-path=/Users/xuyi/Source/Java/Slicer/build/classes:/Users/xuyi/opt/javafx-sdk-17.0.0.1/lib/javafx-swt.jar:/Users/xuyi/opt/javafx-sdk-17.0.0.1/lib/javafx.base.jar:/Users/xuyi/opt/javafx-sdk-17.0.0.1/lib/javafx.controls.jar:/Users/xuyi/opt/javafx-sdk-17.0.0.1/lib/javafx.fxml.jar:/Users/xuyi/opt/javafx-sdk-17.0.0.1/lib/javafx.graphics.jar:/Users/xuyi/opt/javafx-sdk-17.0.0.1/lib/javafx.media.jar:/Users/xuyi/opt/javafx-sdk-17.0.0.1/lib/javafx.swing.jar:/Users/xuyi/opt/javafx-sdk-17.0.0.1/lib/javafx.web.jar 
java_command: org.reprap.Gfx3D
java_class_path (initial): /Users/xuyi/Source/Java/lib/vecmath.jar:/Users/xuyi/opt/javafx-sdk-17.0.0.1/lib/javafx-swt.jar:/Users/xuyi/opt/javafx-sdk-17.0.0.1/lib/javafx.base.jar:/Users/xuyi/opt/javafx-sdk-17.0.0.1/lib/javafx.controls.jar:/Users/xuyi/opt/javafx-sdk-17.0.0.1/lib/javafx.fxml.jar:/Users/xuyi/opt/javafx-sdk-17.0.0.1/lib/javafx.graphics.jar:/Users/xuyi/opt/javafx-sdk-17.0.0.1/lib/javafx.media.jar:/Users/xuyi/opt/javafx-sdk-17.0.0.1/lib/javafx.swing.jar:/Users/xuyi/opt/javafx-sdk-17.0.0.1/lib/javafx.web.jar:/Users/xuyi/Source/Java/Slicer/build/classes
Launcher Type: SUN_STANDARD

[Global flags]
     intx CICompilerCount                          = 4                                         {product} {ergonomic}
     uint ConcGCThreads                            = 2                                         {product} {ergonomic}
     uint G1ConcRefinementThreads                  = 8                                         {product} {ergonomic}
   size_t G1HeapRegionSize                         = 2097152                                   {product} {ergonomic}
    uintx GCDrainStackTargetSize                   = 64                                        {product} {ergonomic}
   size_t InitialHeapSize                          = 268435456                                 {product} {ergonomic}
   size_t MarkStackSize                            = 4194304                                   {product} {ergonomic}
   size_t MaxHeapSize                              = 4294967296                                {product} {ergonomic}
   size_t MaxNewSize                               = 2575302656                                {product} {ergonomic}
   size_t MinHeapDeltaBytes                        = 2097152                                   {product} {ergonomic}
   size_t MinHeapSize                              = 8388608                                   {product} {ergonomic}
    uintx NonNMethodCodeHeapSize                   = 5839564                                {pd product} {ergonomic}
    uintx NonProfiledCodeHeapSize                  = 122909338                              {pd product} {ergonomic}
    uintx ProfiledCodeHeapSize                     = 122909338                              {pd product} {ergonomic}
    uintx ReservedCodeCacheSize                    = 251658240                              {pd product} {ergonomic}
     bool SegmentedCodeCache                       = true                                      {product} {ergonomic}
   size_t SoftMaxHeapSize                          = 4294967296                             {manageable} {ergonomic}
     bool UseCompressedClassPointers               = true                           {product lp64_product} {ergonomic}
     bool UseCompressedOops                        = true                           {product lp64_product} {ergonomic}
     bool UseG1GC                                  = true                                      {product} {ergonomic}
     bool UseNUMA                                  = false                                     {product} {ergonomic}
     bool UseNUMAInterleaving                      = false                                     {product} {ergonomic}

Logging:
Log output configuration:
 #0: stdout all=warning uptime,level,tags
 #1: stderr all=off uptime,level,tags

Environment Variables:
PATH=/usr/bin:/bin:/usr/sbin:/sbin
SHELL=/bin/zsh
LC_CTYPE=UTF-8

Signal Handlers:
   SIGSEGV: _ZL13crash_handleriP9__siginfoPv in libjvm.dylib, mask=11100110000111110111111111111111, flags=SA_RESTART|SA_SIGINFO
    SIGBUS: _ZL13crash_handleriP9__siginfoPv in libjvm.dylib, mask=11100110000111110111111111111111, flags=SA_RESTART|SA_SIGINFO
    SIGFPE: _ZL13crash_handleriP9__siginfoPv in libjvm.dylib, mask=11100110000111110111111111111111, flags=SA_RESTART|SA_SIGINFO
   SIGPIPE: _ZL17javaSignalHandleriP9__siginfoPv in libjvm.dylib, mask=11100110000111110111111111111111, flags=SA_RESTART|SA_SIGINFO
   SIGXFSZ: _ZL17javaSignalHandleriP9__siginfoPv in libjvm.dylib, mask=11100110000111110111111111111111, flags=SA_RESTART|SA_SIGINFO
    SIGILL: _ZL13crash_handleriP9__siginfoPv in libjvm.dylib, mask=11100110000111110111111111111111, flags=SA_RESTART|SA_SIGINFO
   SIGUSR2: _ZL10SR_handleriP9__siginfoP17__darwin_ucontext in libjvm.dylib, mask=00100000000000000000000000000000, flags=SA_RESTART|SA_SIGINFO
    SIGHUP: _ZL11UserHandleriPvS_ in libjvm.dylib, mask=11100110000111110111111111111111, flags=SA_RESTART|SA_SIGINFO
    SIGINT: SIG_IGN, mask=11111111011111110111111111111111, flags=none
   SIGTERM: _ZL11UserHandleriPvS_ in libjvm.dylib, mask=11100110000111110111111111111111, flags=SA_RESTART|SA_SIGINFO
   SIGQUIT: _ZL11UserHandleriPvS_ in libjvm.dylib, mask=11100110000111110111111111111111, flags=SA_RESTART|SA_SIGINFO
   SIGTRAP: _ZL13crash_handleriP9__siginfoPv in libjvm.dylib, mask=11100110000111110111111111111111, flags=SA_RESTART|SA_SIGINFO


---------------  S Y S T E M  ---------------

OS:
uname: Darwin 21.4.0 Darwin Kernel Version 21.4.0: Fri Mar 18 00:47:26 PDT 2022; root:xnu-8020.101.4~15/RELEASE_ARM64_T8101 arm64
OS uptime: 3 days 0:49 hours
rlimit (soft/hard): STACK 8176k/65520k , CORE 0k/infinity , NPROC 2666/4000 , NOFILE 10240/infinity , AS infinity/infinity , CPU infinity/infinity , DATA infinity/infinity , FSIZE infinity/infinity , MEMLOCK infinity/infinity , RSS infinity/infinity
load average: 2.90 2.49 2.15

CPU: total 8 (initial active 8) 0x61:0x0:0x1b588bb3:0, fp, simd, crc, lse

Memory: 16k page, physical 16777216k(204944k free), swap 0k(0k free)

vm_info: Java HotSpot(TM) 64-Bit Server VM (17.0.3+8-LTS-111) for bsd-aarch64 JRE (17.0.3+8-LTS-111), built on Mar  9 2022 22:37:38 by "mach5one" with clang Apple LLVM 12.0.0 (clang-1200.0.32.29)

END.
