#
# A fatal error has been detected by the Java Runtime Environment:
#
#  SIGBUS (0xa) at pc=0x00000001288014f0, pid=17000, tid=36879
#
# JRE version: OpenJDK Runtime Environment (17.0+35) (build 17+35-2724)
# Java VM: OpenJDK 64-Bit Server VM (17+35-2724, mixed mode, sharing, tiered, compressed oops, compressed class ptrs, g1 gc, bsd-aarch64)
# Problematic frame:
# v  ~StubRoutines::SafeFetchN
#
# No core dump will be written. Core dumps have been disabled. To enable core dumping, try "ulimit -c unlimited" before starting Java again
#
# If you would like to submit a bug report, please visit:
#   https://bugreport.java.com/bugreport/crash.jsp
# The crash happened outside the Java Virtual Machine in native code.
# See problematic frame for where to report the bug.
#

---------------  S U M M A R Y ------------

Command Line: -Dfile.encoding=UTF-8 --module-path=/Users/xuyi/opt/javafx-sdk-17.0.0.1/lib --add-modules=javafx.controls --module-path=/Users/xuyi/Source/Java/Slicer/build/classes:/Users/xuyi/opt/javafx-sdk-17.0.0.1/lib/javafx-swt.jar:/Users/xuyi/opt/javafx-sdk-17.0.0.1/lib/javafx.base.jar:/Users/xuyi/opt/javafx-sdk-17.0.0.1/lib/javafx.controls.jar:/Users/xuyi/opt/javafx-sdk-17.0.0.1/lib/javafx.fxml.jar:/Users/xuyi/opt/javafx-sdk-17.0.0.1/lib/javafx.graphics.jar:/Users/xuyi/opt/javafx-sdk-17.0.0.1/lib/javafx.media.jar:/Users/xuyi/opt/javafx-sdk-17.0.0.1/lib/javafx.swing.jar:/Users/xuyi/opt/javafx-sdk-17.0.0.1/lib/javafx.web.jar org.reprap.Gfx3D

Host: "MacBookAir10,1" arm64 1 MHz, 8 cores, 16G, Darwin 21.1.0, macOS 12.0.1 (21A559)
Time: Sun Nov  7 17:18:00 2021 CET elapsed time: 8.248182 seconds (0d 0h 0m 8s)

---------------  T H R E A D  ---------------

Current thread (0x0000000120020800):  JavaThread "InvokeLaterDispatcher" daemon [_thread_in_native, id=36879, stack(0x0000000171b0c000,0x0000000171d0f000)]

Stack: [0x0000000171b0c000,0x0000000171d0f000],  sp=0x0000000171d0e780,  free space=2057k
Native frames: (J=compiled Java code, j=interpreted, Vv=VM code, C=native code)
v  ~StubRoutines::SafeFetchN
V  [libjvm.dylib+0x7a0cf4]  _ZN10OopStorage7releaseEPKP7oopDesc+0x20
V  [libjvm.dylib+0x4b9e40]  jni_DeleteGlobalRef+0xd8
C  [libglass.dylib+0xab08]  -[GlassRunnable dealloc]+0x34
C  [Foundation+0x85e0c]  -[_NSThreadPerformInfo dealloc]+0x30
C  [Foundation+0x525e8]  -[NSObject(NSThreadPerformAdditions) performSelectorOnMainThread:withObject:waitUntilDone:]+0x88
C  0xf71180013031bbcc
j  com.sun.glass.ui.mac.MacApplication.submitForLaterInvocation(Ljava/lang/Runnable;)V+2 javafx.graphics
j  com.sun.glass.ui.InvokeLaterDispatcher.run()V+82 javafx.graphics
v  ~StubRoutines::call_stub
V  [libjvm.dylib+0x461324]  _ZN9JavaCalls11call_helperEP9JavaValueRK12methodHandleP17JavaCallArgumentsP10JavaThread+0x38c
V  [libjvm.dylib+0x460340]  _ZN9JavaCalls12call_virtualEP9JavaValueP5KlassP6SymbolS5_P17JavaCallArgumentsP10JavaThread+0x11c
V  [libjvm.dylib+0x46040c]  _ZN9JavaCalls12call_virtualEP9JavaValue6HandleP5KlassP6SymbolS6_P10JavaThread+0x64
V  [libjvm.dylib+0x51551c]  _ZL12thread_entryP10JavaThreadS0_+0xc4
V  [libjvm.dylib+0x8ff6f4]  _ZN10JavaThread17thread_main_innerEv+0x13c
V  [libjvm.dylib+0x8fde08]  _ZN6Thread8call_runEv+0x128
V  [libjvm.dylib+0x7a78dc]  _ZL19thread_native_entryP6Thread+0x158
C  [libsystem_pthread.dylib+0x74ec]  _pthread_start+0x94

Java frames: (J=compiled Java code, j=interpreted, Vv=VM code)
J 1121  com.sun.glass.ui.mac.MacApplication._submitForLaterInvocation(Ljava/lang/Runnable;)V javafx.graphics (0 bytes) @ 0x000000013031bbcc [0x000000013031bb40+0x000000000000008c]
j  com.sun.glass.ui.mac.MacApplication.submitForLaterInvocation(Ljava/lang/Runnable;)V+2 javafx.graphics
j  com.sun.glass.ui.InvokeLaterDispatcher.run()V+82 javafx.graphics
v  ~StubRoutines::call_stub

siginfo: si_signo: 10 (SIGBUS), si_code: 1 (BUS_ADRALN), si_addr: 0x00000001288014f0

Register to memory mapping:

 x0=0x0000000117608f48 is a global jni handle
 x1=0x0 is NULL
 x2=0x000000070f206710 is an oop: com.sun.glass.ui.InvokeLaterDispatcher$Future 
{0x000000070f206710} - klass: 'com/sun/glass/ui/InvokeLaterDispatcher$Future'
 - ---- fields (total size 3 words):
 - private 'done' 'Z' @12  true
 - private final 'runnable' 'Ljava/lang/Runnable;' @16  a 'com/sun/javafx/tk/quantum/QuantumToolkit$$Lambda$92+0x0000000800c37db8'{0x000000070e816d90} (e1d02db2)
 - final synthetic 'this$0' 'Lcom/sun/glass/ui/InvokeLaterDispatcher;' @20  a 'com/sun/glass/ui/InvokeLaterDispatcher'{0x000000070e820028} (e1d04005)
 x3=0x0 is NULL
 x4=0x00000000000130a8 is an unknown value
 x5=0x0 is NULL
 x6=0x0 is NULL
 x7=0x0 is NULL
 x8=0x00000001288014ec is at begin+0 in a stub
StubRoutines::SafeFetchN [0x00000001288014ec, 0x00000001288014f8] (12 bytes)
 x9=0x0 is NULL
x10=0x2010000030300000 is an unknown value
x11=0x0000000000000007 is an unknown value
x12=0x0 is NULL
x13=0x00006000004b7ff0 points into unknown readable memory: 0x0000000000000000 | 00 00 00 00 00 00 00 00
x14=0x0000000000000001 is an unknown value
x15=0x0000000101e91f98: OBJC_CLASS_$_GlassRunnable+0 in /Users/xuyi/opt/javafx-sdk-17.0.0.1/lib/libglass.dylib at 0x0000000101e4c000
x16=0x00000001ae9b8340: pthread_getspecific+0 in /usr/lib/system/libsystem_pthread.dylib at 0x00000001ae9b6000
x17=0x0000600000eae880 points into unknown readable memory: 0xfffffffffffffffe | fe ff ff ff ff ff ff ff
x18=0x0 is NULL
x19=0x00006000001ac2a0 points into unknown readable memory: 0x00006000028a80e0 | e0 80 8a 02 00 60 00 00
x20=0x0000000117608d40 points into unknown readable memory: 0x0000000000000000 | 00 00 00 00 00 00 00 00
x21=0x0000000117608f48 is a global jni handle
x22=0x0000000120020800 is a thread
x23=0x0000000000000001 is an unknown value
x24=0x0000000117608f00 is a global jni handle
x25=0x0000000102b295d8: _ZN12StubRoutines17_safefetchN_entryE+0 in /Users/xuyi/opt/jdk-17.jdk/Contents/Home/lib/server/libjvm.dylib at 0x0000000101f80000
x26=0x0000000115d14c28 is pointing into metadata
x27=0x0 is NULL
x28=0x0000000120020800 is a thread


Registers:
 x0=0x0000000117608f48  x1=0x0000000000000000  x2=0x000000070f206710  x3=0x0000000000000000
 x4=0x00000000000130a8  x5=0x0000000000000000  x6=0x0000000000000000  x7=0x0000000000000000
 x8=0x00000001288014ec  x9=0x0000000000000000 x10=0x2010000030300000 x11=0x0000000000000007
x12=0x0000000000000000 x13=0x00006000004b7ff0 x14=0x0000000000000001 x15=0x0000000101e91f98
x16=0x00000001ae9b8340 x17=0x0000600000eae880 x18=0x0000000000000000 x19=0x00006000001ac2a0
x20=0x0000000117608d40 x21=0x0000000117608f48 x22=0x0000000120020800 x23=0x0000000000000001
x24=0x0000000117608f00 x25=0x0000000102b295d8 x26=0x0000000115d14c28 x27=0x0000000000000000
x28=0x0000000120020800  fp=0x0000000171d0e7c0  lr=0x000000010271fac4  sp=0x0000000171d0e780
pc=0x00000001288014f0 cpsr=0x0000000060001000
Top of Stack: (sp=0x0000000171d0e780)
0x0000000171d0e780:   0000000115d14c28 0000000000000001
0x0000000171d0e790:   0000000171d0e9f8 0000000000000000
0x0000000171d0e7a0:   000000012794dea8 0000000117608f00
0x0000000171d0e7b0:   0000000117608f00 00006000001ac2a0
0x0000000171d0e7c0:   0000000171d0e800 0000000102720cf4
0x0000000171d0e7d0:   0000000000000001 0000000117608f00
0x0000000171d0e7e0:   000000012794dea8 0000000117608f00
0x0000000171d0e7f0:   0000000000000001 000000012794dc00
0x0000000171d0e800:   0000000171d0e840 0000000102439e40
0x0000000171d0e810:   0000000171d0e9f8 0000600002884860
0x0000000171d0e820:   0000600002884010 00000001f8be59f4
0x0000000171d0e830:   0000000000000000 0000600002884010
0x0000000171d0e840:   0000000171d0e870 0000000101e56b08
0x0000000171d0e850:   02f10db834e500f5 0000000000000000
0x0000000171d0e860:   0000000000000000 0000600003f947c0
0x0000000171d0e870:   0000000171d0e8b0 00000001af980e0c
0x0000000171d0e880:   0000000171d0e9f8 0000600002884860
0x0000000171d0e890:   0000600002884010 02f10db834e500f5
0x0000000171d0e8a0:   0000000000000000 0000000000000000
0x0000000171d0e8b0:   0000000171d0e8f0 7e7f8001af94d5e8
0x0000000171d0e8c0:   0000000171d0e9f8 00000001288087c0
0x0000000171d0e8d0:   0000000115cec9fa 0000000102b30f90
0x0000000171d0e8e0:   0000000171d0e980 00000000000000b6
0x0000000171d0e8f0:   0000000171d0e950 f71180013031bbcc
0x0000000171d0e900:   000000070e8168b8 000000070f206710
0x0000000171d0e910:   0000000171d0ea60 0000000128f402f4
0x0000000171d0e920:   0000000115d17290 0000000000000001
0x0000000171d0e930:   0000000171d0ea98 00000001ae9c4530
0x0000000171d0e940:   0000000120020800 0000000102b0ddb0
0x0000000171d0e950:   0000000171d0e9e0 0000000128805fc8
0x0000000171d0e960:   0000000171d0e9a0 000000070e996c90
0x0000000171d0e970:   0000000171d0ea60 0000000128f4291c 

Instructions: (pc=0x00000001288014f0)
0x00000001288013f0:   f2a055e9 f2c00029 6d425935 1e640886
0x0000000128801400:   0c402d31 1e6408c7 1f5654d0 1e6c1017
0x0000000128801410:   1f5050d0 1f504cd0 1f5048d0 1e650af6
0x0000000128801420:   1f50d8f6 1f5694d6 1f5158f6 1e762880
0x0000000128801430:   36000501 1e614000 14000026 2e251ca5
0x0000000128801440:   d28c3009 f2a055e9 f2c00029 6d425d36
0x0000000128801450:   1e600806 0c402d32 1f5758c7 1e6c101a
0x0000000128801460:   1f4754c7 1e650805 1f4750c7 d2866668
0x0000000128801470:   f2a7fa68 1f474cc7 1e6608c0 1f4748c7
0x0000000128801480:   1e6e1019 eb08007f 540000ac 1f479400
0x0000000128801490:   1f460340 1e603b20 1400000e d2a7fd29
0x00000001288014a0:   eb09007f 540000ac 51480069 d3607d29
0x00000001288014b0:   9e670121 14000002 1e6a5001 1f679417
0x00000001288014c0:   1f668742 1e613b23 1e773857 1e773860
0x00000001288014d0:   a8c17ff3 910003bf a8c17bfd d65f03c0
0x00000001288014e0:   b9400001 aa0103e0 d65f03c0 f9400001
0x00000001288014f0:   aa0103e0 d65f03c0 00000000 00000000
0x0000000128801500:   00000000 00000000 00000000 00000000
0x0000000128801510:   00000000 00000000 00000000 00000000
0x0000000128801520:   00000000 00000000 00000000 00000000
0x0000000128801530:   00000000 00000000 00000000 00000000
0x0000000128801540:   00000000 00000000 00000000 00000000
0x0000000128801550:   00000000 00000000 00000000 00000000
0x0000000128801560:   00000000 00000000 00000000 00000000
0x0000000128801570:   00000000 00000000 00000000 00000000
0x0000000128801580:   00000000 00000000 00000000 00000000
0x0000000128801590:   00000000 00000000 00000000 00000000
0x00000001288015a0:   00000000 00000000 00000000 00000000
0x00000001288015b0:   00000000 00000000 00000000 00000000
0x00000001288015c0:   00000000 00000000 00000000 00000000
0x00000001288015d0:   00000000 00000000 00000000 00000000
0x00000001288015e0:   00000000 00000000 00000000 00000000 


Stack slot to memory mapping:
stack at sp + 0 slots: 0x0000000115d14c28 is pointing into metadata
stack at sp + 1 slots: 0x0000000000000001 is an unknown value
stack at sp + 2 slots: 0x0000000171d0e9f8 is pointing into the stack for thread: 0x0000000120020800
stack at sp + 3 slots: 0x0 is NULL
stack at sp + 4 slots: 0x000000012794dea8 points into unknown readable memory: 0x0000000102ae6728 | 28 67 ae 02 01 00 00 00
stack at sp + 5 slots: 0x0000000117608f00 is a global jni handle
stack at sp + 6 slots: 0x0000000117608f00 is a global jni handle
stack at sp + 7 slots: 0x00006000001ac2a0 points into unknown readable memory: 0x00006000028a80e0 | e0 80 8a 02 00 60 00 00

StubRoutines::SafeFetchN [0x00000001288014ec, 0x00000001288014f8] (12 bytes)
[MachCode]
  0x00000001288014ec: 0100 40f9 | e003 01aa | c003 5fd6 
[/MachCode]

---------------  P R O C E S S  ---------------

Threads class SMR info:
_java_thread_list=0x0000600002ac5ce0, length=16, elements={
0x0000000128008600, 0x000000012001a000, 0x000000012001c800, 0x000000012001e000,
0x000000012001e600, 0x0000000120021000, 0x0000000120021600, 0x0000000120021c00,
0x000000012002a200, 0x0000000120013400, 0x00000001281f7000, 0x000000012801b400,
0x0000000120020800, 0x000000012794dc00, 0x00000001200d3800, 0x00000001200b2a00
}

Java Threads: ( => current thread )
  0x0000000128008600 JavaThread "main" [_thread_blocked, id=6403, stack(0x000000016f284000,0x000000016f487000)]
  0x000000012001a000 JavaThread "Reference Handler" daemon [_thread_blocked, id=17411, stack(0x00000001700d8000,0x00000001702db000)]
  0x000000012001c800 JavaThread "Finalizer" daemon [_thread_blocked, id=16899, stack(0x00000001702e4000,0x00000001704e7000)]
  0x000000012001e000 JavaThread "Signal Dispatcher" daemon [_thread_blocked, id=23043, stack(0x0000000170694000,0x0000000170897000)]
  0x000000012001e600 JavaThread "Service Thread" daemon [_thread_blocked, id=41987, stack(0x00000001708a0000,0x0000000170aa3000)]
  0x0000000120021000 JavaThread "Monitor Deflation Thread" daemon [_thread_blocked, id=23299, stack(0x0000000170aac000,0x0000000170caf000)]
  0x0000000120021600 JavaThread "C2 CompilerThread0" daemon [_thread_blocked, id=23811, stack(0x0000000170cb8000,0x0000000170ebb000)]
  0x0000000120021c00 JavaThread "C1 CompilerThread0" daemon [_thread_blocked, id=41475, stack(0x0000000170ec4000,0x00000001710c7000)]
  0x000000012002a200 JavaThread "Sweeper thread" daemon [_thread_blocked, id=41219, stack(0x00000001710d0000,0x00000001712d3000)]
  0x0000000120013400 JavaThread "Common-Cleaner" daemon [_thread_blocked, id=24579, stack(0x00000001712dc000,0x00000001714df000)]
  0x00000001281f7000 JavaThread "Notification Thread" daemon [_thread_blocked, id=25091, stack(0x00000001714e8000,0x00000001716eb000)]
  0x000000012801b400 JavaThread "QuantumRenderer-0" daemon [_thread_blocked, id=40707, stack(0x0000000171900000,0x0000000171b03000)]
=>0x0000000120020800 JavaThread "InvokeLaterDispatcher" daemon [_thread_in_native, id=36879, stack(0x0000000171b0c000,0x0000000171d0f000)]
  0x000000012794dc00 JavaThread "JavaFX Application Thread" [_thread_in_vm, id=259, stack(0x000000016e9fc000,0x000000016f1f8000)]
  0x00000001200d3800 JavaThread "JavaFX-Launcher" [_thread_blocked, id=57091, stack(0x0000000171e30000,0x0000000172033000)]
  0x00000001200b2a00 JavaThread "PulseTimer-CVDisplayLink thread" daemon [_thread_in_native, id=53507, stack(0x0000000171d18000,0x0000000171d9b000)]

Other Threads:
  0x0000000117606ca0 VMThread "VM Thread" [stack: 0x000000016fecc000,0x00000001700cf000] [id=17923]
  0x00000001276083e0 WatcherThread [stack: 0x00000001716f4000,0x00000001718f7000] [id=25603]
  0x00000001277073c0 GCTaskThread "GC Thread#0" [stack: 0x000000016f490000,0x000000016f693000] [id=13059]
  0x0000000117629a40 GCTaskThread "GC Thread#1" [stack: 0x000000017203c000,0x000000017223f000] [id=57347]
  0x0000000101a11c50 GCTaskThread "GC Thread#2" [stack: 0x0000000172248000,0x000000017244b000] [id=57859]
  0x0000000101a12230 GCTaskThread "GC Thread#3" [stack: 0x0000000172454000,0x0000000172657000] [id=77571]
  0x0000000101a126b0 GCTaskThread "GC Thread#4" [stack: 0x0000000172660000,0x0000000172863000] [id=58371]
  0x0000000117629cf0 GCTaskThread "GC Thread#5" [stack: 0x000000017286c000,0x0000000172a6f000] [id=76803]
  0x0000000127707a70 ConcurrentGCThread "G1 Main Marker" [stack: 0x000000016f69c000,0x000000016f89f000] [id=13571]
  0x00000001277082f0 ConcurrentGCThread "G1 Conc#0" [stack: 0x000000016f8a8000,0x000000016faab000] [id=14339]
  0x000000012770a160 ConcurrentGCThread "G1 Refine#0" [stack: 0x000000016fab4000,0x000000016fcb7000] [id=19971]
  0x000000012770aa00 ConcurrentGCThread "G1 Service" [stack: 0x000000016fcc0000,0x000000016fec3000] [id=14851]

Threads with active compile tasks:

VM state: not at safepoint (normal execution)

VM Mutex/Monitor currently owned by a thread: None

Heap address: 0x0000000700000000, size: 4096 MB, Compressed Oops mode: Zero based, Oop shift amount: 3

CDS archive(s) mapped at: [0x0000000800000000-0x0000000800bd0000-0x0000000800bd0000), size 12386304, SharedBaseAddress: 0x0000000800000000, ArchiveRelocationMode: 0.
Compressed class space mapped at: 0x0000000800c00000-0x0000000840c00000, reserved size: 1073741824
Narrow klass base: 0x0000000800000000, Narrow klass shift: 0, Narrow klass range: 0x100000000

GC Precious Log:
 CPUs: 8 total, 8 available
 Memory: 16384M
 Large Page Support: Disabled
 NUMA Support: Disabled
 Compressed Oops: Enabled (Zero based)
 Heap Region Size: 2M
 Heap Min Capacity: 8M
 Heap Initial Capacity: 256M
 Heap Max Capacity: 4G
 Pre-touch: Disabled
 Parallel Workers: 8
 Concurrent Workers: 2
 Concurrent Refinement Workers: 8
 Periodic GC: Disabled

Heap:
 garbage-first heap   total 266240K, used 16693K [0x0000000700000000, 0x0000000800000000)
  region size 2048K, 9 young (18432K), 2 survivors (4096K)
 Metaspace       used 7434K, committed 7616K, reserved 1064960K
  class space    used 1005K, committed 1152K, reserved 1048576K

Heap Regions: E=young(eden), S=young(survivor), O=old, HS=humongous(starts), HC=humongous(continues), CS=collection set, F=free, OA=open archive, CA=closed archive, TAMS=top-at-mark-start (previous, next)
|   0|0x0000000700000000, 0x0000000700000000, 0x0000000700200000|  0%| F|  |TAMS 0x0000000700000000, 0x0000000700000000| Untracked 
|   1|0x0000000700200000, 0x0000000700200000, 0x0000000700400000|  0%| F|  |TAMS 0x0000000700200000, 0x0000000700200000| Untracked 
|   2|0x0000000700400000, 0x0000000700400000, 0x0000000700600000|  0%| F|  |TAMS 0x0000000700400000, 0x0000000700400000| Untracked 
|   3|0x0000000700600000, 0x0000000700600000, 0x0000000700800000|  0%| F|  |TAMS 0x0000000700600000, 0x0000000700600000| Untracked 
|   4|0x0000000700800000, 0x0000000700800000, 0x0000000700a00000|  0%| F|  |TAMS 0x0000000700800000, 0x0000000700800000| Untracked 
|   5|0x0000000700a00000, 0x0000000700a00000, 0x0000000700c00000|  0%| F|  |TAMS 0x0000000700a00000, 0x0000000700a00000| Untracked 
|   6|0x0000000700c00000, 0x0000000700c00000, 0x0000000700e00000|  0%| F|  |TAMS 0x0000000700c00000, 0x0000000700c00000| Untracked 
|   7|0x0000000700e00000, 0x0000000700e00000, 0x0000000701000000|  0%| F|  |TAMS 0x0000000700e00000, 0x0000000700e00000| Untracked 
|   8|0x0000000701000000, 0x0000000701000000, 0x0000000701200000|  0%| F|  |TAMS 0x0000000701000000, 0x0000000701000000| Untracked 
|   9|0x0000000701200000, 0x0000000701200000, 0x0000000701400000|  0%| F|  |TAMS 0x0000000701200000, 0x0000000701200000| Untracked 
|  10|0x0000000701400000, 0x0000000701400000, 0x0000000701600000|  0%| F|  |TAMS 0x0000000701400000, 0x0000000701400000| Untracked 
|  11|0x0000000701600000, 0x0000000701600000, 0x0000000701800000|  0%| F|  |TAMS 0x0000000701600000, 0x0000000701600000| Untracked 
|  12|0x0000000701800000, 0x0000000701800000, 0x0000000701a00000|  0%| F|  |TAMS 0x0000000701800000, 0x0000000701800000| Untracked 
|  13|0x0000000701a00000, 0x0000000701a00000, 0x0000000701c00000|  0%| F|  |TAMS 0x0000000701a00000, 0x0000000701a00000| Untracked 
|  14|0x0000000701c00000, 0x0000000701c00000, 0x0000000701e00000|  0%| F|  |TAMS 0x0000000701c00000, 0x0000000701c00000| Untracked 
|  15|0x0000000701e00000, 0x0000000701e00000, 0x0000000702000000|  0%| F|  |TAMS 0x0000000701e00000, 0x0000000701e00000| Untracked 
|  16|0x0000000702000000, 0x0000000702000000, 0x0000000702200000|  0%| F|  |TAMS 0x0000000702000000, 0x0000000702000000| Untracked 
|  17|0x0000000702200000, 0x0000000702200000, 0x0000000702400000|  0%| F|  |TAMS 0x0000000702200000, 0x0000000702200000| Untracked 
|  18|0x0000000702400000, 0x0000000702400000, 0x0000000702600000|  0%| F|  |TAMS 0x0000000702400000, 0x0000000702400000| Untracked 
|  19|0x0000000702600000, 0x0000000702600000, 0x0000000702800000|  0%| F|  |TAMS 0x0000000702600000, 0x0000000702600000| Untracked 
|  20|0x0000000702800000, 0x0000000702800000, 0x0000000702a00000|  0%| F|  |TAMS 0x0000000702800000, 0x0000000702800000| Untracked 
|  21|0x0000000702a00000, 0x0000000702a00000, 0x0000000702c00000|  0%| F|  |TAMS 0x0000000702a00000, 0x0000000702a00000| Untracked 
|  22|0x0000000702c00000, 0x0000000702c00000, 0x0000000702e00000|  0%| F|  |TAMS 0x0000000702c00000, 0x0000000702c00000| Untracked 
|  23|0x0000000702e00000, 0x0000000702e00000, 0x0000000703000000|  0%| F|  |TAMS 0x0000000702e00000, 0x0000000702e00000| Untracked 
|  24|0x0000000703000000, 0x0000000703000000, 0x0000000703200000|  0%| F|  |TAMS 0x0000000703000000, 0x0000000703000000| Untracked 
|  25|0x0000000703200000, 0x0000000703200000, 0x0000000703400000|  0%| F|  |TAMS 0x0000000703200000, 0x0000000703200000| Untracked 
|  26|0x0000000703400000, 0x0000000703400000, 0x0000000703600000|  0%| F|  |TAMS 0x0000000703400000, 0x0000000703400000| Untracked 
|  27|0x0000000703600000, 0x0000000703600000, 0x0000000703800000|  0%| F|  |TAMS 0x0000000703600000, 0x0000000703600000| Untracked 
|  28|0x0000000703800000, 0x0000000703800000, 0x0000000703a00000|  0%| F|  |TAMS 0x0000000703800000, 0x0000000703800000| Untracked 
|  29|0x0000000703a00000, 0x0000000703a00000, 0x0000000703c00000|  0%| F|  |TAMS 0x0000000703a00000, 0x0000000703a00000| Untracked 
|  30|0x0000000703c00000, 0x0000000703c00000, 0x0000000703e00000|  0%| F|  |TAMS 0x0000000703c00000, 0x0000000703c00000| Untracked 
|  31|0x0000000703e00000, 0x0000000703e00000, 0x0000000704000000|  0%| F|  |TAMS 0x0000000703e00000, 0x0000000703e00000| Untracked 
|  32|0x0000000704000000, 0x0000000704000000, 0x0000000704200000|  0%| F|  |TAMS 0x0000000704000000, 0x0000000704000000| Untracked 
|  33|0x0000000704200000, 0x0000000704200000, 0x0000000704400000|  0%| F|  |TAMS 0x0000000704200000, 0x0000000704200000| Untracked 
|  34|0x0000000704400000, 0x0000000704400000, 0x0000000704600000|  0%| F|  |TAMS 0x0000000704400000, 0x0000000704400000| Untracked 
|  35|0x0000000704600000, 0x0000000704600000, 0x0000000704800000|  0%| F|  |TAMS 0x0000000704600000, 0x0000000704600000| Untracked 
|  36|0x0000000704800000, 0x0000000704800000, 0x0000000704a00000|  0%| F|  |TAMS 0x0000000704800000, 0x0000000704800000| Untracked 
|  37|0x0000000704a00000, 0x0000000704a00000, 0x0000000704c00000|  0%| F|  |TAMS 0x0000000704a00000, 0x0000000704a00000| Untracked 
|  38|0x0000000704c00000, 0x0000000704c00000, 0x0000000704e00000|  0%| F|  |TAMS 0x0000000704c00000, 0x0000000704c00000| Untracked 
|  39|0x0000000704e00000, 0x0000000704e00000, 0x0000000705000000|  0%| F|  |TAMS 0x0000000704e00000, 0x0000000704e00000| Untracked 
|  40|0x0000000705000000, 0x0000000705000000, 0x0000000705200000|  0%| F|  |TAMS 0x0000000705000000, 0x0000000705000000| Untracked 
|  41|0x0000000705200000, 0x0000000705200000, 0x0000000705400000|  0%| F|  |TAMS 0x0000000705200000, 0x0000000705200000| Untracked 
|  42|0x0000000705400000, 0x0000000705400000, 0x0000000705600000|  0%| F|  |TAMS 0x0000000705400000, 0x0000000705400000| Untracked 
|  43|0x0000000705600000, 0x0000000705600000, 0x0000000705800000|  0%| F|  |TAMS 0x0000000705600000, 0x0000000705600000| Untracked 
|  44|0x0000000705800000, 0x0000000705800000, 0x0000000705a00000|  0%| F|  |TAMS 0x0000000705800000, 0x0000000705800000| Untracked 
|  45|0x0000000705a00000, 0x0000000705a00000, 0x0000000705c00000|  0%| F|  |TAMS 0x0000000705a00000, 0x0000000705a00000| Untracked 
|  46|0x0000000705c00000, 0x0000000705c00000, 0x0000000705e00000|  0%| F|  |TAMS 0x0000000705c00000, 0x0000000705c00000| Untracked 
|  47|0x0000000705e00000, 0x0000000705e00000, 0x0000000706000000|  0%| F|  |TAMS 0x0000000705e00000, 0x0000000705e00000| Untracked 
|  48|0x0000000706000000, 0x0000000706000000, 0x0000000706200000|  0%| F|  |TAMS 0x0000000706000000, 0x0000000706000000| Untracked 
|  49|0x0000000706200000, 0x0000000706200000, 0x0000000706400000|  0%| F|  |TAMS 0x0000000706200000, 0x0000000706200000| Untracked 
|  50|0x0000000706400000, 0x0000000706400000, 0x0000000706600000|  0%| F|  |TAMS 0x0000000706400000, 0x0000000706400000| Untracked 
|  51|0x0000000706600000, 0x0000000706600000, 0x0000000706800000|  0%| F|  |TAMS 0x0000000706600000, 0x0000000706600000| Untracked 
|  52|0x0000000706800000, 0x0000000706800000, 0x0000000706a00000|  0%| F|  |TAMS 0x0000000706800000, 0x0000000706800000| Untracked 
|  53|0x0000000706a00000, 0x0000000706a00000, 0x0000000706c00000|  0%| F|  |TAMS 0x0000000706a00000, 0x0000000706a00000| Untracked 
|  54|0x0000000706c00000, 0x0000000706c00000, 0x0000000706e00000|  0%| F|  |TAMS 0x0000000706c00000, 0x0000000706c00000| Untracked 
|  55|0x0000000706e00000, 0x0000000706e00000, 0x0000000707000000|  0%| F|  |TAMS 0x0000000706e00000, 0x0000000706e00000| Untracked 
|  56|0x0000000707000000, 0x0000000707000000, 0x0000000707200000|  0%| F|  |TAMS 0x0000000707000000, 0x0000000707000000| Untracked 
|  57|0x0000000707200000, 0x0000000707200000, 0x0000000707400000|  0%| F|  |TAMS 0x0000000707200000, 0x0000000707200000| Untracked 
|  58|0x0000000707400000, 0x0000000707400000, 0x0000000707600000|  0%| F|  |TAMS 0x0000000707400000, 0x0000000707400000| Untracked 
|  59|0x0000000707600000, 0x0000000707600000, 0x0000000707800000|  0%| F|  |TAMS 0x0000000707600000, 0x0000000707600000| Untracked 
|  60|0x0000000707800000, 0x0000000707800000, 0x0000000707a00000|  0%| F|  |TAMS 0x0000000707800000, 0x0000000707800000| Untracked 
|  61|0x0000000707a00000, 0x0000000707a00000, 0x0000000707c00000|  0%| F|  |TAMS 0x0000000707a00000, 0x0000000707a00000| Untracked 
|  62|0x0000000707c00000, 0x0000000707c00000, 0x0000000707e00000|  0%| F|  |TAMS 0x0000000707c00000, 0x0000000707c00000| Untracked 
|  63|0x0000000707e00000, 0x0000000707e00000, 0x0000000708000000|  0%| F|  |TAMS 0x0000000707e00000, 0x0000000707e00000| Untracked 
|  64|0x0000000708000000, 0x0000000708000000, 0x0000000708200000|  0%| F|  |TAMS 0x0000000708000000, 0x0000000708000000| Untracked 
|  65|0x0000000708200000, 0x0000000708200000, 0x0000000708400000|  0%| F|  |TAMS 0x0000000708200000, 0x0000000708200000| Untracked 
|  66|0x0000000708400000, 0x0000000708400000, 0x0000000708600000|  0%| F|  |TAMS 0x0000000708400000, 0x0000000708400000| Untracked 
|  67|0x0000000708600000, 0x0000000708600000, 0x0000000708800000|  0%| F|  |TAMS 0x0000000708600000, 0x0000000708600000| Untracked 
|  68|0x0000000708800000, 0x0000000708800000, 0x0000000708a00000|  0%| F|  |TAMS 0x0000000708800000, 0x0000000708800000| Untracked 
|  69|0x0000000708a00000, 0x0000000708a00000, 0x0000000708c00000|  0%| F|  |TAMS 0x0000000708a00000, 0x0000000708a00000| Untracked 
|  70|0x0000000708c00000, 0x0000000708c00000, 0x0000000708e00000|  0%| F|  |TAMS 0x0000000708c00000, 0x0000000708c00000| Untracked 
|  71|0x0000000708e00000, 0x0000000708e00000, 0x0000000709000000|  0%| F|  |TAMS 0x0000000708e00000, 0x0000000708e00000| Untracked 
|  72|0x0000000709000000, 0x0000000709000000, 0x0000000709200000|  0%| F|  |TAMS 0x0000000709000000, 0x0000000709000000| Untracked 
|  73|0x0000000709200000, 0x0000000709200000, 0x0000000709400000|  0%| F|  |TAMS 0x0000000709200000, 0x0000000709200000| Untracked 
|  74|0x0000000709400000, 0x0000000709400000, 0x0000000709600000|  0%| F|  |TAMS 0x0000000709400000, 0x0000000709400000| Untracked 
|  75|0x0000000709600000, 0x0000000709600000, 0x0000000709800000|  0%| F|  |TAMS 0x0000000709600000, 0x0000000709600000| Untracked 
|  76|0x0000000709800000, 0x0000000709800000, 0x0000000709a00000|  0%| F|  |TAMS 0x0000000709800000, 0x0000000709800000| Untracked 
|  77|0x0000000709a00000, 0x0000000709a00000, 0x0000000709c00000|  0%| F|  |TAMS 0x0000000709a00000, 0x0000000709a00000| Untracked 
|  78|0x0000000709c00000, 0x0000000709c00000, 0x0000000709e00000|  0%| F|  |TAMS 0x0000000709c00000, 0x0000000709c00000| Untracked 
|  79|0x0000000709e00000, 0x0000000709e00000, 0x000000070a000000|  0%| F|  |TAMS 0x0000000709e00000, 0x0000000709e00000| Untracked 
|  80|0x000000070a000000, 0x000000070a000000, 0x000000070a200000|  0%| F|  |TAMS 0x000000070a000000, 0x000000070a000000| Untracked 
|  81|0x000000070a200000, 0x000000070a200000, 0x000000070a400000|  0%| F|  |TAMS 0x000000070a200000, 0x000000070a200000| Untracked 
|  82|0x000000070a400000, 0x000000070a400000, 0x000000070a600000|  0%| F|  |TAMS 0x000000070a400000, 0x000000070a400000| Untracked 
|  83|0x000000070a600000, 0x000000070a600000, 0x000000070a800000|  0%| F|  |TAMS 0x000000070a600000, 0x000000070a600000| Untracked 
|  84|0x000000070a800000, 0x000000070a800000, 0x000000070aa00000|  0%| F|  |TAMS 0x000000070a800000, 0x000000070a800000| Untracked 
|  85|0x000000070aa00000, 0x000000070aa00000, 0x000000070ac00000|  0%| F|  |TAMS 0x000000070aa00000, 0x000000070aa00000| Untracked 
|  86|0x000000070ac00000, 0x000000070ac00000, 0x000000070ae00000|  0%| F|  |TAMS 0x000000070ac00000, 0x000000070ac00000| Untracked 
|  87|0x000000070ae00000, 0x000000070ae00000, 0x000000070b000000|  0%| F|  |TAMS 0x000000070ae00000, 0x000000070ae00000| Untracked 
|  88|0x000000070b000000, 0x000000070b000000, 0x000000070b200000|  0%| F|  |TAMS 0x000000070b000000, 0x000000070b000000| Untracked 
|  89|0x000000070b200000, 0x000000070b200000, 0x000000070b400000|  0%| F|  |TAMS 0x000000070b200000, 0x000000070b200000| Untracked 
|  90|0x000000070b400000, 0x000000070b400000, 0x000000070b600000|  0%| F|  |TAMS 0x000000070b400000, 0x000000070b400000| Untracked 
|  91|0x000000070b600000, 0x000000070b600000, 0x000000070b800000|  0%| F|  |TAMS 0x000000070b600000, 0x000000070b600000| Untracked 
|  92|0x000000070b800000, 0x000000070b800000, 0x000000070ba00000|  0%| F|  |TAMS 0x000000070b800000, 0x000000070b800000| Untracked 
|  93|0x000000070ba00000, 0x000000070ba00000, 0x000000070bc00000|  0%| F|  |TAMS 0x000000070ba00000, 0x000000070ba00000| Untracked 
|  94|0x000000070bc00000, 0x000000070bc00000, 0x000000070be00000|  0%| F|  |TAMS 0x000000070bc00000, 0x000000070bc00000| Untracked 
|  95|0x000000070be00000, 0x000000070be00000, 0x000000070c000000|  0%| F|  |TAMS 0x000000070be00000, 0x000000070be00000| Untracked 
|  96|0x000000070c000000, 0x000000070c000000, 0x000000070c200000|  0%| F|  |TAMS 0x000000070c000000, 0x000000070c000000| Untracked 
|  97|0x000000070c200000, 0x000000070c200000, 0x000000070c400000|  0%| F|  |TAMS 0x000000070c200000, 0x000000070c200000| Untracked 
|  98|0x000000070c400000, 0x000000070c400000, 0x000000070c600000|  0%| F|  |TAMS 0x000000070c400000, 0x000000070c400000| Untracked 
|  99|0x000000070c600000, 0x000000070c600000, 0x000000070c800000|  0%| F|  |TAMS 0x000000070c600000, 0x000000070c600000| Untracked 
| 100|0x000000070c800000, 0x000000070c800000, 0x000000070ca00000|  0%| F|  |TAMS 0x000000070c800000, 0x000000070c800000| Untracked 
| 101|0x000000070ca00000, 0x000000070ca00000, 0x000000070cc00000|  0%| F|  |TAMS 0x000000070ca00000, 0x000000070ca00000| Untracked 
| 102|0x000000070cc00000, 0x000000070cc00000, 0x000000070ce00000|  0%| F|  |TAMS 0x000000070cc00000, 0x000000070cc00000| Untracked 
| 103|0x000000070ce00000, 0x000000070ce00000, 0x000000070d000000|  0%| F|  |TAMS 0x000000070ce00000, 0x000000070ce00000| Untracked 
| 104|0x000000070d000000, 0x000000070d000000, 0x000000070d200000|  0%| F|  |TAMS 0x000000070d000000, 0x000000070d000000| Untracked 
| 105|0x000000070d200000, 0x000000070d200000, 0x000000070d400000|  0%| F|  |TAMS 0x000000070d200000, 0x000000070d200000| Untracked 
| 106|0x000000070d400000, 0x000000070d400000, 0x000000070d600000|  0%| F|  |TAMS 0x000000070d400000, 0x000000070d400000| Untracked 
| 107|0x000000070d600000, 0x000000070d600000, 0x000000070d800000|  0%| F|  |TAMS 0x000000070d600000, 0x000000070d600000| Untracked 
| 108|0x000000070d800000, 0x000000070d800000, 0x000000070da00000|  0%| F|  |TAMS 0x000000070d800000, 0x000000070d800000| Untracked 
| 109|0x000000070da00000, 0x000000070da00000, 0x000000070dc00000|  0%| F|  |TAMS 0x000000070da00000, 0x000000070da00000| Untracked 
| 110|0x000000070dc00000, 0x000000070dc00000, 0x000000070de00000|  0%| F|  |TAMS 0x000000070dc00000, 0x000000070dc00000| Untracked 
| 111|0x000000070de00000, 0x000000070de00000, 0x000000070e000000|  0%| F|  |TAMS 0x000000070de00000, 0x000000070de00000| Untracked 
| 112|0x000000070e000000, 0x000000070e000000, 0x000000070e200000|  0%| F|  |TAMS 0x000000070e000000, 0x000000070e000000| Untracked 
| 113|0x000000070e200000, 0x000000070e200000, 0x000000070e400000|  0%| F|  |TAMS 0x000000070e200000, 0x000000070e200000| Untracked 
| 114|0x000000070e400000, 0x000000070e400000, 0x000000070e600000|  0%| F|  |TAMS 0x000000070e400000, 0x000000070e400000| Untracked 
| 115|0x000000070e600000, 0x000000070e655540, 0x000000070e800000| 16%| S|CS|TAMS 0x000000070e600000, 0x000000070e600000| Complete 
| 116|0x000000070e800000, 0x000000070ea00000, 0x000000070ea00000|100%| S|CS|TAMS 0x000000070e800000, 0x000000070e800000| Complete 
| 117|0x000000070ea00000, 0x000000070ea00000, 0x000000070ec00000|  0%| F|  |TAMS 0x000000070ea00000, 0x000000070ea00000| Untracked 
| 118|0x000000070ec00000, 0x000000070ec00000, 0x000000070ee00000|  0%| F|  |TAMS 0x000000070ec00000, 0x000000070ec00000| Untracked 
| 119|0x000000070ee00000, 0x000000070ee00000, 0x000000070f000000|  0%| F|  |TAMS 0x000000070ee00000, 0x000000070ee00000| Untracked 
| 120|0x000000070f000000, 0x000000070f000000, 0x000000070f200000|  0%| F|  |TAMS 0x000000070f000000, 0x000000070f000000| Untracked 
| 121|0x000000070f200000, 0x000000070f31f3a8, 0x000000070f400000| 56%| E|  |TAMS 0x000000070f200000, 0x000000070f200000| Complete 
| 122|0x000000070f400000, 0x000000070f600000, 0x000000070f600000|100%| E|CS|TAMS 0x000000070f400000, 0x000000070f400000| Complete 
| 123|0x000000070f600000, 0x000000070f800000, 0x000000070f800000|100%| E|CS|TAMS 0x000000070f600000, 0x000000070f600000| Complete 
| 124|0x000000070f800000, 0x000000070fa00000, 0x000000070fa00000|100%| E|CS|TAMS 0x000000070f800000, 0x000000070f800000| Complete 
| 125|0x000000070fa00000, 0x000000070fc00000, 0x000000070fc00000|100%| E|CS|TAMS 0x000000070fa00000, 0x000000070fa00000| Complete 
| 126|0x000000070fc00000, 0x000000070fe00000, 0x000000070fe00000|100%| E|CS|TAMS 0x000000070fc00000, 0x000000070fc00000| Complete 
| 127|0x000000070fe00000, 0x0000000710000000, 0x0000000710000000|100%| E|CS|TAMS 0x000000070fe00000, 0x000000070fe00000| Complete 
|2046|0x00000007ffc00000, 0x00000007ffd78000, 0x00000007ffe00000| 73%|OA|  |TAMS 0x00000007ffc00000, 0x00000007ffc00000| Untracked 
|2047|0x00000007ffe00000, 0x00000007ffe80000, 0x0000000800000000| 25%|CA|  |TAMS 0x00000007ffe00000, 0x00000007ffe00000| Untracked 

Card table byte_map: [0x000000010a608000,0x000000010ae08000] _byte_map_base: 0x0000000106e08000

Marking Bits (Prev, Next): (CMBitMap*) 0x0000000128041610, (CMBitMap*) 0x0000000128041650
 Prev Bits: [0x000000010b608000, 0x000000010f608000)
 Next Bits: [0x000000010f608000, 0x0000000113608000)

Polling page: 0x0000000100d8c000

Metaspace:

Usage:
  Non-class:      6.28 MB used.
      Class:   1005.38 KB used.
       Both:      7.26 MB used.

Virtual space:
  Non-class space:       16.00 MB reserved,       6.31 MB ( 39%) committed,  2 nodes.
      Class space:        1.00 GB reserved,       1.12 MB ( <1%) committed,  1 nodes.
             Both:        1.02 GB reserved,       7.44 MB ( <1%) committed. 

Chunk freelists:
   Non-Class:  3.19 MB
       Class:  2.86 MB
        Both:  6.05 MB

MaxMetaspaceSize: unlimited
CompressedClassSpaceSize: 1.00 GB
Initial GC threshold: 21.00 MB
Current GC threshold: 21.00 MB
CDS: on
MetaspaceReclaimPolicy: balanced
 - commit_granule_bytes: 65536.
 - commit_granule_words: 8192.
 - virtual_space_node_default_size: 1048576.
 - enlarge_chunks_in_place: 1.
 - new_chunks_are_fully_committed: 0.
 - uncommit_free_chunks: 1.
 - use_allocation_guard: 0.
 - handle_deallocations: 1.


Internal statistics:

num_allocs_failed_limit: 0.
num_arena_births: 94.
num_arena_deaths: 0.
num_vsnodes_births: 3.
num_vsnodes_deaths: 0.
num_space_committed: 119.
num_space_uncommitted: 0.
num_chunks_returned_to_freelist: 0.
num_chunks_taken_from_freelist: 340.
num_chunk_merges: 0.
num_chunk_splits: 243.
num_chunks_enlarged: 201.
num_purges: 0.
num_inconsistent_stats: 0.

CodeHeap 'non-profiled nmethods': size=120032Kb used=336Kb max_used=336Kb free=119696Kb
 bounds [0x00000001302c8000, 0x0000000130538000, 0x0000000137800000]
CodeHeap 'profiled nmethods': size=120016Kb used=1845Kb max_used=1845Kb free=118171Kb
 bounds [0x0000000128d94000, 0x0000000129004000, 0x00000001302c8000]
CodeHeap 'non-nmethods': size=5712Kb used=1280Kb max_used=1304Kb free=4431Kb
 bounds [0x0000000128800000, 0x0000000128a70000, 0x0000000128d94000]
 total_blobs=1738 nmethods=1090 adapters=565
 compilation: enabled
              stopped_count=0, restarted_count=0
 full_count=0

Compilation events (20 events):
Event: 6.696 Thread 0x0000000120021c00 1123   !   3       com.sun.glass.ui.InvokeLaterDispatcher$Future::run (91 bytes)
Event: 6.696 Thread 0x0000000120021c00 nmethod 1123 0x0000000128f58990 code [0x0000000128f58b80, 0x0000000128f59178]
Event: 6.779 Thread 0x0000000120021c00 1125       3       javafx.scene.Parent::layout (160 bytes)
Event: 6.781 Thread 0x0000000120021c00 nmethod 1125 0x0000000128f59510 code [0x0000000128f59840, 0x0000000128f5ab38]
Event: 6.781 Thread 0x0000000120021c00 1124       3       javafx.scene.Scene::doLayoutPass (14 bytes)
Event: 6.782 Thread 0x0000000120021c00 nmethod 1124 0x0000000128f5af90 code [0x0000000128f5b180, 0x0000000128f5b788]
Event: 6.796 Thread 0x0000000120021c00 1126   !   3       com.sun.javafx.tk.quantum.QuantumToolkit::pulse (152 bytes)
Event: 6.798 Thread 0x0000000120021c00 nmethod 1126 0x0000000128f5b990 code [0x0000000128f5bd00, 0x0000000128f5d448]
Event: 6.798 Thread 0x0000000120021c00 1130   !   3       com.sun.scenario.animation.AbstractPrimaryTimer::timePulseImpl (157 bytes)
Event: 6.799 Thread 0x0000000120021c00 nmethod 1130 0x0000000128f5dd10 code [0x0000000128f5e040, 0x0000000128f5eb88]
Event: 6.799 Thread 0x0000000120021c00 1127       3       com.sun.scenario.animation.AbstractPrimaryTimer$MainLoop::run (61 bytes)
Event: 6.800 Thread 0x0000000120021c00 nmethod 1127 0x0000000128f5f210 code [0x0000000128f5f480, 0x0000000128f5fb88]
Event: 6.800 Thread 0x0000000120021c00 1128       3       com.sun.javafx.tk.quantum.PrimaryTimer::recordStart (8 bytes)
Event: 6.800 Thread 0x0000000120021c00 nmethod 1128 0x0000000128f5fe90 code [0x0000000128f60040, 0x0000000128f60258]
Event: 6.800 Thread 0x0000000120021c00 1129       3       com.sun.scenario.animation.AnimationPulse::recordStart (27 bytes)
Event: 6.800 Thread 0x0000000120021c00 nmethod 1129 0x0000000128f60390 code [0x0000000128f60580, 0x0000000128f608c8]
Event: 6.800 Thread 0x0000000120021c00 1131       3       com.sun.javafx.tk.quantum.PrimaryTimer::recordAnimationEnd (7 bytes)
Event: 6.801 Thread 0x0000000120021c00 nmethod 1131 0x0000000128f60a10 code [0x0000000128f60c40, 0x0000000128f611b8]
Event: 7.196 Thread 0x0000000120021600 1132       4       jdk.internal.misc.Unsafe::weakCompareAndSetInt (11 bytes)
Event: 7.197 Thread 0x0000000120021600 nmethod 1132 0x000000013031bd10 code [0x000000013031be80, 0x000000013031bf20]

GC Heap History (2 events):
Event: 0.302 GC heap before
{Heap before GC invocations=0 (full 0):
 garbage-first heap   total 266240K, used 24544K [0x0000000700000000, 0x0000000800000000)
  region size 2048K, 11 young (22528K), 0 survivors (0K)
 Metaspace       used 4764K, committed 4928K, reserved 1056768K
  class space    used 639K, committed 704K, reserved 1048576K
}
Event: 0.304 GC heap after
{Heap after GC invocations=1 (full 0):
 garbage-first heap   total 266240K, used 4405K [0x0000000700000000, 0x0000000800000000)
  region size 2048K, 2 young (4096K), 2 survivors (4096K)
 Metaspace       used 4764K, committed 4928K, reserved 1056768K
  class space    used 639K, committed 704K, reserved 1048576K
}

Deoptimization events (20 events):
Event: 0.339 Thread 0x000000012794dc00 DEOPT PACKING pc=0x0000000128e96fe8 sp=0x000000016f1f0f20
Event: 0.339 Thread 0x000000012794dc00 DEOPT UNPACKING pc=0x000000012883eb7c sp=0x000000016f1f0bb0 mode 3
Event: 0.339 Thread 0x000000012794dc00 DEOPT PACKING pc=0x0000000128e97f50 sp=0x000000016f1f11f0
Event: 0.339 Thread 0x000000012794dc00 DEOPT UNPACKING pc=0x000000012883eb7c sp=0x000000016f1f0eb0 mode 3
Event: 0.420 Thread 0x000000012801b400 Uncommon trap: trap_request=0xffffffde fr.pc=0x000000013030a4b0 relative=0x00000000000000f0
Event: 0.420 Thread 0x000000012801b400 Uncommon trap: reason=class_check action=maybe_recompile pc=0x000000013030a4b0 method=jdk.internal.misc.Unsafe.allocateUninitializedArray(Ljava/lang/Class;I)Ljava/lang/Object; @ 51 c2
Event: 0.420 Thread 0x000000012801b400 DEOPT PACKING pc=0x000000013030a4b0 sp=0x0000000171b01010
Event: 0.420 Thread 0x000000012801b400 DEOPT UNPACKING pc=0x000000012883ed1c sp=0x0000000171b00fa0 mode 2
Event: 0.421 Thread 0x000000012801b400 Uncommon trap: trap_request=0xffffffde fr.pc=0x000000013030a4b0 relative=0x00000000000000f0
Event: 0.421 Thread 0x000000012801b400 Uncommon trap: reason=class_check action=maybe_recompile pc=0x000000013030a4b0 method=jdk.internal.misc.Unsafe.allocateUninitializedArray(Ljava/lang/Class;I)Ljava/lang/Object; @ 51 c2
Event: 0.421 Thread 0x000000012801b400 DEOPT PACKING pc=0x000000013030a4b0 sp=0x0000000171b00fa0
Event: 0.421 Thread 0x000000012801b400 DEOPT UNPACKING pc=0x000000012883ed1c sp=0x0000000171b00f30 mode 2
Event: 0.422 Thread 0x000000012801b400 Uncommon trap: trap_request=0xffffffde fr.pc=0x000000013030a4b0 relative=0x00000000000000f0
Event: 0.422 Thread 0x000000012801b400 Uncommon trap: reason=class_check action=maybe_recompile pc=0x000000013030a4b0 method=jdk.internal.misc.Unsafe.allocateUninitializedArray(Ljava/lang/Class;I)Ljava/lang/Object; @ 51 c2
Event: 0.422 Thread 0x000000012801b400 DEOPT PACKING pc=0x000000013030a4b0 sp=0x0000000171b016c0
Event: 0.422 Thread 0x000000012801b400 DEOPT UNPACKING pc=0x000000012883ed1c sp=0x0000000171b01650 mode 2
Event: 0.422 Thread 0x000000012801b400 Uncommon trap: trap_request=0xffffffde fr.pc=0x000000013030a4b0 relative=0x00000000000000f0
Event: 0.422 Thread 0x000000012801b400 Uncommon trap: reason=class_check action=maybe_recompile pc=0x000000013030a4b0 method=jdk.internal.misc.Unsafe.allocateUninitializedArray(Ljava/lang/Class;I)Ljava/lang/Object; @ 51 c2
Event: 0.422 Thread 0x000000012801b400 DEOPT PACKING pc=0x000000013030a4b0 sp=0x0000000171afe2f0
Event: 0.422 Thread 0x000000012801b400 DEOPT UNPACKING pc=0x000000012883ed1c sp=0x0000000171afe280 mode 2

Classes unloaded (0 events):
No events

Classes redefined (0 events):
No events

Internal exceptions (18 events):
Event: 0.024 Thread 0x0000000128008600 Exception <a 'sun/nio/fs/UnixException'{0x000000070fe69d88}> (0x000000070fe69d88) 
thrown [open/src/hotspot/share/prims/jni.cpp, line 516]
Event: 0.063 Thread 0x0000000128008600 Exception <a 'java/lang/NoSuchMethodError'{0x000000070f98c5f8}: 'java.lang.Object java.lang.invoke.DirectMethodHandle$Holder.invokeStaticInit(java.lang.Object)'> (0x000000070f98c5f8) 
thrown [open/src/hotspot/share/interpreter/linkResolver.cpp, line 766]
Event: 0.065 Thread 0x0000000128008600 Exception <a 'java/lang/NoSuchMethodError'{0x000000070f993938}: 'void java.lang.invoke.DirectMethodHandle$Holder.invokeStatic(java.lang.Object, java.lang.Object)'> (0x000000070f993938) 
thrown [open/src/hotspot/share/interpreter/linkResolver.cpp, line 766]
Event: 0.092 Thread 0x0000000128008600 Exception <a 'java/lang/NoSuchMethodError'{0x000000070f409db8}: 'void java.lang.invoke.DirectMethodHandle$Holder.invokeSpecial(java.lang.Object, java.lang.Object, java.lang.Object)'> (0x000000070f409db8) 
thrown [open/src/hotspot/share/interpreter/linkResolver.cpp, line 766]
Event: 0.097 Thread 0x0000000128008600 Exception <a 'java/lang/NoSuchMethodError'{0x000000070f446d98}: 'void java.lang.invoke.DirectMethodHandle$Holder.invokeStatic(java.lang.Object, java.lang.Object, java.lang.Object)'> (0x000000070f446d98) 
thrown [open/src/hotspot/share/interpreter/linkResolver.cpp, line 766]
Event: 0.144 Thread 0x0000000128008600 Exception <a 'java/lang/NoSuchMethodError'{0x000000070f4635f0}: 'int java.lang.invoke.DirectMethodHandle$Holder.invokeStaticInit(java.lang.Object, java.lang.Object, java.lang.Object)'> (0x000000070f4635f0) 
thrown [open/src/hotspot/share/interpreter/linkResolver.cpp, line 766]
Event: 0.246 Thread 0x000000012794dc00 Exception <a 'java/lang/NoSuchMethodError'{0x000000070f18e7d0}: 'void java.lang.invoke.DirectMethodHandle$Holder.invokeStaticInit(java.lang.Object)'> (0x000000070f18e7d0) 
thrown [open/src/hotspot/share/interpreter/linkResolver.cpp, line 766]
Event: 0.248 Thread 0x0000000128008600 Exception <a 'java/lang/NoSuchMethodError'{0x000000070f26c530}: 'java.lang.Object java.lang.invoke.DirectMethodHandle$Holder.newInvokeSpecial(java.lang.Object, java.lang.Object, java.lang.Object, java.lang.Object, java.lang.Object, java.lang.Object)'> (0x000000070f26c530) 
thrown [open/src/hotspot/share/interpreter/linkResolver.cpp, line 766]
Event: 0.256 Thread 0x0000000128008600 Exception <a 'java/lang/NoSuchMethodError'{0x000000070f1f0408}: 'java.lang.Object java.lang.invoke.DirectMethodHandle$Holder.newInvokeSpecial(java.lang.Object, java.lang.Object, java.lang.Object, java.lang.Object, java.lang.Object)'> (0x000000070f1f0408) 
thrown [open/src/hotspot/share/interpreter/linkResolver.cpp, line 766]
Event: 0.257 Thread 0x00000001200d3800 Exception <a 'java/lang/NoSuchMethodError'{0x000000070ee78838}: 'void java.lang.invoke.DirectMethodHandle$Holder.invokeStatic(java.lang.Object, java.lang.Object, java.lang.Object, java.lang.Object)'> (0x000000070ee78838) 
thrown [open/src/hotspot/share/interpreter/linkResolver.cpp, line 766]
Event: 0.279 Thread 0x000000012794dc00 Exception <a 'java/lang/NoSuchMethodError'{0x000000070edd64b0}: 'java.lang.Object java.lang.invoke.DirectMethodHandle$Holder.invokeStaticInit(java.lang.Object, java.lang.Object, java.lang.Object, java.lang.Object)'> (0x000000070edd64b0) 
thrown [open/src/hotspot/share/interpreter/linkResolver.cpp, line 766]
Event: 0.289 Thread 0x000000012794dc00 Exception <a 'java/lang/NullPointerException'{0x000000070eaa2580}> (0x000000070eaa2580) 
thrown [open/src/hotspot/share/interpreter/linkResolver.cpp, line 1357]
Event: 0.379 Thread 0x000000012794dc00 Exception <a 'java/lang/NoSuchMethodError'{0x000000070fbe05a0}: 'java.lang.Object java.lang.invoke.DirectMethodHandle$Holder.newInvokeSpecial(java.lang.Object, java.lang.Object, int)'> (0x000000070fbe05a0) 
thrown [open/src/hotspot/share/interpreter/linkResolver.cpp, line 766]
Event: 0.408 Thread 0x000000012794dc00 Exception <a 'java/lang/NoSuchMethodError'{0x000000070f808840}: 'long java.lang.invoke.DirectMethodHandle$Holder.invokeStatic(java.lang.Object, java.lang.Object, java.lang.Object)'> (0x000000070f808840) 
thrown [open/src/hotspot/share/interpreter/linkResolver.cpp, line 766]
Event: 0.408 Thread 0x000000012794dc00 Exception <a 'java/lang/NoSuchMethodError'{0x000000070f80bfe8}: 'long java.lang.invoke.DirectMethodHandle$Holder.invokeStaticInit(java.lang.Object, java.lang.Object, java.lang.Object)'> (0x000000070f80bfe8) 
thrown [open/src/hotspot/share/interpreter/linkResolver.cpp, line 766]
Event: 0.409 Thread 0x000000012794dc00 Exception <a 'java/lang/NoSuchMethodError'{0x000000070f823f68}: 'java.lang.Object java.lang.invoke.DirectMethodHandle$Holder.newInvokeSpecial(java.lang.Object, java.lang.Object, long)'> (0x000000070f823f68) 
thrown [open/src/hotspot/share/interpreter/linkResolver.cpp, line 766]
Event: 0.409 Thread 0x000000012794dc00 Exception <a 'java/lang/NoSuchMethodError'{0x000000070f827830}: 'java.lang.Object java.lang.invoke.Invokers$Holder.linkToTargetMethod(java.lang.Object, long, java.lang.Object)'> (0x000000070f827830) 
thrown [open/src/hotspot/share/interpreter/linkResolver.cpp, line 766]
Event: 0.420 Thread 0x000000012801b400 Exception <a 'java/lang/NoSuchMethodError'{0x000000070f9ef6a0}: 'int java.lang.invoke.DirectMethodHandle$Holder.invokeStaticInit(java.lang.Object, java.lang.Object)'> (0x000000070f9ef6a0) 
thrown [open/src/hotspot/share/interpreter/linkResolver.cpp, line 766]

VM Operations (18 events):
Event: 0.025 Executing VM operation: HandshakeAllThreads
Event: 0.025 Executing VM operation: HandshakeAllThreads done
Event: 0.052 Executing VM operation: HandshakeAllThreads
Event: 0.052 Executing VM operation: HandshakeAllThreads done
Event: 0.088 Executing VM operation: ICBufferFull
Event: 0.089 Executing VM operation: ICBufferFull done
Event: 0.302 Executing VM operation: G1CollectForAllocation
Event: 0.304 Executing VM operation: G1CollectForAllocation done
Event: 1.305 Executing VM operation: Cleanup
Event: 1.305 Executing VM operation: Cleanup done
Event: 2.310 Executing VM operation: Cleanup
Event: 2.310 Executing VM operation: Cleanup done
Event: 3.315 Executing VM operation: Cleanup
Event: 3.315 Executing VM operation: Cleanup done
Event: 4.321 Executing VM operation: Cleanup
Event: 4.321 Executing VM operation: Cleanup done
Event: 5.326 Executing VM operation: Cleanup
Event: 5.326 Executing VM operation: Cleanup done

Events (20 events):
Event: 0.418 loading class java/util/EnumMap$Values
Event: 0.419 loading class java/util/EnumMap$Values done
Event: 0.419 loading class java/util/EnumMap$ValueIterator
Event: 0.419 loading class java/util/EnumMap$EnumMapIterator
Event: 0.419 loading class java/util/EnumMap$EnumMapIterator done
Event: 0.419 loading class java/util/EnumMap$ValueIterator done
Event: 0.439 loading class java/nio/DirectByteBuffer$Deallocator
Event: 0.439 loading class java/nio/DirectByteBuffer$Deallocator done
Event: 0.439 loading class java/nio/DirectShortBufferU
Event: 0.439 loading class java/nio/ShortBuffer
Event: 0.439 loading class java/nio/ShortBuffer done
Event: 0.439 loading class java/nio/DirectShortBufferU done
Event: 0.439 loading class java/nio/DoubleBuffer
Event: 0.439 loading class java/nio/DoubleBuffer done
Event: 0.558 loading class java/util/AbstractList$RandomAccessSubList
Event: 0.559 loading class java/util/AbstractList$SubList
Event: 0.559 loading class java/util/AbstractList$SubList done
Event: 0.559 loading class java/util/AbstractList$RandomAccessSubList done
Event: 0.559 loading class java/util/LinkedList$ListItr
Event: 0.559 loading class java/util/LinkedList$ListItr done


Dynamic libraries:
0x0000000100d3c000 	/Users/xuyi/opt/jdk-17.jdk/Contents/Home/lib/libjli.dylib
0x00000001b93a2000 	/usr/lib/libz.1.dylib
0x00000001b9452000 	/usr/lib/libSystem.B.dylib
0x00000001b944c000 	/usr/lib/system/libcache.dylib
0x00000001b940a000 	/usr/lib/system/libcommonCrypto.dylib
0x00000001b9433000 	/usr/lib/system/libcompiler_rt.dylib
0x00000001b942a000 	/usr/lib/system/libcopyfile.dylib
0x00000001ae756000 	/usr/lib/system/libcorecrypto.dylib
0x00000001ae7fb000 	/usr/lib/system/libdispatch.dylib
0x00000001ae9c3000 	/usr/lib/system/libdyld.dylib
0x00000001b9442000 	/usr/lib/system/libkeymgr.dylib
0x00000001b93ec000 	/usr/lib/system/libmacho.dylib
0x00000001b8af8000 	/usr/lib/system/libquarantine.dylib
0x00000001b943f000 	/usr/lib/system/libremovefile.dylib
0x00000001b3b45000 	/usr/lib/system/libsystem_asl.dylib
0x00000001ae700000 	/usr/lib/system/libsystem_blocks.dylib
0x00000001ae881000 	/usr/lib/system/libsystem_c.dylib
0x00000001b9437000 	/usr/lib/system/libsystem_collections.dylib
0x00000001b7f55000 	/usr/lib/system/libsystem_configuration.dylib
0x00000001b71db000 	/usr/lib/system/libsystem_containermanager.dylib
0x00000001b9156000 	/usr/lib/system/libsystem_coreservices.dylib
0x00000001b10e8000 	/usr/lib/system/libsystem_darwin.dylib
0x00000001b9443000 	/usr/lib/system/libsystem_dnssd.dylib
0x00000001ae87e000 	/usr/lib/system/libsystem_featureflags.dylib
0x00000001ae9d8000 	/usr/lib/system/libsystem_info.dylib
0x00000001b93b4000 	/usr/lib/system/libsystem_m.dylib
0x00000001ae7d0000 	/usr/lib/system/libsystem_malloc.dylib
0x00000001b3ad6000 	/usr/lib/system/libsystem_networkextension.dylib
0x00000001b153b000 	/usr/lib/system/libsystem_notify.dylib
0x00000001bf61f000 	/usr/lib/system/libsystem_product_info_filter.dylib
0x00000001b7f5a000 	/usr/lib/system/libsystem_sandbox.dylib
0x00000001b943c000 	/usr/lib/system/libsystem_secinit.dylib
0x00000001ae980000 	/usr/lib/system/libsystem_kernel.dylib
0x00000001ae9d0000 	/usr/lib/system/libsystem_platform.dylib
0x00000001ae9b6000 	/usr/lib/system/libsystem_pthread.dylib
0x00000001b527b000 	/usr/lib/system/libsystem_symptoms.dylib
0x00000001ae73c000 	/usr/lib/system/libsystem_trace.dylib
0x00000001b9417000 	/usr/lib/system/libunwind.dylib
0x00000001ae702000 	/usr/lib/system/libxpc.dylib
0x00000001ae966000 	/usr/lib/libc++abi.dylib
0x00000001ae842000 	/usr/lib/libobjc.A.dylib
0x00000001b9422000 	/usr/lib/liboah.dylib
0x00000001ae902000 	/usr/lib/libc++.1.dylib
0x00000001c4ffc000 	/System/Library/Frameworks/Cocoa.framework/Versions/A/Cocoa
0x00000001b159a000 	/System/Library/Frameworks/AppKit.framework/Versions/C/AppKit
0x00000001b4abc000 	/System/Library/Frameworks/CoreData.framework/Versions/A/CoreData
0x00000001af8fb000 	/System/Library/Frameworks/Foundation.framework/Versions/C/Foundation
0x00000001b244c000 	/System/Library/PrivateFrameworks/UIFoundation.framework/Versions/A/UIFoundation
0x00000001bf319000 	/System/Library/PrivateFrameworks/RemoteViewServices.framework/Versions/A/RemoteViewServices
0x00000001b7914000 	/System/Library/PrivateFrameworks/XCTTargetBootstrap.framework/Versions/A/XCTTargetBootstrap
0x00000001bb154000 	/System/Library/PrivateFrameworks/InternationalSupport.framework/Versions/A/InternationalSupport
0x00000001bb1dd000 	/System/Library/PrivateFrameworks/UserActivity.framework/Versions/A/UserActivity
0x00000001ba67f000 	/usr/lib/libspindump.dylib
0x00000001b26bc000 	/System/Library/Frameworks/UniformTypeIdentifiers.framework/Versions/A/UniformTypeIdentifiers
0x00000001b5ea2000 	/usr/lib/libapp_launch_measurement.dylib
0x00000001b541f000 	/System/Library/PrivateFrameworks/CoreAnalytics.framework/Versions/A/CoreAnalytics
0x00000001b5ea5000 	/System/Library/PrivateFrameworks/CoreAutoLayout.framework/Versions/A/CoreAutoLayout
0x00000001b7218000 	/System/Library/Frameworks/Metal.framework/Versions/A/Metal
0x00000001b7f65000 	/usr/lib/liblangid.dylib
0x00000001b7918000 	/System/Library/PrivateFrameworks/CoreSVG.framework/Versions/A/CoreSVG
0x00000001b3b79000 	/System/Library/PrivateFrameworks/SkyLight.framework/Versions/A/SkyLight
0x00000001b3f41000 	/System/Library/Frameworks/CoreGraphics.framework/Versions/A/CoreGraphics
0x00000001bf992000 	/System/Library/Frameworks/Accelerate.framework/Versions/A/Accelerate
0x00000001ba0f4000 	/System/Library/PrivateFrameworks/IconServices.framework/Versions/A/IconServices
0x00000001b71fa000 	/System/Library/Frameworks/IOSurface.framework/Versions/A/IOSurface
0x00000001b544f000 	/usr/lib/libDiagnosticMessagesClient.dylib
0x00000001c2dca000 	/System/Library/Frameworks/ApplicationServices.framework/Versions/A/ApplicationServices
0x00000001b78fc000 	/System/Library/PrivateFrameworks/DFRFoundation.framework/Versions/A/DFRFoundation
0x00000001b0e3d000 	/usr/lib/libicucore.A.dylib
0x00000001bbf51000 	/System/Library/Frameworks/AudioToolbox.framework/Versions/A/AudioToolbox
0x00000001bb160000 	/System/Library/PrivateFrameworks/DataDetectorsCore.framework/Versions/A/DataDetectorsCore
0x00000001d117c000 	/System/Library/PrivateFrameworks/TextInput.framework/Versions/A/TextInput
0x00000001b3af0000 	/usr/lib/libMobileGestalt.dylib
0x00000001b75cc000 	/System/Library/Frameworks/Carbon.framework/Versions/A/Frameworks/HIToolbox.framework/Versions/A/HIToolbox
0x00000001b58ac000 	/System/Library/Frameworks/QuartzCore.framework/Versions/A/QuartzCore
0x00000001b0aba000 	/System/Library/Frameworks/Security.framework/Versions/A/Security
0x00000001bf359000 	/System/Library/Frameworks/Carbon.framework/Versions/A/Frameworks/SpeechRecognition.framework/Versions/A/SpeechRecognition
0x00000001b5bf9000 	/System/Library/PrivateFrameworks/CoreUI.framework/Versions/A/CoreUI
0x00000001b038d000 	/System/Library/Frameworks/CoreAudio.framework/Versions/A/CoreAudio
0x00000001b553f000 	/System/Library/Frameworks/DiskArbitration.framework/Versions/A/DiskArbitration
0x00000001baa67000 	/System/Library/PrivateFrameworks/MultitouchSupport.framework/Versions/A/MultitouchSupport
0x00000001b3aee000 	/usr/lib/libenergytrace.dylib
0x00000001b1466000 	/System/Library/Frameworks/IOKit.framework/Versions/A/IOKit
0x00000001bf740000 	/System/Library/Frameworks/CoreServices.framework/Versions/A/CoreServices
0x00000001b5e32000 	/System/Library/PrivateFrameworks/PerformanceAnalysis.framework/Versions/A/PerformanceAnalysis
0x000000020f9a1000 	/System/Library/Frameworks/OpenGL.framework/Versions/A/OpenGL
0x00000001b8a18000 	/System/Library/PrivateFrameworks/MobileKeyBag.framework/Versions/A/MobileKeyBag
0x00000001b4551000 	/System/Library/Frameworks/ColorSync.framework/Versions/A/ColorSync
0x00000001aea04000 	/System/Library/Frameworks/CoreFoundation.framework/Versions/A/CoreFoundation
0x00000001b7b99000 	/System/Library/Frameworks/CoreImage.framework/Versions/A/CoreImage
0x00000001b01b0000 	/System/Library/Frameworks/CoreText.framework/Versions/A/CoreText
0x00000001b7948000 	/System/Library/Frameworks/ImageIO.framework/Versions/A/ImageIO
0x00000001b9458000 	/System/Library/PrivateFrameworks/SoftLinking.framework/Versions/A/SoftLinking
0x00000001b5eef000 	/usr/lib/libxml2.2.dylib
0x00000001b96f0000 	/usr/lib/libcompression.dylib
0x00000001bb0ad000 	/System/Library/PrivateFrameworks/TextureIO.framework/Versions/A/TextureIO
0x00000001b9e0e000 	/usr/lib/libate.dylib
0x00000001b9cd6000 	/usr/lib/liblzma.5.dylib
0x00000001af5ec000 	/System/Library/Frameworks/SystemConfiguration.framework/Versions/A/SystemConfiguration
0x00000001b9454000 	/usr/lib/libfakelink.dylib
0x00000001b361e000 	/System/Library/Frameworks/CFNetwork.framework/Versions/A/CFNetwork
0x00000001b959b000 	/usr/lib/libarchive.2.dylib
0x00000001b7f61000 	/System/Library/PrivateFrameworks/AppleSystemInfo.framework/Versions/A/AppleSystemInfo
0x00000001b8b22000 	/usr/lib/libbsm.0.dylib
0x00000001b2b5b000 	/usr/lib/libnetwork.dylib
0x00000001b93f2000 	/usr/lib/system/libkxld.dylib
0x00000001b873a000 	/System/Library/PrivateFrameworks/IOMobileFramebuffer.framework/Versions/A/IOMobileFramebuffer
0x000000022b2cc000 	/usr/lib/libCoreEntitlements.dylib
0x00000001b9138000 	/System/Library/PrivateFrameworks/AppleFSCompression.framework/Versions/A/AppleFSCompression
0x00000001b8b0b000 	/usr/lib/libcoretls.dylib
0x00000001b9cef000 	/usr/lib/libcoretls_cfhelpers.dylib
0x00000001b96eb000 	/usr/lib/libpam.2.dylib
0x00000001b4ea3000 	/usr/lib/libsqlite3.dylib
0x00000001b9d57000 	/usr/lib/libxar.1.dylib
0x00000001b9149000 	/usr/lib/libbz2.1.0.dylib
0x00000001b9459000 	/usr/lib/libpcap.A.dylib
0x00000001b5272000 	/usr/lib/libdns_services.dylib
0x00000001b96be000 	/usr/lib/libapple_nghttp2.dylib
0x00000001b9496000 	/usr/lib/libiconv.2.dylib
0x00000001b93eb000 	/usr/lib/libcharset.1.dylib
0x00000001b5e6e000 	/System/Library/Frameworks/CoreServices.framework/Versions/A/Frameworks/FSEvents.framework/Versions/A/FSEvents
0x00000001b10f3000 	/System/Library/Frameworks/CoreServices.framework/Versions/A/Frameworks/CarbonCore.framework/Versions/A/CarbonCore
0x00000001b54a2000 	/System/Library/Frameworks/CoreServices.framework/Versions/A/Frameworks/Metadata.framework/Versions/A/Metadata
0x00000001b915c000 	/System/Library/Frameworks/CoreServices.framework/Versions/A/Frameworks/OSServices.framework/Versions/A/OSServices
0x00000001b9620000 	/System/Library/Frameworks/CoreServices.framework/Versions/A/Frameworks/SearchKit.framework/Versions/A/SearchKit
0x00000001b5200000 	/System/Library/Frameworks/CoreServices.framework/Versions/A/Frameworks/AE.framework/Versions/A/AE
0x00000001aef48000 	/System/Library/Frameworks/CoreServices.framework/Versions/A/Frameworks/LaunchServices.framework/Versions/A/LaunchServices
0x00000001b9c7f000 	/System/Library/Frameworks/CoreServices.framework/Versions/A/Frameworks/DictionaryServices.framework/Versions/A/DictionaryServices
0x00000001b5e7b000 	/System/Library/Frameworks/CoreServices.framework/Versions/A/Frameworks/SharedFileList.framework/Versions/A/SharedFileList
0x00000001b8afb000 	/usr/lib/libCheckFix.dylib
0x00000001b3b5d000 	/System/Library/PrivateFrameworks/TCC.framework/Versions/A/TCC
0x00000001b7f67000 	/System/Library/PrivateFrameworks/CoreNLP.framework/Versions/A/CoreNLP
0x00000001b5452000 	/System/Library/PrivateFrameworks/MetadataUtilities.framework/Versions/A/MetadataUtilities
0x00000001af6a5000 	/usr/lib/libmecabra.dylib
0x00000001b8b33000 	/usr/lib/libmecab.dylib
0x00000001af671000 	/usr/lib/libCRFSuite.dylib
0x00000001b8b91000 	/usr/lib/libgermantok.dylib
0x00000001b9697000 	/usr/lib/libThaiTokenizer.dylib
0x00000001b5547000 	/System/Library/Frameworks/Accelerate.framework/Versions/A/Frameworks/vImage.framework/Versions/A/vImage
0x00000001bf717000 	/System/Library/Frameworks/Accelerate.framework/Versions/A/Frameworks/vecLib.framework/Versions/A/vecLib
0x00000001b9d9b000 	/System/Library/Frameworks/Accelerate.framework/Versions/A/Frameworks/vecLib.framework/Versions/A/libvMisc.dylib
0x00000001b8644000 	/System/Library/Frameworks/Accelerate.framework/Versions/A/Frameworks/vecLib.framework/Versions/A/libvDSP.dylib
0x00000001af2cb000 	/System/Library/Frameworks/Accelerate.framework/Versions/A/Frameworks/vecLib.framework/Versions/A/libBLAS.dylib
0x00000001b97bf000 	/System/Library/Frameworks/Accelerate.framework/Versions/A/Frameworks/vecLib.framework/Versions/A/libLAPACK.dylib
0x00000001b8b94000 	/System/Library/Frameworks/Accelerate.framework/Versions/A/Frameworks/vecLib.framework/Versions/A/libLinearAlgebra.dylib
0x00000001b96d6000 	/System/Library/Frameworks/Accelerate.framework/Versions/A/Frameworks/vecLib.framework/Versions/A/libSparseBLAS.dylib
0x00000001b97ba000 	/System/Library/Frameworks/Accelerate.framework/Versions/A/Frameworks/vecLib.framework/Versions/A/libQuadrature.dylib
0x00000001b805e000 	/System/Library/Frameworks/Accelerate.framework/Versions/A/Frameworks/vecLib.framework/Versions/A/libBNNS.dylib
0x00000001af589000 	/System/Library/Frameworks/Accelerate.framework/Versions/A/Frameworks/vecLib.framework/Versions/A/libSparse.dylib
0x00000001b8056000 	/System/Library/PrivateFrameworks/LinguisticData.framework/Versions/A/LinguisticData
0x00000001af53f000 	/System/Library/PrivateFrameworks/Lexicon.framework/Versions/A/Lexicon
0x00000001b9d93000 	/usr/lib/libChineseTokenizer.dylib
0x00000001afce9000 	/System/Library/PrivateFrameworks/LanguageModeling.framework/Versions/A/LanguageModeling
0x00000001b9699000 	/System/Library/PrivateFrameworks/AppleSauce.framework/Versions/A/AppleSauce
0x00000001b8727000 	/System/Library/PrivateFrameworks/CoreEmoji.framework/Versions/A/CoreEmoji
0x00000001b9589000 	/usr/lib/libcmph.dylib
0x00000001b5e4e000 	/System/Library/Frameworks/OpenDirectory.framework/Versions/A/Frameworks/CFOpenDirectory.framework/Versions/A/CFOpenDirectory
0x00000001b5e3e000 	/System/Library/Frameworks/OpenDirectory.framework/Versions/A/OpenDirectory
0x00000001b9cf1000 	/System/Library/PrivateFrameworks/APFS.framework/Versions/A/APFS
0x00000001b8a53000 	/System/Library/Frameworks/SecurityFoundation.framework/Versions/A/SecurityFoundation
0x00000001b9d65000 	/usr/lib/libutil.dylib
0x00000001b1428000 	/System/Library/PrivateFrameworks/CoreServicesStore.framework/Versions/A/CoreServicesStore
0x00000001b9d69000 	/usr/lib/libxslt.1.dylib
0x00000001b8ae7000 	/System/Library/PrivateFrameworks/BackgroundTaskManagement.framework/Versions/A/BackgroundTaskManagement
0x00000001bafce000 	/System/Library/Frameworks/ImageIO.framework/Versions/A/Resources/libRadiance.dylib
0x00000001bafd7000 	/System/Library/Frameworks/ImageIO.framework/Versions/A/Resources/libJPEG.dylib
0x00000001baf29000 	/System/Library/Frameworks/ImageIO.framework/Versions/A/Resources/libPng.dylib
0x00000001baf4b000 	/System/Library/Frameworks/ImageIO.framework/Versions/A/Resources/libTIFF.dylib
0x00000001bb032000 	/System/Library/Frameworks/ImageIO.framework/Versions/A/Resources/libGIF.dylib
0x00000001ba977000 	/System/Library/Frameworks/ImageIO.framework/Versions/A/Resources/libJP2.dylib
0x00000001ba0ba000 	/usr/lib/libexpat.1.dylib
0x00000001ba932000 	/System/Library/PrivateFrameworks/AppleJPEG.framework/Versions/A/AppleJPEG
0x00000001b748b000 	/System/Library/PrivateFrameworks/FontServices.framework/libFontParser.dylib
0x00000001b51a5000 	/System/Library/PrivateFrameworks/RunningBoardServices.framework/Versions/A/RunningBoardServices
0x00000001c5667000 	/System/Library/PrivateFrameworks/IOSurfaceAccelerator.framework/Versions/A/IOSurfaceAccelerator
0x00000001baa63000 	/System/Library/PrivateFrameworks/WatchdogClient.framework/Versions/A/WatchdogClient
0x00000001afded000 	/System/Library/Frameworks/CoreDisplay.framework/Versions/A/CoreDisplay
0x00000001b737a000 	/System/Library/Frameworks/CoreMedia.framework/Versions/A/CoreMedia
0x00000001b720e000 	/System/Library/PrivateFrameworks/IOAccelerator.framework/Versions/A/IOAccelerator
0x00000001b5fdc000 	/System/Library/Frameworks/CoreVideo.framework/Versions/A/CoreVideo
0x00000001b96e9000 	/System/Library/Frameworks/MetalPerformanceShaders.framework/Versions/A/MetalPerformanceShaders
0x00000001baaa0000 	/System/Library/Frameworks/VideoToolbox.framework/Versions/A/VideoToolbox
0x00000001b50e9000 	/System/Library/PrivateFrameworks/BaseBoard.framework/Versions/A/BaseBoard
0x00000001b4e88000 	/System/Library/PrivateFrameworks/ProtocolBuffer.framework/Versions/A/ProtocolBuffer
0x00000001bafc9000 	/System/Library/PrivateFrameworks/GPUWrangler.framework/Versions/A/GPUWrangler
0x00000001bafa8000 	/System/Library/PrivateFrameworks/IOPresentment.framework/Versions/A/IOPresentment
0x00000001bafd1000 	/System/Library/PrivateFrameworks/DSExternalDisplay.framework/Versions/A/DSExternalDisplay
0x000000020f994000 	/System/Library/Frameworks/OpenGL.framework/Versions/A/Libraries/libCoreFSCache.dylib
0x00000002190ae000 	/System/Library/PrivateFrameworks/GPUCompiler.framework/Versions/31001/Libraries/libGPUCompilerUtils.dylib
0x00000001bb037000 	/System/Library/PrivateFrameworks/CMCaptureCore.framework/Versions/A/CMCaptureCore
0x00000001ba66d000 	/System/Library/PrivateFrameworks/AppServerSupport.framework/Versions/A/AppServerSupport
0x00000001bc80c000 	/System/Library/PrivateFrameworks/perfdata.framework/Versions/A/perfdata
0x00000001aff0d000 	/System/Library/PrivateFrameworks/AudioToolboxCore.framework/Versions/A/AudioToolboxCore
0x00000001b7352000 	/System/Library/PrivateFrameworks/caulk.framework/Versions/A/caulk
0x00000001bc101000 	/usr/lib/libAudioStatistics.dylib
0x00000001cd91a000 	/System/Library/PrivateFrameworks/SystemPolicy.framework/Versions/A/SystemPolicy
0x00000001bc361000 	/usr/lib/libSMC.dylib
0x00000001c4ede000 	/System/Library/Frameworks/CoreMIDI.framework/Versions/A/CoreMIDI
0x00000001baef7000 	/usr/lib/libAudioToolboxUtility.dylib
0x00000001c9dc0000 	/System/Library/PrivateFrameworks/OSAServicesClient.framework/Versions/A/OSAServicesClient
0x00000001bc819000 	/usr/lib/libperfcheck.dylib
0x00000001ce41d000 	/usr/lib/libmis.dylib
0x000000020f9f5000 	/System/Library/Frameworks/OpenGL.framework/Versions/A/Libraries/libGLU.dylib
0x000000020f9b4000 	/System/Library/Frameworks/OpenGL.framework/Versions/A/Libraries/libGFXShared.dylib
0x000000020fb9e000 	/System/Library/Frameworks/OpenGL.framework/Versions/A/Libraries/libGL.dylib
0x000000020f9bd000 	/System/Library/Frameworks/OpenGL.framework/Versions/A/Libraries/libGLImage.dylib
0x000000020f9b1000 	/System/Library/Frameworks/OpenGL.framework/Versions/A/Libraries/libCVMSPluginSupport.dylib
0x000000020f99b000 	/System/Library/Frameworks/OpenGL.framework/Versions/A/Libraries/libCoreVMClient.dylib
0x00000001b7ee3000 	/System/Library/Frameworks/MetalPerformanceShaders.framework/Versions/A/Frameworks/MPSCore.framework/Versions/A/MPSCore
0x00000001b90ab000 	/System/Library/Frameworks/MetalPerformanceShaders.framework/Versions/A/Frameworks/MPSImage.framework/Versions/A/MPSImage
0x00000001b8ba9000 	/System/Library/Frameworks/MetalPerformanceShaders.framework/Versions/A/Frameworks/MPSNeuralNetwork.framework/Versions/A/MPSNeuralNetwork
0x00000001b8fe6000 	/System/Library/Frameworks/MetalPerformanceShaders.framework/Versions/A/Frameworks/MPSMatrix.framework/Versions/A/MPSMatrix
0x00000001b8dc1000 	/System/Library/Frameworks/MetalPerformanceShaders.framework/Versions/A/Frameworks/MPSRayIntersector.framework/Versions/A/MPSRayIntersector
0x00000001b9017000 	/System/Library/Frameworks/MetalPerformanceShaders.framework/Versions/A/Frameworks/MPSNDArray.framework/Versions/A/MPSNDArray
0x00000002116b0000 	/System/Library/Frameworks/MetalPerformanceShaders.framework/Versions/A/Frameworks/MPSFunctions.framework/Versions/A/MPSFunctions
0x00000001af1a9000 	/System/Library/PrivateFrameworks/MetalTools.framework/Versions/A/MetalTools
0x00000001b7f5f000 	/System/Library/PrivateFrameworks/AggregateDictionary.framework/Versions/A/AggregateDictionary
0x00000001b9ea0000 	/usr/lib/libIOReport.dylib
0x00000001c3ecc000 	/System/Library/PrivateFrameworks/ASEProcessing.framework/Versions/A/ASEProcessing
0x00000001ba212000 	/System/Library/PrivateFrameworks/FaceCore.framework/Versions/A/FaceCore
0x00000001ba204000 	/System/Library/PrivateFrameworks/GraphVisualizer.framework/Versions/A/GraphVisualizer
0x0000000218fc5000 	/System/Library/PrivateFrameworks/FontServices.framework/Versions/A/FontServices
0x00000001ba627000 	/System/Library/PrivateFrameworks/OTSVG.framework/Versions/A/OTSVG
0x00000001b5baa000 	/System/Library/Frameworks/ApplicationServices.framework/Versions/A/Frameworks/ATS.framework/Versions/A/Resources/libFontRegistry.dylib
0x00000001ba676000 	/System/Library/PrivateFrameworks/FontServices.framework/libhvf.dylib
0x0000000218fc6000 	/System/Library/PrivateFrameworks/FontServices.framework/libXTFontStaticRegistryData.dylib
0x000000020fd40000 	/System/Library/Frameworks/OpenCL.framework/Versions/A/OpenCL
0x00000001ba06e000 	/System/Library/PrivateFrameworks/AppleVA.framework/Versions/A/AppleVA
0x00000001bc129000 	/System/Library/Frameworks/ApplicationServices.framework/Versions/A/Frameworks/ATS.framework/Versions/A/ATS
0x00000001b464e000 	/System/Library/Frameworks/ApplicationServices.framework/Versions/A/Frameworks/HIServices.framework/Versions/A/HIServices
0x00000001bb041000 	/System/Library/Frameworks/ApplicationServices.framework/Versions/A/Frameworks/PrintCore.framework/Versions/A/PrintCore
0x00000001bc4b4000 	/System/Library/Frameworks/ApplicationServices.framework/Versions/A/Frameworks/QD.framework/Versions/A/QD
0x00000001bc4ac000 	/System/Library/Frameworks/ApplicationServices.framework/Versions/A/Frameworks/ColorSyncLegacy.framework/Versions/A/ColorSyncLegacy
0x00000001bc115000 	/System/Library/Frameworks/ApplicationServices.framework/Versions/A/Frameworks/SpeechSynthesis.framework/Versions/A/SpeechSynthesis
0x00000001bb002000 	/System/Library/Frameworks/ApplicationServices.framework/Versions/A/Frameworks/ATSUI.framework/Versions/A/ATSUI
0x00000001bc441000 	/usr/lib/libcups.2.dylib
0x00000001bc827000 	/System/Library/Frameworks/Kerberos.framework/Versions/A/Kerberos
0x00000001bc838000 	/System/Library/Frameworks/GSS.framework/Versions/A/GSS
0x00000001bc198000 	/usr/lib/libresolv.9.dylib
0x00000001ba684000 	/System/Library/PrivateFrameworks/Heimdal.framework/Versions/A/Heimdal
0x00000001c3140000 	/System/Library/Frameworks/Kerberos.framework/Versions/A/Libraries/libHeimdalProxy.dylib
0x00000001b5284000 	/System/Library/Frameworks/Network.framework/Versions/A/Network
0x00000001ba0d5000 	/usr/lib/libheimdal-asn1.dylib
0x00000001bc87e000 	/System/Library/PrivateFrameworks/CommonAuth.framework/Versions/A/CommonAuth
0x00000001bc08f000 	/System/Library/PrivateFrameworks/AudioSession.framework/Versions/A/AudioSession
0x00000001ba166000 	/System/Library/PrivateFrameworks/MediaExperience.framework/Versions/A/MediaExperience
0x00000001bbf17000 	/System/Library/PrivateFrameworks/AudioSession.framework/libSessionUtility.dylib
0x00000001bc4c0000 	/System/Library/PrivateFrameworks/AudioResourceArbitration.framework/Versions/A/AudioResourceArbitration
0x00000001ba0de000 	/System/Library/PrivateFrameworks/IconFoundation.framework/Versions/A/IconFoundation
0x00000001bf345000 	/System/Library/PrivateFrameworks/SpeechRecognitionCore.framework/Versions/A/SpeechRecognitionCore
0x00000001f2af9000 	/System/Library/CoreServices/Encodings/libSimplifiedChineseConverter.dylib
0x0000000101f80000 	/Users/xuyi/opt/jdk-17.jdk/Contents/Home/lib/server/libjvm.dylib
0x0000000100da0000 	/Users/xuyi/opt/jdk-17.jdk/Contents/Home/lib/libjimage.dylib
0x0000000100e28000 	/Users/xuyi/opt/jdk-17.jdk/Contents/Home/lib/libjava.dylib
0x0000000101968000 	/Users/xuyi/opt/jdk-17.jdk/Contents/Home/lib/libnio.dylib
0x00000001019ac000 	/Users/xuyi/opt/jdk-17.jdk/Contents/Home/lib/libnet.dylib
0x0000000100fb0000 	/Users/xuyi/opt/jdk-17.jdk/Contents/Home/lib/libzip.dylib
0x0000000101988000 	/Users/xuyi/opt/javafx-sdk-17.0.0.1/lib/libprism_es2.dylib
0x00000001b13eb000 	/System/Library/PrivateFrameworks/CoreServicesInternal.framework/Versions/A/CoreServicesInternal
0x000000020fba8000 	/System/Library/Frameworks/OpenGL.framework/Versions/A/Resources/GLEngine.bundle/GLEngine
0x000000020fa2f000 	/System/Library/Frameworks/OpenGL.framework/Versions/A/Libraries/libGLProgrammability.dylib
0x0000000101db4000 	/System/Library/Extensions/AppleMetalOpenGLRenderer.bundle/Contents/MacOS/AppleMetalOpenGLRenderer
0x000000020fd17000 	/System/Library/Frameworks/OpenGL.framework/Versions/A/Resources/GLRendererFloat.bundle/GLRendererFloat
0x000000020fdb8000 	/System/Library/Extensions/AGXMetal13_3.bundle/Contents/MacOS/AGXMetal13_3
0x00000001ce439000 	/System/Library/PrivateFrameworks/GPURawCounter.framework/Versions/A/GPURawCounter
0x00000001c8f0e000 	/System/Library/PrivateFrameworks/IOGPU.framework/Versions/A/IOGPU
0x0000000101e4c000 	/Users/xuyi/opt/javafx-sdk-17.0.0.1/lib/libglass.dylib
0x00000001c07e5000 	/System/Library/Frameworks/FileProvider.framework/Versions/A/FileProvider
0x00000001b5051000 	/System/Library/Frameworks/Accounts.framework/Versions/A/Accounts
0x00000001c0965000 	/System/Library/PrivateFrameworks/GenerationalStorage.framework/Versions/A/GenerationalStorage
0x00000001c1515000 	/System/Library/PrivateFrameworks/CoreSymbolication.framework/Versions/A/CoreSymbolication
0x00000001c0585000 	/System/Library/PrivateFrameworks/SymptomDiagnosticReporter.framework/Versions/A/SymptomDiagnosticReporter
0x00000001b26d0000 	/System/Library/PrivateFrameworks/DesktopServicesPriv.framework/Versions/A/DesktopServicesPriv
0x00000001b154a000 	/usr/lib/libsandbox.1.dylib
0x00000001b6068000 	/System/Library/PrivateFrameworks/UserManagement.framework/Versions/A/UserManagement
0x00000001c14d6000 	/System/Library/PrivateFrameworks/DebugSymbols.framework/Versions/A/DebugSymbols
0x00000001bc49f000 	/System/Library/PrivateFrameworks/NetAuth.framework/Versions/A/NetAuth
0x00000001bd39d000 	/System/Library/PrivateFrameworks/Sharing.framework/Versions/A/Sharing
0x00000001b6038000 	/System/Library/PrivateFrameworks/login.framework/Versions/A/Frameworks/loginsupport.framework/Versions/A/loginsupport
0x00000001c2686000 	/System/Library/PrivateFrameworks/Apple80211.framework/Versions/A/Apple80211
0x00000001b918f000 	/System/Library/PrivateFrameworks/AuthKit.framework/Versions/A/AuthKit
0x00000001b8826000 	/System/Library/PrivateFrameworks/CoreUtils.framework/Versions/A/CoreUtils
0x00000001b8746000 	/System/Library/Frameworks/CoreWLAN.framework/Versions/A/CoreWLAN
0x00000001bd506000 	/System/Library/Frameworks/IOBluetooth.framework/Versions/A/IOBluetooth
0x00000001c26e6000 	/System/Library/PrivateFrameworks/CoreWiFi.framework/Versions/A/CoreWiFi
0x00000001c10bd000 	/System/Library/PrivateFrameworks/FrontBoardServices.framework/Versions/A/FrontBoardServices
0x00000001c1155000 	/System/Library/PrivateFrameworks/BoardServices.framework/Versions/A/BoardServices
0x00000001b8a41000 	/System/Library/PrivateFrameworks/AssertionServices.framework/Versions/A/AssertionServices
0x00000001c2854000 	/System/Library/PrivateFrameworks/BackBoardServices.framework/Versions/A/BackBoardServices
0x00000001bc911000 	/System/Library/PrivateFrameworks/CorePhoneNumbers.framework/Versions/A/CorePhoneNumbers
0x00000001c06b5000 	/System/Library/PrivateFrameworks/DiskManagement.framework/Versions/A/DiskManagement
0x00000001c05b8000 	/System/Library/PrivateFrameworks/AppleIDAuthSupport.framework/Versions/A/AppleIDAuthSupport
0x0000000213949000 	/System/Library/PrivateFrameworks/AAAFoundation.framework/Versions/A/AAAFoundation
0x00000001bc8f0000 	/System/Library/PrivateFrameworks/KeychainCircle.framework/Versions/A/KeychainCircle
0x00000001c0681000 	/System/Library/PrivateFrameworks/MediaKit.framework/Versions/A/MediaKit
0x00000001c05c5000 	/System/Library/Frameworks/DiscRecording.framework/Versions/A/DiscRecording
0x00000001b9fea000 	/usr/lib/libCoreStorage.dylib
0x00000001c2b4e000 	/usr/lib/libcsfde.dylib
0x00000001bd5db000 	/System/Library/PrivateFrameworks/ProtectedCloudStorage.framework/Versions/A/ProtectedCloudStorage
0x00000001c2b46000 	/System/Library/PrivateFrameworks/EFILogin.framework/Versions/A/EFILogin
0x00000001c098c000 	/System/Library/PrivateFrameworks/OctagonTrust.framework/Versions/A/OctagonTrust
0x0000000218230000 	/System/Library/PrivateFrameworks/CoreUtilsExtras.framework/Versions/A/CoreUtilsExtras
0x00000001c04f7000 	/System/Library/Frameworks/CoreBluetooth.framework/Versions/A/CoreBluetooth
0x00000001c31c5000 	/System/Library/Frameworks/AudioUnit.framework/Versions/A/AudioUnit
0x00000001b9fe2000 	/usr/lib/libMatch.1.dylib
0x00000001d26a0000 	/System/Library/Frameworks/Accelerate.framework/Versions/A/Frameworks/vImage.framework/Versions/A/Libraries/libCGInterfaces.dylib
0x00000001156ec000 	/usr/lib/libobjc-trampolines.dylib
0x00000001b5d36000 	/System/Library/PrivateFrameworks/ViewBridge.framework/Versions/A/ViewBridge
0x000000022b446000 	/usr/lib/libRosetta.dylib
0x00000001257b4000 	/Users/xuyi/opt/javafx-sdk-17.0.0.1/lib/libjavafx_font.dylib
0x00000001ba732000 	/System/Library/PrivateFrameworks/login.framework/Versions/A/login


VM Arguments:
jvm_args: -Dfile.encoding=UTF-8 --module-path=/Users/xuyi/opt/javafx-sdk-17.0.0.1/lib --add-modules=javafx.controls --module-path=/Users/xuyi/Source/Java/Slicer/build/classes:/Users/xuyi/opt/javafx-sdk-17.0.0.1/lib/javafx-swt.jar:/Users/xuyi/opt/javafx-sdk-17.0.0.1/lib/javafx.base.jar:/Users/xuyi/opt/javafx-sdk-17.0.0.1/lib/javafx.controls.jar:/Users/xuyi/opt/javafx-sdk-17.0.0.1/lib/javafx.fxml.jar:/Users/xuyi/opt/javafx-sdk-17.0.0.1/lib/javafx.graphics.jar:/Users/xuyi/opt/javafx-sdk-17.0.0.1/lib/javafx.media.jar:/Users/xuyi/opt/javafx-sdk-17.0.0.1/lib/javafx.swing.jar:/Users/xuyi/opt/javafx-sdk-17.0.0.1/lib/javafx.web.jar 
java_command: org.reprap.Gfx3D
java_class_path (initial): /Users/xuyi/Source/Java/lib/vecmath.jar:/Users/xuyi/opt/javafx-sdk-17.0.0.1/lib/javafx-swt.jar:/Users/xuyi/opt/javafx-sdk-17.0.0.1/lib/javafx.base.jar:/Users/xuyi/opt/javafx-sdk-17.0.0.1/lib/javafx.controls.jar:/Users/xuyi/opt/javafx-sdk-17.0.0.1/lib/javafx.fxml.jar:/Users/xuyi/opt/javafx-sdk-17.0.0.1/lib/javafx.graphics.jar:/Users/xuyi/opt/javafx-sdk-17.0.0.1/lib/javafx.media.jar:/Users/xuyi/opt/javafx-sdk-17.0.0.1/lib/javafx.swing.jar:/Users/xuyi/opt/javafx-sdk-17.0.0.1/lib/javafx.web.jar:/Users/xuyi/Source/Java/Slicer/build/classes
Launcher Type: SUN_STANDARD

[Global flags]
     intx CICompilerCount                          = 4                                         {product} {ergonomic}
     uint ConcGCThreads                            = 2                                         {product} {ergonomic}
     uint G1ConcRefinementThreads                  = 8                                         {product} {ergonomic}
   size_t G1HeapRegionSize                         = 2097152                                   {product} {ergonomic}
    uintx GCDrainStackTargetSize                   = 64                                        {product} {ergonomic}
   size_t InitialHeapSize                          = 268435456                                 {product} {ergonomic}
   size_t MarkStackSize                            = 4194304                                   {product} {ergonomic}
   size_t MaxHeapSize                              = 4294967296                                {product} {ergonomic}
   size_t MaxNewSize                               = 2575302656                                {product} {ergonomic}
   size_t MinHeapDeltaBytes                        = 2097152                                   {product} {ergonomic}
   size_t MinHeapSize                              = 8388608                                   {product} {ergonomic}
    uintx NonNMethodCodeHeapSize                   = 5839564                                {pd product} {ergonomic}
    uintx NonProfiledCodeHeapSize                  = 122909338                              {pd product} {ergonomic}
    uintx ProfiledCodeHeapSize                     = 122909338                              {pd product} {ergonomic}
    uintx ReservedCodeCacheSize                    = 251658240                              {pd product} {ergonomic}
     bool SegmentedCodeCache                       = true                                      {product} {ergonomic}
   size_t SoftMaxHeapSize                          = 4294967296                             {manageable} {ergonomic}
     bool UseCompressedClassPointers               = true                           {product lp64_product} {ergonomic}
     bool UseCompressedOops                        = true                           {product lp64_product} {ergonomic}
     bool UseG1GC                                  = true                                      {product} {ergonomic}
     bool UseNUMA                                  = false                                     {product} {ergonomic}
     bool UseNUMAInterleaving                      = false                                     {product} {ergonomic}

Logging:
Log output configuration:
 #0: stdout all=warning uptime,level,tags
 #1: stderr all=off uptime,level,tags

Environment Variables:
PATH=/Users/xuyi/opt/anaconda3/bin:/Users/xuyi/opt/anaconda3/condabin:/opt/homebrew/bin:/opt/homebrew/sbin:/usr/local/bin:/usr/bin:/bin:/usr/sbin:/sbin
SHELL=/bin/zsh
LC_CTYPE=UTF-8

Signal Handlers:
   SIGSEGV: _ZL13crash_handleriP9__siginfoPv in libjvm.dylib, mask=11100110000111110111111111111111, flags=SA_RESTART|SA_SIGINFO
    SIGBUS: _ZL13crash_handleriP9__siginfoPv in libjvm.dylib, mask=11100110000111110111111111111111, flags=SA_RESTART|SA_SIGINFO
    SIGFPE: _ZL13crash_handleriP9__siginfoPv in libjvm.dylib, mask=11100110000111110111111111111111, flags=SA_RESTART|SA_SIGINFO
   SIGPIPE: _ZL17javaSignalHandleriP9__siginfoPv in libjvm.dylib, mask=11100110000111110111111111111111, flags=SA_RESTART|SA_SIGINFO
   SIGXFSZ: _ZL17javaSignalHandleriP9__siginfoPv in libjvm.dylib, mask=11100110000111110111111111111111, flags=SA_RESTART|SA_SIGINFO
    SIGILL: _ZL13crash_handleriP9__siginfoPv in libjvm.dylib, mask=11100110000111110111111111111111, flags=SA_RESTART|SA_SIGINFO
   SIGUSR2: _ZL10SR_handleriP9__siginfoP17__darwin_ucontext in libjvm.dylib, mask=00100000000000000000000000000000, flags=SA_RESTART|SA_SIGINFO
    SIGHUP: _ZL11UserHandleriPvS_ in libjvm.dylib, mask=11100110000111110111111111111111, flags=SA_RESTART|SA_SIGINFO
    SIGINT: SIG_IGN, mask=00000000000000000000000000000000, flags=none
   SIGTERM: _ZL11UserHandleriPvS_ in libjvm.dylib, mask=11100110000111110111111111111111, flags=SA_RESTART|SA_SIGINFO
   SIGQUIT: _ZL11UserHandleriPvS_ in libjvm.dylib, mask=11100110000111110111111111111111, flags=SA_RESTART|SA_SIGINFO
   SIGTRAP: _ZL13crash_handleriP9__siginfoPv in libjvm.dylib, mask=11100110000111110111111111111111, flags=SA_RESTART|SA_SIGINFO


---------------  S Y S T E M  ---------------

OS:
uname: Darwin 21.1.0 Darwin Kernel Version 21.1.0: Wed Oct 13 17:33:24 PDT 2021; root:xnu-8019.41.5~1/RELEASE_ARM64_T8101 arm64
OS uptime: 0 days 16:46 hours
rlimit (soft/hard): STACK 8176k/65520k , CORE 0k/infinity , NPROC 2666/4000 , NOFILE 10240/infinity , AS infinity/infinity , CPU infinity/infinity , DATA infinity/infinity , FSIZE infinity/infinity , MEMLOCK infinity/infinity , RSS infinity/infinity
load average: 2.35 2.04 1.81

CPU: total 8 (initial active 8) 0x61:0x0:0x1b588bb3:0, fp, simd, crc, lse

Memory: 16k page, physical 16777216k(187968k free), swap 0k(0k free)

vm_info: OpenJDK 64-Bit Server VM (17+35-2724) for bsd-aarch64 JRE (17+35-2724), built on Aug  5 2021 22:25:42 by "mach5one" with clang Apple LLVM 12.0.0 (clang-1200.0.32.29)

END.
