#
# A fatal error has been detected by the Java Runtime Environment:
#
#  SIGBUS (0xa) at pc=0x000000010a5214f0, pid=63807, tid=29451
#
# JRE version: Java(TM) SE Runtime Environment (17.0.3+8) (build 17.0.3+8-LTS-111)
# Java VM: Java HotSpot(TM) 64-Bit Server VM (17.0.3+8-LTS-111, mixed mode, sharing, tiered, compressed oops, compressed class ptrs, g1 gc, bsd-aarch64)
# Problematic frame:
# v  ~StubRoutines::SafeFetchN
#
# No core dump will be written. Core dumps have been disabled. To enable core dumping, try "ulimit -c unlimited" before starting Java again
#
# If you would like to submit a bug report, please visit:
#   https://bugreport.java.com/bugreport/crash.jsp
# The crash happened outside the Java Virtual Machine in native code.
# See problematic frame for where to report the bug.
#

---------------  S U M M A R Y ------------

Command Line: -Dfile.encoding=UTF-8 --module-path=/Users/xuyi/opt/javafx-sdk-17.0.0.1/lib --add-modules=javafx.controls --module-path=/Users/xuyi/Source/Java/Slicer/build/classes:/Users/xuyi/opt/javafx-sdk-17.0.0.1/lib/javafx-swt.jar:/Users/xuyi/opt/javafx-sdk-17.0.0.1/lib/javafx.base.jar:/Users/xuyi/opt/javafx-sdk-17.0.0.1/lib/javafx.controls.jar:/Users/xuyi/opt/javafx-sdk-17.0.0.1/lib/javafx.fxml.jar:/Users/xuyi/opt/javafx-sdk-17.0.0.1/lib/javafx.graphics.jar:/Users/xuyi/opt/javafx-sdk-17.0.0.1/lib/javafx.media.jar:/Users/xuyi/opt/javafx-sdk-17.0.0.1/lib/javafx.swing.jar:/Users/xuyi/opt/javafx-sdk-17.0.0.1/lib/javafx.web.jar org.reprap.Gfx3D

Host: "MacBookAir10,1" arm64 1 MHz, 8 cores, 16G, Darwin 21.4.0, macOS 12.3.1 (21E258)
Time: Fri Apr 22 20:50:16 2022 CEST elapsed time: 19.341824 seconds (0d 0h 0m 19s)

---------------  T H R E A D  ---------------

Current thread (0x0000000153908e00):  JavaThread "InvokeLaterDispatcher" daemon [_thread_in_native, id=29451, stack(0x0000000171db8000,0x0000000171fbb000)]

Stack: [0x0000000171db8000,0x0000000171fbb000],  sp=0x0000000171fba7d0,  free space=2057k
Native frames: (J=compiled Java code, j=interpreted, Vv=VM code, C=native code)
v  ~StubRoutines::SafeFetchN
V  [libjvm.dylib+0x7a3f04]  OopStorage::release(oopDesc* const*)+0x20
V  [libjvm.dylib+0x4b93a0]  jni_DeleteGlobalRef+0xc4
C  [libglass.dylib+0xab08]  -[GlassRunnable dealloc]+0x34
C  [Foundation+0x85618]  -[_NSThreadPerformInfo dealloc]+0x30
C  [Foundation+0x5198c]  -[NSObject(NSThreadPerformAdditions) performSelectorOnMainThread:withObject:waitUntilDone:]+0x88
C  0xe4670001121f8d4c
J 7326 c1 com.sun.glass.ui.mac.MacApplication.submitForLaterInvocation(Ljava/lang/Runnable;)V javafx.graphics (6 bytes) @ 0x000000010b095c58 [0x000000010b095bc0+0x0000000000000098]
C  0x000000070053f8c0

Java frames: (J=compiled Java code, j=interpreted, Vv=VM code)
J 8096  com.sun.glass.ui.mac.MacApplication._submitForLaterInvocation(Ljava/lang/Runnable;)V javafx.graphics (0 bytes) @ 0x00000001121f8d4c [0x00000001121f8cc0+0x000000000000008c]
J 7326 c1 com.sun.glass.ui.mac.MacApplication.submitForLaterInvocation(Ljava/lang/Runnable;)V javafx.graphics (6 bytes) @ 0x000000010b095c58 [0x000000010b095bc0+0x0000000000000098]
j  com.sun.glass.ui.InvokeLaterDispatcher.run()V+82 javafx.graphics
v  ~StubRoutines::call_stub

siginfo: si_signo: 10 (SIGBUS), si_code: 1 (BUS_ADRALN), si_addr: 0x000000010a5214f0

Register to memory mapping:

 x0=0x0000000152005088 is a global jni handle
 x1=0x0 is NULL
 x2=0x000000070fc01410 is an oop: com.sun.glass.ui.InvokeLaterDispatcher$Future 
{0x000000070fc01410} - klass: 'com/sun/glass/ui/InvokeLaterDispatcher$Future'
 - ---- fields (total size 3 words):
 - private 'done' 'Z' @12  true
 - private final 'runnable' 'Ljava/lang/Runnable;' @16  a 'com/sun/javafx/tk/quantum/QuantumToolkit$$Lambda$92+0x0000000800c37db8'{0x000000070055b728} (e00ab6e5)
 - final synthetic 'this$0' 'Lcom/sun/glass/ui/InvokeLaterDispatcher;' @20  a 'com/sun/glass/ui/InvokeLaterDispatcher'{0x000000070053f8c0} (e00a7f18)
 x3=0x0 is NULL
 x4=0x00000000000130a8 is an unknown value
 x5=0x0 is NULL
 x6=0x0 is NULL
 x7=0x0 is NULL
 x8=0x000000010a5214ec is at begin+0 in a stub
StubRoutines::SafeFetchN [0x000000010a5214ec, 0x000000010a5214f8] (12 bytes)
 x9=0x0 is NULL
x10=0x2010000030300000 is an unknown value
x11=0x0000000000000007 is an unknown value
x12=0x0000000000000004 is an unknown value
x13=0x0000600000c7b210 points into unknown readable memory: 0x5c7d000183313c40 | 40 3c 31 83 01 00 7d 5c
x14=0x00001a0000000000 is an unknown value
x15=0x0000000126dc9f98: OBJC_CLASS_$_GlassRunnable+0 in /Users/xuyi/opt/javafx-sdk-17.0.0.1/lib/libglass.dylib at 0x0000000126d84000
x16=0x000000018347d0fc: pthread_getspecific+0 in /usr/lib/system/libsystem_pthread.dylib at 0x000000018347b000
x17=0x0000600000978460 points into unknown readable memory: 0xfffffffffffffffe | fe ff ff ff ff ff ff ff
x18=0x0 is NULL
x19=0x0000600000948690 points into unknown readable memory: 0x0000600002049370 | 70 93 04 02 00 60 00 00
x20=0x0000000152004e80 points into unknown readable memory: 0x842c222d9ceb0013 | 13 00 eb 9c 2d 22 2c 84
x21=0x0000000152005088 is a global jni handle
x22=0x0000000153908e00 is a thread
x23=0x0000000000000001 is an unknown value
x24=0x0000000152005040 is a global jni handle
x25=0x00000001029d5628: _ZN12StubRoutines17_safefetchN_entryE+0 in /Library/Java/JavaVirtualMachines/jdk-17.0.3.jdk/Contents/Home/lib/server/libjvm.dylib at 0x0000000101e3c000
x26=0x0000000124d17308 is pointing into metadata
x27=0x0 is NULL
x28=0x0000000153908e00 is a thread


Registers:
 x0=0x0000000152005088  x1=0x0000000000000000  x2=0x000000070fc01410  x3=0x0000000000000000
 x4=0x00000000000130a8  x5=0x0000000000000000  x6=0x0000000000000000  x7=0x0000000000000000
 x8=0x000000010a5214ec  x9=0x0000000000000000 x10=0x2010000030300000 x11=0x0000000000000007
x12=0x0000000000000004 x13=0x0000600000c7b210 x14=0x00001a0000000000 x15=0x0000000126dc9f98
x16=0x000000018347d0fc x17=0x0000600000978460 x18=0x0000000000000000 x19=0x0000600000948690
x20=0x0000000152004e80 x21=0x0000000152005088 x22=0x0000000153908e00 x23=0x0000000000000001
x24=0x0000000152005040 x25=0x00000001029d5628 x26=0x0000000124d17308 x27=0x0000000000000000
x28=0x0000000153908e00  fp=0x0000000171fba810  lr=0x00000001025decd4  sp=0x0000000171fba7d0
pc=0x000000010a5214f0 cpsr=0x0000000060001000
Top of Stack: (sp=0x0000000171fba7d0)
0x0000000171fba7d0:   0000000124d17308 0000000000000001
0x0000000171fba7e0:   0000000800c2abc0 0000600002044e60
0x0000000171fba7f0:   0000000000000000 0000000152005040
0x0000000171fba800:   0000000152005040 0000600000948690
0x0000000171fba810:   0000000171fba850 00000001025dff04
0x0000000171fba820:   0000000000000001 0000000152005040
0x0000000171fba830:   0000000000000000 0000000152005040
0x0000000171fba840:   0000000000000001 00000001419d0200
0x0000000171fba850:   0000000171fba880 00000001022f53a0
0x0000000171fba860:   0000600002044e20 00000001cd542be0
0x0000000171fba870:   0000000000000000 0000600002044e20
0x0000000171fba880:   0000000171fba8b0 0000000126d8eb08
0x0000000171fba890:   07736e225a330025 0000000000000000
0x0000000171fba8a0:   0000000000000000 00006000037730c0
0x0000000171fba8b0:   0000000171fba8f0 000000018444a618
0x0000000171fba8c0:   0000000800c2abc0 0000600002044e60
0x0000000171fba8d0:   0000600002044e20 07736e225a330025
0x0000000171fba8e0:   0000000000000000 0000000000000000
0x0000000171fba8f0:   0000000171fba930 4e3200018441698c
0x0000000171fba900:   0000000800c2abc0 000000010a5287c0
0x0000000171fba910:   0000000124d16d42 00000001029dcfe8
0x0000000171fba920:   0000000171fbaa10 00000000000000b9
0x0000000171fba930:   0000000171fba990 e4670001121f8d4c
0x0000000171fba940:   0000000700524be0 000000070fc01410
0x0000000171fba950:   0000000171fbaab8 0000000183489630
0x0000000171fba960:   0000000153908e00 00000001029b9dc8
0x0000000171fba970:   0000000171fbaa20 0000000000000001
0x0000000171fba980:   0000000171fba9c0 000000070123d588
0x0000000171fba990:   0000000171fbaa80 000000010b095c58
0x0000000171fba9a0:   000000070fc01410 000000070055b728
0x0000000171fba9b0:   0000000171fbaa18 00000000000000b6
0x0000000171fba9c0:   0000000171fbaa80 692580010a5372a0 

Instructions: (pc=0x000000010a5214f0)
0x000000010a5213f0:   f2a05349 f2c00029 6d425935 1e640886
0x000000010a521400:   0c402d31 1e6408c7 1f5654d0 1e6c1017
0x000000010a521410:   1f5050d0 1f504cd0 1f5048d0 1e650af6
0x000000010a521420:   1f50d8f6 1f5694d6 1f5158f6 1e762880
0x000000010a521430:   36000501 1e614000 14000026 2e251ca5
0x000000010a521440:   d2843009 f2a05349 f2c00029 6d425d36
0x000000010a521450:   1e600806 0c402d32 1f5758c7 1e6c101a
0x000000010a521460:   1f4754c7 1e650805 1f4750c7 d2866668
0x000000010a521470:   f2a7fa68 1f474cc7 1e6608c0 1f4748c7
0x000000010a521480:   1e6e1019 eb08007f 540000ac 1f479400
0x000000010a521490:   1f460340 1e603b20 1400000e d2a7fd29
0x000000010a5214a0:   eb09007f 540000ac 51480069 d3607d29
0x000000010a5214b0:   9e670121 14000002 1e6a5001 1f679417
0x000000010a5214c0:   1f668742 1e613b23 1e773857 1e773860
0x000000010a5214d0:   a8c17ff3 910003bf a8c17bfd d65f03c0
0x000000010a5214e0:   b9400001 aa0103e0 d65f03c0 f9400001
0x000000010a5214f0:   aa0103e0 d65f03c0 00000000 00000000
0x000000010a521500:   00000000 00000000 00000000 00000000
0x000000010a521510:   00000000 00000000 00000000 00000000
0x000000010a521520:   00000000 00000000 00000000 00000000
0x000000010a521530:   00000000 00000000 00000000 00000000
0x000000010a521540:   00000000 00000000 00000000 00000000
0x000000010a521550:   00000000 00000000 00000000 00000000
0x000000010a521560:   00000000 00000000 00000000 00000000
0x000000010a521570:   00000000 00000000 00000000 00000000
0x000000010a521580:   00000000 00000000 00000000 00000000
0x000000010a521590:   00000000 00000000 00000000 00000000
0x000000010a5215a0:   00000000 00000000 00000000 00000000
0x000000010a5215b0:   00000000 00000000 00000000 00000000
0x000000010a5215c0:   00000000 00000000 00000000 00000000
0x000000010a5215d0:   00000000 00000000 00000000 00000000
0x000000010a5215e0:   00000000 00000000 00000000 00000000 


Stack slot to memory mapping:
stack at sp + 0 slots: 0x0000000124d17308 is pointing into metadata
stack at sp + 1 slots: 0x0000000000000001 is an unknown value
stack at sp + 2 slots: 0x0000000800c2abc0 is a pointer to class: 
com.sun.glass.ui.mac.MacApplication {0x0000000800c2abc0}
 - instance size:     5
 - klass size:        136
 - access:            final synchronized 
 - state:             fully_initialized
 - name:              'com/sun/glass/ui/mac/MacApplication'
 - super:             'com/sun/glass/ui/Application'
 - sub:               
 - arrays:            NULL
 - methods:           Array<T>(0x0000000124ced190)
 - method ordering:   Array<T>(0x000000080091d3f8)
 - default_methods:   Array<T>(0x0000000000000000)
 - local interfaces:  Array<T>(0x0000000124ceff70)
 - trans. interfaces: Array<T>(0x0000000124ceff70)
 - constants:         constant pool [548]/operands[69] {0x0000000124ceec90} for 'com/sun/glass/ui/mac/MacApplication' cache=0x0000000124d14ca0
 - class loader data:  loader data: 0x0000600001348280 for instance a 'jdk/internal/loader/ClassLoaders$AppClassLoader'{0x00000007004ec988}
 - source file:       'MacApplication.java'
 - class annotations:       Array<T>(0x0000000000000000)
 - class type annotations:  Array<T>(0x0000000000000000)
 - field annotations:       Array<T>(0x0000000000000000)
 - field type annotations:  Array<T>(0x0000000000000000)
 - inner classes:     Array<T>(0x0000000124cf1888)
 - nest members:     Array<T>(0x0000000124cf18e0)
 - permitted subclasses:     Array<T>(0x00000008005dba08)
 - java mirror:       a 'java/lang/Class'{0x0000000700507e78} = 'com/sun/glass/ui/mac/MacApplication'
 - vtable length      72  (start addr: 0x0000000800c2ad90)
 - itable length      5 (start addr: 0x0000000800c2afd0)
 - ---- static fields (1 words):
 - static final 'BROWSER_PARENT_ID' 'J' @112 
 - ---- non-static fields (7 words):
 - private 'initialActiveEventReceived' 'Z' @12 
 - private 'terminateWhenLastWindowClosed' 'Z' @13 
 - protected 'name' 'Ljava/lang/String;' @16 
 - private 'eventHandler' 'Lcom/sun/glass/ui/Application$EventHandler;' @20 
 - private 'initialOpenedFiles' '[Ljava/lang/String;' @24 
 - private 'isTaskbarApplication' 'Z' @14 
 - private 'firstDidResignActive' 'Z' @15 
 - private final 'invokeLaterDispatcher' 'Lcom/sun/glass/ui/InvokeLaterDispatcher;' @28 
 - private 'appleMenu' 'Lcom/sun/glass/ui/Menu;' @32 
 - private final 'reactivationLatch' 'Ljava/util/concurrent/CountDownLatch;' @36 
 - non-static oop maps: 16-36 
stack at sp + 3 slots: 0x0000600002044e60 points into unknown readable memory: 0x01000001dbc2e011 | 11 e0 c2 db 01 00 00 01
stack at sp + 4 slots: 0x0 is NULL
stack at sp + 5 slots: 0x0000000152005040 is a global jni handle
stack at sp + 6 slots: 0x0000000152005040 is a global jni handle
stack at sp + 7 slots: 0x0000600000948690 points into unknown readable memory: 0x0000600002049370 | 70 93 04 02 00 60 00 00

StubRoutines::SafeFetchN [0x000000010a5214ec, 0x000000010a5214f8] (12 bytes)
[MachCode]
  0x000000010a5214ec: 0100 40f9 | e003 01aa | c003 5fd6 
[/MachCode]

---------------  P R O C E S S  ---------------

Threads class SMR info:
_java_thread_list=0x00006000022b5500, length=17, elements={
0x0000000153008e00, 0x00000001538fba00, 0x00000001538fe200, 0x0000000152811a00,
0x000000014180f000, 0x0000000152815200, 0x000000014180f600, 0x0000000141808c00,
0x0000000141809200, 0x0000000152815800, 0x0000000140071e00, 0x00000001538f4800,
0x0000000153908e00, 0x00000001419d0200, 0x0000000141a26200, 0x0000000153c73a00,
0x0000000141b49800
}

Java Threads: ( => current thread )
  0x0000000153008e00 JavaThread "main" [_thread_blocked, id=10243, stack(0x000000016f1a4000,0x000000016f3a7000)]
  0x00000001538fba00 JavaThread "Reference Handler" daemon [_thread_blocked, id=17923, stack(0x000000016fff8000,0x00000001701fb000)]
  0x00000001538fe200 JavaThread "Finalizer" daemon [_thread_blocked, id=16899, stack(0x0000000170204000,0x0000000170407000)]
  0x0000000152811a00 JavaThread "Signal Dispatcher" daemon [_thread_blocked, id=23299, stack(0x0000000170528000,0x000000017072b000)]
  0x000000014180f000 JavaThread "Service Thread" daemon [_thread_blocked, id=42755, stack(0x0000000170734000,0x0000000170937000)]
  0x0000000152815200 JavaThread "Monitor Deflation Thread" daemon [_thread_blocked, id=42243, stack(0x0000000170940000,0x0000000170b43000)]
  0x000000014180f600 JavaThread "C2 CompilerThread0" daemon [_thread_blocked, id=23811, stack(0x0000000170b4c000,0x0000000170d4f000)]
  0x0000000141808c00 JavaThread "C1 CompilerThread0" daemon [_thread_blocked, id=41731, stack(0x0000000170d58000,0x0000000170f5b000)]
  0x0000000141809200 JavaThread "Sweeper thread" daemon [_thread_blocked, id=24323, stack(0x0000000170f64000,0x0000000171167000)]
  0x0000000152815800 JavaThread "Common-Cleaner" daemon [_thread_blocked, id=24579, stack(0x0000000171170000,0x0000000171373000)]
  0x0000000140071e00 JavaThread "Notification Thread" daemon [_thread_blocked, id=40195, stack(0x0000000171794000,0x0000000171997000)]
  0x00000001538f4800 JavaThread "QuantumRenderer-0" daemon [_thread_blocked, id=25603, stack(0x0000000171bac000,0x0000000171daf000)]
=>0x0000000153908e00 JavaThread "InvokeLaterDispatcher" daemon [_thread_in_native, id=29451, stack(0x0000000171db8000,0x0000000171fbb000)]
  0x00000001419d0200 JavaThread "JavaFX Application Thread" [_thread_in_vm, id=259, stack(0x000000016e91c000,0x000000016f118000)]
  0x0000000141a26200 JavaThread "JavaFX-Launcher" [_thread_blocked, id=77059, stack(0x000000017225c000,0x000000017245f000)]
  0x0000000153c73a00 JavaThread "PulseTimer-CVDisplayLink thread" daemon [_thread_in_native, id=58627, stack(0x0000000171fc4000,0x0000000172047000)]
  0x0000000141b49800 JavaThread "Cleaner-0" daemon [_thread_blocked, id=87815, stack(0x0000000172c98000,0x0000000172e9b000)]

Other Threads:
  0x000000015220d2f0 VMThread "VM Thread" [stack: 0x000000016fdec000,0x000000016ffef000] [id=15875]
  0x0000000152107d50 WatcherThread [stack: 0x00000001719a0000,0x0000000171ba3000] [id=25347]
  0x0000000152206060 GCTaskThread "GC Thread#0" [stack: 0x000000016f3b0000,0x000000016f5b3000] [id=12803]
  0x0000000124709e80 GCTaskThread "GC Thread#1" [stack: 0x0000000171588000,0x000000017178b000] [id=24839]
  0x0000000124606070 GCTaskThread "GC Thread#2" [stack: 0x0000000172468000,0x000000017266b000] [id=56579]
  0x000000012470a130 GCTaskThread "GC Thread#3" [stack: 0x0000000172674000,0x0000000172877000] [id=56835]
  0x000000012470a3e0 GCTaskThread "GC Thread#4" [stack: 0x0000000172880000,0x0000000172a83000] [id=76291]
  0x000000012470a690 GCTaskThread "GC Thread#5" [stack: 0x0000000172a8c000,0x0000000172c8f000] [id=57347]
  0x0000000152182ca0 GCTaskThread "GC Thread#6" [stack: 0x0000000172ea4000,0x00000001730a7000] [id=57607]
  0x0000000152206710 ConcurrentGCThread "G1 Main Marker" [stack: 0x000000016f5bc000,0x000000016f7bf000] [id=20227]
  0x0000000152206f90 ConcurrentGCThread "G1 Conc#0" [stack: 0x000000016f7c8000,0x000000016f9cb000] [id=13571]
  0x0000000152208e00 ConcurrentGCThread "G1 Refine#0" [stack: 0x000000016f9d4000,0x000000016fbd7000] [id=18947]
  0x000000015214f640 ConcurrentGCThread "G1 Refine#1" [stack: 0x00000001730b0000,0x00000001732b3000] [id=74755]
  0x0000000101b06f90 ConcurrentGCThread "G1 Refine#2" [stack: 0x00000001732bc000,0x00000001734bf000] [id=73987]
  0x000000012470ba90 ConcurrentGCThread "G1 Refine#3" [stack: 0x00000001734c8000,0x00000001736cb000] [id=73219]
  0x0000000101b073b0 ConcurrentGCThread "G1 Refine#4" [stack: 0x00000001736d4000,0x00000001738d7000] [id=58371]
  0x0000000124608b20 ConcurrentGCThread "G1 Refine#5" [stack: 0x00000001738e0000,0x0000000173ae3000] [id=72195]
  0x0000000101b07fa0 ConcurrentGCThread "G1 Refine#6" [stack: 0x0000000173aec000,0x0000000173cef000] [id=71427]
  0x0000000152264a80 ConcurrentGCThread "G1 Refine#7" [stack: 0x0000000173e9c000,0x000000017409f000] [id=174367]
  0x00000001522096a0 ConcurrentGCThread "G1 Service" [stack: 0x000000016fbe0000,0x000000016fde3000] [id=14083]

Threads with active compile tasks:

VM state: not at safepoint (normal execution)

VM Mutex/Monitor currently owned by a thread: None

Heap address: 0x0000000700000000, size: 4096 MB, Compressed Oops mode: Zero based, Oop shift amount: 3

CDS archive(s) mapped at: [0x0000000800000000-0x0000000800bd8000-0x0000000800bd8000), size 12419072, SharedBaseAddress: 0x0000000800000000, ArchiveRelocationMode: 0.
Compressed class space mapped at: 0x0000000800c00000-0x0000000840c00000, reserved size: 1073741824
Narrow klass base: 0x0000000800000000, Narrow klass shift: 0, Narrow klass range: 0x100000000

GC Precious Log:
 CPUs: 8 total, 8 available
 Memory: 16384M
 Large Page Support: Disabled
 NUMA Support: Disabled
 Compressed Oops: Enabled (Zero based)
 Heap Region Size: 2M
 Heap Min Capacity: 8M
 Heap Initial Capacity: 256M
 Heap Max Capacity: 4G
 Pre-touch: Disabled
 Parallel Workers: 8
 Concurrent Workers: 2
 Concurrent Refinement Workers: 8
 Periodic GC: Disabled

Heap:
 garbage-first heap   total 266240K, used 61427K [0x0000000700000000, 0x0000000800000000)
  region size 2048K, 18 young (36864K), 2 survivors (4096K)
 Metaspace       used 11470K, committed 11648K, reserved 1064960K
  class space    used 1343K, committed 1408K, reserved 1048576K

Heap Regions: E=young(eden), S=young(survivor), O=old, HS=humongous(starts), HC=humongous(continues), CS=collection set, F=free, OA=open archive, CA=closed archive, TAMS=top-at-mark-start (previous, next)
|   0|0x0000000700000000, 0x0000000700200000, 0x0000000700200000|100%| O|  |TAMS 0x0000000700000000, 0x0000000700000000| Untracked 
|   1|0x0000000700200000, 0x0000000700400000, 0x0000000700400000|100%| O|  |TAMS 0x0000000700200000, 0x0000000700200000| Untracked 
|   2|0x0000000700400000, 0x0000000700600000, 0x0000000700600000|100%| O|  |TAMS 0x0000000700400000, 0x0000000700400000| Untracked 
|   3|0x0000000700600000, 0x0000000700800000, 0x0000000700800000|100%| O|  |TAMS 0x0000000700600000, 0x0000000700600000| Untracked 
|   4|0x0000000700800000, 0x0000000700a00000, 0x0000000700a00000|100%| O|  |TAMS 0x0000000700800000, 0x0000000700800000| Untracked 
|   5|0x0000000700a00000, 0x0000000700c00000, 0x0000000700c00000|100%| O|  |TAMS 0x0000000700a00000, 0x0000000700a00000| Untracked 
|   6|0x0000000700c00000, 0x0000000700e00000, 0x0000000700e00000|100%| O|  |TAMS 0x0000000700c00000, 0x0000000700c00000| Untracked 
|   7|0x0000000700e00000, 0x0000000701000000, 0x0000000701000000|100%| O|  |TAMS 0x0000000700e00000, 0x0000000700e00000| Untracked 
|   8|0x0000000701000000, 0x0000000701200000, 0x0000000701200000|100%| O|  |TAMS 0x0000000701000000, 0x0000000701000000| Untracked 
|   9|0x0000000701200000, 0x0000000701400000, 0x0000000701400000|100%| O|  |TAMS 0x0000000701200000, 0x0000000701200000| Untracked 
|  10|0x0000000701400000, 0x0000000701600000, 0x0000000701600000|100%| O|  |TAMS 0x0000000701400000, 0x0000000701400000| Untracked 
|  11|0x0000000701600000, 0x0000000701800000, 0x0000000701800000|100%| O|  |TAMS 0x0000000701600000, 0x0000000701600000| Untracked 
|  12|0x0000000701800000, 0x00000007019e4c00, 0x0000000701a00000| 94%| O|  |TAMS 0x0000000701800000, 0x0000000701800000| Untracked 
|  13|0x0000000701a00000, 0x0000000701a00000, 0x0000000701c00000|  0%| F|  |TAMS 0x0000000701a00000, 0x0000000701a00000| Untracked 
|  14|0x0000000701c00000, 0x0000000701c00000, 0x0000000701e00000|  0%| F|  |TAMS 0x0000000701c00000, 0x0000000701c00000| Untracked 
|  15|0x0000000701e00000, 0x0000000701e00000, 0x0000000702000000|  0%| F|  |TAMS 0x0000000701e00000, 0x0000000701e00000| Untracked 
|  16|0x0000000702000000, 0x0000000702000000, 0x0000000702200000|  0%| F|  |TAMS 0x0000000702000000, 0x0000000702000000| Untracked 
|  17|0x0000000702200000, 0x0000000702200000, 0x0000000702400000|  0%| F|  |TAMS 0x0000000702200000, 0x0000000702200000| Untracked 
|  18|0x0000000702400000, 0x0000000702400000, 0x0000000702600000|  0%| F|  |TAMS 0x0000000702400000, 0x0000000702400000| Untracked 
|  19|0x0000000702600000, 0x0000000702600000, 0x0000000702800000|  0%| F|  |TAMS 0x0000000702600000, 0x0000000702600000| Untracked 
|  20|0x0000000702800000, 0x0000000702800000, 0x0000000702a00000|  0%| F|  |TAMS 0x0000000702800000, 0x0000000702800000| Untracked 
|  21|0x0000000702a00000, 0x0000000702a00000, 0x0000000702c00000|  0%| F|  |TAMS 0x0000000702a00000, 0x0000000702a00000| Untracked 
|  22|0x0000000702c00000, 0x0000000702c00000, 0x0000000702e00000|  0%| F|  |TAMS 0x0000000702c00000, 0x0000000702c00000| Untracked 
|  23|0x0000000702e00000, 0x0000000702e00000, 0x0000000703000000|  0%| F|  |TAMS 0x0000000702e00000, 0x0000000702e00000| Untracked 
|  24|0x0000000703000000, 0x0000000703000000, 0x0000000703200000|  0%| F|  |TAMS 0x0000000703000000, 0x0000000703000000| Untracked 
|  25|0x0000000703200000, 0x0000000703200000, 0x0000000703400000|  0%| F|  |TAMS 0x0000000703200000, 0x0000000703200000| Untracked 
|  26|0x0000000703400000, 0x0000000703400000, 0x0000000703600000|  0%| F|  |TAMS 0x0000000703400000, 0x0000000703400000| Untracked 
|  27|0x0000000703600000, 0x0000000703600000, 0x0000000703800000|  0%| F|  |TAMS 0x0000000703600000, 0x0000000703600000| Untracked 
|  28|0x0000000703800000, 0x0000000703800000, 0x0000000703a00000|  0%| F|  |TAMS 0x0000000703800000, 0x0000000703800000| Untracked 
|  29|0x0000000703a00000, 0x0000000703a00000, 0x0000000703c00000|  0%| F|  |TAMS 0x0000000703a00000, 0x0000000703a00000| Untracked 
|  30|0x0000000703c00000, 0x0000000703c00000, 0x0000000703e00000|  0%| F|  |TAMS 0x0000000703c00000, 0x0000000703c00000| Untracked 
|  31|0x0000000703e00000, 0x0000000703e00000, 0x0000000704000000|  0%| F|  |TAMS 0x0000000703e00000, 0x0000000703e00000| Untracked 
|  32|0x0000000704000000, 0x0000000704000000, 0x0000000704200000|  0%| F|  |TAMS 0x0000000704000000, 0x0000000704000000| Untracked 
|  33|0x0000000704200000, 0x0000000704200000, 0x0000000704400000|  0%| F|  |TAMS 0x0000000704200000, 0x0000000704200000| Untracked 
|  34|0x0000000704400000, 0x0000000704400000, 0x0000000704600000|  0%| F|  |TAMS 0x0000000704400000, 0x0000000704400000| Untracked 
|  35|0x0000000704600000, 0x0000000704600000, 0x0000000704800000|  0%| F|  |TAMS 0x0000000704600000, 0x0000000704600000| Untracked 
|  36|0x0000000704800000, 0x0000000704800000, 0x0000000704a00000|  0%| F|  |TAMS 0x0000000704800000, 0x0000000704800000| Untracked 
|  37|0x0000000704a00000, 0x0000000704a00000, 0x0000000704c00000|  0%| F|  |TAMS 0x0000000704a00000, 0x0000000704a00000| Untracked 
|  38|0x0000000704c00000, 0x0000000704c00000, 0x0000000704e00000|  0%| F|  |TAMS 0x0000000704c00000, 0x0000000704c00000| Untracked 
|  39|0x0000000704e00000, 0x0000000704e00000, 0x0000000705000000|  0%| F|  |TAMS 0x0000000704e00000, 0x0000000704e00000| Untracked 
|  40|0x0000000705000000, 0x0000000705000000, 0x0000000705200000|  0%| F|  |TAMS 0x0000000705000000, 0x0000000705000000| Untracked 
|  41|0x0000000705200000, 0x0000000705200000, 0x0000000705400000|  0%| F|  |TAMS 0x0000000705200000, 0x0000000705200000| Untracked 
|  42|0x0000000705400000, 0x0000000705400000, 0x0000000705600000|  0%| F|  |TAMS 0x0000000705400000, 0x0000000705400000| Untracked 
|  43|0x0000000705600000, 0x0000000705600000, 0x0000000705800000|  0%| F|  |TAMS 0x0000000705600000, 0x0000000705600000| Untracked 
|  44|0x0000000705800000, 0x0000000705800000, 0x0000000705a00000|  0%| F|  |TAMS 0x0000000705800000, 0x0000000705800000| Untracked 
|  45|0x0000000705a00000, 0x0000000705a00000, 0x0000000705c00000|  0%| F|  |TAMS 0x0000000705a00000, 0x0000000705a00000| Untracked 
|  46|0x0000000705c00000, 0x0000000705c00000, 0x0000000705e00000|  0%| F|  |TAMS 0x0000000705c00000, 0x0000000705c00000| Untracked 
|  47|0x0000000705e00000, 0x0000000705e00000, 0x0000000706000000|  0%| F|  |TAMS 0x0000000705e00000, 0x0000000705e00000| Untracked 
|  48|0x0000000706000000, 0x0000000706000000, 0x0000000706200000|  0%| F|  |TAMS 0x0000000706000000, 0x0000000706000000| Untracked 
|  49|0x0000000706200000, 0x0000000706200000, 0x0000000706400000|  0%| F|  |TAMS 0x0000000706200000, 0x0000000706200000| Untracked 
|  50|0x0000000706400000, 0x0000000706400000, 0x0000000706600000|  0%| F|  |TAMS 0x0000000706400000, 0x0000000706400000| Untracked 
|  51|0x0000000706600000, 0x0000000706600000, 0x0000000706800000|  0%| F|  |TAMS 0x0000000706600000, 0x0000000706600000| Untracked 
|  52|0x0000000706800000, 0x0000000706820020, 0x0000000706a00000|  6%| S|CS|TAMS 0x0000000706800000, 0x0000000706800000| Complete 
|  53|0x0000000706a00000, 0x0000000706c00000, 0x0000000706c00000|100%| S|CS|TAMS 0x0000000706a00000, 0x0000000706a00000| Complete 
|  54|0x0000000706c00000, 0x0000000706c00000, 0x0000000706e00000|  0%| F|  |TAMS 0x0000000706c00000, 0x0000000706c00000| Untracked 
|  55|0x0000000706e00000, 0x0000000706e00000, 0x0000000707000000|  0%| F|  |TAMS 0x0000000706e00000, 0x0000000706e00000| Untracked 
|  56|0x0000000707000000, 0x0000000707000000, 0x0000000707200000|  0%| F|  |TAMS 0x0000000707000000, 0x0000000707000000| Untracked 
|  57|0x0000000707200000, 0x0000000707200000, 0x0000000707400000|  0%| F|  |TAMS 0x0000000707200000, 0x0000000707200000| Untracked 
|  58|0x0000000707400000, 0x0000000707400000, 0x0000000707600000|  0%| F|  |TAMS 0x0000000707400000, 0x0000000707400000| Untracked 
|  59|0x0000000707600000, 0x0000000707600000, 0x0000000707800000|  0%| F|  |TAMS 0x0000000707600000, 0x0000000707600000| Untracked 
|  60|0x0000000707800000, 0x0000000707800000, 0x0000000707a00000|  0%| F|  |TAMS 0x0000000707800000, 0x0000000707800000| Untracked 
|  61|0x0000000707a00000, 0x0000000707a00000, 0x0000000707c00000|  0%| F|  |TAMS 0x0000000707a00000, 0x0000000707a00000| Untracked 
|  62|0x0000000707c00000, 0x0000000707c00000, 0x0000000707e00000|  0%| F|  |TAMS 0x0000000707c00000, 0x0000000707c00000| Untracked 
|  63|0x0000000707e00000, 0x0000000707e00000, 0x0000000708000000|  0%| F|  |TAMS 0x0000000707e00000, 0x0000000707e00000| Untracked 
|  64|0x0000000708000000, 0x0000000708000000, 0x0000000708200000|  0%| F|  |TAMS 0x0000000708000000, 0x0000000708000000| Untracked 
|  65|0x0000000708200000, 0x0000000708200000, 0x0000000708400000|  0%| F|  |TAMS 0x0000000708200000, 0x0000000708200000| Untracked 
|  66|0x0000000708400000, 0x0000000708400000, 0x0000000708600000|  0%| F|  |TAMS 0x0000000708400000, 0x0000000708400000| Untracked 
|  67|0x0000000708600000, 0x0000000708600000, 0x0000000708800000|  0%| F|  |TAMS 0x0000000708600000, 0x0000000708600000| Untracked 
|  68|0x0000000708800000, 0x0000000708800000, 0x0000000708a00000|  0%| F|  |TAMS 0x0000000708800000, 0x0000000708800000| Untracked 
|  69|0x0000000708a00000, 0x0000000708a00000, 0x0000000708c00000|  0%| F|  |TAMS 0x0000000708a00000, 0x0000000708a00000| Untracked 
|  70|0x0000000708c00000, 0x0000000708c00000, 0x0000000708e00000|  0%| F|  |TAMS 0x0000000708c00000, 0x0000000708c00000| Untracked 
|  71|0x0000000708e00000, 0x0000000708e00000, 0x0000000709000000|  0%| F|  |TAMS 0x0000000708e00000, 0x0000000708e00000| Untracked 
|  72|0x0000000709000000, 0x0000000709000000, 0x0000000709200000|  0%| F|  |TAMS 0x0000000709000000, 0x0000000709000000| Untracked 
|  73|0x0000000709200000, 0x0000000709200000, 0x0000000709400000|  0%| F|  |TAMS 0x0000000709200000, 0x0000000709200000| Untracked 
|  74|0x0000000709400000, 0x0000000709400000, 0x0000000709600000|  0%| F|  |TAMS 0x0000000709400000, 0x0000000709400000| Untracked 
|  75|0x0000000709600000, 0x0000000709600000, 0x0000000709800000|  0%| F|  |TAMS 0x0000000709600000, 0x0000000709600000| Untracked 
|  76|0x0000000709800000, 0x0000000709800000, 0x0000000709a00000|  0%| F|  |TAMS 0x0000000709800000, 0x0000000709800000| Untracked 
|  77|0x0000000709a00000, 0x0000000709a00000, 0x0000000709c00000|  0%| F|  |TAMS 0x0000000709a00000, 0x0000000709a00000| Untracked 
|  78|0x0000000709c00000, 0x0000000709c00000, 0x0000000709e00000|  0%| F|  |TAMS 0x0000000709c00000, 0x0000000709c00000| Untracked 
|  79|0x0000000709e00000, 0x0000000709e00000, 0x000000070a000000|  0%| F|  |TAMS 0x0000000709e00000, 0x0000000709e00000| Untracked 
|  80|0x000000070a000000, 0x000000070a000000, 0x000000070a200000|  0%| F|  |TAMS 0x000000070a000000, 0x000000070a000000| Untracked 
|  81|0x000000070a200000, 0x000000070a200000, 0x000000070a400000|  0%| F|  |TAMS 0x000000070a200000, 0x000000070a200000| Untracked 
|  82|0x000000070a400000, 0x000000070a400000, 0x000000070a600000|  0%| F|  |TAMS 0x000000070a400000, 0x000000070a400000| Untracked 
|  83|0x000000070a600000, 0x000000070a600000, 0x000000070a800000|  0%| F|  |TAMS 0x000000070a600000, 0x000000070a600000| Untracked 
|  84|0x000000070a800000, 0x000000070a800000, 0x000000070aa00000|  0%| F|  |TAMS 0x000000070a800000, 0x000000070a800000| Untracked 
|  85|0x000000070aa00000, 0x000000070aa00000, 0x000000070ac00000|  0%| F|  |TAMS 0x000000070aa00000, 0x000000070aa00000| Untracked 
|  86|0x000000070ac00000, 0x000000070ac00000, 0x000000070ae00000|  0%| F|  |TAMS 0x000000070ac00000, 0x000000070ac00000| Untracked 
|  87|0x000000070ae00000, 0x000000070ae00000, 0x000000070b000000|  0%| F|  |TAMS 0x000000070ae00000, 0x000000070ae00000| Untracked 
|  88|0x000000070b000000, 0x000000070b000000, 0x000000070b200000|  0%| F|  |TAMS 0x000000070b000000, 0x000000070b000000| Untracked 
|  89|0x000000070b200000, 0x000000070b200000, 0x000000070b400000|  0%| F|  |TAMS 0x000000070b200000, 0x000000070b200000| Untracked 
|  90|0x000000070b400000, 0x000000070b400000, 0x000000070b600000|  0%| F|  |TAMS 0x000000070b400000, 0x000000070b400000| Untracked 
|  91|0x000000070b600000, 0x000000070b600000, 0x000000070b800000|  0%| F|  |TAMS 0x000000070b600000, 0x000000070b600000| Untracked 
|  92|0x000000070b800000, 0x000000070b800000, 0x000000070ba00000|  0%| F|  |TAMS 0x000000070b800000, 0x000000070b800000| Untracked 
|  93|0x000000070ba00000, 0x000000070ba00000, 0x000000070bc00000|  0%| F|  |TAMS 0x000000070ba00000, 0x000000070ba00000| Untracked 
|  94|0x000000070bc00000, 0x000000070bc00000, 0x000000070be00000|  0%| F|  |TAMS 0x000000070bc00000, 0x000000070bc00000| Untracked 
|  95|0x000000070be00000, 0x000000070be00000, 0x000000070c000000|  0%| F|  |TAMS 0x000000070be00000, 0x000000070be00000| Untracked 
|  96|0x000000070c000000, 0x000000070c000000, 0x000000070c200000|  0%| F|  |TAMS 0x000000070c000000, 0x000000070c000000| Untracked 
|  97|0x000000070c200000, 0x000000070c200000, 0x000000070c400000|  0%| F|  |TAMS 0x000000070c200000, 0x000000070c200000| Untracked 
|  98|0x000000070c400000, 0x000000070c400000, 0x000000070c600000|  0%| F|  |TAMS 0x000000070c400000, 0x000000070c400000| Untracked 
|  99|0x000000070c600000, 0x000000070c600000, 0x000000070c800000|  0%| F|  |TAMS 0x000000070c600000, 0x000000070c600000| Untracked 
| 100|0x000000070c800000, 0x000000070c800000, 0x000000070ca00000|  0%| F|  |TAMS 0x000000070c800000, 0x000000070c800000| Untracked 
| 101|0x000000070ca00000, 0x000000070ca00000, 0x000000070cc00000|  0%| F|  |TAMS 0x000000070ca00000, 0x000000070ca00000| Untracked 
| 102|0x000000070cc00000, 0x000000070cc00000, 0x000000070ce00000|  0%| F|  |TAMS 0x000000070cc00000, 0x000000070cc00000| Untracked 
| 103|0x000000070ce00000, 0x000000070ce00000, 0x000000070d000000|  0%| F|  |TAMS 0x000000070ce00000, 0x000000070ce00000| Untracked 
| 104|0x000000070d000000, 0x000000070d000000, 0x000000070d200000|  0%| F|  |TAMS 0x000000070d000000, 0x000000070d000000| Untracked 
| 105|0x000000070d200000, 0x000000070d200000, 0x000000070d400000|  0%| F|  |TAMS 0x000000070d200000, 0x000000070d200000| Untracked 
| 106|0x000000070d400000, 0x000000070d400000, 0x000000070d600000|  0%| F|  |TAMS 0x000000070d400000, 0x000000070d400000| Untracked 
| 107|0x000000070d600000, 0x000000070d600000, 0x000000070d800000|  0%| F|  |TAMS 0x000000070d600000, 0x000000070d600000| Untracked 
| 108|0x000000070d800000, 0x000000070d800000, 0x000000070da00000|  0%| F|  |TAMS 0x000000070d800000, 0x000000070d800000| Untracked 
| 109|0x000000070da00000, 0x000000070da00000, 0x000000070dc00000|  0%| F|  |TAMS 0x000000070da00000, 0x000000070da00000| Untracked 
| 110|0x000000070dc00000, 0x000000070dc00000, 0x000000070de00000|  0%| F|  |TAMS 0x000000070dc00000, 0x000000070dc00000| Untracked 
| 111|0x000000070de00000, 0x000000070de00000, 0x000000070e000000|  0%| F|  |TAMS 0x000000070de00000, 0x000000070de00000| Untracked 
| 112|0x000000070e000000, 0x000000070e1a1430, 0x000000070e200000| 81%| E|  |TAMS 0x000000070e000000, 0x000000070e000000| Complete 
| 113|0x000000070e200000, 0x000000070e400000, 0x000000070e400000|100%| E|CS|TAMS 0x000000070e200000, 0x000000070e200000| Complete 
| 114|0x000000070e400000, 0x000000070e600000, 0x000000070e600000|100%| E|CS|TAMS 0x000000070e400000, 0x000000070e400000| Complete 
| 115|0x000000070e600000, 0x000000070e800000, 0x000000070e800000|100%| E|CS|TAMS 0x000000070e600000, 0x000000070e600000| Complete 
| 116|0x000000070e800000, 0x000000070ea00000, 0x000000070ea00000|100%| E|CS|TAMS 0x000000070e800000, 0x000000070e800000| Complete 
| 117|0x000000070ea00000, 0x000000070ec00000, 0x000000070ec00000|100%| E|CS|TAMS 0x000000070ea00000, 0x000000070ea00000| Complete 
| 118|0x000000070ec00000, 0x000000070ee00000, 0x000000070ee00000|100%| E|CS|TAMS 0x000000070ec00000, 0x000000070ec00000| Complete 
| 119|0x000000070ee00000, 0x000000070f000000, 0x000000070f000000|100%| E|CS|TAMS 0x000000070ee00000, 0x000000070ee00000| Complete 
| 120|0x000000070f000000, 0x000000070f200000, 0x000000070f200000|100%| E|CS|TAMS 0x000000070f000000, 0x000000070f000000| Complete 
| 121|0x000000070f200000, 0x000000070f400000, 0x000000070f400000|100%| E|CS|TAMS 0x000000070f200000, 0x000000070f200000| Complete 
| 122|0x000000070f400000, 0x000000070f600000, 0x000000070f600000|100%| E|CS|TAMS 0x000000070f400000, 0x000000070f400000| Complete 
| 123|0x000000070f600000, 0x000000070f800000, 0x000000070f800000|100%| E|CS|TAMS 0x000000070f600000, 0x000000070f600000| Complete 
| 124|0x000000070f800000, 0x000000070fa00000, 0x000000070fa00000|100%| E|CS|TAMS 0x000000070f800000, 0x000000070f800000| Complete 
| 125|0x000000070fa00000, 0x000000070fc00000, 0x000000070fc00000|100%| E|CS|TAMS 0x000000070fa00000, 0x000000070fa00000| Complete 
| 126|0x000000070fc00000, 0x000000070fe00000, 0x000000070fe00000|100%| E|CS|TAMS 0x000000070fc00000, 0x000000070fc00000| Complete 
| 127|0x000000070fe00000, 0x0000000710000000, 0x0000000710000000|100%| E|CS|TAMS 0x000000070fe00000, 0x000000070fe00000| Complete 
|2046|0x00000007ffc00000, 0x00000007ffd78000, 0x00000007ffe00000| 73%|OA|  |TAMS 0x00000007ffc00000, 0x00000007ffc00000| Untracked 
|2047|0x00000007ffe00000, 0x00000007ffe80000, 0x0000000800000000| 25%|CA|  |TAMS 0x00000007ffe00000, 0x00000007ffe00000| Untracked 

Card table byte_map: [0x0000000119520000,0x0000000119d20000] _byte_map_base: 0x0000000115d20000

Marking Bits (Prev, Next): (CMBitMap*) 0x000000015382d410, (CMBitMap*) 0x000000015382d450
 Prev Bits: [0x000000011a520000, 0x000000011e520000)
 Next Bits: [0x000000011e520000, 0x0000000122520000)

Polling page: 0x0000000100d6c000

Metaspace:

Usage:
  Non-class:      9.89 MB used.
      Class:      1.31 MB used.
       Both:     11.20 MB used.

Virtual space:
  Non-class space:       16.00 MB reserved,      10.00 MB ( 62%) committed,  2 nodes.
      Class space:        1.00 GB reserved,       1.38 MB ( <1%) committed,  1 nodes.
             Both:        1.02 GB reserved,      11.38 MB (  1%) committed. 

Chunk freelists:
   Non-Class:  2.02 MB
       Class:  2.52 MB
        Both:  4.53 MB

MaxMetaspaceSize: unlimited
CompressedClassSpaceSize: 1.00 GB
Initial GC threshold: 21.00 MB
Current GC threshold: 21.00 MB
CDS: on
MetaspaceReclaimPolicy: balanced
 - commit_granule_bytes: 65536.
 - commit_granule_words: 8192.
 - virtual_space_node_default_size: 1048576.
 - enlarge_chunks_in_place: 1.
 - new_chunks_are_fully_committed: 0.
 - uncommit_free_chunks: 1.
 - use_allocation_guard: 0.
 - handle_deallocations: 1.


Internal statistics:

num_allocs_failed_limit: 0.
num_arena_births: 126.
num_arena_deaths: 0.
num_vsnodes_births: 3.
num_vsnodes_deaths: 0.
num_space_committed: 182.
num_space_uncommitted: 0.
num_chunks_returned_to_freelist: 0.
num_chunks_taken_from_freelist: 426.
num_chunk_merges: 0.
num_chunk_splits: 302.
num_chunks_enlarged: 247.
num_purges: 0.
num_inconsistent_stats: 0.

CodeHeap 'non-profiled nmethods': size=120032Kb used=2146Kb max_used=2146Kb free=117885Kb
 bounds [0x0000000111fe8000, 0x0000000112258000, 0x0000000119520000]
CodeHeap 'profiled nmethods': size=120016Kb used=6395Kb max_used=6395Kb free=113620Kb
 bounds [0x000000010aab4000, 0x000000010b0f4000, 0x0000000111fe8000]
CodeHeap 'non-nmethods': size=5712Kb used=1330Kb max_used=1475Kb free=4381Kb
 bounds [0x000000010a520000, 0x000000010a790000, 0x000000010aab4000]
 total_blobs=3837 nmethods=3133 adapters=620
 compilation: enabled
              stopped_count=0, restarted_count=0
 full_count=0

Compilation events (20 events):
Event: 17.624 Thread 0x000000014180f600 20252       4       java.util.WeakHashMap::size (18 bytes)
Event: 17.632 Thread 0x000000014180f600 nmethod 20252 0x00000001121fdb90 code [0x00000001121fdd80, 0x00000001121fe350]
Event: 17.787 Thread 0x0000000141808c00 20253       3       com.sun.javafx.scene.input.PickResultChooser::toPickResult (41 bytes)
Event: 17.788 Thread 0x0000000141808c00 nmethod 20253 0x000000010b0ee290 code [0x000000010b0ee440, 0x000000010b0ee698]
Event: 17.793 Thread 0x0000000141808c00 20254       3       com.sun.javafx.geom.PickRay::computePerspectivePickRay (185 bytes)
Event: 17.794 Thread 0x0000000141808c00 nmethod 20254 0x000000010b0ee790 code [0x000000010b0eea00, 0x000000010b0ef1d8]
Event: 17.794 Thread 0x0000000141808c00 20255       3       com.sun.javafx.geom.PickRay::<init> (39 bytes)
Event: 17.794 Thread 0x0000000141808c00 nmethod 20255 0x000000010b0ef690 code [0x000000010b0ef8c0, 0x000000010b0efd68]
Event: 17.794 Thread 0x0000000141808c00 20256       3       com.sun.javafx.geom.PickRay::transform (27 bytes)
Event: 17.794 Thread 0x0000000141808c00 nmethod 20256 0x000000010b0eff10 code [0x000000010b0f00c0, 0x000000010b0f0408]
Event: 17.794 Thread 0x0000000141808c00 20257       3       com.sun.javafx.geom.transform.Affine3D::deltaTransform (126 bytes)
Event: 17.795 Thread 0x0000000141808c00 nmethod 20257 0x000000010b0f0510 code [0x000000010b0f0700, 0x000000010b0f0ad8]
Event: 17.795 Thread 0x0000000141808c00 20258       3       com.sun.javafx.geom.Vec3d::normalize (38 bytes)
Event: 17.795 Thread 0x0000000141808c00 nmethod 20258 0x000000010b0f0c90 code [0x000000010b0f0e40, 0x000000010b0f1018]
Event: 17.818 Thread 0x0000000141808c00 20259       3       javafx.scene.Scene::isInScene (71 bytes)
Event: 17.819 Thread 0x0000000141808c00 nmethod 20259 0x000000010b0f1110 code [0x000000010b0f1440, 0x000000010b0f28a8]
Event: 18.404 Thread 0x000000014180f600 20412       4       com.sun.javafx.sg.prism.NGNode::setTransformMatrix (280 bytes)
Event: 18.413 Thread 0x000000014180f600 nmethod 20412 0x00000001121fe510 code [0x00000001121fe940, 0x00000001121ffab0]
Event: 19.290 Thread 0x000000014180f600 21328       4       java.util.concurrent.locks.AbstractQueuedSynchronizer::signalNext (34 bytes)
Event: 19.293 Thread 0x000000014180f600 nmethod 21328 0x0000000112200590 code [0x0000000112200740, 0x00000001122008b0]

GC Heap History (18 events):
Event: 1.914 GC heap before
{Heap before GC invocations=0 (full 0):
 garbage-first heap   total 266240K, used 24544K [0x0000000700000000, 0x0000000800000000)
  region size 2048K, 11 young (22528K), 0 survivors (0K)
 Metaspace       used 6519K, committed 6656K, reserved 1056768K
  class space    used 783K, committed 832K, reserved 1048576K
}
Event: 1.919 GC heap after
{Heap after GC invocations=1 (full 0):
 garbage-first heap   total 266240K, used 5230K [0x0000000700000000, 0x0000000800000000)
  region size 2048K, 2 young (4096K), 2 survivors (4096K)
 Metaspace       used 6519K, committed 6656K, reserved 1056768K
  class space    used 783K, committed 832K, reserved 1048576K
}
Event: 4.831 GC heap before
{Heap before GC invocations=1 (full 0):
 garbage-first heap   total 266240K, used 58478K [0x0000000700000000, 0x0000000800000000)
  region size 2048K, 28 young (57344K), 2 survivors (4096K)
 Metaspace       used 7727K, committed 7872K, reserved 1056768K
  class space    used 886K, committed 960K, reserved 1048576K
}
Event: 4.839 GC heap after
{Heap after GC invocations=2 (full 0):
 garbage-first heap   total 266240K, used 15136K [0x0000000700000000, 0x0000000800000000)
  region size 2048K, 4 young (8192K), 4 survivors (8192K)
 Metaspace       used 7727K, committed 7872K, reserved 1056768K
  class space    used 886K, committed 960K, reserved 1048576K
}
Event: 5.372 GC heap before
{Heap before GC invocations=2 (full 0):
 garbage-first heap   total 266240K, used 49952K [0x0000000700000000, 0x0000000800000000)
  region size 2048K, 21 young (43008K), 4 survivors (8192K)
 Metaspace       used 10790K, committed 10944K, reserved 1064960K
  class space    used 1288K, committed 1344K, reserved 1048576K
}
Event: 5.380 GC heap after
{Heap after GC invocations=3 (full 0):
 garbage-first heap   total 266240K, used 28975K [0x0000000700000000, 0x0000000800000000)
  region size 2048K, 3 young (6144K), 3 survivors (6144K)
 Metaspace       used 10790K, committed 10944K, reserved 1064960K
  class space    used 1288K, committed 1344K, reserved 1048576K
}
Event: 7.241 GC heap before
{Heap before GC invocations=3 (full 0):
 garbage-first heap   total 266240K, used 53551K [0x0000000700000000, 0x0000000800000000)
  region size 2048K, 15 young (30720K), 3 survivors (6144K)
 Metaspace       used 11277K, committed 11456K, reserved 1064960K
  class space    used 1339K, committed 1408K, reserved 1048576K
}
Event: 7.246 GC heap after
{Heap after GC invocations=4 (full 0):
 garbage-first heap   total 266240K, used 31102K [0x0000000700000000, 0x0000000800000000)
  region size 2048K, 2 young (4096K), 2 survivors (4096K)
 Metaspace       used 11277K, committed 11456K, reserved 1064960K
  class space    used 1339K, committed 1408K, reserved 1048576K
}
Event: 7.554 GC heap before
{Heap before GC invocations=4 (full 0):
 garbage-first heap   total 266240K, used 76158K [0x0000000700000000, 0x0000000800000000)
  region size 2048K, 24 young (49152K), 2 survivors (4096K)
 Metaspace       used 11316K, committed 11456K, reserved 1064960K
  class space    used 1343K, committed 1408K, reserved 1048576K
}
Event: 7.556 GC heap after
{Heap after GC invocations=5 (full 0):
 garbage-first heap   total 266240K, used 30764K [0x0000000700000000, 0x0000000800000000)
  region size 2048K, 2 young (4096K), 2 survivors (4096K)
 Metaspace       used 11316K, committed 11456K, reserved 1064960K
  class space    used 1343K, committed 1408K, reserved 1048576K
}
Event: 10.663 GC heap before
{Heap before GC invocations=5 (full 0):
 garbage-first heap   total 266240K, used 114732K [0x0000000700000000, 0x0000000800000000)
  region size 2048K, 43 young (88064K), 2 survivors (4096K)
 Metaspace       used 11368K, committed 11520K, reserved 1064960K
  class space    used 1343K, committed 1408K, reserved 1048576K
}
Event: 10.664 GC heap after
{Heap after GC invocations=6 (full 0):
 garbage-first heap   total 266240K, used 30711K [0x0000000700000000, 0x0000000800000000)
  region size 2048K, 2 young (4096K), 2 survivors (4096K)
 Metaspace       used 11368K, committed 11520K, reserved 1064960K
  class space    used 1343K, committed 1408K, reserved 1048576K
}
Event: 14.324 GC heap before
{Heap before GC invocations=6 (full 0):
 garbage-first heap   total 266240K, used 147447K [0x0000000700000000, 0x0000000800000000)
  region size 2048K, 59 young (120832K), 2 survivors (4096K)
 Metaspace       used 11400K, committed 11520K, reserved 1064960K
  class space    used 1343K, committed 1408K, reserved 1048576K
}
Event: 14.329 GC heap after
{Heap after GC invocations=7 (full 0):
 garbage-first heap   total 266240K, used 30579K [0x0000000700000000, 0x0000000800000000)
  region size 2048K, 1 young (2048K), 1 survivors (2048K)
 Metaspace       used 11400K, committed 11520K, reserved 1064960K
  class space    used 1343K, committed 1408K, reserved 1048576K
}
Event: 15.495 GC heap before
{Heap before GC invocations=7 (full 0):
 garbage-first heap   total 266240K, used 184179K [0x0000000700000000, 0x0000000800000000)
  region size 2048K, 76 young (155648K), 1 survivors (2048K)
 Metaspace       used 11422K, committed 11584K, reserved 1064960K
  class space    used 1343K, committed 1408K, reserved 1048576K
}
Event: 15.496 GC heap after
{Heap after GC invocations=8 (full 0):
 garbage-first heap   total 266240K, used 30779K [0x0000000700000000, 0x0000000800000000)
  region size 2048K, 2 young (4096K), 2 survivors (4096K)
 Metaspace       used 11422K, committed 11584K, reserved 1064960K
  class space    used 1343K, committed 1408K, reserved 1048576K
}
Event: 18.383 GC heap before
{Heap before GC invocations=8 (full 0):
 garbage-first heap   total 266240K, used 182331K [0x0000000700000000, 0x0000000800000000)
  region size 2048K, 76 young (155648K), 2 survivors (4096K)
 Metaspace       used 11470K, committed 11648K, reserved 1064960K
  class space    used 1343K, committed 1408K, reserved 1048576K
}
Event: 18.385 GC heap after
{Heap after GC invocations=9 (full 0):
 garbage-first heap   total 266240K, used 30707K [0x0000000700000000, 0x0000000800000000)
  region size 2048K, 2 young (4096K), 2 survivors (4096K)
 Metaspace       used 11470K, committed 11648K, reserved 1064960K
  class space    used 1343K, committed 1408K, reserved 1048576K
}

Deoptimization events (20 events):
Event: 7.264 Thread 0x00000001419d0200 DEOPT PACKING pc=0x00000001121864c0 sp=0x000000016f112b70
Event: 7.264 Thread 0x00000001419d0200 DEOPT UNPACKING pc=0x000000010a55ed1c sp=0x000000016f112aa0 mode 2
Event: 7.264 Thread 0x00000001538f4800 Uncommon trap: trap_request=0xffffffc6 fr.pc=0x000000011215c894 relative=0x0000000000000354
Event: 7.264 Thread 0x00000001538f4800 Uncommon trap: reason=bimorphic_or_optimized_type_check action=maybe_recompile pc=0x000000011215c894 method=com.sun.javafx.sg.prism.NGNode.render(Lcom/sun/prism/Graphics;)V @ 13 c2
Event: 7.264 Thread 0x00000001538f4800 DEOPT PACKING pc=0x000000011215c894 sp=0x0000000171dae4d0
Event: 7.264 Thread 0x00000001538f4800 DEOPT UNPACKING pc=0x000000010a55ed1c sp=0x0000000171dae470 mode 2
Event: 7.264 Thread 0x00000001538f4800 Uncommon trap: trap_request=0xffffffc6 fr.pc=0x0000000112167f58 relative=0x00000000000009d8
Event: 7.264 Thread 0x00000001538f4800 Uncommon trap: reason=bimorphic_or_optimized_type_check action=maybe_recompile pc=0x0000000112167f58 method=com.sun.javafx.sg.prism.NGNode.doRender(Lcom/sun/prism/Graphics;)V @ 2 c2
Event: 7.264 Thread 0x00000001538f4800 DEOPT PACKING pc=0x0000000112167f58 sp=0x0000000171dae3a0
Event: 7.264 Thread 0x00000001538f4800 DEOPT UNPACKING pc=0x000000010a55ed1c sp=0x0000000171dae250 mode 2
Event: 7.305 Thread 0x00000001419d0200 Uncommon trap: trap_request=0xffffffde fr.pc=0x00000001121149c0 relative=0x0000000000000240
Event: 7.305 Thread 0x00000001419d0200 Uncommon trap: reason=class_check action=maybe_recompile pc=0x00000001121149c0 method=com.sun.javafx.sg.prism.NGNode.setTransformMatrix(Lcom/sun/javafx/geom/transform/BaseTransform;)V @ 5 c2
Event: 7.305 Thread 0x00000001419d0200 DEOPT PACKING pc=0x00000001121149c0 sp=0x000000016f112e20
Event: 7.305 Thread 0x00000001419d0200 DEOPT UNPACKING pc=0x000000010a55ed1c sp=0x000000016f112db0 mode 2
Event: 7.490 Thread 0x00000001419d0200 DEOPT PACKING pc=0x000000010b063048 sp=0x000000016f113100
Event: 7.490 Thread 0x00000001419d0200 DEOPT UNPACKING pc=0x000000010a55eb7c sp=0x000000016f112dc0 mode 0
Event: 7.518 Thread 0x00000001538f4800 DEOPT PACKING pc=0x000000010b06ac28 sp=0x0000000171dae2e0
Event: 7.518 Thread 0x00000001538f4800 DEOPT UNPACKING pc=0x000000010a55eb7c sp=0x0000000171dadfe0 mode 0
Event: 7.541 Thread 0x00000001538f4800 DEOPT PACKING pc=0x000000010b06dc50 sp=0x0000000171dae500
Event: 7.541 Thread 0x00000001538f4800 DEOPT UNPACKING pc=0x000000010a55eb7c sp=0x0000000171dae1d0 mode 0

Classes unloaded (0 events):
No events

Classes redefined (0 events):
No events

Internal exceptions (20 events):
Event: 0.103 Thread 0x0000000153008e00 Exception <a 'java/lang/NoSuchMethodError'{0x000000070f98c5c8}: 'java.lang.Object java.lang.invoke.DirectMethodHandle$Holder.invokeStaticInit(java.lang.Object)'> (0x000000070f98c5c8) 
thrown [open/src/hotspot/share/interpreter/linkResolver.cpp, line 766]
Event: 0.104 Thread 0x0000000153008e00 Exception <a 'java/lang/NoSuchMethodError'{0x000000070f993908}: 'void java.lang.invoke.DirectMethodHandle$Holder.invokeStatic(java.lang.Object, java.lang.Object)'> (0x000000070f993908) 
thrown [open/src/hotspot/share/interpreter/linkResolver.cpp, line 766]
Event: 0.131 Thread 0x0000000153008e00 Exception <a 'java/lang/NoSuchMethodError'{0x000000070f40c650}: 'void java.lang.invoke.DirectMethodHandle$Holder.invokeSpecial(java.lang.Object, java.lang.Object, java.lang.Object)'> (0x000000070f40c650) 
thrown [open/src/hotspot/share/interpreter/linkResolver.cpp, line 766]
Event: 0.136 Thread 0x0000000153008e00 Exception <a 'java/lang/NoSuchMethodError'{0x000000070f449630}: 'void java.lang.invoke.DirectMethodHandle$Holder.invokeStatic(java.lang.Object, java.lang.Object, java.lang.Object)'> (0x000000070f449630) 
thrown [open/src/hotspot/share/interpreter/linkResolver.cpp, line 766]
Event: 0.181 Thread 0x0000000153008e00 Exception <a 'java/lang/NoSuchMethodError'{0x000000070f465e88}: 'int java.lang.invoke.DirectMethodHandle$Holder.invokeStaticInit(java.lang.Object, java.lang.Object, java.lang.Object)'> (0x000000070f465e88) 
thrown [open/src/hotspot/share/interpreter/linkResolver.cpp, line 766]
Event: 0.268 Thread 0x00000001419d0200 Exception <a 'java/lang/NoSuchMethodError'{0x000000070f18e8b8}: 'void java.lang.invoke.DirectMethodHandle$Holder.invokeStaticInit(java.lang.Object)'> (0x000000070f18e8b8) 
thrown [open/src/hotspot/share/interpreter/linkResolver.cpp, line 766]
Event: 0.269 Thread 0x0000000153008e00 Exception <a 'java/lang/NoSuchMethodError'{0x000000070f26d680}: 'java.lang.Object java.lang.invoke.DirectMethodHandle$Holder.newInvokeSpecial(java.lang.Object, java.lang.Object, java.lang.Object, java.lang.Object, java.lang.Object, java.lang.Object)'> (0x000000070f26d680) 
thrown [open/src/hotspot/share/interpreter/linkResolver.cpp, line 766]
Event: 0.274 Thread 0x0000000153008e00 Exception <a 'java/lang/NoSuchMethodError'{0x000000070f1f1448}: 'java.lang.Object java.lang.invoke.DirectMethodHandle$Holder.newInvokeSpecial(java.lang.Object, java.lang.Object, java.lang.Object, java.lang.Object, java.lang.Object)'> (0x000000070f1f1448) 
thrown [open/src/hotspot/share/interpreter/linkResolver.cpp, line 766]
Event: 0.275 Thread 0x0000000141a26200 Exception <a 'java/lang/NoSuchMethodError'{0x000000070ee78838}: 'void java.lang.invoke.DirectMethodHandle$Holder.invokeStatic(java.lang.Object, java.lang.Object, java.lang.Object, java.lang.Object)'> (0x000000070ee78838) 
thrown [open/src/hotspot/share/interpreter/linkResolver.cpp, line 766]
Event: 0.292 Thread 0x00000001419d0200 Exception <a 'java/lang/NoSuchMethodError'{0x000000070edd61c0}: 'java.lang.Object java.lang.invoke.DirectMethodHandle$Holder.invokeStaticInit(java.lang.Object, java.lang.Object, java.lang.Object, java.lang.Object)'> (0x000000070edd61c0) 
thrown [open/src/hotspot/share/interpreter/linkResolver.cpp, line 766]
Event: 4.759 Thread 0x00000001419d0200 Exception <a 'java/lang/NullPointerException'{0x000000070d22e170}> (0x000000070d22e170) 
thrown [open/src/hotspot/share/interpreter/linkResolver.cpp, line 1357]
Event: 4.891 Thread 0x00000001419d0200 Implicit null exception at 0x00000001120c4bfc to 0x00000001120c5140
Event: 4.936 Thread 0x00000001419d0200 Exception <a 'java/lang/NoSuchMethodError'{0x000000070f1312a0}: 'java.lang.Object java.lang.invoke.DirectMethodHandle$Holder.newInvokeSpecial(java.lang.Object, java.lang.Object, int)'> (0x000000070f1312a0) 
thrown [open/src/hotspot/share/interpreter/linkResolver.cpp, line 766]
Event: 4.966 Thread 0x00000001419d0200 Exception <a 'java/lang/NoSuchMethodError'{0x000000070f15a020}: 'long java.lang.invoke.DirectMethodHandle$Holder.invokeStatic(java.lang.Object, java.lang.Object, java.lang.Object)'> (0x000000070f15a020) 
thrown [open/src/hotspot/share/interpreter/linkResolver.cpp, line 766]
Event: 4.966 Thread 0x00000001419d0200 Exception <a 'java/lang/NoSuchMethodError'{0x000000070f15d7c8}: 'long java.lang.invoke.DirectMethodHandle$Holder.invokeStaticInit(java.lang.Object, java.lang.Object, java.lang.Object)'> (0x000000070f15d7c8) 
thrown [open/src/hotspot/share/interpreter/linkResolver.cpp, line 766]
Event: 4.967 Thread 0x00000001419d0200 Exception <a 'java/lang/NoSuchMethodError'{0x000000070f175748}: 'java.lang.Object java.lang.invoke.DirectMethodHandle$Holder.newInvokeSpecial(java.lang.Object, java.lang.Object, long)'> (0x000000070f175748) 
thrown [open/src/hotspot/share/interpreter/linkResolver.cpp, line 766]
Event: 4.967 Thread 0x00000001419d0200 Exception <a 'java/lang/NoSuchMethodError'{0x000000070f179010}: 'java.lang.Object java.lang.invoke.Invokers$Holder.linkToTargetMethod(java.lang.Object, long, java.lang.Object)'> (0x000000070f179010) 
thrown [open/src/hotspot/share/interpreter/linkResolver.cpp, line 766]
Event: 4.982 Thread 0x00000001419d0200 Implicit null exception at 0x00000001120fb0b4 to 0x00000001120fb4f0
Event: 5.015 Thread 0x00000001538f4800 Exception <a 'java/lang/NoSuchMethodError'{0x000000070e660eb8}: 'int java.lang.invoke.DirectMethodHandle$Holder.invokeStaticInit(java.lang.Object, java.lang.Object)'> (0x000000070e660eb8) 
thrown [open/src/hotspot/share/interpreter/linkResolver.cpp, line 766]
Event: 7.077 Thread 0x00000001419d0200 Exception <a 'java/lang/NoSuchMethodError'{0x000000070f6bb988}: 'java.lang.Object java.lang.invoke.DirectMethodHandle$Holder.newInvokeSpecial(java.lang.Object, java.lang.Object, int, java.lang.Object, double, double, double, double, double, double, int, int, int, int, int, int, int, int)'> (0x000000070f6bb988) 
thrown [open/src/hotspot/share/interpreter/linkResolver.cpp, line 766]

VM Operations (20 events):
Event: 10.569 Executing VM operation: Cleanup
Event: 10.569 Executing VM operation: Cleanup done
Event: 10.663 Executing VM operation: G1CollectForAllocation
Event: 10.664 Executing VM operation: G1CollectForAllocation done
Event: 11.669 Executing VM operation: Cleanup
Event: 11.669 Executing VM operation: Cleanup done
Event: 12.674 Executing VM operation: Cleanup
Event: 12.674 Executing VM operation: Cleanup done
Event: 14.324 Executing VM operation: G1CollectForAllocation
Event: 14.329 Executing VM operation: G1CollectForAllocation done
Event: 15.330 Executing VM operation: Cleanup
Event: 15.330 Executing VM operation: Cleanup done
Event: 15.495 Executing VM operation: G1CollectForAllocation
Event: 15.496 Executing VM operation: G1CollectForAllocation done
Event: 16.501 Executing VM operation: Cleanup
Event: 16.501 Executing VM operation: Cleanup done
Event: 17.506 Executing VM operation: Cleanup
Event: 17.506 Executing VM operation: Cleanup done
Event: 18.383 Executing VM operation: G1CollectForAllocation
Event: 18.385 Executing VM operation: G1CollectForAllocation done

Events (20 events):
Event: 6.423 Protecting memory [0x0000000172c98000,0x0000000172ca4000] with protection modes 3
Event: 6.423 Thread 0x0000000151b34c00 Thread exited: 0x0000000151b34c00
Event: 6.532 loading class jdk/internal/ref/CleanerImpl$InnocuousThreadFactory
Event: 6.532 loading class jdk/internal/ref/CleanerImpl$InnocuousThreadFactory done
Event: 6.533 Thread 0x0000000141b49800 Thread added: 0x0000000141b49800
Event: 6.533 Protecting memory [0x0000000172c98000,0x0000000172ca4000] with protection modes 0
Event: 6.538 loading class sun/misc/Unsafe
Event: 6.538 loading class sun/misc/Unsafe done
Event: 6.538 loading class jdk/internal/reflect/UnsafeFieldAccessorFactory
Event: 6.538 loading class jdk/internal/reflect/UnsafeFieldAccessorFactory done
Event: 6.539 loading class jdk/internal/reflect/UnsafeQualifiedStaticObjectFieldAccessorImpl
Event: 6.539 loading class jdk/internal/reflect/UnsafeQualifiedStaticFieldAccessorImpl
Event: 6.539 loading class jdk/internal/reflect/UnsafeQualifiedStaticFieldAccessorImpl done
Event: 6.539 loading class jdk/internal/reflect/UnsafeQualifiedStaticObjectFieldAccessorImpl done
Event: 7.171 Thread 0x0000000152ab8400 Thread added: 0x0000000152ab8400
Event: 7.171 Protecting memory [0x00000001740a8000,0x00000001740b4000] with protection modes 0
Event: 7.895 Protecting memory [0x00000001740a8000,0x00000001740b4000] with protection modes 3
Event: 7.895 Thread 0x0000000152ab8400 Thread exited: 0x0000000152ab8400
Event: 10.849 Protecting memory [0x000000017137c000,0x0000000171388000] with protection modes 3
Event: 10.849 Thread 0x0000000153009400 Thread exited: 0x0000000153009400


Dynamic libraries:
0x0000000100d1c000 	/Library/Java/JavaVirtualMachines/jdk-17.0.3.jdk/Contents/Home/lib/libjli.dylib
0x000000018df10000 	/usr/lib/libz.1.dylib
0x000000018dfc7000 	/usr/lib/libSystem.B.dylib
0x000000018dfc1000 	/usr/lib/system/libcache.dylib
0x000000018df7f000 	/usr/lib/system/libcommonCrypto.dylib
0x000000018dfa8000 	/usr/lib/system/libcompiler_rt.dylib
0x000000018df9f000 	/usr/lib/system/libcopyfile.dylib
0x0000000183207000 	/usr/lib/system/libcorecrypto.dylib
0x00000001832ba000 	/usr/lib/system/libdispatch.dylib
0x0000000183488000 	/usr/lib/system/libdyld.dylib
0x000000018dfb7000 	/usr/lib/system/libkeymgr.dylib
0x000000018df5a000 	/usr/lib/system/libmacho.dylib
0x000000018d64f000 	/usr/lib/system/libquarantine.dylib
0x000000018dfb4000 	/usr/lib/system/libremovefile.dylib
0x00000001885f0000 	/usr/lib/system/libsystem_asl.dylib
0x00000001831a9000 	/usr/lib/system/libsystem_blocks.dylib
0x0000000183342000 	/usr/lib/system/libsystem_c.dylib
0x000000018dfac000 	/usr/lib/system/libsystem_collections.dylib
0x000000018cadd000 	/usr/lib/system/libsystem_configuration.dylib
0x000000018bd39000 	/usr/lib/system/libsystem_containermanager.dylib
0x000000018dcbc000 	/usr/lib/system/libsystem_coreservices.dylib
0x0000000185bb0000 	/usr/lib/system/libsystem_darwin.dylib
0x000000018dfb8000 	/usr/lib/system/libsystem_dnssd.dylib
0x000000018333f000 	/usr/lib/system/libsystem_featureflags.dylib
0x000000018349d000 	/usr/lib/system/libsystem_info.dylib
0x000000018df22000 	/usr/lib/system/libsystem_m.dylib
0x000000018328f000 	/usr/lib/system/libsystem_malloc.dylib
0x000000018857f000 	/usr/lib/system/libsystem_networkextension.dylib
0x0000000186009000 	/usr/lib/system/libsystem_notify.dylib
0x0000000194305000 	/usr/lib/system/libsystem_product_info_filter.dylib
0x000000018cae2000 	/usr/lib/system/libsystem_sandbox.dylib
0x000000018dfb1000 	/usr/lib/system/libsystem_secinit.dylib
0x0000000183443000 	/usr/lib/system/libsystem_kernel.dylib
0x0000000183495000 	/usr/lib/system/libsystem_platform.dylib
0x000000018347b000 	/usr/lib/system/libsystem_pthread.dylib
0x0000000189d48000 	/usr/lib/system/libsystem_symptoms.dylib
0x00000001831ed000 	/usr/lib/system/libsystem_trace.dylib
0x000000018df8c000 	/usr/lib/system/libunwind.dylib
0x00000001831ab000 	/usr/lib/system/libxpc.dylib
0x000000018342b000 	/usr/lib/libc++abi.dylib
0x0000000183301000 	/usr/lib/libobjc.A.dylib
0x000000018df97000 	/usr/lib/liboah.dylib
0x00000001833c4000 	/usr/lib/libc++.1.dylib
0x0000000199e1e000 	/System/Library/Frameworks/Cocoa.framework/Versions/A/Cocoa
0x000000018606a000 	/System/Library/Frameworks/AppKit.framework/Versions/C/AppKit
0x0000000189570000 	/System/Library/Frameworks/CoreData.framework/Versions/A/CoreData
0x00000001843c5000 	/System/Library/Frameworks/Foundation.framework/Versions/C/Foundation
0x0000000186f22000 	/System/Library/PrivateFrameworks/UIFoundation.framework/Versions/A/UIFoundation
0x0000000193fff000 	/System/Library/PrivateFrameworks/RemoteViewServices.framework/Versions/A/RemoteViewServices
0x000000018c485000 	/System/Library/PrivateFrameworks/XCTTargetBootstrap.framework/Versions/A/XCTTargetBootstrap
0x000000018fd03000 	/System/Library/PrivateFrameworks/InternationalSupport.framework/Versions/A/InternationalSupport
0x000000018fd8c000 	/System/Library/PrivateFrameworks/UserActivity.framework/Versions/A/UserActivity
0x000000018f1fe000 	/usr/lib/libspindump.dylib
0x0000000187193000 	/System/Library/Frameworks/UniformTypeIdentifiers.framework/Versions/A/UniformTypeIdentifiers
0x000000018a9d0000 	/usr/lib/libapp_launch_measurement.dylib
0x0000000189efa000 	/System/Library/PrivateFrameworks/CoreAnalytics.framework/Versions/A/CoreAnalytics
0x000000018a9d3000 	/System/Library/PrivateFrameworks/CoreAutoLayout.framework/Versions/A/CoreAutoLayout
0x000000018bd76000 	/System/Library/Frameworks/Metal.framework/Versions/A/Metal
0x000000018caed000 	/usr/lib/liblangid.dylib
0x000000018c48a000 	/System/Library/PrivateFrameworks/CoreSVG.framework/Versions/A/CoreSVG
0x0000000188624000 	/System/Library/PrivateFrameworks/SkyLight.framework/Versions/A/SkyLight
0x00000001889f9000 	/System/Library/Frameworks/CoreGraphics.framework/Versions/A/CoreGraphics
0x00000001946cb000 	/System/Library/Frameworks/Accelerate.framework/Versions/A/Accelerate
0x000000018ec75000 	/System/Library/PrivateFrameworks/IconServices.framework/Versions/A/IconServices
0x000000018bd58000 	/System/Library/Frameworks/IOSurface.framework/Versions/A/IOSurface
0x0000000189f2b000 	/usr/lib/libDiagnosticMessagesClient.dylib
0x0000000197bcc000 	/System/Library/Frameworks/ApplicationServices.framework/Versions/A/ApplicationServices
0x000000018c46d000 	/System/Library/PrivateFrameworks/DFRFoundation.framework/Versions/A/DFRFoundation
0x00000001858fa000 	/usr/lib/libicucore.A.dylib
0x0000000190baf000 	/System/Library/Frameworks/AudioToolbox.framework/Versions/A/AudioToolbox
0x000000018fd0f000 	/System/Library/PrivateFrameworks/DataDetectorsCore.framework/Versions/A/DataDetectorsCore
0x00000001a664f000 	/System/Library/PrivateFrameworks/TextInput.framework/Versions/A/TextInput
0x0000000188599000 	/usr/lib/libMobileGestalt.dylib
0x000000018c139000 	/System/Library/Frameworks/Carbon.framework/Versions/A/Frameworks/HIToolbox.framework/Versions/A/HIToolbox
0x000000018a3ac000 	/System/Library/Frameworks/QuartzCore.framework/Versions/A/QuartzCore
0x000000018557d000 	/System/Library/Frameworks/Security.framework/Versions/A/Security
0x000000019403f000 	/System/Library/Frameworks/Carbon.framework/Versions/A/Frameworks/SpeechRecognition.framework/Versions/A/SpeechRecognition
0x000000018a726000 	/System/Library/PrivateFrameworks/CoreUI.framework/Versions/A/CoreUI
0x0000000184e5a000 	/System/Library/Frameworks/CoreAudio.framework/Versions/A/CoreAudio
0x000000018a020000 	/System/Library/Frameworks/DiskArbitration.framework/Versions/A/DiskArbitration
0x000000018f608000 	/System/Library/PrivateFrameworks/MultitouchSupport.framework/Versions/A/MultitouchSupport
0x0000000188597000 	/usr/lib/libenergytrace.dylib
0x0000000185f32000 	/System/Library/Frameworks/IOKit.framework/Versions/A/IOKit
0x000000019442e000 	/System/Library/Frameworks/CoreServices.framework/Versions/A/CoreServices
0x000000018a960000 	/System/Library/PrivateFrameworks/PerformanceAnalysis.framework/Versions/A/PerformanceAnalysis
0x00000001e4937000 	/System/Library/Frameworks/OpenGL.framework/Versions/A/OpenGL
0x000000018d567000 	/System/Library/PrivateFrameworks/MobileKeyBag.framework/Versions/A/MobileKeyBag
0x0000000189006000 	/System/Library/Frameworks/ColorSync.framework/Versions/A/ColorSync
0x00000001834ca000 	/System/Library/Frameworks/CoreFoundation.framework/Versions/A/CoreFoundation
0x000000018c709000 	/System/Library/Frameworks/CoreImage.framework/Versions/A/CoreImage
0x0000000184c7e000 	/System/Library/Frameworks/CoreText.framework/Versions/A/CoreText
0x000000018c4ba000 	/System/Library/Frameworks/ImageIO.framework/Versions/A/ImageIO
0x000000018dfcd000 	/System/Library/PrivateFrameworks/SoftLinking.framework/Versions/A/SoftLinking
0x000000018aa1e000 	/usr/lib/libxml2.2.dylib
0x000000018e266000 	/usr/lib/libcompression.dylib
0x000000018fc5f000 	/System/Library/PrivateFrameworks/TextureIO.framework/Versions/A/TextureIO
0x000000018e98e000 	/usr/lib/libate.dylib
0x000000018e853000 	/usr/lib/liblzma.5.dylib
0x00000001840b9000 	/System/Library/Frameworks/SystemConfiguration.framework/Versions/A/SystemConfiguration
0x000000018dfc9000 	/usr/lib/libfakelink.dylib
0x00000001880cb000 	/System/Library/Frameworks/CFNetwork.framework/Versions/A/CFNetwork
0x000000018e10f000 	/usr/lib/libarchive.2.dylib
0x000000018cae9000 	/System/Library/PrivateFrameworks/AppleSystemInfo.framework/Versions/A/AppleSystemInfo
0x000000018d67a000 	/usr/lib/libbsm.0.dylib
0x000000018763c000 	/usr/lib/libnetwork.dylib
0x000000018df63000 	/usr/lib/system/libkxld.dylib
0x000000018d28d000 	/System/Library/PrivateFrameworks/IOMobileFramebuffer.framework/Versions/A/IOMobileFramebuffer
0x0000000202263000 	/usr/lib/libCoreEntitlements.dylib
0x000000018dc9e000 	/System/Library/PrivateFrameworks/AppleFSCompression.framework/Versions/A/AppleFSCompression
0x000000018d662000 	/usr/lib/libcoretls.dylib
0x000000018e86c000 	/usr/lib/libcoretls_cfhelpers.dylib
0x000000018e261000 	/usr/lib/libpam.2.dylib
0x000000018995f000 	/usr/lib/libsqlite3.dylib
0x000000018e8d5000 	/usr/lib/libxar.1.dylib
0x000000018dcaf000 	/usr/lib/libbz2.1.0.dylib
0x000000018dfce000 	/usr/lib/libpcap.A.dylib
0x0000000189d3f000 	/usr/lib/libdns_services.dylib
0x000000018e234000 	/usr/lib/libapple_nghttp2.dylib
0x000000018e00b000 	/usr/lib/libiconv.2.dylib
0x000000018df59000 	/usr/lib/libcharset.1.dylib
0x000000018a99c000 	/System/Library/Frameworks/CoreServices.framework/Versions/A/Frameworks/FSEvents.framework/Versions/A/FSEvents
0x0000000185bbb000 	/System/Library/Frameworks/CoreServices.framework/Versions/A/Frameworks/CarbonCore.framework/Versions/A/CarbonCore
0x0000000189f80000 	/System/Library/Frameworks/CoreServices.framework/Versions/A/Frameworks/Metadata.framework/Versions/A/Metadata
0x000000018dcc2000 	/System/Library/Frameworks/CoreServices.framework/Versions/A/Frameworks/OSServices.framework/Versions/A/OSServices
0x000000018e195000 	/System/Library/Frameworks/CoreServices.framework/Versions/A/Frameworks/SearchKit.framework/Versions/A/SearchKit
0x0000000189cce000 	/System/Library/Frameworks/CoreServices.framework/Versions/A/Frameworks/AE.framework/Versions/A/AE
0x0000000183a10000 	/System/Library/Frameworks/CoreServices.framework/Versions/A/Frameworks/LaunchServices.framework/Versions/A/LaunchServices
0x000000018e7fc000 	/System/Library/Frameworks/CoreServices.framework/Versions/A/Frameworks/DictionaryServices.framework/Versions/A/DictionaryServices
0x000000018a9a9000 	/System/Library/Frameworks/CoreServices.framework/Versions/A/Frameworks/SharedFileList.framework/Versions/A/SharedFileList
0x000000018d652000 	/usr/lib/libCheckFix.dylib
0x0000000188608000 	/System/Library/PrivateFrameworks/TCC.framework/Versions/A/TCC
0x000000018caef000 	/System/Library/PrivateFrameworks/CoreNLP.framework/Versions/A/CoreNLP
0x0000000189f2e000 	/System/Library/PrivateFrameworks/MetadataUtilities.framework/Versions/A/MetadataUtilities
0x0000000184172000 	/usr/lib/libmecabra.dylib
0x000000018d68b000 	/usr/lib/libmecab.dylib
0x000000018413e000 	/usr/lib/libCRFSuite.dylib
0x000000018d6e8000 	/usr/lib/libgermantok.dylib
0x000000018e20d000 	/usr/lib/libThaiTokenizer.dylib
0x000000018a028000 	/System/Library/Frameworks/Accelerate.framework/Versions/A/Frameworks/vImage.framework/Versions/A/vImage
0x0000000194405000 	/System/Library/Frameworks/Accelerate.framework/Versions/A/Frameworks/vecLib.framework/Versions/A/vecLib
0x000000018e91a000 	/System/Library/Frameworks/Accelerate.framework/Versions/A/Frameworks/vecLib.framework/Versions/A/libvMisc.dylib
0x000000018d194000 	/System/Library/Frameworks/Accelerate.framework/Versions/A/Frameworks/vecLib.framework/Versions/A/libvDSP.dylib
0x0000000183d99000 	/System/Library/Frameworks/Accelerate.framework/Versions/A/Frameworks/vecLib.framework/Versions/A/libBLAS.dylib
0x000000018e337000 	/System/Library/Frameworks/Accelerate.framework/Versions/A/Frameworks/vecLib.framework/Versions/A/libLAPACK.dylib
0x000000018d6eb000 	/System/Library/Frameworks/Accelerate.framework/Versions/A/Frameworks/vecLib.framework/Versions/A/libLinearAlgebra.dylib
0x000000018e24c000 	/System/Library/Frameworks/Accelerate.framework/Versions/A/Frameworks/vecLib.framework/Versions/A/libSparseBLAS.dylib
0x000000018e332000 	/System/Library/Frameworks/Accelerate.framework/Versions/A/Frameworks/vecLib.framework/Versions/A/libQuadrature.dylib
0x000000018cbe8000 	/System/Library/Frameworks/Accelerate.framework/Versions/A/Frameworks/vecLib.framework/Versions/A/libBNNS.dylib
0x0000000184057000 	/System/Library/Frameworks/Accelerate.framework/Versions/A/Frameworks/vecLib.framework/Versions/A/libSparse.dylib
0x000000018cbe0000 	/System/Library/PrivateFrameworks/LinguisticData.framework/Versions/A/LinguisticData
0x000000018400f000 	/System/Library/PrivateFrameworks/Lexicon.framework/Versions/A/Lexicon
0x000000018e912000 	/usr/lib/libChineseTokenizer.dylib
0x00000001847b6000 	/System/Library/PrivateFrameworks/LanguageModeling.framework/Versions/A/LanguageModeling
0x000000018e20f000 	/System/Library/PrivateFrameworks/AppleSauce.framework/Versions/A/AppleSauce
0x000000018d27a000 	/System/Library/PrivateFrameworks/CoreEmoji.framework/Versions/A/CoreEmoji
0x000000018e0fd000 	/usr/lib/libcmph.dylib
0x000000018a97c000 	/System/Library/Frameworks/OpenDirectory.framework/Versions/A/Frameworks/CFOpenDirectory.framework/Versions/A/CFOpenDirectory
0x000000018a96c000 	/System/Library/Frameworks/OpenDirectory.framework/Versions/A/OpenDirectory
0x000000018e86e000 	/System/Library/PrivateFrameworks/APFS.framework/Versions/A/APFS
0x000000018d5a2000 	/System/Library/Frameworks/SecurityFoundation.framework/Versions/A/SecurityFoundation
0x000000018e8e4000 	/usr/lib/libutil.dylib
0x0000000185ef4000 	/System/Library/PrivateFrameworks/CoreServicesStore.framework/Versions/A/CoreServicesStore
0x000000018e8e8000 	/usr/lib/libxslt.1.dylib
0x000000018d636000 	/System/Library/PrivateFrameworks/BackgroundTaskManagement.framework/Versions/A/BackgroundTaskManagement
0x000000018fb80000 	/System/Library/Frameworks/ImageIO.framework/Versions/A/Resources/libRadiance.dylib
0x000000018fb89000 	/System/Library/Frameworks/ImageIO.framework/Versions/A/Resources/libJPEG.dylib
0x000000018fadc000 	/System/Library/Frameworks/ImageIO.framework/Versions/A/Resources/libPng.dylib
0x000000018fafe000 	/System/Library/Frameworks/ImageIO.framework/Versions/A/Resources/libTIFF.dylib
0x000000018fbe4000 	/System/Library/Frameworks/ImageIO.framework/Versions/A/Resources/libGIF.dylib
0x000000018f518000 	/System/Library/Frameworks/ImageIO.framework/Versions/A/Resources/libJP2.dylib
0x000000018ec3a000 	/usr/lib/libexpat.1.dylib
0x000000018f4d3000 	/System/Library/PrivateFrameworks/AppleJPEG.framework/Versions/A/AppleJPEG
0x000000018bff5000 	/System/Library/PrivateFrameworks/FontServices.framework/libFontParser.dylib
0x0000000189c73000 	/System/Library/PrivateFrameworks/RunningBoardServices.framework/Versions/A/RunningBoardServices
0x000000019a4f1000 	/System/Library/PrivateFrameworks/IOSurfaceAccelerator.framework/Versions/A/IOSurfaceAccelerator
0x000000018f604000 	/System/Library/PrivateFrameworks/WatchdogClient.framework/Versions/A/WatchdogClient
0x00000001848ba000 	/System/Library/Frameworks/CoreDisplay.framework/Versions/A/CoreDisplay
0x000000018bedf000 	/System/Library/Frameworks/CoreMedia.framework/Versions/A/CoreMedia
0x000000018bd6c000 	/System/Library/PrivateFrameworks/IOAccelerator.framework/Versions/A/IOAccelerator
0x000000018ab0c000 	/System/Library/Frameworks/CoreVideo.framework/Versions/A/CoreVideo
0x000000018e25f000 	/System/Library/Frameworks/MetalPerformanceShaders.framework/Versions/A/MetalPerformanceShaders
0x000000018f643000 	/System/Library/Frameworks/VideoToolbox.framework/Versions/A/VideoToolbox
0x0000000189bb7000 	/System/Library/PrivateFrameworks/BaseBoard.framework/Versions/A/BaseBoard
0x0000000189945000 	/System/Library/PrivateFrameworks/ProtocolBuffer.framework/Versions/A/ProtocolBuffer
0x000000018fb7b000 	/System/Library/PrivateFrameworks/GPUWrangler.framework/Versions/A/GPUWrangler
0x000000018fb5b000 	/System/Library/PrivateFrameworks/IOPresentment.framework/Versions/A/IOPresentment
0x000000018fb83000 	/System/Library/PrivateFrameworks/DSExternalDisplay.framework/Versions/A/DSExternalDisplay
0x00000001e492a000 	/System/Library/Frameworks/OpenGL.framework/Versions/A/Libraries/libCoreFSCache.dylib
0x00000001eede9000 	/System/Library/PrivateFrameworks/GPUCompiler.framework/Versions/31001/Libraries/libGPUCompilerUtils.dylib
0x000000018fbe9000 	/System/Library/PrivateFrameworks/CMCaptureCore.framework/Versions/A/CMCaptureCore
0x000000018f1eb000 	/System/Library/PrivateFrameworks/AppServerSupport.framework/Versions/A/AppServerSupport
0x000000019146c000 	/System/Library/PrivateFrameworks/perfdata.framework/Versions/A/perfdata
0x00000001849da000 	/System/Library/PrivateFrameworks/AudioToolboxCore.framework/Versions/A/AudioToolboxCore
0x000000018beb8000 	/System/Library/PrivateFrameworks/caulk.framework/Versions/A/caulk
0x0000000190d61000 	/usr/lib/libAudioStatistics.dylib
0x00000001a2cb6000 	/System/Library/PrivateFrameworks/SystemPolicy.framework/Versions/A/SystemPolicy
0x0000000190fcd000 	/usr/lib/libSMC.dylib
0x0000000199d00000 	/System/Library/Frameworks/CoreMIDI.framework/Versions/A/CoreMIDI
0x000000018faaa000 	/usr/lib/libAudioToolboxUtility.dylib
0x000000019ed83000 	/System/Library/PrivateFrameworks/OSAServicesClient.framework/Versions/A/OSAServicesClient
0x0000000191479000 	/usr/lib/libperfcheck.dylib
0x00000001a37ce000 	/usr/lib/libmis.dylib
0x00000001e498c000 	/System/Library/Frameworks/OpenGL.framework/Versions/A/Libraries/libGLU.dylib
0x00000001e494b000 	/System/Library/Frameworks/OpenGL.framework/Versions/A/Libraries/libGFXShared.dylib
0x00000001e4b38000 	/System/Library/Frameworks/OpenGL.framework/Versions/A/Libraries/libGL.dylib
0x00000001e4954000 	/System/Library/Frameworks/OpenGL.framework/Versions/A/Libraries/libGLImage.dylib
0x00000001e4948000 	/System/Library/Frameworks/OpenGL.framework/Versions/A/Libraries/libCVMSPluginSupport.dylib
0x00000001e4931000 	/System/Library/Frameworks/OpenGL.framework/Versions/A/Libraries/libCoreVMClient.dylib
0x000000018ca69000 	/System/Library/Frameworks/MetalPerformanceShaders.framework/Versions/A/Frameworks/MPSCore.framework/Versions/A/MPSCore
0x000000018dc11000 	/System/Library/Frameworks/MetalPerformanceShaders.framework/Versions/A/Frameworks/MPSImage.framework/Versions/A/MPSImage
0x000000018d700000 	/System/Library/Frameworks/MetalPerformanceShaders.framework/Versions/A/Frameworks/MPSNeuralNetwork.framework/Versions/A/MPSNeuralNetwork
0x000000018db39000 	/System/Library/Frameworks/MetalPerformanceShaders.framework/Versions/A/Frameworks/MPSMatrix.framework/Versions/A/MPSMatrix
0x000000018d912000 	/System/Library/Frameworks/MetalPerformanceShaders.framework/Versions/A/Frameworks/MPSRayIntersector.framework/Versions/A/MPSRayIntersector
0x000000018db6a000 	/System/Library/Frameworks/MetalPerformanceShaders.framework/Versions/A/Frameworks/MPSNDArray.framework/Versions/A/MPSNDArray
0x00000001e6aa3000 	/System/Library/Frameworks/MetalPerformanceShaders.framework/Versions/A/Frameworks/MPSFunctions.framework/Versions/A/MPSFunctions
0x0000000183c70000 	/System/Library/PrivateFrameworks/MetalTools.framework/Versions/A/MetalTools
0x000000018cae7000 	/System/Library/PrivateFrameworks/AggregateDictionary.framework/Versions/A/AggregateDictionary
0x000000018ea1f000 	/usr/lib/libIOReport.dylib
0x0000000198d1e000 	/System/Library/PrivateFrameworks/ASEProcessing.framework/Versions/A/ASEProcessing
0x000000018ed94000 	/System/Library/PrivateFrameworks/FaceCore.framework/Versions/A/FaceCore
0x000000018ed86000 	/System/Library/PrivateFrameworks/GraphVisualizer.framework/Versions/A/GraphVisualizer
0x00000001eed00000 	/System/Library/PrivateFrameworks/FontServices.framework/Versions/A/FontServices
0x000000018f1a7000 	/System/Library/PrivateFrameworks/OTSVG.framework/Versions/A/OTSVG
0x000000018a6d6000 	/System/Library/Frameworks/ApplicationServices.framework/Versions/A/Frameworks/ATS.framework/Versions/A/Resources/libFontRegistry.dylib
0x000000018f1f4000 	/System/Library/PrivateFrameworks/FontServices.framework/libhvf.dylib
0x00000001eed01000 	/System/Library/PrivateFrameworks/FontServices.framework/libXTFontStaticRegistryData.dylib
0x00000001e4cd9000 	/System/Library/Frameworks/OpenCL.framework/Versions/A/OpenCL
0x000000018ebee000 	/System/Library/PrivateFrameworks/AppleVA.framework/Versions/A/AppleVA
0x0000000190d89000 	/System/Library/Frameworks/ApplicationServices.framework/Versions/A/Frameworks/ATS.framework/Versions/A/ATS
0x0000000189103000 	/System/Library/Frameworks/ApplicationServices.framework/Versions/A/Frameworks/HIServices.framework/Versions/A/HIServices
0x000000018fbf3000 	/System/Library/Frameworks/ApplicationServices.framework/Versions/A/Frameworks/PrintCore.framework/Versions/A/PrintCore
0x0000000191120000 	/System/Library/Frameworks/ApplicationServices.framework/Versions/A/Frameworks/QD.framework/Versions/A/QD
0x0000000191118000 	/System/Library/Frameworks/ApplicationServices.framework/Versions/A/Frameworks/ColorSyncLegacy.framework/Versions/A/ColorSyncLegacy
0x0000000190d75000 	/System/Library/Frameworks/ApplicationServices.framework/Versions/A/Frameworks/SpeechSynthesis.framework/Versions/A/SpeechSynthesis
0x000000018fbb4000 	/System/Library/Frameworks/ApplicationServices.framework/Versions/A/Frameworks/ATSUI.framework/Versions/A/ATSUI
0x00000001910ad000 	/usr/lib/libcups.2.dylib
0x0000000191487000 	/System/Library/Frameworks/Kerberos.framework/Versions/A/Kerberos
0x0000000191498000 	/System/Library/Frameworks/GSS.framework/Versions/A/GSS
0x0000000190df9000 	/usr/lib/libresolv.9.dylib
0x000000018f203000 	/System/Library/PrivateFrameworks/Heimdal.framework/Versions/A/Heimdal
0x0000000197f53000 	/System/Library/Frameworks/Kerberos.framework/Versions/A/Libraries/libHeimdalProxy.dylib
0x0000000189d51000 	/System/Library/Frameworks/Network.framework/Versions/A/Network
0x000000018ec55000 	/usr/lib/libheimdal-asn1.dylib
0x00000001914e8000 	/System/Library/PrivateFrameworks/CommonAuth.framework/Versions/A/CommonAuth
0x0000000190cef000 	/System/Library/PrivateFrameworks/AudioSession.framework/Versions/A/AudioSession
0x000000018ece7000 	/System/Library/PrivateFrameworks/MediaExperience.framework/Versions/A/MediaExperience
0x0000000190b75000 	/System/Library/PrivateFrameworks/AudioSession.framework/libSessionUtility.dylib
0x000000019112c000 	/System/Library/PrivateFrameworks/AudioResourceArbitration.framework/Versions/A/AudioResourceArbitration
0x00000001952e2000 	/System/Library/PrivateFrameworks/PowerLog.framework/Versions/A/PowerLog
0x000000018ec5f000 	/System/Library/PrivateFrameworks/IconFoundation.framework/Versions/A/IconFoundation
0x000000019402b000 	/System/Library/PrivateFrameworks/SpeechRecognitionCore.framework/Versions/A/SpeechRecognitionCore
0x00000001c8c3d000 	/System/Library/CoreServices/Encodings/libSimplifiedChineseConverter.dylib
0x0000000101e3c000 	/Library/Java/JavaVirtualMachines/jdk-17.0.3.jdk/Contents/Home/lib/server/libjvm.dylib
0x0000000100d80000 	/Library/Java/JavaVirtualMachines/jdk-17.0.3.jdk/Contents/Home/lib/libjimage.dylib
0x0000000100fbc000 	/Library/Java/JavaVirtualMachines/jdk-17.0.3.jdk/Contents/Home/lib/libjava.dylib
0x0000000101a50000 	/Library/Java/JavaVirtualMachines/jdk-17.0.3.jdk/Contents/Home/lib/libnio.dylib
0x0000000101a94000 	/Library/Java/JavaVirtualMachines/jdk-17.0.3.jdk/Contents/Home/lib/libnet.dylib
0x0000000101a30000 	/Library/Java/JavaVirtualMachines/jdk-17.0.3.jdk/Contents/Home/lib/libzip.dylib
0x0000000101a70000 	/Users/xuyi/opt/javafx-sdk-17.0.0.1/lib/libprism_es2.dylib
0x0000000185eb7000 	/System/Library/PrivateFrameworks/CoreServicesInternal.framework/Versions/A/CoreServicesInternal
0x00000001e4b42000 	/System/Library/Frameworks/OpenGL.framework/Versions/A/Resources/GLEngine.bundle/GLEngine
0x00000001e49ca000 	/System/Library/Frameworks/OpenGL.framework/Versions/A/Libraries/libGLProgrammability.dylib
0x0000000124520000 	/System/Library/Extensions/AppleMetalOpenGLRenderer.bundle/Contents/MacOS/AppleMetalOpenGLRenderer
0x00000001e4cb1000 	/System/Library/Frameworks/OpenGL.framework/Versions/A/Resources/GLRendererFloat.bundle/GLRendererFloat
0x00000001e4db1000 	/System/Library/Extensions/AGXMetal13_3.bundle/Contents/MacOS/AGXMetal13_3
0x00000001a37ea000 	/System/Library/PrivateFrameworks/GPURawCounter.framework/Versions/A/GPURawCounter
0x000000019def4000 	/System/Library/PrivateFrameworks/IOGPU.framework/Versions/A/IOGPU
0x0000000126d84000 	/Users/xuyi/opt/javafx-sdk-17.0.0.1/lib/libglass.dylib
0x000000019553a000 	/System/Library/Frameworks/FileProvider.framework/Versions/A/FileProvider
0x0000000189b1f000 	/System/Library/Frameworks/Accounts.framework/Versions/A/Accounts
0x00000001956be000 	/System/Library/PrivateFrameworks/GenerationalStorage.framework/Versions/A/GenerationalStorage
0x0000000196281000 	/System/Library/PrivateFrameworks/CoreSymbolication.framework/Versions/A/CoreSymbolication
0x00000001952d6000 	/System/Library/PrivateFrameworks/SymptomDiagnosticReporter.framework/Versions/A/SymptomDiagnosticReporter
0x00000001871a7000 	/System/Library/PrivateFrameworks/DesktopServicesPriv.framework/Versions/A/DesktopServicesPriv
0x0000000186019000 	/usr/lib/libsandbox.1.dylib
0x000000018ab9a000 	/System/Library/PrivateFrameworks/UserManagement.framework/Versions/A/UserManagement
0x000000019623e000 	/System/Library/PrivateFrameworks/DebugSymbols.framework/Versions/A/DebugSymbols
0x000000019110b000 	/System/Library/PrivateFrameworks/NetAuth.framework/Versions/A/NetAuth
0x0000000192029000 	/System/Library/PrivateFrameworks/Sharing.framework/Versions/A/Sharing
0x000000018ab6a000 	/System/Library/PrivateFrameworks/login.framework/Versions/A/Frameworks/loginsupport.framework/Versions/A/loginsupport
0x0000000197473000 	/System/Library/PrivateFrameworks/Apple80211.framework/Versions/A/Apple80211
0x000000018dcf5000 	/System/Library/PrivateFrameworks/AuthKit.framework/Versions/A/AuthKit
0x000000018d376000 	/System/Library/PrivateFrameworks/CoreUtils.framework/Versions/A/CoreUtils
0x000000018d299000 	/System/Library/Frameworks/CoreWLAN.framework/Versions/A/CoreWLAN
0x0000000192199000 	/System/Library/Frameworks/IOBluetooth.framework/Versions/A/IOBluetooth
0x00000001974d3000 	/System/Library/PrivateFrameworks/CoreWiFi.framework/Versions/A/CoreWiFi
0x0000000195e1e000 	/System/Library/PrivateFrameworks/FrontBoardServices.framework/Versions/A/FrontBoardServices
0x0000000195eb6000 	/System/Library/PrivateFrameworks/BoardServices.framework/Versions/A/BoardServices
0x000000018d590000 	/System/Library/PrivateFrameworks/AssertionServices.framework/Versions/A/AssertionServices
0x0000000197650000 	/System/Library/PrivateFrameworks/BackBoardServices.framework/Versions/A/BackBoardServices
0x000000019157f000 	/System/Library/PrivateFrameworks/CorePhoneNumbers.framework/Versions/A/CorePhoneNumbers
0x0000000195406000 	/System/Library/PrivateFrameworks/DiskManagement.framework/Versions/A/DiskManagement
0x0000000195309000 	/System/Library/PrivateFrameworks/AppleIDAuthSupport.framework/Versions/A/AppleIDAuthSupport
0x00000001e92ca000 	/System/Library/PrivateFrameworks/AAAFoundation.framework/Versions/A/AAAFoundation
0x000000019155e000 	/System/Library/PrivateFrameworks/KeychainCircle.framework/Versions/A/KeychainCircle
0x00000001953d2000 	/System/Library/PrivateFrameworks/MediaKit.framework/Versions/A/MediaKit
0x0000000195316000 	/System/Library/Frameworks/DiscRecording.framework/Versions/A/DiscRecording
0x000000018eb6a000 	/usr/lib/libCoreStorage.dylib
0x000000019794d000 	/usr/lib/libcsfde.dylib
0x000000019226e000 	/System/Library/PrivateFrameworks/ProtectedCloudStorage.framework/Versions/A/ProtectedCloudStorage
0x0000000197945000 	/System/Library/PrivateFrameworks/EFILogin.framework/Versions/A/EFILogin
0x00000001956e5000 	/System/Library/PrivateFrameworks/OctagonTrust.framework/Versions/A/OctagonTrust
0x00000001ede9b000 	/System/Library/PrivateFrameworks/CoreUtilsExtras.framework/Versions/A/CoreUtilsExtras
0x000000019523b000 	/System/Library/Frameworks/CoreBluetooth.framework/Versions/A/CoreBluetooth
0x0000000197fd8000 	/System/Library/Frameworks/AudioUnit.framework/Versions/A/AudioUnit
0x000000018eb62000 	/usr/lib/libMatch.1.dylib
0x00000001a7c96000 	/System/Library/Frameworks/Accelerate.framework/Versions/A/Frameworks/vImage.framework/Versions/A/Libraries/libCGInterfaces.dylib
0x0000000141668000 	/usr/lib/libobjc-trampolines.dylib
0x000000018a864000 	/System/Library/PrivateFrameworks/ViewBridge.framework/Versions/A/ViewBridge
0x0000000144cd8000 	/Library/Java/JavaVirtualMachines/jdk-17.0.3.jdk/Contents/Home/lib/libextnet.dylib
0x0000000144f1c000 	/Users/xuyi/opt/javafx-sdk-17.0.0.1/lib/libjavafx_font.dylib
0x000000018f2c6000 	/System/Library/PrivateFrameworks/login.framework/Versions/A/login
0x00000002023e1000 	/usr/lib/libRosetta.dylib


VM Arguments:
jvm_args: -Dfile.encoding=UTF-8 --module-path=/Users/xuyi/opt/javafx-sdk-17.0.0.1/lib --add-modules=javafx.controls --module-path=/Users/xuyi/Source/Java/Slicer/build/classes:/Users/xuyi/opt/javafx-sdk-17.0.0.1/lib/javafx-swt.jar:/Users/xuyi/opt/javafx-sdk-17.0.0.1/lib/javafx.base.jar:/Users/xuyi/opt/javafx-sdk-17.0.0.1/lib/javafx.controls.jar:/Users/xuyi/opt/javafx-sdk-17.0.0.1/lib/javafx.fxml.jar:/Users/xuyi/opt/javafx-sdk-17.0.0.1/lib/javafx.graphics.jar:/Users/xuyi/opt/javafx-sdk-17.0.0.1/lib/javafx.media.jar:/Users/xuyi/opt/javafx-sdk-17.0.0.1/lib/javafx.swing.jar:/Users/xuyi/opt/javafx-sdk-17.0.0.1/lib/javafx.web.jar 
java_command: org.reprap.Gfx3D
java_class_path (initial): /Users/xuyi/Source/Java/lib/vecmath.jar:/Users/xuyi/opt/javafx-sdk-17.0.0.1/lib/javafx-swt.jar:/Users/xuyi/opt/javafx-sdk-17.0.0.1/lib/javafx.base.jar:/Users/xuyi/opt/javafx-sdk-17.0.0.1/lib/javafx.controls.jar:/Users/xuyi/opt/javafx-sdk-17.0.0.1/lib/javafx.fxml.jar:/Users/xuyi/opt/javafx-sdk-17.0.0.1/lib/javafx.graphics.jar:/Users/xuyi/opt/javafx-sdk-17.0.0.1/lib/javafx.media.jar:/Users/xuyi/opt/javafx-sdk-17.0.0.1/lib/javafx.swing.jar:/Users/xuyi/opt/javafx-sdk-17.0.0.1/lib/javafx.web.jar:/Users/xuyi/Source/Java/Slicer/build/classes
Launcher Type: SUN_STANDARD

[Global flags]
     intx CICompilerCount                          = 4                                         {product} {ergonomic}
     uint ConcGCThreads                            = 2                                         {product} {ergonomic}
     uint G1ConcRefinementThreads                  = 8                                         {product} {ergonomic}
   size_t G1HeapRegionSize                         = 2097152                                   {product} {ergonomic}
    uintx GCDrainStackTargetSize                   = 64                                        {product} {ergonomic}
   size_t InitialHeapSize                          = 268435456                                 {product} {ergonomic}
   size_t MarkStackSize                            = 4194304                                   {product} {ergonomic}
   size_t MaxHeapSize                              = 4294967296                                {product} {ergonomic}
   size_t MaxNewSize                               = 2575302656                                {product} {ergonomic}
   size_t MinHeapDeltaBytes                        = 2097152                                   {product} {ergonomic}
   size_t MinHeapSize                              = 8388608                                   {product} {ergonomic}
    uintx NonNMethodCodeHeapSize                   = 5839564                                {pd product} {ergonomic}
    uintx NonProfiledCodeHeapSize                  = 122909338                              {pd product} {ergonomic}
    uintx ProfiledCodeHeapSize                     = 122909338                              {pd product} {ergonomic}
    uintx ReservedCodeCacheSize                    = 251658240                              {pd product} {ergonomic}
     bool SegmentedCodeCache                       = true                                      {product} {ergonomic}
   size_t SoftMaxHeapSize                          = 4294967296                             {manageable} {ergonomic}
     bool UseCompressedClassPointers               = true                           {product lp64_product} {ergonomic}
     bool UseCompressedOops                        = true                           {product lp64_product} {ergonomic}
     bool UseG1GC                                  = true                                      {product} {ergonomic}
     bool UseNUMA                                  = false                                     {product} {ergonomic}
     bool UseNUMAInterleaving                      = false                                     {product} {ergonomic}

Logging:
Log output configuration:
 #0: stdout all=warning uptime,level,tags
 #1: stderr all=off uptime,level,tags

Environment Variables:
PATH=/usr/bin:/bin:/usr/sbin:/sbin
SHELL=/bin/zsh
LC_CTYPE=UTF-8

Signal Handlers:
   SIGSEGV: crash_handler in libjvm.dylib, mask=11100110000111110111111111111111, flags=SA_RESTART|SA_SIGINFO
    SIGBUS: crash_handler in libjvm.dylib, mask=11100110000111110111111111111111, flags=SA_RESTART|SA_SIGINFO
    SIGFPE: crash_handler in libjvm.dylib, mask=11100110000111110111111111111111, flags=SA_RESTART|SA_SIGINFO
   SIGPIPE: javaSignalHandler in libjvm.dylib, mask=11100110000111110111111111111111, flags=SA_RESTART|SA_SIGINFO
   SIGXFSZ: javaSignalHandler in libjvm.dylib, mask=11100110000111110111111111111111, flags=SA_RESTART|SA_SIGINFO
    SIGILL: crash_handler in libjvm.dylib, mask=11100110000111110111111111111111, flags=SA_RESTART|SA_SIGINFO
   SIGUSR2: SR_handler in libjvm.dylib, mask=00100000000000000000000000000000, flags=SA_RESTART|SA_SIGINFO
    SIGHUP: UserHandler in libjvm.dylib, mask=11100110000111110111111111111111, flags=SA_RESTART|SA_SIGINFO
    SIGINT: SIG_IGN, mask=11111111011111110111111111111111, flags=none
   SIGTERM: UserHandler in libjvm.dylib, mask=11100110000111110111111111111111, flags=SA_RESTART|SA_SIGINFO
   SIGQUIT: UserHandler in libjvm.dylib, mask=11100110000111110111111111111111, flags=SA_RESTART|SA_SIGINFO
   SIGTRAP: crash_handler in libjvm.dylib, mask=11100110000111110111111111111111, flags=SA_RESTART|SA_SIGINFO


---------------  S Y S T E M  ---------------

OS:
uname: Darwin 21.4.0 Darwin Kernel Version 21.4.0: Fri Mar 18 00:47:26 PDT 2022; root:xnu-8020.101.4~15/RELEASE_ARM64_T8101 arm64
OS uptime: 3 days 19:00 hours
rlimit (soft/hard): STACK 8176k/65520k , CORE 0k/infinity , NPROC 2666/4000 , NOFILE 10240/infinity , AS infinity/infinity , CPU infinity/infinity , DATA infinity/infinity , FSIZE infinity/infinity , MEMLOCK infinity/infinity , RSS infinity/infinity
load average: 2.29 1.78 1.85

CPU: total 8 (initial active 8) 0x61:0x0:0x1b588bb3:0, fp, simd, crc, lse

Memory: 16k page, physical 16777216k(341280k free), swap 0k(0k free)

vm_info: Java HotSpot(TM) 64-Bit Server VM (17.0.3+8-LTS-111) for bsd-aarch64 JRE (17.0.3+8-LTS-111), built on Mar  9 2022 22:37:38 by "mach5one" with clang Apple LLVM 12.0.0 (clang-1200.0.32.29)

END.
