#
# A fatal error has been detected by the Java Runtime Environment:
#
#  SIGBUS (0xa) at pc=0x0000000109fa14f0, pid=16546, tid=34319
#
# JRE version: OpenJDK Runtime Environment (17.0+35) (build 17+35-2724)
# Java VM: OpenJDK 64-Bit Server VM (17+35-2724, mixed mode, sharing, tiered, compressed oops, compressed class ptrs, g1 gc, bsd-aarch64)
# Problematic frame:
# v  ~StubRoutines::SafeFetchN
#
# No core dump will be written. Core dumps have been disabled. To enable core dumping, try "ulimit -c unlimited" before starting Java again
#
# If you would like to submit a bug report, please visit:
#   https://bugreport.java.com/bugreport/crash.jsp
# The crash happened outside the Java Virtual Machine in native code.
# See problematic frame for where to report the bug.
#

---------------  S U M M A R Y ------------

Command Line: -Dfile.encoding=UTF-8 --module-path=/Users/xuyi/opt/javafx-sdk-17.0.0.1/lib --add-modules=javafx.controls --module-path=/Users/xuyi/Source/Java/Slicer/build/classes:/Users/xuyi/opt/javafx-sdk-17.0.0.1/lib/javafx-swt.jar:/Users/xuyi/opt/javafx-sdk-17.0.0.1/lib/javafx.base.jar:/Users/xuyi/opt/javafx-sdk-17.0.0.1/lib/javafx.controls.jar:/Users/xuyi/opt/javafx-sdk-17.0.0.1/lib/javafx.fxml.jar:/Users/xuyi/opt/javafx-sdk-17.0.0.1/lib/javafx.graphics.jar:/Users/xuyi/opt/javafx-sdk-17.0.0.1/lib/javafx.media.jar:/Users/xuyi/opt/javafx-sdk-17.0.0.1/lib/javafx.swing.jar:/Users/xuyi/opt/javafx-sdk-17.0.0.1/lib/javafx.web.jar org.reprap.Gfx3D

Host: "MacBookAir10,1" arm64 1 MHz, 8 cores, 16G, Darwin 21.1.0, macOS 12.0.1 (21A559)
Time: Sun Jan  2 19:57:22 2022 CET elapsed time: 27.772533 seconds (0d 0h 0m 27s)

---------------  T H R E A D  ---------------

Current thread (0x0000000153821400):  JavaThread "InvokeLaterDispatcher" daemon [_thread_in_native, id=34319, stack(0x00000001722c0000,0x00000001724c3000)]

Stack: [0x00000001722c0000,0x00000001724c3000],  sp=0x00000001724c27a0,  free space=2057k
Native frames: (J=compiled Java code, j=interpreted, Vv=VM code, C=native code)
v  ~StubRoutines::SafeFetchN
V  [libjvm.dylib+0x7a0cf4]  OopStorage::release(oopDesc* const*)+0x20
V  [libjvm.dylib+0x4b9e40]  jni_DeleteGlobalRef+0xd8
C  [libglass.dylib+0xab08]  -[GlassRunnable dealloc]+0x34
C  [Foundation+0x85e0c]  -[_NSThreadPerformInfo dealloc]+0x30
C  [Foundation+0x525e8]  -[NSObject(NSThreadPerformAdditions) performSelectorOnMainThread:withObject:waitUntilDone:]+0x88
C  0x554e000111ac01cc
J 1111 c1 com.sun.glass.ui.mac.MacApplication.submitForLaterInvocation(Ljava/lang/Runnable;)V javafx.graphics (6 bytes) @ 0x000000010a6ec8d8 [0x000000010a6ec840+0x0000000000000098]
C  0x000000070e835548

Java frames: (J=compiled Java code, j=interpreted, Vv=VM code)
J 1115  com.sun.glass.ui.mac.MacApplication._submitForLaterInvocation(Ljava/lang/Runnable;)V javafx.graphics (0 bytes) @ 0x0000000111ac01cc [0x0000000111ac0140+0x000000000000008c]
J 1111 c1 com.sun.glass.ui.mac.MacApplication.submitForLaterInvocation(Ljava/lang/Runnable;)V javafx.graphics (6 bytes) @ 0x000000010a6ec8d8 [0x000000010a6ec840+0x0000000000000098]
j  com.sun.glass.ui.InvokeLaterDispatcher.run()V+82 javafx.graphics
v  ~StubRoutines::call_stub

siginfo: si_signo: 10 (SIGBUS), si_code: 1 (BUS_ADRALN), si_addr: 0x0000000109fa14f0

Register to memory mapping:

 x0=0x0000000151e0c8c8 is a global jni handle
 x1=0x0 is NULL
 x2=0x000000070f2a3298 is an oop: com.sun.glass.ui.InvokeLaterDispatcher$Future 
{0x000000070f2a3298} - klass: 'com/sun/glass/ui/InvokeLaterDispatcher$Future'
 - ---- fields (total size 3 words):
 - private 'done' 'Z' @12  true
 - private final 'runnable' 'Ljava/lang/Runnable;' @16  a 'com/sun/javafx/tk/quantum/QuantumToolkit$$Lambda$92+0x0000000800c37db8'{0x000000070e8cc5c8} (e1d198b9)
 - final synthetic 'this$0' 'Lcom/sun/glass/ui/InvokeLaterDispatcher;' @20  a 'com/sun/glass/ui/InvokeLaterDispatcher'{0x000000070e835548} (e1d06aa9)
 x3=0x0 is NULL
 x4=0x00000000000130a8 is an unknown value
 x5=0x0 is NULL
 x6=0x0 is NULL
 x7=0x0 is NULL
 x8=0x0000000109fa14ec is at begin+0 in a stub
StubRoutines::SafeFetchN [0x0000000109fa14ec, 0x0000000109fa14f8] (12 bytes)
 x9=0x0 is NULL
x10=0x2010000030300000 is an unknown value
x11=0x0000000000000007 is an unknown value
x12=0x0 is NULL
x13=0x00006000009b4af0 points into unknown readable memory: 0x0000000000000000 | 00 00 00 00 00 00 00 00
x14=0x0000000000000001 is an unknown value
x15=0x000000010185df98: OBJC_CLASS_$_GlassRunnable+0 in /Users/xuyi/opt/javafx-sdk-17.0.0.1/lib/libglass.dylib at 0x0000000101818000
x16=0x0000000199358340: pthread_getspecific+0 in /usr/lib/system/libsystem_pthread.dylib at 0x0000000199356000
x17=0x00006000003bd0e0 points into unknown readable memory: 0xfffffffffffffffe | fe ff ff ff ff ff ff ff
x18=0x0 is NULL
x19=0x0000600000cbc2a0 points into unknown readable memory: 0x00006000025bc3b0 | b0 c3 5b 02 00 60 00 00
x20=0x0000000151e0c6c0 points into unknown readable memory: 0x0000000000000000 | 00 00 00 00 00 00 00 00
x21=0x0000000151e0c8c8 is a global jni handle
x22=0x0000000153821400 is a thread
x23=0x0000000000000001 is an unknown value
x24=0x0000000151e0c880 is a global jni handle
x25=0x00000001024c15d8: _ZN12StubRoutines17_safefetchN_entryE+0 in /Users/xuyi/opt/jdk-17.jdk/Contents/Home/lib/server/libjvm.dylib at 0x0000000101918000
x26=0x0000000124517270 is pointing into metadata
x27=0x0 is NULL
x28=0x0000000153821400 is a thread


Registers:
 x0=0x0000000151e0c8c8  x1=0x0000000000000000  x2=0x000000070f2a3298  x3=0x0000000000000000
 x4=0x00000000000130a8  x5=0x0000000000000000  x6=0x0000000000000000  x7=0x0000000000000000
 x8=0x0000000109fa14ec  x9=0x0000000000000000 x10=0x2010000030300000 x11=0x0000000000000007
x12=0x0000000000000000 x13=0x00006000009b4af0 x14=0x0000000000000001 x15=0x000000010185df98
x16=0x0000000199358340 x17=0x00006000003bd0e0 x18=0x0000000000000000 x19=0x0000600000cbc2a0
x20=0x0000000151e0c6c0 x21=0x0000000151e0c8c8 x22=0x0000000153821400 x23=0x0000000000000001
x24=0x0000000151e0c880 x25=0x00000001024c15d8 x26=0x0000000124517270 x27=0x0000000000000000
x28=0x0000000153821400  fp=0x00000001724c27e0  lr=0x00000001020b7ac4  sp=0x00000001724c27a0
pc=0x0000000109fa14f0 cpsr=0x0000000060001000
Top of Stack: (sp=0x00000001724c27a0)
0x00000001724c27a0:   0000000124517270 0000000000000001
0x00000001724c27b0:   0000000800c2abc0 0000000000000000
0x00000001724c27c0:   000000015292b8a8 0000000151e0c888
0x00000001724c27d0:   0000000151e0c888 0000600000cbc2a0
0x00000001724c27e0:   00000001724c2820 00000001020b8cf4
0x00000001724c27f0:   0000000000000001 0000000151e0c888
0x00000001724c2800:   000000015292b8a8 0000000151e0c888
0x00000001724c2810:   0000000000000001 000000015292b600
0x00000001724c2820:   00000001724c2860 0000000101dd1e40
0x00000001724c2830:   0000000800c2abc0 00006000025ac680
0x00000001724c2840:   00006000025ac6a0 00000001e35859f4
0x00000001724c2850:   0000000000000000 00006000025ac6a0
0x00000001724c2860:   00000001724c2890 0000000101822b08
0x00000001724c2870:   ac49a7bc3965004e 0000000000000000
0x00000001724c2880:   0000000000000000 00006000032b9500
0x00000001724c2890:   00000001724c28d0 000000019a320e0c
0x00000001724c28a0:   0000000800c2abc0 00006000025ac680
0x00000001724c28b0:   00006000025ac6a0 ac49a7bc3965004e
0x00000001724c28c0:   0000000000000000 0000000000000000
0x00000001724c28d0:   00000001724c2910 730d80019a2ed5e8
0x00000001724c28e0:   0000000800c2abc0 0000000109fa87c0
0x00000001724c28f0:   0000000124516caa 00000001024c8f90
0x00000001724c2900:   00000001724c29f0 00000000000000b9
0x00000001724c2910:   00000001724c2970 554e000111ac01cc
0x00000001724c2920:   000000070e82b690 000000070f2a3298
0x00000001724c2930:   00000001724c2a98 0000000199364530
0x00000001724c2940:   0000000153821400 00000001024a5db0
0x00000001724c2950:   00000001724c2a00 0000000000000001
0x00000001724c2960:   00000001724c29a0 000000070e8cba00
0x00000001724c2970:   00000001724c2a60 000000010a6ec8d8
0x00000001724c2980:   000000070f2a3298 000000070e8cc5c8
0x00000001724c2990:   00000001724c29f8 00000000000000b6 

Instructions: (pc=0x0000000109fa14f0)
0x0000000109fa13f0:   f2a04909 f2c00029 6d425935 1e640886
0x0000000109fa1400:   0c402d31 1e6408c7 1f5654d0 1e6c1017
0x0000000109fa1410:   1f5050d0 1f504cd0 1f5048d0 1e650af6
0x0000000109fa1420:   1f50d8f6 1f5694d6 1f5158f6 1e762880
0x0000000109fa1430:   36000501 1e614000 14000026 2e251ca5
0x0000000109fa1440:   d29c3009 f2a04909 f2c00029 6d425d36
0x0000000109fa1450:   1e600806 0c402d32 1f5758c7 1e6c101a
0x0000000109fa1460:   1f4754c7 1e650805 1f4750c7 d2866668
0x0000000109fa1470:   f2a7fa68 1f474cc7 1e6608c0 1f4748c7
0x0000000109fa1480:   1e6e1019 eb08007f 540000ac 1f479400
0x0000000109fa1490:   1f460340 1e603b20 1400000e d2a7fd29
0x0000000109fa14a0:   eb09007f 540000ac 51480069 d3607d29
0x0000000109fa14b0:   9e670121 14000002 1e6a5001 1f679417
0x0000000109fa14c0:   1f668742 1e613b23 1e773857 1e773860
0x0000000109fa14d0:   a8c17ff3 910003bf a8c17bfd d65f03c0
0x0000000109fa14e0:   b9400001 aa0103e0 d65f03c0 f9400001
0x0000000109fa14f0:   aa0103e0 d65f03c0 00000000 00000000
0x0000000109fa1500:   00000000 00000000 00000000 00000000
0x0000000109fa1510:   00000000 00000000 00000000 00000000
0x0000000109fa1520:   00000000 00000000 00000000 00000000
0x0000000109fa1530:   00000000 00000000 00000000 00000000
0x0000000109fa1540:   00000000 00000000 00000000 00000000
0x0000000109fa1550:   00000000 00000000 00000000 00000000
0x0000000109fa1560:   00000000 00000000 00000000 00000000
0x0000000109fa1570:   00000000 00000000 00000000 00000000
0x0000000109fa1580:   00000000 00000000 00000000 00000000
0x0000000109fa1590:   00000000 00000000 00000000 00000000
0x0000000109fa15a0:   00000000 00000000 00000000 00000000
0x0000000109fa15b0:   00000000 00000000 00000000 00000000
0x0000000109fa15c0:   00000000 00000000 00000000 00000000
0x0000000109fa15d0:   00000000 00000000 00000000 00000000
0x0000000109fa15e0:   00000000 00000000 00000000 00000000 


Stack slot to memory mapping:
stack at sp + 0 slots: 0x0000000124517270 is pointing into metadata
stack at sp + 1 slots: 0x0000000000000001 is an unknown value
stack at sp + 2 slots: 0x0000000800c2abc0 is a pointer to class: 
com.sun.glass.ui.mac.MacApplication {0x0000000800c2abc0}
 - instance size:     5
 - klass size:        136
 - access:            final synchronized 
 - state:             fully_initialized
 - name:              'com/sun/glass/ui/mac/MacApplication'
 - super:             'com/sun/glass/ui/Application'
 - sub:               
 - arrays:            NULL
 - methods:           Array<T>(0x00000001244ed110)
 - method ordering:   Array<T>(0x0000000800915120)
 - default_methods:   Array<T>(0x0000000000000000)
 - local interfaces:  Array<T>(0x00000001244efef8)
 - trans. interfaces: Array<T>(0x00000001244efef8)
 - constants:         constant pool [548]/operands[69] {0x00000001244eec18} for 'com/sun/glass/ui/mac/MacApplication' cache=0x0000000124514c28
 - class loader data:  loader data: 0x00006000016a40a0 for instance a 'jdk/internal/loader/ClassLoaders$AppClassLoader'{0x000000070e835780}
 - source file:       'MacApplication.java'
 - class annotations:       Array<T>(0x0000000000000000)
 - class type annotations:  Array<T>(0x0000000000000000)
 - field annotations:       Array<T>(0x0000000000000000)
 - field type annotations:  Array<T>(0x0000000000000000)
 - inner classes:     Array<T>(0x00000001244f1810)
 - nest members:     Array<T>(0x00000001244f1868)
 - permitted subclasses:     Array<T>(0x00000008005bf1d0)
 - java mirror:       a 'java/lang/Class'{0x000000070e82b618} = 'com/sun/glass/ui/mac/MacApplication'
 - vtable length      72  (start addr: 0x0000000800c2ad90)
 - itable length      5 (start addr: 0x0000000800c2afd0)
 - ---- static fields (1 words):
 - static final 'BROWSER_PARENT_ID' 'J' @112 
 - ---- non-static fields (7 words):
 - private 'initialActiveEventReceived' 'Z' @12 
 - private 'terminateWhenLastWindowClosed' 'Z' @13 
 - protected 'name' 'Ljava/lang/String;' @16 
 - private 'eventHandler' 'Lcom/sun/glass/ui/Application$EventHandler;' @20 
 - private 'initialOpenedFiles' '[Ljava/lang/String;' @24 
 - private 'isTaskbarApplication' 'Z' @14 
 - private 'firstDidResignActive' 'Z' @15 
 - private final 'invokeLaterDispatcher' 'Lcom/sun/glass/ui/InvokeLaterDispatcher;' @28 
 - private 'appleMenu' 'Lcom/sun/glass/ui/Menu;' @32 
 - private final 'reactivationLatch' 'Ljava/util/concurrent/CountDownLatch;' @36 
 - non-static oop maps: 16-36 
stack at sp + 3 slots: 0x0 is NULL
stack at sp + 4 slots: 0x000000015292b8a8 points into unknown readable memory: 0x000000010247e728 | 28 e7 47 02 01 00 00 00
stack at sp + 5 slots: 0x0000000151e0c888 is a global jni handle
stack at sp + 6 slots: 0x0000000151e0c888 is a global jni handle
stack at sp + 7 slots: 0x0000600000cbc2a0 points into unknown readable memory: 0x00006000025bc3b0 | b0 c3 5b 02 00 60 00 00

StubRoutines::SafeFetchN [0x0000000109fa14ec, 0x0000000109fa14f8] (12 bytes)
[MachCode]
  0x0000000109fa14ec: 0100 40f9 | e003 01aa | c003 5fd6 
[/MachCode]

---------------  P R O C E S S  ---------------

Threads class SMR info:
_java_thread_list=0x0000600002790540, length=16, elements={
0x000000015200d800, 0x00000001520e7600, 0x00000001520e9e00, 0x00000001520e8800,
0x00000001520e8e00, 0x0000000152812a00, 0x00000001520e9400, 0x0000000152813000,
0x000000014200ae00, 0x0000000153813c00, 0x0000000142010a00, 0x0000000153811a00,
0x0000000153821400, 0x000000015292b600, 0x000000015228e600, 0x0000000142149000
}

Java Threads: ( => current thread )
  0x000000015200d800 JavaThread "main" [_thread_blocked, id=6659, stack(0x000000016f6ac000,0x000000016f8af000)]
  0x00000001520e7600 JavaThread "Reference Handler" daemon [_thread_blocked, id=14595, stack(0x0000000170500000,0x0000000170703000)]
  0x00000001520e9e00 JavaThread "Finalizer" daemon [_thread_blocked, id=15875, stack(0x000000017070c000,0x000000017090f000)]
  0x00000001520e8800 JavaThread "Signal Dispatcher" daemon [_thread_blocked, id=23299, stack(0x0000000170a30000,0x0000000170c33000)]
  0x00000001520e8e00 JavaThread "Service Thread" daemon [_thread_blocked, id=42755, stack(0x0000000170c3c000,0x0000000170e3f000)]
  0x0000000152812a00 JavaThread "Monitor Deflation Thread" daemon [_thread_blocked, id=42243, stack(0x0000000170e48000,0x000000017104b000)]
  0x00000001520e9400 JavaThread "C2 CompilerThread0" daemon [_thread_blocked, id=24067, stack(0x0000000171054000,0x0000000171257000)]
  0x0000000152813000 JavaThread "C1 CompilerThread0" daemon [_thread_blocked, id=41731, stack(0x0000000171260000,0x0000000171463000)]
  0x000000014200ae00 JavaThread "Sweeper thread" daemon [_thread_blocked, id=24323, stack(0x000000017146c000,0x000000017166f000)]
  0x0000000153813c00 JavaThread "Common-Cleaner" daemon [_thread_blocked, id=24835, stack(0x0000000171678000,0x000000017187b000)]
  0x0000000142010a00 JavaThread "Notification Thread" daemon [_thread_blocked, id=25603, stack(0x0000000171c9c000,0x0000000171e9f000)]
  0x0000000153811a00 JavaThread "QuantumRenderer-0" daemon [_thread_blocked, id=26115, stack(0x00000001720b4000,0x00000001722b7000)]
=>0x0000000153821400 JavaThread "InvokeLaterDispatcher" daemon [_thread_in_native, id=34319, stack(0x00000001722c0000,0x00000001724c3000)]
  0x000000015292b600 JavaThread "JavaFX Application Thread" [_thread_in_vm, id=259, stack(0x000000016ee24000,0x000000016f620000)]
  0x000000015228e600 JavaThread "JavaFX-Launcher" [_thread_blocked, id=74499, stack(0x00000001727f0000,0x00000001729f3000)]
  0x0000000142149000 JavaThread "PulseTimer-CVDisplayLink thread" daemon [_thread_in_native, id=77827, stack(0x00000001724cc000,0x000000017254f000)]

Other Threads:
  0x0000000151f086a0 VMThread "VM Thread" [stack: 0x00000001702f4000,0x00000001704f7000] [id=16643]
  0x0000000131f05160 WatcherThread [stack: 0x0000000171ea8000,0x00000001720ab000] [id=40195]
  0x0000000151e07d80 GCTaskThread "GC Thread#0" [stack: 0x000000016f8b8000,0x000000016fabb000] [id=12803]
  0x0000000151f35130 GCTaskThread "GC Thread#1" [stack: 0x00000001729fc000,0x0000000172bff000] [id=55043]
  0x0000000151f355b0 GCTaskThread "GC Thread#2" [stack: 0x0000000172c08000,0x0000000172e0b000] [id=55555]
  0x0000000151f35a30 GCTaskThread "GC Thread#3" [stack: 0x0000000172e14000,0x0000000173017000] [id=55811]
  0x0000000151f35eb0 GCTaskThread "GC Thread#4" [stack: 0x0000000173020000,0x0000000173223000] [id=56323]
  0x0000000151f36330 GCTaskThread "GC Thread#5" [stack: 0x000000017322c000,0x000000017342f000] [id=56579]
  0x0000000151e08430 ConcurrentGCThread "G1 Main Marker" [stack: 0x000000016fac4000,0x000000016fcc7000] [id=19971]
  0x0000000141e04080 ConcurrentGCThread "G1 Conc#0" [stack: 0x000000016fcd0000,0x000000016fed3000] [id=19459]
  0x0000000151e0a3f0 ConcurrentGCThread "G1 Refine#0" [stack: 0x000000016fedc000,0x00000001700df000] [id=18691]
  0x0000000141e048f0 ConcurrentGCThread "G1 Service" [stack: 0x00000001700e8000,0x00000001702eb000] [id=18179]

Threads with active compile tasks:

VM state: not at safepoint (normal execution)

VM Mutex/Monitor currently owned by a thread: None

Heap address: 0x0000000700000000, size: 4096 MB, Compressed Oops mode: Zero based, Oop shift amount: 3

CDS archive(s) mapped at: [0x0000000800000000-0x0000000800bd0000-0x0000000800bd0000), size 12386304, SharedBaseAddress: 0x0000000800000000, ArchiveRelocationMode: 0.
Compressed class space mapped at: 0x0000000800c00000-0x0000000840c00000, reserved size: 1073741824
Narrow klass base: 0x0000000800000000, Narrow klass shift: 0, Narrow klass range: 0x100000000

GC Precious Log:
 CPUs: 8 total, 8 available
 Memory: 16384M
 Large Page Support: Disabled
 NUMA Support: Disabled
 Compressed Oops: Enabled (Zero based)
 Heap Region Size: 2M
 Heap Min Capacity: 8M
 Heap Initial Capacity: 256M
 Heap Max Capacity: 4G
 Pre-touch: Disabled
 Parallel Workers: 8
 Concurrent Workers: 2
 Concurrent Refinement Workers: 8
 Periodic GC: Disabled

Heap:
 garbage-first heap   total 266240K, used 18698K [0x0000000700000000, 0x0000000800000000)
  region size 2048K, 10 young (20480K), 2 survivors (4096K)
 Metaspace       used 7481K, committed 7744K, reserved 1064960K
  class space    used 1005K, committed 1152K, reserved 1048576K

Heap Regions: E=young(eden), S=young(survivor), O=old, HS=humongous(starts), HC=humongous(continues), CS=collection set, F=free, OA=open archive, CA=closed archive, TAMS=top-at-mark-start (previous, next)
|   0|0x0000000700000000, 0x0000000700000000, 0x0000000700200000|  0%| F|  |TAMS 0x0000000700000000, 0x0000000700000000| Untracked 
|   1|0x0000000700200000, 0x0000000700200000, 0x0000000700400000|  0%| F|  |TAMS 0x0000000700200000, 0x0000000700200000| Untracked 
|   2|0x0000000700400000, 0x0000000700400000, 0x0000000700600000|  0%| F|  |TAMS 0x0000000700400000, 0x0000000700400000| Untracked 
|   3|0x0000000700600000, 0x0000000700600000, 0x0000000700800000|  0%| F|  |TAMS 0x0000000700600000, 0x0000000700600000| Untracked 
|   4|0x0000000700800000, 0x0000000700800000, 0x0000000700a00000|  0%| F|  |TAMS 0x0000000700800000, 0x0000000700800000| Untracked 
|   5|0x0000000700a00000, 0x0000000700a00000, 0x0000000700c00000|  0%| F|  |TAMS 0x0000000700a00000, 0x0000000700a00000| Untracked 
|   6|0x0000000700c00000, 0x0000000700c00000, 0x0000000700e00000|  0%| F|  |TAMS 0x0000000700c00000, 0x0000000700c00000| Untracked 
|   7|0x0000000700e00000, 0x0000000700e00000, 0x0000000701000000|  0%| F|  |TAMS 0x0000000700e00000, 0x0000000700e00000| Untracked 
|   8|0x0000000701000000, 0x0000000701000000, 0x0000000701200000|  0%| F|  |TAMS 0x0000000701000000, 0x0000000701000000| Untracked 
|   9|0x0000000701200000, 0x0000000701200000, 0x0000000701400000|  0%| F|  |TAMS 0x0000000701200000, 0x0000000701200000| Untracked 
|  10|0x0000000701400000, 0x0000000701400000, 0x0000000701600000|  0%| F|  |TAMS 0x0000000701400000, 0x0000000701400000| Untracked 
|  11|0x0000000701600000, 0x0000000701600000, 0x0000000701800000|  0%| F|  |TAMS 0x0000000701600000, 0x0000000701600000| Untracked 
|  12|0x0000000701800000, 0x0000000701800000, 0x0000000701a00000|  0%| F|  |TAMS 0x0000000701800000, 0x0000000701800000| Untracked 
|  13|0x0000000701a00000, 0x0000000701a00000, 0x0000000701c00000|  0%| F|  |TAMS 0x0000000701a00000, 0x0000000701a00000| Untracked 
|  14|0x0000000701c00000, 0x0000000701c00000, 0x0000000701e00000|  0%| F|  |TAMS 0x0000000701c00000, 0x0000000701c00000| Untracked 
|  15|0x0000000701e00000, 0x0000000701e00000, 0x0000000702000000|  0%| F|  |TAMS 0x0000000701e00000, 0x0000000701e00000| Untracked 
|  16|0x0000000702000000, 0x0000000702000000, 0x0000000702200000|  0%| F|  |TAMS 0x0000000702000000, 0x0000000702000000| Untracked 
|  17|0x0000000702200000, 0x0000000702200000, 0x0000000702400000|  0%| F|  |TAMS 0x0000000702200000, 0x0000000702200000| Untracked 
|  18|0x0000000702400000, 0x0000000702400000, 0x0000000702600000|  0%| F|  |TAMS 0x0000000702400000, 0x0000000702400000| Untracked 
|  19|0x0000000702600000, 0x0000000702600000, 0x0000000702800000|  0%| F|  |TAMS 0x0000000702600000, 0x0000000702600000| Untracked 
|  20|0x0000000702800000, 0x0000000702800000, 0x0000000702a00000|  0%| F|  |TAMS 0x0000000702800000, 0x0000000702800000| Untracked 
|  21|0x0000000702a00000, 0x0000000702a00000, 0x0000000702c00000|  0%| F|  |TAMS 0x0000000702a00000, 0x0000000702a00000| Untracked 
|  22|0x0000000702c00000, 0x0000000702c00000, 0x0000000702e00000|  0%| F|  |TAMS 0x0000000702c00000, 0x0000000702c00000| Untracked 
|  23|0x0000000702e00000, 0x0000000702e00000, 0x0000000703000000|  0%| F|  |TAMS 0x0000000702e00000, 0x0000000702e00000| Untracked 
|  24|0x0000000703000000, 0x0000000703000000, 0x0000000703200000|  0%| F|  |TAMS 0x0000000703000000, 0x0000000703000000| Untracked 
|  25|0x0000000703200000, 0x0000000703200000, 0x0000000703400000|  0%| F|  |TAMS 0x0000000703200000, 0x0000000703200000| Untracked 
|  26|0x0000000703400000, 0x0000000703400000, 0x0000000703600000|  0%| F|  |TAMS 0x0000000703400000, 0x0000000703400000| Untracked 
|  27|0x0000000703600000, 0x0000000703600000, 0x0000000703800000|  0%| F|  |TAMS 0x0000000703600000, 0x0000000703600000| Untracked 
|  28|0x0000000703800000, 0x0000000703800000, 0x0000000703a00000|  0%| F|  |TAMS 0x0000000703800000, 0x0000000703800000| Untracked 
|  29|0x0000000703a00000, 0x0000000703a00000, 0x0000000703c00000|  0%| F|  |TAMS 0x0000000703a00000, 0x0000000703a00000| Untracked 
|  30|0x0000000703c00000, 0x0000000703c00000, 0x0000000703e00000|  0%| F|  |TAMS 0x0000000703c00000, 0x0000000703c00000| Untracked 
|  31|0x0000000703e00000, 0x0000000703e00000, 0x0000000704000000|  0%| F|  |TAMS 0x0000000703e00000, 0x0000000703e00000| Untracked 
|  32|0x0000000704000000, 0x0000000704000000, 0x0000000704200000|  0%| F|  |TAMS 0x0000000704000000, 0x0000000704000000| Untracked 
|  33|0x0000000704200000, 0x0000000704200000, 0x0000000704400000|  0%| F|  |TAMS 0x0000000704200000, 0x0000000704200000| Untracked 
|  34|0x0000000704400000, 0x0000000704400000, 0x0000000704600000|  0%| F|  |TAMS 0x0000000704400000, 0x0000000704400000| Untracked 
|  35|0x0000000704600000, 0x0000000704600000, 0x0000000704800000|  0%| F|  |TAMS 0x0000000704600000, 0x0000000704600000| Untracked 
|  36|0x0000000704800000, 0x0000000704800000, 0x0000000704a00000|  0%| F|  |TAMS 0x0000000704800000, 0x0000000704800000| Untracked 
|  37|0x0000000704a00000, 0x0000000704a00000, 0x0000000704c00000|  0%| F|  |TAMS 0x0000000704a00000, 0x0000000704a00000| Untracked 
|  38|0x0000000704c00000, 0x0000000704c00000, 0x0000000704e00000|  0%| F|  |TAMS 0x0000000704c00000, 0x0000000704c00000| Untracked 
|  39|0x0000000704e00000, 0x0000000704e00000, 0x0000000705000000|  0%| F|  |TAMS 0x0000000704e00000, 0x0000000704e00000| Untracked 
|  40|0x0000000705000000, 0x0000000705000000, 0x0000000705200000|  0%| F|  |TAMS 0x0000000705000000, 0x0000000705000000| Untracked 
|  41|0x0000000705200000, 0x0000000705200000, 0x0000000705400000|  0%| F|  |TAMS 0x0000000705200000, 0x0000000705200000| Untracked 
|  42|0x0000000705400000, 0x0000000705400000, 0x0000000705600000|  0%| F|  |TAMS 0x0000000705400000, 0x0000000705400000| Untracked 
|  43|0x0000000705600000, 0x0000000705600000, 0x0000000705800000|  0%| F|  |TAMS 0x0000000705600000, 0x0000000705600000| Untracked 
|  44|0x0000000705800000, 0x0000000705800000, 0x0000000705a00000|  0%| F|  |TAMS 0x0000000705800000, 0x0000000705800000| Untracked 
|  45|0x0000000705a00000, 0x0000000705a00000, 0x0000000705c00000|  0%| F|  |TAMS 0x0000000705a00000, 0x0000000705a00000| Untracked 
|  46|0x0000000705c00000, 0x0000000705c00000, 0x0000000705e00000|  0%| F|  |TAMS 0x0000000705c00000, 0x0000000705c00000| Untracked 
|  47|0x0000000705e00000, 0x0000000705e00000, 0x0000000706000000|  0%| F|  |TAMS 0x0000000705e00000, 0x0000000705e00000| Untracked 
|  48|0x0000000706000000, 0x0000000706000000, 0x0000000706200000|  0%| F|  |TAMS 0x0000000706000000, 0x0000000706000000| Untracked 
|  49|0x0000000706200000, 0x0000000706200000, 0x0000000706400000|  0%| F|  |TAMS 0x0000000706200000, 0x0000000706200000| Untracked 
|  50|0x0000000706400000, 0x0000000706400000, 0x0000000706600000|  0%| F|  |TAMS 0x0000000706400000, 0x0000000706400000| Untracked 
|  51|0x0000000706600000, 0x0000000706600000, 0x0000000706800000|  0%| F|  |TAMS 0x0000000706600000, 0x0000000706600000| Untracked 
|  52|0x0000000706800000, 0x0000000706800000, 0x0000000706a00000|  0%| F|  |TAMS 0x0000000706800000, 0x0000000706800000| Untracked 
|  53|0x0000000706a00000, 0x0000000706a00000, 0x0000000706c00000|  0%| F|  |TAMS 0x0000000706a00000, 0x0000000706a00000| Untracked 
|  54|0x0000000706c00000, 0x0000000706c00000, 0x0000000706e00000|  0%| F|  |TAMS 0x0000000706c00000, 0x0000000706c00000| Untracked 
|  55|0x0000000706e00000, 0x0000000706e00000, 0x0000000707000000|  0%| F|  |TAMS 0x0000000706e00000, 0x0000000706e00000| Untracked 
|  56|0x0000000707000000, 0x0000000707000000, 0x0000000707200000|  0%| F|  |TAMS 0x0000000707000000, 0x0000000707000000| Untracked 
|  57|0x0000000707200000, 0x0000000707200000, 0x0000000707400000|  0%| F|  |TAMS 0x0000000707200000, 0x0000000707200000| Untracked 
|  58|0x0000000707400000, 0x0000000707400000, 0x0000000707600000|  0%| F|  |TAMS 0x0000000707400000, 0x0000000707400000| Untracked 
|  59|0x0000000707600000, 0x0000000707600000, 0x0000000707800000|  0%| F|  |TAMS 0x0000000707600000, 0x0000000707600000| Untracked 
|  60|0x0000000707800000, 0x0000000707800000, 0x0000000707a00000|  0%| F|  |TAMS 0x0000000707800000, 0x0000000707800000| Untracked 
|  61|0x0000000707a00000, 0x0000000707a00000, 0x0000000707c00000|  0%| F|  |TAMS 0x0000000707a00000, 0x0000000707a00000| Untracked 
|  62|0x0000000707c00000, 0x0000000707c00000, 0x0000000707e00000|  0%| F|  |TAMS 0x0000000707c00000, 0x0000000707c00000| Untracked 
|  63|0x0000000707e00000, 0x0000000707e00000, 0x0000000708000000|  0%| F|  |TAMS 0x0000000707e00000, 0x0000000707e00000| Untracked 
|  64|0x0000000708000000, 0x0000000708000000, 0x0000000708200000|  0%| F|  |TAMS 0x0000000708000000, 0x0000000708000000| Untracked 
|  65|0x0000000708200000, 0x0000000708200000, 0x0000000708400000|  0%| F|  |TAMS 0x0000000708200000, 0x0000000708200000| Untracked 
|  66|0x0000000708400000, 0x0000000708400000, 0x0000000708600000|  0%| F|  |TAMS 0x0000000708400000, 0x0000000708400000| Untracked 
|  67|0x0000000708600000, 0x0000000708600000, 0x0000000708800000|  0%| F|  |TAMS 0x0000000708600000, 0x0000000708600000| Untracked 
|  68|0x0000000708800000, 0x0000000708800000, 0x0000000708a00000|  0%| F|  |TAMS 0x0000000708800000, 0x0000000708800000| Untracked 
|  69|0x0000000708a00000, 0x0000000708a00000, 0x0000000708c00000|  0%| F|  |TAMS 0x0000000708a00000, 0x0000000708a00000| Untracked 
|  70|0x0000000708c00000, 0x0000000708c00000, 0x0000000708e00000|  0%| F|  |TAMS 0x0000000708c00000, 0x0000000708c00000| Untracked 
|  71|0x0000000708e00000, 0x0000000708e00000, 0x0000000709000000|  0%| F|  |TAMS 0x0000000708e00000, 0x0000000708e00000| Untracked 
|  72|0x0000000709000000, 0x0000000709000000, 0x0000000709200000|  0%| F|  |TAMS 0x0000000709000000, 0x0000000709000000| Untracked 
|  73|0x0000000709200000, 0x0000000709200000, 0x0000000709400000|  0%| F|  |TAMS 0x0000000709200000, 0x0000000709200000| Untracked 
|  74|0x0000000709400000, 0x0000000709400000, 0x0000000709600000|  0%| F|  |TAMS 0x0000000709400000, 0x0000000709400000| Untracked 
|  75|0x0000000709600000, 0x0000000709600000, 0x0000000709800000|  0%| F|  |TAMS 0x0000000709600000, 0x0000000709600000| Untracked 
|  76|0x0000000709800000, 0x0000000709800000, 0x0000000709a00000|  0%| F|  |TAMS 0x0000000709800000, 0x0000000709800000| Untracked 
|  77|0x0000000709a00000, 0x0000000709a00000, 0x0000000709c00000|  0%| F|  |TAMS 0x0000000709a00000, 0x0000000709a00000| Untracked 
|  78|0x0000000709c00000, 0x0000000709c00000, 0x0000000709e00000|  0%| F|  |TAMS 0x0000000709c00000, 0x0000000709c00000| Untracked 
|  79|0x0000000709e00000, 0x0000000709e00000, 0x000000070a000000|  0%| F|  |TAMS 0x0000000709e00000, 0x0000000709e00000| Untracked 
|  80|0x000000070a000000, 0x000000070a000000, 0x000000070a200000|  0%| F|  |TAMS 0x000000070a000000, 0x000000070a000000| Untracked 
|  81|0x000000070a200000, 0x000000070a200000, 0x000000070a400000|  0%| F|  |TAMS 0x000000070a200000, 0x000000070a200000| Untracked 
|  82|0x000000070a400000, 0x000000070a400000, 0x000000070a600000|  0%| F|  |TAMS 0x000000070a400000, 0x000000070a400000| Untracked 
|  83|0x000000070a600000, 0x000000070a600000, 0x000000070a800000|  0%| F|  |TAMS 0x000000070a600000, 0x000000070a600000| Untracked 
|  84|0x000000070a800000, 0x000000070a800000, 0x000000070aa00000|  0%| F|  |TAMS 0x000000070a800000, 0x000000070a800000| Untracked 
|  85|0x000000070aa00000, 0x000000070aa00000, 0x000000070ac00000|  0%| F|  |TAMS 0x000000070aa00000, 0x000000070aa00000| Untracked 
|  86|0x000000070ac00000, 0x000000070ac00000, 0x000000070ae00000|  0%| F|  |TAMS 0x000000070ac00000, 0x000000070ac00000| Untracked 
|  87|0x000000070ae00000, 0x000000070ae00000, 0x000000070b000000|  0%| F|  |TAMS 0x000000070ae00000, 0x000000070ae00000| Untracked 
|  88|0x000000070b000000, 0x000000070b000000, 0x000000070b200000|  0%| F|  |TAMS 0x000000070b000000, 0x000000070b000000| Untracked 
|  89|0x000000070b200000, 0x000000070b200000, 0x000000070b400000|  0%| F|  |TAMS 0x000000070b200000, 0x000000070b200000| Untracked 
|  90|0x000000070b400000, 0x000000070b400000, 0x000000070b600000|  0%| F|  |TAMS 0x000000070b400000, 0x000000070b400000| Untracked 
|  91|0x000000070b600000, 0x000000070b600000, 0x000000070b800000|  0%| F|  |TAMS 0x000000070b600000, 0x000000070b600000| Untracked 
|  92|0x000000070b800000, 0x000000070b800000, 0x000000070ba00000|  0%| F|  |TAMS 0x000000070b800000, 0x000000070b800000| Untracked 
|  93|0x000000070ba00000, 0x000000070ba00000, 0x000000070bc00000|  0%| F|  |TAMS 0x000000070ba00000, 0x000000070ba00000| Untracked 
|  94|0x000000070bc00000, 0x000000070bc00000, 0x000000070be00000|  0%| F|  |TAMS 0x000000070bc00000, 0x000000070bc00000| Untracked 
|  95|0x000000070be00000, 0x000000070be00000, 0x000000070c000000|  0%| F|  |TAMS 0x000000070be00000, 0x000000070be00000| Untracked 
|  96|0x000000070c000000, 0x000000070c000000, 0x000000070c200000|  0%| F|  |TAMS 0x000000070c000000, 0x000000070c000000| Untracked 
|  97|0x000000070c200000, 0x000000070c200000, 0x000000070c400000|  0%| F|  |TAMS 0x000000070c200000, 0x000000070c200000| Untracked 
|  98|0x000000070c400000, 0x000000070c400000, 0x000000070c600000|  0%| F|  |TAMS 0x000000070c400000, 0x000000070c400000| Untracked 
|  99|0x000000070c600000, 0x000000070c600000, 0x000000070c800000|  0%| F|  |TAMS 0x000000070c600000, 0x000000070c600000| Untracked 
| 100|0x000000070c800000, 0x000000070c800000, 0x000000070ca00000|  0%| F|  |TAMS 0x000000070c800000, 0x000000070c800000| Untracked 
| 101|0x000000070ca00000, 0x000000070ca00000, 0x000000070cc00000|  0%| F|  |TAMS 0x000000070ca00000, 0x000000070ca00000| Untracked 
| 102|0x000000070cc00000, 0x000000070cc00000, 0x000000070ce00000|  0%| F|  |TAMS 0x000000070cc00000, 0x000000070cc00000| Untracked 
| 103|0x000000070ce00000, 0x000000070ce00000, 0x000000070d000000|  0%| F|  |TAMS 0x000000070ce00000, 0x000000070ce00000| Untracked 
| 104|0x000000070d000000, 0x000000070d000000, 0x000000070d200000|  0%| F|  |TAMS 0x000000070d000000, 0x000000070d000000| Untracked 
| 105|0x000000070d200000, 0x000000070d200000, 0x000000070d400000|  0%| F|  |TAMS 0x000000070d200000, 0x000000070d200000| Untracked 
| 106|0x000000070d400000, 0x000000070d400000, 0x000000070d600000|  0%| F|  |TAMS 0x000000070d400000, 0x000000070d400000| Untracked 
| 107|0x000000070d600000, 0x000000070d600000, 0x000000070d800000|  0%| F|  |TAMS 0x000000070d600000, 0x000000070d600000| Untracked 
| 108|0x000000070d800000, 0x000000070d800000, 0x000000070da00000|  0%| F|  |TAMS 0x000000070d800000, 0x000000070d800000| Untracked 
| 109|0x000000070da00000, 0x000000070da00000, 0x000000070dc00000|  0%| F|  |TAMS 0x000000070da00000, 0x000000070da00000| Untracked 
| 110|0x000000070dc00000, 0x000000070dc00000, 0x000000070de00000|  0%| F|  |TAMS 0x000000070dc00000, 0x000000070dc00000| Untracked 
| 111|0x000000070de00000, 0x000000070de00000, 0x000000070e000000|  0%| F|  |TAMS 0x000000070de00000, 0x000000070de00000| Untracked 
| 112|0x000000070e000000, 0x000000070e000000, 0x000000070e200000|  0%| F|  |TAMS 0x000000070e000000, 0x000000070e000000| Untracked 
| 113|0x000000070e200000, 0x000000070e200000, 0x000000070e400000|  0%| F|  |TAMS 0x000000070e200000, 0x000000070e200000| Untracked 
| 114|0x000000070e400000, 0x000000070e400000, 0x000000070e600000|  0%| F|  |TAMS 0x000000070e400000, 0x000000070e400000| Untracked 
| 115|0x000000070e600000, 0x000000070e64aa98, 0x000000070e800000| 14%| S|CS|TAMS 0x000000070e600000, 0x000000070e600000| Complete 
| 116|0x000000070e800000, 0x000000070ea00000, 0x000000070ea00000|100%| S|CS|TAMS 0x000000070e800000, 0x000000070e800000| Complete 
| 117|0x000000070ea00000, 0x000000070ea00000, 0x000000070ec00000|  0%| F|  |TAMS 0x000000070ea00000, 0x000000070ea00000| Untracked 
| 118|0x000000070ec00000, 0x000000070ec00000, 0x000000070ee00000|  0%| F|  |TAMS 0x000000070ec00000, 0x000000070ec00000| Untracked 
| 119|0x000000070ee00000, 0x000000070ee00000, 0x000000070f000000|  0%| F|  |TAMS 0x000000070ee00000, 0x000000070ee00000| Untracked 
| 120|0x000000070f000000, 0x000000070f0b6b70, 0x000000070f200000| 35%| E|  |TAMS 0x000000070f000000, 0x000000070f000000| Complete 
| 121|0x000000070f200000, 0x000000070f400000, 0x000000070f400000|100%| E|CS|TAMS 0x000000070f200000, 0x000000070f200000| Complete 
| 122|0x000000070f400000, 0x000000070f600000, 0x000000070f600000|100%| E|CS|TAMS 0x000000070f400000, 0x000000070f400000| Complete 
| 123|0x000000070f600000, 0x000000070f800000, 0x000000070f800000|100%| E|CS|TAMS 0x000000070f600000, 0x000000070f600000| Complete 
| 124|0x000000070f800000, 0x000000070fa00000, 0x000000070fa00000|100%| E|CS|TAMS 0x000000070f800000, 0x000000070f800000| Complete 
| 125|0x000000070fa00000, 0x000000070fc00000, 0x000000070fc00000|100%| E|CS|TAMS 0x000000070fa00000, 0x000000070fa00000| Complete 
| 126|0x000000070fc00000, 0x000000070fe00000, 0x000000070fe00000|100%| E|CS|TAMS 0x000000070fc00000, 0x000000070fc00000| Complete 
| 127|0x000000070fe00000, 0x0000000710000000, 0x0000000710000000|100%| E|CS|TAMS 0x000000070fe00000, 0x000000070fe00000| Complete 
|2046|0x00000007ffc00000, 0x00000007ffd78000, 0x00000007ffe00000| 73%|OA|  |TAMS 0x00000007ffc00000, 0x00000007ffc00000| Untracked 
|2047|0x00000007ffe00000, 0x00000007ffe80000, 0x0000000800000000| 25%|CA|  |TAMS 0x00000007ffe00000, 0x00000007ffe00000| Untracked 

Card table byte_map: [0x0000000118fa0000,0x00000001197a0000] _byte_map_base: 0x00000001157a0000

Marking Bits (Prev, Next): (CMBitMap*) 0x0000000152010e10, (CMBitMap*) 0x0000000152010e50
 Prev Bits: [0x0000000119fa0000, 0x000000011dfa0000)
 Next Bits: [0x000000011dfa0000, 0x0000000121fa0000)

Polling page: 0x0000000100a14000

Metaspace:

Usage:
  Non-class:      6.32 MB used.
      Class:   1005.88 KB used.
       Both:      7.31 MB used.

Virtual space:
  Non-class space:       16.00 MB reserved,       6.44 MB ( 40%) committed,  2 nodes.
      Class space:        1.00 GB reserved,       1.12 MB ( <1%) committed,  1 nodes.
             Both:        1.02 GB reserved,       7.56 MB ( <1%) committed. 

Chunk freelists:
   Non-Class:  3.14 MB
       Class:  2.86 MB
        Both:  6.00 MB

MaxMetaspaceSize: unlimited
CompressedClassSpaceSize: 1.00 GB
Initial GC threshold: 21.00 MB
Current GC threshold: 21.00 MB
CDS: on
MetaspaceReclaimPolicy: balanced
 - commit_granule_bytes: 65536.
 - commit_granule_words: 8192.
 - virtual_space_node_default_size: 1048576.
 - enlarge_chunks_in_place: 1.
 - new_chunks_are_fully_committed: 0.
 - uncommit_free_chunks: 1.
 - use_allocation_guard: 0.
 - handle_deallocations: 1.


Internal statistics:

num_allocs_failed_limit: 0.
num_arena_births: 94.
num_arena_deaths: 0.
num_vsnodes_births: 3.
num_vsnodes_deaths: 0.
num_space_committed: 121.
num_space_uncommitted: 0.
num_chunks_returned_to_freelist: 0.
num_chunks_taken_from_freelist: 342.
num_chunk_merges: 0.
num_chunk_splits: 245.
num_chunks_enlarged: 202.
num_purges: 0.
num_inconsistent_stats: 0.

CodeHeap 'non-profiled nmethods': size=120032Kb used=389Kb max_used=389Kb free=119642Kb
 bounds [0x0000000111a68000, 0x0000000111cd8000, 0x0000000118fa0000]
CodeHeap 'profiled nmethods': size=120016Kb used=1975Kb max_used=1975Kb free=118040Kb
 bounds [0x000000010a534000, 0x000000010a7a4000, 0x0000000111a68000]
CodeHeap 'non-nmethods': size=5712Kb used=1282Kb max_used=1316Kb free=4429Kb
 bounds [0x0000000109fa0000, 0x000000010a210000, 0x000000010a534000]
 total_blobs=1793 nmethods=1145 adapters=565
 compilation: enabled
              stopped_count=0, restarted_count=0
 full_count=0

Compilation events (20 events):
Event: 21.255 Thread 0x00000001520e9400 1177       4       java.util.concurrent.locks.AbstractQueuedSynchronizer$Node::setPrevRelaxed (12 bytes)
Event: 21.256 Thread 0x00000001520e9400 nmethod 1177 0x0000000111ac6710 code [0x0000000111ac6880, 0x0000000111ac6a20]
Event: 21.438 Thread 0x00000001520e9400 1178       4       java.util.concurrent.locks.AbstractQueuedSynchronizer::casTail (13 bytes)
Event: 21.439 Thread 0x00000001520e9400 nmethod 1178 0x0000000111ac6a90 code [0x0000000111ac6c00, 0x0000000111ac6da0]
Event: 21.471 Thread 0x00000001520e9400 1179       4       jdk.internal.misc.Unsafe::putIntOpaque (9 bytes)
Event: 21.472 Thread 0x00000001520e9400 nmethod 1179 0x0000000111ac6e10 code [0x0000000111ac6f80, 0x0000000111ac7020]
Event: 21.654 Thread 0x00000001520e9400 1180       4       java.util.WeakHashMap$EntrySet::iterator (12 bytes)
Event: 21.655 Thread 0x00000001520e9400 nmethod 1180 0x0000000111ac7110 code [0x0000000111ac7300, 0x0000000111ac7740]
Event: 22.372 Thread 0x00000001520e9400 1181       4       java.util.WeakHashMap$HashIterator::nextEntry (81 bytes)
Event: 22.378 Thread 0x00000001520e9400 nmethod 1181 0x0000000111ac7a10 code [0x0000000111ac7bc0, 0x0000000111ac8020]
Event: 22.721 Thread 0x00000001520e9400 1182       4       java.util.WeakHashMap$EntryIterator::next (5 bytes)
Event: 22.726 Thread 0x00000001520e9400 nmethod 1182 0x0000000111ac8110 code [0x0000000111ac82c0, 0x0000000111ac8720]
Event: 23.688 Thread 0x00000001520e9400 1183       4       java.util.concurrent.locks.AbstractQueuedSynchronizer$Node::setStatusRelaxed (12 bytes)
Event: 23.689 Thread 0x00000001520e9400 nmethod 1183 0x0000000111ac8810 code [0x0000000111ac8980, 0x0000000111ac8a20]
Event: 24.338 Thread 0x00000001520e9400 1184       4       java.util.concurrent.locks.AbstractQueuedSynchronizer::signalNext (34 bytes)
Event: 24.340 Thread 0x00000001520e9400 nmethod 1184 0x0000000111ac8b10 code [0x0000000111ac8cc0, 0x0000000111ac8e40]
Event: 26.638 Thread 0x00000001520e9400 1185       4       java.util.WeakHashMap$Entry::getKey (8 bytes)
Event: 26.640 Thread 0x00000001520e9400 nmethod 1185 0x0000000111ac8f90 code [0x0000000111ac9140, 0x0000000111ac9270]
Event: 27.055 Thread 0x00000001520e9400 1186       4       javafx.beans.property.ObjectPropertyBase::get (29 bytes)
Event: 27.057 Thread 0x00000001520e9400 nmethod 1186 0x0000000111ac9310 code [0x0000000111ac9480, 0x0000000111ac9570]

GC Heap History (2 events):
Event: 0.256 GC heap before
{Heap before GC invocations=0 (full 0):
 garbage-first heap   total 266240K, used 24544K [0x0000000700000000, 0x0000000800000000)
  region size 2048K, 11 young (22528K), 0 survivors (0K)
 Metaspace       used 4794K, committed 4992K, reserved 1056768K
  class space    used 636K, committed 704K, reserved 1048576K
}
Event: 0.257 GC heap after
{Heap after GC invocations=1 (full 0):
 garbage-first heap   total 266240K, used 4362K [0x0000000700000000, 0x0000000800000000)
  region size 2048K, 2 young (4096K), 2 survivors (4096K)
 Metaspace       used 4794K, committed 4992K, reserved 1056768K
  class space    used 636K, committed 704K, reserved 1048576K
}

Deoptimization events (20 events):
Event: 0.058 Thread 0x000000015200d800 Uncommon trap: trap_request=0xffffff45 fr.pc=0x0000000111a8123c relative=0x000000000000047c
Event: 0.058 Thread 0x000000015200d800 Uncommon trap: reason=unstable_if action=reinterpret pc=0x0000000111a8123c method=java.util.zip.ZipFile$Source.checkAndAddEntry(II)I @ 50 c2
Event: 0.058 Thread 0x000000015200d800 DEOPT PACKING pc=0x0000000111a8123c sp=0x000000016f8ad310
Event: 0.058 Thread 0x000000015200d800 DEOPT UNPACKING pc=0x0000000109fded1c sp=0x000000016f8ad280 mode 2
Event: 0.058 Thread 0x000000015200d800 Uncommon trap: trap_request=0xfffffff4 fr.pc=0x0000000111a7c998 relative=0x0000000000000158
Event: 0.058 Thread 0x000000015200d800 Uncommon trap: reason=null_check action=make_not_entrant pc=0x0000000111a7c998 method=java.lang.String.equals(Ljava/lang/Object;)Z @ 8 c2
Event: 0.058 Thread 0x000000015200d800 DEOPT PACKING pc=0x0000000111a7c998 sp=0x000000016f8ad140
Event: 0.058 Thread 0x000000015200d800 DEOPT UNPACKING pc=0x0000000109fded1c sp=0x000000016f8ad0e0 mode 2
Event: 0.060 Thread 0x000000015200d800 Uncommon trap: trap_request=0xffffff45 fr.pc=0x0000000111a7f06c relative=0x000000000000012c
Event: 0.060 Thread 0x000000015200d800 Uncommon trap: reason=unstable_if action=reinterpret pc=0x0000000111a7f06c method=java.lang.String.startsWith(Ljava/lang/String;I)Z @ 1 c2
Event: 0.060 Thread 0x000000015200d800 DEOPT PACKING pc=0x0000000111a7f06c sp=0x000000016f8ad640
Event: 0.060 Thread 0x000000015200d800 DEOPT UNPACKING pc=0x0000000109fded1c sp=0x000000016f8ad5a0 mode 2
Event: 0.064 Thread 0x000000015200d800 DEOPT PACKING pc=0x000000010a54a164 sp=0x000000016f8aa990
Event: 0.064 Thread 0x000000015200d800 DEOPT UNPACKING pc=0x0000000109fdeb7c sp=0x000000016f8aa620 mode 0
Event: 0.283 Thread 0x000000015292b600 DEOPT PACKING pc=0x000000010a6158e8 sp=0x000000016f618f20
Event: 0.283 Thread 0x000000015292b600 DEOPT UNPACKING pc=0x0000000109fdeb7c sp=0x000000016f618bb0 mode 3
Event: 0.356 Thread 0x0000000153811a00 DEOPT PACKING pc=0x000000010a654294 sp=0x00000001722b21d0
Event: 0.356 Thread 0x0000000153811a00 DEOPT UNPACKING pc=0x0000000109fdeb7c sp=0x00000001722b1ea0 mode 3
Event: 0.356 Thread 0x0000000153811a00 DEOPT PACKING pc=0x000000010a66d9e0 sp=0x00000001722b2230
Event: 0.356 Thread 0x0000000153811a00 DEOPT UNPACKING pc=0x0000000109fdeb7c sp=0x00000001722b1f00 mode 3

Classes unloaded (0 events):
No events

Classes redefined (0 events):
No events

Internal exceptions (19 events):
Event: 0.024 Thread 0x000000015200d800 Exception <a 'sun/nio/fs/UnixException'{0x000000070fe69d88}> (0x000000070fe69d88) 
thrown [open/src/hotspot/share/prims/jni.cpp, line 516]
Event: 0.058 Thread 0x000000015200d800 Implicit null exception at 0x0000000111a7c87c to 0x0000000111a7c98c
Event: 0.065 Thread 0x000000015200d800 Exception <a 'java/lang/NoSuchMethodError'{0x000000070f98c9f8}: 'java.lang.Object java.lang.invoke.DirectMethodHandle$Holder.invokeStaticInit(java.lang.Object)'> (0x000000070f98c9f8) 
thrown [open/src/hotspot/share/interpreter/linkResolver.cpp, line 766]
Event: 0.068 Thread 0x000000015200d800 Exception <a 'java/lang/NoSuchMethodError'{0x000000070f993d38}: 'void java.lang.invoke.DirectMethodHandle$Holder.invokeStatic(java.lang.Object, java.lang.Object)'> (0x000000070f993d38) 
thrown [open/src/hotspot/share/interpreter/linkResolver.cpp, line 766]
Event: 0.088 Thread 0x000000015200d800 Exception <a 'java/lang/NoSuchMethodError'{0x000000070f40c650}: 'void java.lang.invoke.DirectMethodHandle$Holder.invokeSpecial(java.lang.Object, java.lang.Object, java.lang.Object)'> (0x000000070f40c650) 
thrown [open/src/hotspot/share/interpreter/linkResolver.cpp, line 766]
Event: 0.092 Thread 0x000000015200d800 Exception <a 'java/lang/NoSuchMethodError'{0x000000070f449630}: 'void java.lang.invoke.DirectMethodHandle$Holder.invokeStatic(java.lang.Object, java.lang.Object, java.lang.Object)'> (0x000000070f449630) 
thrown [open/src/hotspot/share/interpreter/linkResolver.cpp, line 766]
Event: 0.135 Thread 0x000000015200d800 Exception <a 'java/lang/NoSuchMethodError'{0x000000070f465e88}: 'int java.lang.invoke.DirectMethodHandle$Holder.invokeStaticInit(java.lang.Object, java.lang.Object, java.lang.Object)'> (0x000000070f465e88) 
thrown [open/src/hotspot/share/interpreter/linkResolver.cpp, line 766]
Event: 0.219 Thread 0x000000015292b600 Exception <a 'java/lang/NoSuchMethodError'{0x000000070f18e8b8}: 'void java.lang.invoke.DirectMethodHandle$Holder.invokeStaticInit(java.lang.Object)'> (0x000000070f18e8b8) 
thrown [open/src/hotspot/share/interpreter/linkResolver.cpp, line 766]
Event: 0.221 Thread 0x000000015200d800 Exception <a 'java/lang/NoSuchMethodError'{0x000000070f26d680}: 'java.lang.Object java.lang.invoke.DirectMethodHandle$Holder.newInvokeSpecial(java.lang.Object, java.lang.Object, java.lang.Object, java.lang.Object, java.lang.Object, java.lang.Object)'> (0x000000070f26d680) 
thrown [open/src/hotspot/share/interpreter/linkResolver.cpp, line 766]
Event: 0.225 Thread 0x000000015200d800 Exception <a 'java/lang/NoSuchMethodError'{0x000000070f1f1448}: 'java.lang.Object java.lang.invoke.DirectMethodHandle$Holder.newInvokeSpecial(java.lang.Object, java.lang.Object, java.lang.Object, java.lang.Object, java.lang.Object)'> (0x000000070f1f1448) 
thrown [open/src/hotspot/share/interpreter/linkResolver.cpp, line 766]
Event: 0.226 Thread 0x000000015228e600 Exception <a 'java/lang/NoSuchMethodError'{0x000000070ee78838}: 'void java.lang.invoke.DirectMethodHandle$Holder.invokeStatic(java.lang.Object, java.lang.Object, java.lang.Object, java.lang.Object)'> (0x000000070ee78838) 
thrown [open/src/hotspot/share/interpreter/linkResolver.cpp, line 766]
Event: 0.242 Thread 0x000000015292b600 Exception <a 'java/lang/NoSuchMethodError'{0x000000070edd3948}: 'java.lang.Object java.lang.invoke.DirectMethodHandle$Holder.invokeStaticInit(java.lang.Object, java.lang.Object, java.lang.Object, java.lang.Object)'> (0x000000070edd3948) 
thrown [open/src/hotspot/share/interpreter/linkResolver.cpp, line 766]
Event: 0.247 Thread 0x000000015292b600 Exception <a 'java/lang/NullPointerException'{0x000000070ea9fec8}> (0x000000070ea9fec8) 
thrown [open/src/hotspot/share/interpreter/linkResolver.cpp, line 1357]
Event: 0.315 Thread 0x000000015292b600 Exception <a 'java/lang/NoSuchMethodError'{0x000000070fbe05c8}: 'java.lang.Object java.lang.invoke.DirectMethodHandle$Holder.newInvokeSpecial(java.lang.Object, java.lang.Object, int)'> (0x000000070fbe05c8) 
thrown [open/src/hotspot/share/interpreter/linkResolver.cpp, line 766]
Event: 0.345 Thread 0x000000015292b600 Exception <a 'java/lang/NoSuchMethodError'{0x000000070f80b790}: 'long java.lang.invoke.DirectMethodHandle$Holder.invokeStatic(java.lang.Object, java.lang.Object, java.lang.Object)'> (0x000000070f80b790) 
thrown [open/src/hotspot/share/interpreter/linkResolver.cpp, line 766]
Event: 0.345 Thread 0x000000015292b600 Exception <a 'java/lang/NoSuchMethodError'{0x000000070f80ef38}: 'long java.lang.invoke.DirectMethodHandle$Holder.invokeStaticInit(java.lang.Object, java.lang.Object, java.lang.Object)'> (0x000000070f80ef38) 
thrown [open/src/hotspot/share/interpreter/linkResolver.cpp, line 766]
Event: 0.346 Thread 0x000000015292b600 Exception <a 'java/lang/NoSuchMethodError'{0x000000070f826eb8}: 'java.lang.Object java.lang.invoke.DirectMethodHandle$Holder.newInvokeSpecial(java.lang.Object, java.lang.Object, long)'> (0x000000070f826eb8) 
thrown [open/src/hotspot/share/interpreter/linkResolver.cpp, line 766]
Event: 0.346 Thread 0x000000015292b600 Exception <a 'java/lang/NoSuchMethodError'{0x000000070f82a780}: 'java.lang.Object java.lang.invoke.Invokers$Holder.linkToTargetMethod(java.lang.Object, long, java.lang.Object)'> (0x000000070f82a780) 
thrown [open/src/hotspot/share/interpreter/linkResolver.cpp, line 766]
Event: 0.357 Thread 0x0000000153811a00 Exception <a 'java/lang/NoSuchMethodError'{0x000000070f9f2788}: 'int java.lang.invoke.DirectMethodHandle$Holder.invokeStaticInit(java.lang.Object, java.lang.Object)'> (0x000000070f9f2788) 
thrown [open/src/hotspot/share/interpreter/linkResolver.cpp, line 766]

VM Operations (20 events):
Event: 1.262 Executing VM operation: Cleanup
Event: 1.262 Executing VM operation: Cleanup done
Event: 2.267 Executing VM operation: Cleanup
Event: 2.267 Executing VM operation: Cleanup done
Event: 3.272 Executing VM operation: Cleanup
Event: 3.272 Executing VM operation: Cleanup done
Event: 4.277 Executing VM operation: Cleanup
Event: 4.277 Executing VM operation: Cleanup done
Event: 5.282 Executing VM operation: Cleanup
Event: 5.282 Executing VM operation: Cleanup done
Event: 12.312 Executing VM operation: Cleanup
Event: 12.312 Executing VM operation: Cleanup done
Event: 18.338 Executing VM operation: Cleanup
Event: 18.338 Executing VM operation: Cleanup done
Event: 22.357 Executing VM operation: Cleanup
Event: 22.357 Executing VM operation: Cleanup done
Event: 23.359 Executing VM operation: Cleanup
Event: 23.359 Executing VM operation: Cleanup done
Event: 27.373 Executing VM operation: Cleanup
Event: 27.373 Executing VM operation: Cleanup done

Events (20 events):
Event: 0.357 loading class java/util/EnumMap$EnumMapIterator done
Event: 0.357 loading class java/util/EnumMap$ValueIterator done
Event: 0.378 loading class java/nio/DirectByteBuffer$Deallocator
Event: 0.378 loading class java/nio/DirectByteBuffer$Deallocator done
Event: 0.378 loading class java/nio/DirectShortBufferU
Event: 0.378 loading class java/nio/ShortBuffer
Event: 0.378 loading class java/nio/ShortBuffer done
Event: 0.378 loading class java/nio/DirectShortBufferU done
Event: 0.378 loading class java/nio/DoubleBuffer
Event: 0.378 loading class java/nio/DoubleBuffer done
Event: 0.520 Protecting memory [0x0000000171a90000,0x0000000171a9c000] with protection modes 3
Event: 0.520 Protecting memory [0x0000000171884000,0x0000000171890000] with protection modes 3
Event: 0.520 Thread 0x0000000154009800 Thread exited: 0x0000000154009800
Event: 0.520 Thread 0x0000000152187a00 Thread exited: 0x0000000152187a00
Event: 0.535 loading class java/util/AbstractList$RandomAccessSubList
Event: 0.535 loading class java/util/AbstractList$SubList
Event: 0.535 loading class java/util/AbstractList$SubList done
Event: 0.535 loading class java/util/AbstractList$RandomAccessSubList done
Event: 0.535 loading class java/util/LinkedList$ListItr
Event: 0.535 loading class java/util/LinkedList$ListItr done


Dynamic libraries:
0x0000000100914000 	/Users/xuyi/opt/jdk-17.jdk/Contents/Home/lib/libjli.dylib
0x00000001a3d42000 	/usr/lib/libz.1.dylib
0x00000001a3df2000 	/usr/lib/libSystem.B.dylib
0x00000001a3dec000 	/usr/lib/system/libcache.dylib
0x00000001a3daa000 	/usr/lib/system/libcommonCrypto.dylib
0x00000001a3dd3000 	/usr/lib/system/libcompiler_rt.dylib
0x00000001a3dca000 	/usr/lib/system/libcopyfile.dylib
0x00000001990f6000 	/usr/lib/system/libcorecrypto.dylib
0x000000019919b000 	/usr/lib/system/libdispatch.dylib
0x0000000199363000 	/usr/lib/system/libdyld.dylib
0x00000001a3de2000 	/usr/lib/system/libkeymgr.dylib
0x00000001a3d8c000 	/usr/lib/system/libmacho.dylib
0x00000001a3498000 	/usr/lib/system/libquarantine.dylib
0x00000001a3ddf000 	/usr/lib/system/libremovefile.dylib
0x000000019e4e5000 	/usr/lib/system/libsystem_asl.dylib
0x00000001990a0000 	/usr/lib/system/libsystem_blocks.dylib
0x0000000199221000 	/usr/lib/system/libsystem_c.dylib
0x00000001a3dd7000 	/usr/lib/system/libsystem_collections.dylib
0x00000001a28f5000 	/usr/lib/system/libsystem_configuration.dylib
0x00000001a1b7b000 	/usr/lib/system/libsystem_containermanager.dylib
0x00000001a3af6000 	/usr/lib/system/libsystem_coreservices.dylib
0x000000019ba88000 	/usr/lib/system/libsystem_darwin.dylib
0x00000001a3de3000 	/usr/lib/system/libsystem_dnssd.dylib
0x000000019921e000 	/usr/lib/system/libsystem_featureflags.dylib
0x0000000199378000 	/usr/lib/system/libsystem_info.dylib
0x00000001a3d54000 	/usr/lib/system/libsystem_m.dylib
0x0000000199170000 	/usr/lib/system/libsystem_malloc.dylib
0x000000019e476000 	/usr/lib/system/libsystem_networkextension.dylib
0x000000019bedb000 	/usr/lib/system/libsystem_notify.dylib
0x00000001a9fbf000 	/usr/lib/system/libsystem_product_info_filter.dylib
0x00000001a28fa000 	/usr/lib/system/libsystem_sandbox.dylib
0x00000001a3ddc000 	/usr/lib/system/libsystem_secinit.dylib
0x0000000199320000 	/usr/lib/system/libsystem_kernel.dylib
0x0000000199370000 	/usr/lib/system/libsystem_platform.dylib
0x0000000199356000 	/usr/lib/system/libsystem_pthread.dylib
0x000000019fc1b000 	/usr/lib/system/libsystem_symptoms.dylib
0x00000001990dc000 	/usr/lib/system/libsystem_trace.dylib
0x00000001a3db7000 	/usr/lib/system/libunwind.dylib
0x00000001990a2000 	/usr/lib/system/libxpc.dylib
0x0000000199306000 	/usr/lib/libc++abi.dylib
0x00000001991e2000 	/usr/lib/libobjc.A.dylib
0x00000001a3dc2000 	/usr/lib/liboah.dylib
0x00000001992a2000 	/usr/lib/libc++.1.dylib
0x00000001af99c000 	/System/Library/Frameworks/Cocoa.framework/Versions/A/Cocoa
0x000000019bf3a000 	/System/Library/Frameworks/AppKit.framework/Versions/C/AppKit
0x000000019f45c000 	/System/Library/Frameworks/CoreData.framework/Versions/A/CoreData
0x000000019a29b000 	/System/Library/Frameworks/Foundation.framework/Versions/C/Foundation
0x000000019cdec000 	/System/Library/PrivateFrameworks/UIFoundation.framework/Versions/A/UIFoundation
0x00000001a9cb9000 	/System/Library/PrivateFrameworks/RemoteViewServices.framework/Versions/A/RemoteViewServices
0x00000001a22b4000 	/System/Library/PrivateFrameworks/XCTTargetBootstrap.framework/Versions/A/XCTTargetBootstrap
0x00000001a5af4000 	/System/Library/PrivateFrameworks/InternationalSupport.framework/Versions/A/InternationalSupport
0x00000001a5b7d000 	/System/Library/PrivateFrameworks/UserActivity.framework/Versions/A/UserActivity
0x00000001a501f000 	/usr/lib/libspindump.dylib
0x000000019d05c000 	/System/Library/Frameworks/UniformTypeIdentifiers.framework/Versions/A/UniformTypeIdentifiers
0x00000001a0842000 	/usr/lib/libapp_launch_measurement.dylib
0x000000019fdbf000 	/System/Library/PrivateFrameworks/CoreAnalytics.framework/Versions/A/CoreAnalytics
0x00000001a0845000 	/System/Library/PrivateFrameworks/CoreAutoLayout.framework/Versions/A/CoreAutoLayout
0x00000001a1bb8000 	/System/Library/Frameworks/Metal.framework/Versions/A/Metal
0x00000001a2905000 	/usr/lib/liblangid.dylib
0x00000001a22b8000 	/System/Library/PrivateFrameworks/CoreSVG.framework/Versions/A/CoreSVG
0x000000019e519000 	/System/Library/PrivateFrameworks/SkyLight.framework/Versions/A/SkyLight
0x000000019e8e1000 	/System/Library/Frameworks/CoreGraphics.framework/Versions/A/CoreGraphics
0x00000001aa332000 	/System/Library/Frameworks/Accelerate.framework/Versions/A/Accelerate
0x00000001a4a94000 	/System/Library/PrivateFrameworks/IconServices.framework/Versions/A/IconServices
0x00000001a1b9a000 	/System/Library/Frameworks/IOSurface.framework/Versions/A/IOSurface
0x000000019fdef000 	/usr/lib/libDiagnosticMessagesClient.dylib
0x00000001ad76a000 	/System/Library/Frameworks/ApplicationServices.framework/Versions/A/ApplicationServices
0x00000001a229c000 	/System/Library/PrivateFrameworks/DFRFoundation.framework/Versions/A/DFRFoundation
0x000000019b7dd000 	/usr/lib/libicucore.A.dylib
0x00000001a68f1000 	/System/Library/Frameworks/AudioToolbox.framework/Versions/A/AudioToolbox
0x00000001a5b00000 	/System/Library/PrivateFrameworks/DataDetectorsCore.framework/Versions/A/DataDetectorsCore
0x00000001bbb1c000 	/System/Library/PrivateFrameworks/TextInput.framework/Versions/A/TextInput
0x000000019e490000 	/usr/lib/libMobileGestalt.dylib
0x00000001a1f6c000 	/System/Library/Frameworks/Carbon.framework/Versions/A/Frameworks/HIToolbox.framework/Versions/A/HIToolbox
0x00000001a024c000 	/System/Library/Frameworks/QuartzCore.framework/Versions/A/QuartzCore
0x000000019b45a000 	/System/Library/Frameworks/Security.framework/Versions/A/Security
0x00000001a9cf9000 	/System/Library/Frameworks/Carbon.framework/Versions/A/Frameworks/SpeechRecognition.framework/Versions/A/SpeechRecognition
0x00000001a0599000 	/System/Library/PrivateFrameworks/CoreUI.framework/Versions/A/CoreUI
0x000000019ad2d000 	/System/Library/Frameworks/CoreAudio.framework/Versions/A/CoreAudio
0x000000019fedf000 	/System/Library/Frameworks/DiskArbitration.framework/Versions/A/DiskArbitration
0x00000001a5407000 	/System/Library/PrivateFrameworks/MultitouchSupport.framework/Versions/A/MultitouchSupport
0x000000019e48e000 	/usr/lib/libenergytrace.dylib
0x000000019be06000 	/System/Library/Frameworks/IOKit.framework/Versions/A/IOKit
0x00000001aa0e0000 	/System/Library/Frameworks/CoreServices.framework/Versions/A/CoreServices
0x00000001a07d2000 	/System/Library/PrivateFrameworks/PerformanceAnalysis.framework/Versions/A/PerformanceAnalysis
0x00000001fa341000 	/System/Library/Frameworks/OpenGL.framework/Versions/A/OpenGL
0x00000001a33b8000 	/System/Library/PrivateFrameworks/MobileKeyBag.framework/Versions/A/MobileKeyBag
0x000000019eef1000 	/System/Library/Frameworks/ColorSync.framework/Versions/A/ColorSync
0x00000001993a4000 	/System/Library/Frameworks/CoreFoundation.framework/Versions/A/CoreFoundation
0x00000001a2539000 	/System/Library/Frameworks/CoreImage.framework/Versions/A/CoreImage
0x000000019ab50000 	/System/Library/Frameworks/CoreText.framework/Versions/A/CoreText
0x00000001a22e8000 	/System/Library/Frameworks/ImageIO.framework/Versions/A/ImageIO
0x00000001a3df8000 	/System/Library/PrivateFrameworks/SoftLinking.framework/Versions/A/SoftLinking
0x00000001a088f000 	/usr/lib/libxml2.2.dylib
0x00000001a4090000 	/usr/lib/libcompression.dylib
0x00000001a5a4d000 	/System/Library/PrivateFrameworks/TextureIO.framework/Versions/A/TextureIO
0x00000001a47ae000 	/usr/lib/libate.dylib
0x00000001a4676000 	/usr/lib/liblzma.5.dylib
0x0000000199f8c000 	/System/Library/Frameworks/SystemConfiguration.framework/Versions/A/SystemConfiguration
0x00000001a3df4000 	/usr/lib/libfakelink.dylib
0x000000019dfbe000 	/System/Library/Frameworks/CFNetwork.framework/Versions/A/CFNetwork
0x00000001a3f3b000 	/usr/lib/libarchive.2.dylib
0x00000001a2901000 	/System/Library/PrivateFrameworks/AppleSystemInfo.framework/Versions/A/AppleSystemInfo
0x00000001a34c2000 	/usr/lib/libbsm.0.dylib
0x000000019d4fb000 	/usr/lib/libnetwork.dylib
0x00000001a3d92000 	/usr/lib/system/libkxld.dylib
0x00000001a30da000 	/System/Library/PrivateFrameworks/IOMobileFramebuffer.framework/Versions/A/IOMobileFramebuffer
0x0000000215c6c000 	/usr/lib/libCoreEntitlements.dylib
0x00000001a3ad8000 	/System/Library/PrivateFrameworks/AppleFSCompression.framework/Versions/A/AppleFSCompression
0x00000001a34ab000 	/usr/lib/libcoretls.dylib
0x00000001a468f000 	/usr/lib/libcoretls_cfhelpers.dylib
0x00000001a408b000 	/usr/lib/libpam.2.dylib
0x000000019f843000 	/usr/lib/libsqlite3.dylib
0x00000001a46f7000 	/usr/lib/libxar.1.dylib
0x00000001a3ae9000 	/usr/lib/libbz2.1.0.dylib
0x00000001a3df9000 	/usr/lib/libpcap.A.dylib
0x000000019fc12000 	/usr/lib/libdns_services.dylib
0x00000001a405e000 	/usr/lib/libapple_nghttp2.dylib
0x00000001a3e36000 	/usr/lib/libiconv.2.dylib
0x00000001a3d8b000 	/usr/lib/libcharset.1.dylib
0x00000001a080e000 	/System/Library/Frameworks/CoreServices.framework/Versions/A/Frameworks/FSEvents.framework/Versions/A/FSEvents
0x000000019ba93000 	/System/Library/Frameworks/CoreServices.framework/Versions/A/Frameworks/CarbonCore.framework/Versions/A/CarbonCore
0x000000019fe42000 	/System/Library/Frameworks/CoreServices.framework/Versions/A/Frameworks/Metadata.framework/Versions/A/Metadata
0x00000001a3afc000 	/System/Library/Frameworks/CoreServices.framework/Versions/A/Frameworks/OSServices.framework/Versions/A/OSServices
0x00000001a3fc0000 	/System/Library/Frameworks/CoreServices.framework/Versions/A/Frameworks/SearchKit.framework/Versions/A/SearchKit
0x000000019fba0000 	/System/Library/Frameworks/CoreServices.framework/Versions/A/Frameworks/AE.framework/Versions/A/AE
0x00000001998e8000 	/System/Library/Frameworks/CoreServices.framework/Versions/A/Frameworks/LaunchServices.framework/Versions/A/LaunchServices
0x00000001a461f000 	/System/Library/Frameworks/CoreServices.framework/Versions/A/Frameworks/DictionaryServices.framework/Versions/A/DictionaryServices
0x00000001a081b000 	/System/Library/Frameworks/CoreServices.framework/Versions/A/Frameworks/SharedFileList.framework/Versions/A/SharedFileList
0x00000001a349b000 	/usr/lib/libCheckFix.dylib
0x000000019e4fd000 	/System/Library/PrivateFrameworks/TCC.framework/Versions/A/TCC
0x00000001a2907000 	/System/Library/PrivateFrameworks/CoreNLP.framework/Versions/A/CoreNLP
0x000000019fdf2000 	/System/Library/PrivateFrameworks/MetadataUtilities.framework/Versions/A/MetadataUtilities
0x000000019a045000 	/usr/lib/libmecabra.dylib
0x00000001a34d3000 	/usr/lib/libmecab.dylib
0x000000019a011000 	/usr/lib/libCRFSuite.dylib
0x00000001a3531000 	/usr/lib/libgermantok.dylib
0x00000001a4037000 	/usr/lib/libThaiTokenizer.dylib
0x000000019fee7000 	/System/Library/Frameworks/Accelerate.framework/Versions/A/Frameworks/vImage.framework/Versions/A/vImage
0x00000001aa0b7000 	/System/Library/Frameworks/Accelerate.framework/Versions/A/Frameworks/vecLib.framework/Versions/A/vecLib
0x00000001a473b000 	/System/Library/Frameworks/Accelerate.framework/Versions/A/Frameworks/vecLib.framework/Versions/A/libvMisc.dylib
0x00000001a2fe4000 	/System/Library/Frameworks/Accelerate.framework/Versions/A/Frameworks/vecLib.framework/Versions/A/libvDSP.dylib
0x0000000199c6b000 	/System/Library/Frameworks/Accelerate.framework/Versions/A/Frameworks/vecLib.framework/Versions/A/libBLAS.dylib
0x00000001a415f000 	/System/Library/Frameworks/Accelerate.framework/Versions/A/Frameworks/vecLib.framework/Versions/A/libLAPACK.dylib
0x00000001a3534000 	/System/Library/Frameworks/Accelerate.framework/Versions/A/Frameworks/vecLib.framework/Versions/A/libLinearAlgebra.dylib
0x00000001a4076000 	/System/Library/Frameworks/Accelerate.framework/Versions/A/Frameworks/vecLib.framework/Versions/A/libSparseBLAS.dylib
0x00000001a415a000 	/System/Library/Frameworks/Accelerate.framework/Versions/A/Frameworks/vecLib.framework/Versions/A/libQuadrature.dylib
0x00000001a29fe000 	/System/Library/Frameworks/Accelerate.framework/Versions/A/Frameworks/vecLib.framework/Versions/A/libBNNS.dylib
0x0000000199f29000 	/System/Library/Frameworks/Accelerate.framework/Versions/A/Frameworks/vecLib.framework/Versions/A/libSparse.dylib
0x00000001a29f6000 	/System/Library/PrivateFrameworks/LinguisticData.framework/Versions/A/LinguisticData
0x0000000199edf000 	/System/Library/PrivateFrameworks/Lexicon.framework/Versions/A/Lexicon
0x00000001a4733000 	/usr/lib/libChineseTokenizer.dylib
0x000000019a689000 	/System/Library/PrivateFrameworks/LanguageModeling.framework/Versions/A/LanguageModeling
0x00000001a4039000 	/System/Library/PrivateFrameworks/AppleSauce.framework/Versions/A/AppleSauce
0x00000001a30c7000 	/System/Library/PrivateFrameworks/CoreEmoji.framework/Versions/A/CoreEmoji
0x00000001a3f29000 	/usr/lib/libcmph.dylib
0x00000001a07ee000 	/System/Library/Frameworks/OpenDirectory.framework/Versions/A/Frameworks/CFOpenDirectory.framework/Versions/A/CFOpenDirectory
0x00000001a07de000 	/System/Library/Frameworks/OpenDirectory.framework/Versions/A/OpenDirectory
0x00000001a4691000 	/System/Library/PrivateFrameworks/APFS.framework/Versions/A/APFS
0x00000001a33f3000 	/System/Library/Frameworks/SecurityFoundation.framework/Versions/A/SecurityFoundation
0x00000001a4705000 	/usr/lib/libutil.dylib
0x000000019bdc8000 	/System/Library/PrivateFrameworks/CoreServicesStore.framework/Versions/A/CoreServicesStore
0x00000001a4709000 	/usr/lib/libxslt.1.dylib
0x00000001a3487000 	/System/Library/PrivateFrameworks/BackgroundTaskManagement.framework/Versions/A/BackgroundTaskManagement
0x00000001a596e000 	/System/Library/Frameworks/ImageIO.framework/Versions/A/Resources/libRadiance.dylib
0x00000001a5977000 	/System/Library/Frameworks/ImageIO.framework/Versions/A/Resources/libJPEG.dylib
0x00000001a58c9000 	/System/Library/Frameworks/ImageIO.framework/Versions/A/Resources/libPng.dylib
0x00000001a58eb000 	/System/Library/Frameworks/ImageIO.framework/Versions/A/Resources/libTIFF.dylib
0x00000001a59d2000 	/System/Library/Frameworks/ImageIO.framework/Versions/A/Resources/libGIF.dylib
0x00000001a5317000 	/System/Library/Frameworks/ImageIO.framework/Versions/A/Resources/libJP2.dylib
0x00000001a4a5a000 	/usr/lib/libexpat.1.dylib
0x00000001a52d2000 	/System/Library/PrivateFrameworks/AppleJPEG.framework/Versions/A/AppleJPEG
0x00000001a1e2b000 	/System/Library/PrivateFrameworks/FontServices.framework/libFontParser.dylib
0x000000019fb45000 	/System/Library/PrivateFrameworks/RunningBoardServices.framework/Versions/A/RunningBoardServices
0x00000001b0007000 	/System/Library/PrivateFrameworks/IOSurfaceAccelerator.framework/Versions/A/IOSurfaceAccelerator
0x00000001a5403000 	/System/Library/PrivateFrameworks/WatchdogClient.framework/Versions/A/WatchdogClient
0x000000019a78d000 	/System/Library/Frameworks/CoreDisplay.framework/Versions/A/CoreDisplay
0x00000001a1d1a000 	/System/Library/Frameworks/CoreMedia.framework/Versions/A/CoreMedia
0x00000001a1bae000 	/System/Library/PrivateFrameworks/IOAccelerator.framework/Versions/A/IOAccelerator
0x00000001a097c000 	/System/Library/Frameworks/CoreVideo.framework/Versions/A/CoreVideo
0x00000001a4089000 	/System/Library/Frameworks/MetalPerformanceShaders.framework/Versions/A/MetalPerformanceShaders
0x00000001a5440000 	/System/Library/Frameworks/VideoToolbox.framework/Versions/A/VideoToolbox
0x000000019fa89000 	/System/Library/PrivateFrameworks/BaseBoard.framework/Versions/A/BaseBoard
0x000000019f828000 	/System/Library/PrivateFrameworks/ProtocolBuffer.framework/Versions/A/ProtocolBuffer
0x00000001a5969000 	/System/Library/PrivateFrameworks/GPUWrangler.framework/Versions/A/GPUWrangler
0x00000001a5948000 	/System/Library/PrivateFrameworks/IOPresentment.framework/Versions/A/IOPresentment
0x00000001a5971000 	/System/Library/PrivateFrameworks/DSExternalDisplay.framework/Versions/A/DSExternalDisplay
0x00000001fa334000 	/System/Library/Frameworks/OpenGL.framework/Versions/A/Libraries/libCoreFSCache.dylib
0x0000000203a4e000 	/System/Library/PrivateFrameworks/GPUCompiler.framework/Versions/31001/Libraries/libGPUCompilerUtils.dylib
0x00000001a59d7000 	/System/Library/PrivateFrameworks/CMCaptureCore.framework/Versions/A/CMCaptureCore
0x00000001a500d000 	/System/Library/PrivateFrameworks/AppServerSupport.framework/Versions/A/AppServerSupport
0x00000001a71ac000 	/System/Library/PrivateFrameworks/perfdata.framework/Versions/A/perfdata
0x000000019a8ad000 	/System/Library/PrivateFrameworks/AudioToolboxCore.framework/Versions/A/AudioToolboxCore
0x00000001a1cf2000 	/System/Library/PrivateFrameworks/caulk.framework/Versions/A/caulk
0x00000001a6aa1000 	/usr/lib/libAudioStatistics.dylib
0x00000001b82ba000 	/System/Library/PrivateFrameworks/SystemPolicy.framework/Versions/A/SystemPolicy
0x00000001a6d01000 	/usr/lib/libSMC.dylib
0x00000001af87e000 	/System/Library/Frameworks/CoreMIDI.framework/Versions/A/CoreMIDI
0x00000001a5897000 	/usr/lib/libAudioToolboxUtility.dylib
0x00000001b4760000 	/System/Library/PrivateFrameworks/OSAServicesClient.framework/Versions/A/OSAServicesClient
0x00000001a71b9000 	/usr/lib/libperfcheck.dylib
0x00000001b8dbd000 	/usr/lib/libmis.dylib
0x00000001fa395000 	/System/Library/Frameworks/OpenGL.framework/Versions/A/Libraries/libGLU.dylib
0x00000001fa354000 	/System/Library/Frameworks/OpenGL.framework/Versions/A/Libraries/libGFXShared.dylib
0x00000001fa53e000 	/System/Library/Frameworks/OpenGL.framework/Versions/A/Libraries/libGL.dylib
0x00000001fa35d000 	/System/Library/Frameworks/OpenGL.framework/Versions/A/Libraries/libGLImage.dylib
0x00000001fa351000 	/System/Library/Frameworks/OpenGL.framework/Versions/A/Libraries/libCVMSPluginSupport.dylib
0x00000001fa33b000 	/System/Library/Frameworks/OpenGL.framework/Versions/A/Libraries/libCoreVMClient.dylib
0x00000001a2883000 	/System/Library/Frameworks/MetalPerformanceShaders.framework/Versions/A/Frameworks/MPSCore.framework/Versions/A/MPSCore
0x00000001a3a4b000 	/System/Library/Frameworks/MetalPerformanceShaders.framework/Versions/A/Frameworks/MPSImage.framework/Versions/A/MPSImage
0x00000001a3549000 	/System/Library/Frameworks/MetalPerformanceShaders.framework/Versions/A/Frameworks/MPSNeuralNetwork.framework/Versions/A/MPSNeuralNetwork
0x00000001a3986000 	/System/Library/Frameworks/MetalPerformanceShaders.framework/Versions/A/Frameworks/MPSMatrix.framework/Versions/A/MPSMatrix
0x00000001a3761000 	/System/Library/Frameworks/MetalPerformanceShaders.framework/Versions/A/Frameworks/MPSRayIntersector.framework/Versions/A/MPSRayIntersector
0x00000001a39b7000 	/System/Library/Frameworks/MetalPerformanceShaders.framework/Versions/A/Frameworks/MPSNDArray.framework/Versions/A/MPSNDArray
0x00000001fc050000 	/System/Library/Frameworks/MetalPerformanceShaders.framework/Versions/A/Frameworks/MPSFunctions.framework/Versions/A/MPSFunctions
0x0000000199b49000 	/System/Library/PrivateFrameworks/MetalTools.framework/Versions/A/MetalTools
0x00000001a28ff000 	/System/Library/PrivateFrameworks/AggregateDictionary.framework/Versions/A/AggregateDictionary
0x00000001a4840000 	/usr/lib/libIOReport.dylib
0x00000001ae86c000 	/System/Library/PrivateFrameworks/ASEProcessing.framework/Versions/A/ASEProcessing
0x00000001a4bb2000 	/System/Library/PrivateFrameworks/FaceCore.framework/Versions/A/FaceCore
0x00000001a4ba4000 	/System/Library/PrivateFrameworks/GraphVisualizer.framework/Versions/A/GraphVisualizer
0x0000000203965000 	/System/Library/PrivateFrameworks/FontServices.framework/Versions/A/FontServices
0x00000001a4fc7000 	/System/Library/PrivateFrameworks/OTSVG.framework/Versions/A/OTSVG
0x00000001a054a000 	/System/Library/Frameworks/ApplicationServices.framework/Versions/A/Frameworks/ATS.framework/Versions/A/Resources/libFontRegistry.dylib
0x00000001a5016000 	/System/Library/PrivateFrameworks/FontServices.framework/libhvf.dylib
0x0000000203966000 	/System/Library/PrivateFrameworks/FontServices.framework/libXTFontStaticRegistryData.dylib
0x00000001fa6e0000 	/System/Library/Frameworks/OpenCL.framework/Versions/A/OpenCL
0x00000001a4a0e000 	/System/Library/PrivateFrameworks/AppleVA.framework/Versions/A/AppleVA
0x00000001a6ac9000 	/System/Library/Frameworks/ApplicationServices.framework/Versions/A/Frameworks/ATS.framework/Versions/A/ATS
0x000000019efee000 	/System/Library/Frameworks/ApplicationServices.framework/Versions/A/Frameworks/HIServices.framework/Versions/A/HIServices
0x00000001a59e1000 	/System/Library/Frameworks/ApplicationServices.framework/Versions/A/Frameworks/PrintCore.framework/Versions/A/PrintCore
0x00000001a6e54000 	/System/Library/Frameworks/ApplicationServices.framework/Versions/A/Frameworks/QD.framework/Versions/A/QD
0x00000001a6e4c000 	/System/Library/Frameworks/ApplicationServices.framework/Versions/A/Frameworks/ColorSyncLegacy.framework/Versions/A/ColorSyncLegacy
0x00000001a6ab5000 	/System/Library/Frameworks/ApplicationServices.framework/Versions/A/Frameworks/SpeechSynthesis.framework/Versions/A/SpeechSynthesis
0x00000001a59a2000 	/System/Library/Frameworks/ApplicationServices.framework/Versions/A/Frameworks/ATSUI.framework/Versions/A/ATSUI
0x00000001a6de1000 	/usr/lib/libcups.2.dylib
0x00000001a71c7000 	/System/Library/Frameworks/Kerberos.framework/Versions/A/Kerberos
0x00000001a71d8000 	/System/Library/Frameworks/GSS.framework/Versions/A/GSS
0x00000001a6b38000 	/usr/lib/libresolv.9.dylib
0x00000001a5024000 	/System/Library/PrivateFrameworks/Heimdal.framework/Versions/A/Heimdal
0x00000001adae0000 	/System/Library/Frameworks/Kerberos.framework/Versions/A/Libraries/libHeimdalProxy.dylib
0x000000019fc24000 	/System/Library/Frameworks/Network.framework/Versions/A/Network
0x00000001a4a75000 	/usr/lib/libheimdal-asn1.dylib
0x00000001a721e000 	/System/Library/PrivateFrameworks/CommonAuth.framework/Versions/A/CommonAuth
0x00000001a6a2f000 	/System/Library/PrivateFrameworks/AudioSession.framework/Versions/A/AudioSession
0x00000001a4b06000 	/System/Library/PrivateFrameworks/MediaExperience.framework/Versions/A/MediaExperience
0x00000001a68b7000 	/System/Library/PrivateFrameworks/AudioSession.framework/libSessionUtility.dylib
0x00000001a6e60000 	/System/Library/PrivateFrameworks/AudioResourceArbitration.framework/Versions/A/AudioResourceArbitration
0x00000001a4a7e000 	/System/Library/PrivateFrameworks/IconFoundation.framework/Versions/A/IconFoundation
0x00000001a9ce5000 	/System/Library/PrivateFrameworks/SpeechRecognitionCore.framework/Versions/A/SpeechRecognitionCore
0x00000001dd499000 	/System/Library/CoreServices/Encodings/libSimplifiedChineseConverter.dylib
0x0000000101918000 	/Users/xuyi/opt/jdk-17.jdk/Contents/Home/lib/server/libjvm.dylib
0x0000000100a28000 	/Users/xuyi/opt/jdk-17.jdk/Contents/Home/lib/libjimage.dylib
0x0000000100ab0000 	/Users/xuyi/opt/jdk-17.jdk/Contents/Home/lib/libjava.dylib
0x0000000101544000 	/Users/xuyi/opt/jdk-17.jdk/Contents/Home/lib/libnio.dylib
0x0000000101588000 	/Users/xuyi/opt/jdk-17.jdk/Contents/Home/lib/libnet.dylib
0x0000000101524000 	/Users/xuyi/opt/jdk-17.jdk/Contents/Home/lib/libzip.dylib
0x0000000101564000 	/Users/xuyi/opt/javafx-sdk-17.0.0.1/lib/libprism_es2.dylib
0x000000019bd8b000 	/System/Library/PrivateFrameworks/CoreServicesInternal.framework/Versions/A/CoreServicesInternal
0x00000001fa548000 	/System/Library/Frameworks/OpenGL.framework/Versions/A/Resources/GLEngine.bundle/GLEngine
0x00000001fa3cf000 	/System/Library/Frameworks/OpenGL.framework/Versions/A/Libraries/libGLProgrammability.dylib
0x0000000101780000 	/System/Library/Extensions/AppleMetalOpenGLRenderer.bundle/Contents/MacOS/AppleMetalOpenGLRenderer
0x00000001fa6b7000 	/System/Library/Frameworks/OpenGL.framework/Versions/A/Resources/GLRendererFloat.bundle/GLRendererFloat
0x00000001fa758000 	/System/Library/Extensions/AGXMetal13_3.bundle/Contents/MacOS/AGXMetal13_3
0x00000001b8dd9000 	/System/Library/PrivateFrameworks/GPURawCounter.framework/Versions/A/GPURawCounter
0x00000001b38ae000 	/System/Library/PrivateFrameworks/IOGPU.framework/Versions/A/IOGPU
0x0000000101818000 	/Users/xuyi/opt/javafx-sdk-17.0.0.1/lib/libglass.dylib
0x00000001ab185000 	/System/Library/Frameworks/FileProvider.framework/Versions/A/FileProvider
0x000000019f9f1000 	/System/Library/Frameworks/Accounts.framework/Versions/A/Accounts
0x00000001ab305000 	/System/Library/PrivateFrameworks/GenerationalStorage.framework/Versions/A/GenerationalStorage
0x00000001abeb5000 	/System/Library/PrivateFrameworks/CoreSymbolication.framework/Versions/A/CoreSymbolication
0x00000001aaf25000 	/System/Library/PrivateFrameworks/SymptomDiagnosticReporter.framework/Versions/A/SymptomDiagnosticReporter
0x000000019d070000 	/System/Library/PrivateFrameworks/DesktopServicesPriv.framework/Versions/A/DesktopServicesPriv
0x000000019beea000 	/usr/lib/libsandbox.1.dylib
0x00000001a0a08000 	/System/Library/PrivateFrameworks/UserManagement.framework/Versions/A/UserManagement
0x00000001abe76000 	/System/Library/PrivateFrameworks/DebugSymbols.framework/Versions/A/DebugSymbols
0x00000001a6e3f000 	/System/Library/PrivateFrameworks/NetAuth.framework/Versions/A/NetAuth
0x00000001a7d3d000 	/System/Library/PrivateFrameworks/Sharing.framework/Versions/A/Sharing
0x00000001a09d8000 	/System/Library/PrivateFrameworks/login.framework/Versions/A/Frameworks/loginsupport.framework/Versions/A/loginsupport
0x00000001ad026000 	/System/Library/PrivateFrameworks/Apple80211.framework/Versions/A/Apple80211
0x00000001a3b2f000 	/System/Library/PrivateFrameworks/AuthKit.framework/Versions/A/AuthKit
0x00000001a31c6000 	/System/Library/PrivateFrameworks/CoreUtils.framework/Versions/A/CoreUtils
0x00000001a30e6000 	/System/Library/Frameworks/CoreWLAN.framework/Versions/A/CoreWLAN
0x00000001a7ea6000 	/System/Library/Frameworks/IOBluetooth.framework/Versions/A/IOBluetooth
0x00000001ad086000 	/System/Library/PrivateFrameworks/CoreWiFi.framework/Versions/A/CoreWiFi
0x00000001aba5d000 	/System/Library/PrivateFrameworks/FrontBoardServices.framework/Versions/A/FrontBoardServices
0x00000001abaf5000 	/System/Library/PrivateFrameworks/BoardServices.framework/Versions/A/BoardServices
0x00000001a33e1000 	/System/Library/PrivateFrameworks/AssertionServices.framework/Versions/A/AssertionServices
0x00000001ad1f4000 	/System/Library/PrivateFrameworks/BackBoardServices.framework/Versions/A/BackBoardServices
0x00000001a72b1000 	/System/Library/PrivateFrameworks/CorePhoneNumbers.framework/Versions/A/CorePhoneNumbers
0x00000001ab055000 	/System/Library/PrivateFrameworks/DiskManagement.framework/Versions/A/DiskManagement
0x00000001aaf58000 	/System/Library/PrivateFrameworks/AppleIDAuthSupport.framework/Versions/A/AppleIDAuthSupport
0x00000001fe2e9000 	/System/Library/PrivateFrameworks/AAAFoundation.framework/Versions/A/AAAFoundation
0x00000001a7290000 	/System/Library/PrivateFrameworks/KeychainCircle.framework/Versions/A/KeychainCircle
0x00000001ab021000 	/System/Library/PrivateFrameworks/MediaKit.framework/Versions/A/MediaKit
0x00000001aaf65000 	/System/Library/Frameworks/DiscRecording.framework/Versions/A/DiscRecording
0x00000001a498a000 	/usr/lib/libCoreStorage.dylib
0x00000001ad4ee000 	/usr/lib/libcsfde.dylib
0x00000001a7f7b000 	/System/Library/PrivateFrameworks/ProtectedCloudStorage.framework/Versions/A/ProtectedCloudStorage
0x00000001ad4e6000 	/System/Library/PrivateFrameworks/EFILogin.framework/Versions/A/EFILogin
0x00000001ab32c000 	/System/Library/PrivateFrameworks/OctagonTrust.framework/Versions/A/OctagonTrust
0x0000000202bd0000 	/System/Library/PrivateFrameworks/CoreUtilsExtras.framework/Versions/A/CoreUtilsExtras
0x00000001aae97000 	/System/Library/Frameworks/CoreBluetooth.framework/Versions/A/CoreBluetooth
0x00000001adb65000 	/System/Library/Frameworks/AudioUnit.framework/Versions/A/AudioUnit
0x00000001a4982000 	/usr/lib/libMatch.1.dylib
0x00000001bd040000 	/System/Library/Frameworks/Accelerate.framework/Versions/A/Frameworks/vImage.framework/Versions/A/Libraries/libCGInterfaces.dylib
0x0000000123fe4000 	/usr/lib/libobjc-trampolines.dylib
0x00000001a06d6000 	/System/Library/PrivateFrameworks/ViewBridge.framework/Versions/A/ViewBridge
0x0000000131dd4000 	/Users/xuyi/opt/javafx-sdk-17.0.0.1/lib/libjavafx_font.dylib
0x00000001a50d2000 	/System/Library/PrivateFrameworks/login.framework/Versions/A/login
0x0000000215de6000 	/usr/lib/libRosetta.dylib


VM Arguments:
jvm_args: -Dfile.encoding=UTF-8 --module-path=/Users/xuyi/opt/javafx-sdk-17.0.0.1/lib --add-modules=javafx.controls --module-path=/Users/xuyi/Source/Java/Slicer/build/classes:/Users/xuyi/opt/javafx-sdk-17.0.0.1/lib/javafx-swt.jar:/Users/xuyi/opt/javafx-sdk-17.0.0.1/lib/javafx.base.jar:/Users/xuyi/opt/javafx-sdk-17.0.0.1/lib/javafx.controls.jar:/Users/xuyi/opt/javafx-sdk-17.0.0.1/lib/javafx.fxml.jar:/Users/xuyi/opt/javafx-sdk-17.0.0.1/lib/javafx.graphics.jar:/Users/xuyi/opt/javafx-sdk-17.0.0.1/lib/javafx.media.jar:/Users/xuyi/opt/javafx-sdk-17.0.0.1/lib/javafx.swing.jar:/Users/xuyi/opt/javafx-sdk-17.0.0.1/lib/javafx.web.jar 
java_command: org.reprap.Gfx3D
java_class_path (initial): /Users/xuyi/Source/Java/lib/vecmath.jar:/Users/xuyi/opt/javafx-sdk-17.0.0.1/lib/javafx-swt.jar:/Users/xuyi/opt/javafx-sdk-17.0.0.1/lib/javafx.base.jar:/Users/xuyi/opt/javafx-sdk-17.0.0.1/lib/javafx.controls.jar:/Users/xuyi/opt/javafx-sdk-17.0.0.1/lib/javafx.fxml.jar:/Users/xuyi/opt/javafx-sdk-17.0.0.1/lib/javafx.graphics.jar:/Users/xuyi/opt/javafx-sdk-17.0.0.1/lib/javafx.media.jar:/Users/xuyi/opt/javafx-sdk-17.0.0.1/lib/javafx.swing.jar:/Users/xuyi/opt/javafx-sdk-17.0.0.1/lib/javafx.web.jar:/Users/xuyi/Source/Java/Slicer/build/classes
Launcher Type: SUN_STANDARD

[Global flags]
     intx CICompilerCount                          = 4                                         {product} {ergonomic}
     uint ConcGCThreads                            = 2                                         {product} {ergonomic}
     uint G1ConcRefinementThreads                  = 8                                         {product} {ergonomic}
   size_t G1HeapRegionSize                         = 2097152                                   {product} {ergonomic}
    uintx GCDrainStackTargetSize                   = 64                                        {product} {ergonomic}
   size_t InitialHeapSize                          = 268435456                                 {product} {ergonomic}
   size_t MarkStackSize                            = 4194304                                   {product} {ergonomic}
   size_t MaxHeapSize                              = 4294967296                                {product} {ergonomic}
   size_t MaxNewSize                               = 2575302656                                {product} {ergonomic}
   size_t MinHeapDeltaBytes                        = 2097152                                   {product} {ergonomic}
   size_t MinHeapSize                              = 8388608                                   {product} {ergonomic}
    uintx NonNMethodCodeHeapSize                   = 5839564                                {pd product} {ergonomic}
    uintx NonProfiledCodeHeapSize                  = 122909338                              {pd product} {ergonomic}
    uintx ProfiledCodeHeapSize                     = 122909338                              {pd product} {ergonomic}
    uintx ReservedCodeCacheSize                    = 251658240                              {pd product} {ergonomic}
     bool SegmentedCodeCache                       = true                                      {product} {ergonomic}
   size_t SoftMaxHeapSize                          = 4294967296                             {manageable} {ergonomic}
     bool UseCompressedClassPointers               = true                           {product lp64_product} {ergonomic}
     bool UseCompressedOops                        = true                           {product lp64_product} {ergonomic}
     bool UseG1GC                                  = true                                      {product} {ergonomic}
     bool UseNUMA                                  = false                                     {product} {ergonomic}
     bool UseNUMAInterleaving                      = false                                     {product} {ergonomic}

Logging:
Log output configuration:
 #0: stdout all=warning uptime,level,tags
 #1: stderr all=off uptime,level,tags

Environment Variables:
PATH=/Users/xuyi/opt/anaconda3/bin:/Users/xuyi/opt/anaconda3/condabin:/opt/homebrew/bin:/opt/homebrew/sbin:/usr/local/bin:/usr/bin:/bin:/usr/sbin:/sbin
SHELL=/bin/zsh
LC_CTYPE=UTF-8

Signal Handlers:
   SIGSEGV: crash_handler in libjvm.dylib, mask=11100110000111110111111111111111, flags=SA_RESTART|SA_SIGINFO
    SIGBUS: crash_handler in libjvm.dylib, mask=11100110000111110111111111111111, flags=SA_RESTART|SA_SIGINFO
    SIGFPE: crash_handler in libjvm.dylib, mask=11100110000111110111111111111111, flags=SA_RESTART|SA_SIGINFO
   SIGPIPE: javaSignalHandler in libjvm.dylib, mask=11100110000111110111111111111111, flags=SA_RESTART|SA_SIGINFO
   SIGXFSZ: javaSignalHandler in libjvm.dylib, mask=11100110000111110111111111111111, flags=SA_RESTART|SA_SIGINFO
    SIGILL: crash_handler in libjvm.dylib, mask=11100110000111110111111111111111, flags=SA_RESTART|SA_SIGINFO
   SIGUSR2: SR_handler in libjvm.dylib, mask=00100000000000000000000000000000, flags=SA_RESTART|SA_SIGINFO
    SIGHUP: UserHandler in libjvm.dylib, mask=11100110000111110111111111111111, flags=SA_RESTART|SA_SIGINFO
    SIGINT: SIG_IGN, mask=00000000000000000000000000000000, flags=none
   SIGTERM: UserHandler in libjvm.dylib, mask=11100110000111110111111111111111, flags=SA_RESTART|SA_SIGINFO
   SIGQUIT: UserHandler in libjvm.dylib, mask=11100110000111110111111111111111, flags=SA_RESTART|SA_SIGINFO
   SIGTRAP: crash_handler in libjvm.dylib, mask=11100110000111110111111111111111, flags=SA_RESTART|SA_SIGINFO


---------------  S Y S T E M  ---------------

OS:
uname: Darwin 21.1.0 Darwin Kernel Version 21.1.0: Wed Oct 13 17:33:24 PDT 2021; root:xnu-8019.41.5~1/RELEASE_ARM64_T8101 arm64
OS uptime: 4 days 3:19 hours
rlimit (soft/hard): STACK 8176k/65520k , CORE 0k/infinity , NPROC 2666/4000 , NOFILE 10240/infinity , AS infinity/infinity , CPU infinity/infinity , DATA infinity/infinity , FSIZE infinity/infinity , MEMLOCK infinity/infinity , RSS infinity/infinity
load average: 2.51 2.43 2.30

CPU: total 8 (initial active 8) 0x61:0x0:0x1b588bb3:0, fp, simd, crc, lse

Memory: 16k page, physical 16777216k(1170208k free), swap 0k(0k free)

vm_info: OpenJDK 64-Bit Server VM (17+35-2724) for bsd-aarch64 JRE (17+35-2724), built on Aug  5 2021 22:25:42 by "mach5one" with clang Apple LLVM 12.0.0 (clang-1200.0.32.29)

END.
