#
# A fatal error has been detected by the Java Runtime Environment:
#
#  SIGBUS (0xa) at pc=0x000000010c8254f0, pid=17178, tid=29963
#
# JRE version: OpenJDK Runtime Environment (17.0+35) (build 17+35-2724)
# Java VM: OpenJDK 64-Bit Server VM (17+35-2724, mixed mode, sharing, tiered, compressed oops, compressed class ptrs, g1 gc, bsd-aarch64)
# Problematic frame:
# v  ~StubRoutines::SafeFetchN
#
# No core dump will be written. Core dumps have been disabled. To enable core dumping, try "ulimit -c unlimited" before starting Java again
#
# If you would like to submit a bug report, please visit:
#   https://bugreport.java.com/bugreport/crash.jsp
# The crash happened outside the Java Virtual Machine in native code.
# See problematic frame for where to report the bug.
#

---------------  S U M M A R Y ------------

Command Line: -Dfile.encoding=UTF-8 --module-path=/Users/xuyi/opt/javafx-sdk-17.0.0.1/lib --add-modules=javafx.controls --module-path=/Users/xuyi/Source/Java/Slicer/build/classes:/Users/xuyi/opt/javafx-sdk-17.0.0.1/lib/javafx-swt.jar:/Users/xuyi/opt/javafx-sdk-17.0.0.1/lib/javafx.base.jar:/Users/xuyi/opt/javafx-sdk-17.0.0.1/lib/javafx.controls.jar:/Users/xuyi/opt/javafx-sdk-17.0.0.1/lib/javafx.fxml.jar:/Users/xuyi/opt/javafx-sdk-17.0.0.1/lib/javafx.graphics.jar:/Users/xuyi/opt/javafx-sdk-17.0.0.1/lib/javafx.media.jar:/Users/xuyi/opt/javafx-sdk-17.0.0.1/lib/javafx.swing.jar:/Users/xuyi/opt/javafx-sdk-17.0.0.1/lib/javafx.web.jar org.reprap.Gfx3D

Host: "MacBookAir10,1" arm64 1 MHz, 8 cores, 16G, Darwin 21.4.0, macOS 12.3.1 (21E258)
Time: Sat Apr 16 01:15:43 2022 CEST elapsed time: 8.490539 seconds (0d 0h 0m 8s)

---------------  T H R E A D  ---------------

Current thread (0x000000012601f200):  JavaThread "InvokeLaterDispatcher" daemon [_thread_in_native, id=29963, stack(0x000000016f7cc000,0x000000016f9cf000)]

Stack: [0x000000016f7cc000,0x000000016f9cf000],  sp=0x000000016f9ce780,  free space=2057k
Native frames: (J=compiled Java code, j=interpreted, Vv=VM code, C=native code)
v  ~StubRoutines::SafeFetchN
V  [libjvm.dylib+0x7a0cf4]  OopStorage::release(oopDesc* const*)+0x20
V  [libjvm.dylib+0x4b9e40]  jni_DeleteGlobalRef+0xd8
C  [libglass.dylib+0xab08]  -[GlassRunnable dealloc]+0x34
C  [Foundation+0x85618]  -[_NSThreadPerformInfo dealloc]+0x30
C  [Foundation+0x5198c]  -[NSObject(NSThreadPerformAdditions) performSelectorOnMainThread:withObject:waitUntilDone:]+0x88
C  0x590800011442fd4c
j  com.sun.glass.ui.mac.MacApplication.submitForLaterInvocation(Ljava/lang/Runnable;)V+2 javafx.graphics
j  com.sun.glass.ui.InvokeLaterDispatcher.run()V+82 javafx.graphics
v  ~StubRoutines::call_stub
V  [libjvm.dylib+0x461324]  JavaCalls::call_helper(JavaValue*, methodHandle const&, JavaCallArguments*, JavaThread*)+0x38c
V  [libjvm.dylib+0x460340]  JavaCalls::call_virtual(JavaValue*, Klass*, Symbol*, Symbol*, JavaCallArguments*, JavaThread*)+0x11c
V  [libjvm.dylib+0x46040c]  JavaCalls::call_virtual(JavaValue*, Handle, Klass*, Symbol*, Symbol*, JavaThread*)+0x64
V  [libjvm.dylib+0x51551c]  thread_entry(JavaThread*, JavaThread*)+0xc4
V  [libjvm.dylib+0x8ff6f4]  JavaThread::thread_main_inner()+0x13c
V  [libjvm.dylib+0x8fde08]  Thread::call_run()+0x128
V  [libjvm.dylib+0x7a78dc]  thread_native_entry(Thread*)+0x158
C  [libsystem_pthread.dylib+0x726c]  _pthread_start+0x94

Java frames: (J=compiled Java code, j=interpreted, Vv=VM code)
J 11588  com.sun.glass.ui.mac.MacApplication._submitForLaterInvocation(Ljava/lang/Runnable;)V javafx.graphics (0 bytes) @ 0x000000011442fd4c [0x000000011442fcc0+0x000000000000008c]
j  com.sun.glass.ui.mac.MacApplication.submitForLaterInvocation(Ljava/lang/Runnable;)V+2 javafx.graphics
j  com.sun.glass.ui.InvokeLaterDispatcher.run()V+82 javafx.graphics
v  ~StubRoutines::call_stub

siginfo: si_signo: 10 (SIGBUS), si_code: 1 (BUS_ADRALN), si_addr: 0x000000010c8254f0

Register to memory mapping:

 x0=0x0000000125e06a88 is a global jni handle
 x1=0x0 is NULL
 x2=0x000000070ffc03b0 is an oop: com.sun.glass.ui.InvokeLaterDispatcher$Future 
{0x000000070ffc03b0} - klass: 'com/sun/glass/ui/InvokeLaterDispatcher$Future'
 - ---- fields (total size 3 words):
 - private 'done' 'Z' @12  true
 - private final 'runnable' 'Ljava/lang/Runnable;' @16  a 'com/sun/javafx/tk/quantum/QuantumToolkit$$Lambda$92+0x0000000800c37db8'{0x00000007027b0e00} (e04f61c0)
 - final synthetic 'this$0' 'Lcom/sun/glass/ui/InvokeLaterDispatcher;' @20  a 'com/sun/glass/ui/InvokeLaterDispatcher'{0x00000007017f3c60} (e02fe78c)
 x3=0x0 is NULL
 x4=0x00000000000130a8 is an unknown value
 x5=0x0 is NULL
 x6=0x0 is NULL
 x7=0x0000000000000003 is an unknown value
 x8=0x000000010c8254ec is at begin+0 in a stub
StubRoutines::SafeFetchN [0x000000010c8254ec, 0x000000010c8254f8] (12 bytes)
 x9=0x0 is NULL
x10=0x2010000030300000 is an unknown value
x11=0x0000000000000007 is an unknown value
x12=0x0000000000000004 is an unknown value
x13=0x0000600002185e10 points into unknown readable memory: 0x481f80018c93fc40 | 40 fc 93 8c 01 80 1f 48
x14=0x0000140000000000 is an unknown value
x15=0x0000000124c45f98: OBJC_CLASS_$_GlassRunnable+0 in /Users/xuyi/opt/javafx-sdk-17.0.0.1/lib/libglass.dylib at 0x0000000124c00000
x16=0x000000018caa90fc: pthread_getspecific+0 in /usr/lib/system/libsystem_pthread.dylib at 0x000000018caa7000
x17=0x0000600002b84ae0 points into unknown readable memory: 0xfffffffffffffffe | fe ff ff ff ff ff ff ff
x18=0x0 is NULL
x19=0x00006000024942a0 points into unknown readable memory: 0x0000600000d900f0 | f0 00 d9 00 00 60 00 00
x20=0x0000000125e06880 points into unknown readable memory: 0x0000000000000000 | 00 00 00 00 00 00 00 00
x21=0x0000000125e06a88 is a global jni handle
x22=0x000000012601f200 is a thread
x23=0x0000000000000001 is an unknown value
x24=0x0000000125e06a40 is a global jni handle
x25=0x0000000104d455d8: _ZN12StubRoutines17_safefetchN_entryE+0 in /Users/xuyi/opt/jdk-17.jdk/Contents/Home/lib/server/libjvm.dylib at 0x000000010419c000
x26=0x0000000127914e70 is pointing into metadata
x27=0x0 is NULL
x28=0x000000012601f200 is a thread


Registers:
 x0=0x0000000125e06a88  x1=0x0000000000000000  x2=0x000000070ffc03b0  x3=0x0000000000000000
 x4=0x00000000000130a8  x5=0x0000000000000000  x6=0x0000000000000000  x7=0x0000000000000003
 x8=0x000000010c8254ec  x9=0x0000000000000000 x10=0x2010000030300000 x11=0x0000000000000007
x12=0x0000000000000004 x13=0x0000600002185e10 x14=0x0000140000000000 x15=0x0000000124c45f98
x16=0x000000018caa90fc x17=0x0000600002b84ae0 x18=0x0000000000000000 x19=0x00006000024942a0
x20=0x0000000125e06880 x21=0x0000000125e06a88 x22=0x000000012601f200 x23=0x0000000000000001
x24=0x0000000125e06a40 x25=0x0000000104d455d8 x26=0x0000000127914e70 x27=0x0000000000000000
x28=0x000000012601f200  fp=0x000000016f9ce7c0  lr=0x000000010493bac4  sp=0x000000016f9ce780
pc=0x000000010c8254f0 cpsr=0x0000000060001000
Top of Stack: (sp=0x000000016f9ce780)
0x000000016f9ce780:   0000000127914e70 0000000000000001
0x000000016f9ce790:   000000016f9ce9f8 0000000000000000
0x000000016f9ce7a0:   000000013d06dca8 0000000125e06a40
0x000000016f9ce7b0:   0000000125e06a40 00006000024942a0
0x000000016f9ce7c0:   000000016f9ce800 000000010493ccf4
0x000000016f9ce7d0:   0000000000000001 0000000125e06a40
0x000000016f9ce7e0:   000000013d06dca8 0000000125e06a40
0x000000016f9ce7f0:   0000000000000001 000000013d06da00
0x000000016f9ce800:   000000016f9ce840 0000000104655e40
0x000000016f9ce810:   000000016f9ce9f8 0000600000d8c700
0x000000016f9ce820:   0000600000d8c740 00000001d6b6ebe0
0x000000016f9ce830:   0000000000000000 0000600000d8c740
0x000000016f9ce840:   000000016f9ce870 0000000124c0ab08
0x000000016f9ce850:   c743ca80bfca0051 0000000000000000
0x000000016f9ce860:   0000000000000000 0000600001a81400
0x000000016f9ce870:   000000016f9ce8b0 000000018da76618
0x000000016f9ce880:   000000016f9ce9f8 0000600000d8c700
0x000000016f9ce890:   0000600000d8c740 c743ca80bfca0051
0x000000016f9ce8a0:   0000000000000000 0000000000000000
0x000000016f9ce8b0:   000000016f9ce8f0 211980018da4298c
0x000000016f9ce8c0:   000000016f9ce9f8 000000010c82c7c0
0x000000016f9ce8d0:   00000001278ec9fa 0000000104d4cf90
0x000000016f9ce8e0:   000000016f9ce980 00000000000000b6
0x000000016f9ce8f0:   000000016f9ce950 590800011442fd4c
0x000000016f9ce900:   0000000701801258 000000070ffc03b0
0x000000016f9ce910:   000000016f9cea60 000000010d1b5d74
0x000000016f9ce920:   00000001278ec9f8 0000000104d4cf90
0x000000016f9ce930:   000000016f9ce990 00000000000000b9
0x000000016f9ce940:   000000016f9ce9e0 000000010c82ca7c
0x000000016f9ce950:   000000016f9ce9e0 000000010c829fc8
0x000000016f9ce960:   000000016f9ce9a0 0000000701c34188
0x000000016f9ce970:   000000016f9cea60 000000010d1e5c1c 

Instructions: (pc=0x000000010c8254f0)
0x000000010c8253f0:   f2a09a29 f2c00029 6d425935 1e640886
0x000000010c825400:   0c402d31 1e6408c7 1f5654d0 1e6c1017
0x000000010c825410:   1f5050d0 1f504cd0 1f5048d0 1e650af6
0x000000010c825420:   1f50d8f6 1f5694d6 1f5158f6 1e762880
0x000000010c825430:   36000501 1e614000 14000026 2e251ca5
0x000000010c825440:   d2843009 f2a09a29 f2c00029 6d425d36
0x000000010c825450:   1e600806 0c402d32 1f5758c7 1e6c101a
0x000000010c825460:   1f4754c7 1e650805 1f4750c7 d2866668
0x000000010c825470:   f2a7fa68 1f474cc7 1e6608c0 1f4748c7
0x000000010c825480:   1e6e1019 eb08007f 540000ac 1f479400
0x000000010c825490:   1f460340 1e603b20 1400000e d2a7fd29
0x000000010c8254a0:   eb09007f 540000ac 51480069 d3607d29
0x000000010c8254b0:   9e670121 14000002 1e6a5001 1f679417
0x000000010c8254c0:   1f668742 1e613b23 1e773857 1e773860
0x000000010c8254d0:   a8c17ff3 910003bf a8c17bfd d65f03c0
0x000000010c8254e0:   b9400001 aa0103e0 d65f03c0 f9400001
0x000000010c8254f0:   aa0103e0 d65f03c0 00000000 00000000
0x000000010c825500:   00000000 00000000 00000000 00000000
0x000000010c825510:   00000000 00000000 00000000 00000000
0x000000010c825520:   00000000 00000000 00000000 00000000
0x000000010c825530:   00000000 00000000 00000000 00000000
0x000000010c825540:   00000000 00000000 00000000 00000000
0x000000010c825550:   00000000 00000000 00000000 00000000
0x000000010c825560:   00000000 00000000 00000000 00000000
0x000000010c825570:   00000000 00000000 00000000 00000000
0x000000010c825580:   00000000 00000000 00000000 00000000
0x000000010c825590:   00000000 00000000 00000000 00000000
0x000000010c8255a0:   00000000 00000000 00000000 00000000
0x000000010c8255b0:   00000000 00000000 00000000 00000000
0x000000010c8255c0:   00000000 00000000 00000000 00000000
0x000000010c8255d0:   00000000 00000000 00000000 00000000
0x000000010c8255e0:   00000000 00000000 00000000 00000000 


Stack slot to memory mapping:
stack at sp + 0 slots: 0x0000000127914e70 is pointing into metadata
stack at sp + 1 slots: 0x0000000000000001 is an unknown value
stack at sp + 2 slots: 0x000000016f9ce9f8 is pointing into the stack for thread: 0x000000012601f200
stack at sp + 3 slots: 0x0 is NULL
stack at sp + 4 slots: 0x000000013d06dca8 points into unknown readable memory: 0x0000000104d02728 | 28 27 d0 04 01 00 00 00
stack at sp + 5 slots: 0x0000000125e06a40 is a global jni handle
stack at sp + 6 slots: 0x0000000125e06a40 is a global jni handle
stack at sp + 7 slots: 0x00006000024942a0 points into unknown readable memory: 0x0000600000d900f0 | f0 00 d9 00 00 60 00 00

StubRoutines::SafeFetchN [0x000000010c8254ec, 0x000000010c8254f8] (12 bytes)
[MachCode]
  0x000000010c8254ec: 0100 40f9 | e003 01aa | c003 5fd6 
[/MachCode]

---------------  P R O C E S S  ---------------

Threads class SMR info:
_java_thread_list=0x0000600000fec760, length=16, elements={
0x0000000126808800, 0x00000001268fa400, 0x00000001268fcc00, 0x00000001268fd800,
0x00000001268fb400, 0x00000001268fba00, 0x00000001268fc000, 0x00000001268fc600,
0x000000013c812400, 0x000000012501a800, 0x000000013d076c00, 0x000000012601a000,
0x000000012601f200, 0x000000013d06da00, 0x00000001250fb400, 0x0000000126a62c00
}

Java Threads: ( => current thread )
  0x0000000126808800 JavaThread "main" [_thread_blocked, id=5635, stack(0x000000016cfd0000,0x000000016d1d3000)]
  0x00000001268fa400 JavaThread "Reference Handler" daemon [_thread_blocked, id=16131, stack(0x000000016de24000,0x000000016e027000)]
  0x00000001268fcc00 JavaThread "Finalizer" daemon [_thread_blocked, id=16387, stack(0x000000016e030000,0x000000016e233000)]
  0x00000001268fd800 JavaThread "Signal Dispatcher" daemon [_thread_blocked, id=41987, stack(0x000000016e354000,0x000000016e557000)]
  0x00000001268fb400 JavaThread "Service Thread" daemon [_thread_blocked, id=41475, stack(0x000000016e560000,0x000000016e763000)]
  0x00000001268fba00 JavaThread "Monitor Deflation Thread" daemon [_thread_blocked, id=41219, stack(0x000000016e76c000,0x000000016e96f000)]
  0x00000001268fc000 JavaThread "C2 CompilerThread0" daemon [_thread_blocked, id=22787, stack(0x000000016e978000,0x000000016eb7b000)]
  0x00000001268fc600 JavaThread "C1 CompilerThread0" daemon [_thread_blocked, id=23043, stack(0x000000016eb84000,0x000000016ed87000)]
  0x000000013c812400 JavaThread "Sweeper thread" daemon [_thread_blocked, id=23555, stack(0x000000016ed90000,0x000000016ef93000)]
  0x000000012501a800 JavaThread "Common-Cleaner" daemon [_thread_blocked, id=40451, stack(0x000000016ef9c000,0x000000016f19f000)]
  0x000000013d076c00 JavaThread "Notification Thread" daemon [_thread_blocked, id=24323, stack(0x000000016f1a8000,0x000000016f3ab000)]
  0x000000012601a000 JavaThread "QuantumRenderer-0" daemon [_thread_blocked, id=39939, stack(0x000000016f5c0000,0x000000016f7c3000)]
=>0x000000012601f200 JavaThread "InvokeLaterDispatcher" daemon [_thread_in_native, id=29963, stack(0x000000016f7cc000,0x000000016f9cf000)]
  0x000000013d06da00 JavaThread "JavaFX Application Thread" [_thread_in_vm, id=259, stack(0x000000016c748000,0x000000016cf44000)]
  0x00000001250fb400 JavaThread "JavaFX-Launcher" [_thread_blocked, id=74755, stack(0x000000016fc70000,0x000000016fe73000)]
  0x0000000126a62c00 JavaThread "PulseTimer-CVDisplayLink thread" daemon [_thread_in_native, id=49667, stack(0x000000016fa64000,0x000000016fae7000)]

Other Threads:
  0x0000000127006f80 VMThread "VM Thread" [stack: 0x000000016dc18000,0x000000016de1b000] [id=18179]
  0x0000000124904ca0 WatcherThread [stack: 0x000000016f3b4000,0x000000016f5b7000] [id=40195]
  0x0000000125f08070 GCTaskThread "GC Thread#0" [stack: 0x000000016d1dc000,0x000000016d3df000] [id=12291]
  0x0000000124918570 GCTaskThread "GC Thread#1" [stack: 0x000000016fe7c000,0x000000017007f000] [id=53763]
  0x0000000124918820 GCTaskThread "GC Thread#2" [stack: 0x0000000170088000,0x000000017028b000] [id=54019]
  0x0000000124918ca0 GCTaskThread "GC Thread#3" [stack: 0x0000000170294000,0x0000000170497000] [id=54531]
  0x0000000125f48ff0 GCTaskThread "GC Thread#4" [stack: 0x00000001704a0000,0x00000001706a3000] [id=54787]
  0x000000012701dc00 GCTaskThread "GC Thread#5" [stack: 0x00000001706ac000,0x00000001708af000] [id=73219]
  0x0000000125f08720 ConcurrentGCThread "G1 Main Marker" [stack: 0x000000016d3e8000,0x000000016d5eb000] [id=12803]
  0x0000000125f08fa0 ConcurrentGCThread "G1 Conc#0" [stack: 0x000000016d5f4000,0x000000016d7f7000] [id=19203]
  0x0000000125f0ae10 ConcurrentGCThread "G1 Refine#0" [stack: 0x000000016d800000,0x000000016da03000] [id=13571]
  0x0000000127027b50 ConcurrentGCThread "G1 Refine#1" [stack: 0x0000000170944000,0x0000000170b47000] [id=60931]
  0x0000000103f04ab0 ConcurrentGCThread "G1 Refine#2" [stack: 0x0000000170b50000,0x0000000170d53000] [id=61187]
  0x0000000103e04ae0 ConcurrentGCThread "G1 Refine#3" [stack: 0x0000000170d5c000,0x0000000170f5f000] [id=61699]
  0x0000000103e06180 ConcurrentGCThread "G1 Refine#4" [stack: 0x0000000170f68000,0x000000017116b000] [id=62211]
  0x0000000127028430 ConcurrentGCThread "G1 Refine#5" [stack: 0x0000000171174000,0x0000000171377000] [id=62467]
  0x0000000104004f00 ConcurrentGCThread "G1 Refine#6" [stack: 0x0000000171380000,0x0000000171583000] [id=65795]
  0x0000000125e1dd60 ConcurrentGCThread "G1 Refine#7" [stack: 0x000000017158c000,0x000000017178f000] [id=65283]
  0x0000000125f0b6b0 ConcurrentGCThread "G1 Service" [stack: 0x000000016da0c000,0x000000016dc0f000] [id=13827]

Threads with active compile tasks:

VM state: not at safepoint (normal execution)

VM Mutex/Monitor currently owned by a thread: None

Heap address: 0x0000000700000000, size: 4096 MB, Compressed Oops mode: Zero based, Oop shift amount: 3

CDS archive(s) mapped at: [0x0000000800000000-0x0000000800bd0000-0x0000000800bd0000), size 12386304, SharedBaseAddress: 0x0000000800000000, ArchiveRelocationMode: 0.
Compressed class space mapped at: 0x0000000800c00000-0x0000000840c00000, reserved size: 1073741824
Narrow klass base: 0x0000000800000000, Narrow klass shift: 0, Narrow klass range: 0x100000000

GC Precious Log:
 CPUs: 8 total, 8 available
 Memory: 16384M
 Large Page Support: Disabled
 NUMA Support: Disabled
 Compressed Oops: Enabled (Zero based)
 Heap Region Size: 2M
 Heap Min Capacity: 8M
 Heap Initial Capacity: 256M
 Heap Max Capacity: 4G
 Pre-touch: Disabled
 Parallel Workers: 8
 Concurrent Workers: 2
 Concurrent Refinement Workers: 8
 Periodic GC: Disabled

Heap:
 garbage-first heap   total 266240K, used 148573K [0x0000000700000000, 0x0000000800000000)
  region size 2048K, 46 young (94208K), 2 survivors (4096K)
 Metaspace       used 8566K, committed 8768K, reserved 1064960K
  class space    used 1110K, committed 1216K, reserved 1048576K

Heap Regions: E=young(eden), S=young(survivor), O=old, HS=humongous(starts), HC=humongous(continues), CS=collection set, F=free, OA=open archive, CA=closed archive, TAMS=top-at-mark-start (previous, next)
|   0|0x0000000700000000, 0x0000000700200000, 0x0000000700200000|100%| O|  |TAMS 0x0000000700000000, 0x0000000700000000| Untracked 
|   1|0x0000000700200000, 0x0000000700400000, 0x0000000700400000|100%| O|  |TAMS 0x0000000700200000, 0x0000000700200000| Untracked 
|   2|0x0000000700400000, 0x0000000700600000, 0x0000000700600000|100%| O|  |TAMS 0x0000000700400000, 0x0000000700400000| Untracked 
|   3|0x0000000700600000, 0x0000000700800000, 0x0000000700800000|100%| O|  |TAMS 0x0000000700600000, 0x0000000700600000| Untracked 
|   4|0x0000000700800000, 0x0000000700a00000, 0x0000000700a00000|100%| O|  |TAMS 0x0000000700800000, 0x0000000700800000| Untracked 
|   5|0x0000000700a00000, 0x0000000700c00000, 0x0000000700c00000|100%| O|  |TAMS 0x0000000700a00000, 0x0000000700a00000| Untracked 
|   6|0x0000000700c00000, 0x0000000700e00000, 0x0000000700e00000|100%| O|  |TAMS 0x0000000700c00000, 0x0000000700c00000| Untracked 
|   7|0x0000000700e00000, 0x0000000701000000, 0x0000000701000000|100%| O|  |TAMS 0x0000000700e00000, 0x0000000700e00000| Untracked 
|   8|0x0000000701000000, 0x0000000701200000, 0x0000000701200000|100%| O|  |TAMS 0x0000000701000000, 0x0000000701000000| Untracked 
|   9|0x0000000701200000, 0x0000000701400000, 0x0000000701400000|100%| O|  |TAMS 0x0000000701200000, 0x0000000701200000| Untracked 
|  10|0x0000000701400000, 0x0000000701600000, 0x0000000701600000|100%| O|  |TAMS 0x0000000701400000, 0x0000000701400000| Untracked 
|  11|0x0000000701600000, 0x0000000701800000, 0x0000000701800000|100%| O|  |TAMS 0x0000000701600000, 0x0000000701600000| Untracked 
|  12|0x0000000701800000, 0x0000000701a00000, 0x0000000701a00000|100%| O|  |TAMS 0x0000000701800000, 0x0000000701800000| Untracked 
|  13|0x0000000701a00000, 0x0000000701c00000, 0x0000000701c00000|100%| O|  |TAMS 0x0000000701a00000, 0x0000000701a00000| Untracked 
|  14|0x0000000701c00000, 0x0000000701e00000, 0x0000000701e00000|100%| O|  |TAMS 0x0000000701c00000, 0x0000000701c00000| Untracked 
|  15|0x0000000701e00000, 0x0000000702000000, 0x0000000702000000|100%| O|  |TAMS 0x0000000701e00000, 0x0000000701e00000| Untracked 
|  16|0x0000000702000000, 0x0000000702200000, 0x0000000702200000|100%| O|  |TAMS 0x0000000702000000, 0x0000000702000000| Untracked 
|  17|0x0000000702200000, 0x0000000702400000, 0x0000000702400000|100%| O|  |TAMS 0x0000000702200000, 0x0000000702200000| Untracked 
|  18|0x0000000702400000, 0x0000000702600000, 0x0000000702600000|100%| O|  |TAMS 0x0000000702400000, 0x0000000702400000| Untracked 
|  19|0x0000000702600000, 0x0000000702800000, 0x0000000702800000|100%| O|  |TAMS 0x0000000702600000, 0x0000000702600000| Untracked 
|  20|0x0000000702800000, 0x0000000702a00000, 0x0000000702a00000|100%| O|  |TAMS 0x0000000702800000, 0x0000000702800000| Untracked 
|  21|0x0000000702a00000, 0x0000000702c00000, 0x0000000702c00000|100%| O|  |TAMS 0x0000000702a00000, 0x0000000702a00000| Untracked 
|  22|0x0000000702c00000, 0x0000000702e00000, 0x0000000702e00000|100%| O|  |TAMS 0x0000000702c00000, 0x0000000702c00000| Untracked 
|  23|0x0000000702e00000, 0x0000000703000000, 0x0000000703000000|100%| O|  |TAMS 0x0000000702e00000, 0x0000000702e00000| Untracked 
|  24|0x0000000703000000, 0x0000000703200000, 0x0000000703200000|100%| O|  |TAMS 0x0000000703000000, 0x0000000703000000| Untracked 
|  25|0x0000000703200000, 0x0000000703400000, 0x0000000703400000|100%| O|  |TAMS 0x0000000703200000, 0x0000000703200000| Untracked 
|  26|0x0000000703400000, 0x000000070351f400, 0x0000000703600000| 56%| O|  |TAMS 0x0000000703400000, 0x0000000703400000| Untracked 
|  27|0x0000000703600000, 0x0000000703600000, 0x0000000703800000|  0%| F|  |TAMS 0x0000000703600000, 0x0000000703600000| Untracked 
|  28|0x0000000703800000, 0x0000000703800000, 0x0000000703a00000|  0%| F|  |TAMS 0x0000000703800000, 0x0000000703800000| Untracked 
|  29|0x0000000703a00000, 0x0000000703a00000, 0x0000000703c00000|  0%| F|  |TAMS 0x0000000703a00000, 0x0000000703a00000| Untracked 
|  30|0x0000000703c00000, 0x0000000703c00000, 0x0000000703e00000|  0%| F|  |TAMS 0x0000000703c00000, 0x0000000703c00000| Untracked 
|  31|0x0000000703e00000, 0x0000000703e00000, 0x0000000704000000|  0%| F|  |TAMS 0x0000000703e00000, 0x0000000703e00000| Untracked 
|  32|0x0000000704000000, 0x0000000704000000, 0x0000000704200000|  0%| F|  |TAMS 0x0000000704000000, 0x0000000704000000| Untracked 
|  33|0x0000000704200000, 0x0000000704200000, 0x0000000704400000|  0%| F|  |TAMS 0x0000000704200000, 0x0000000704200000| Untracked 
|  34|0x0000000704400000, 0x0000000704400000, 0x0000000704600000|  0%| F|  |TAMS 0x0000000704400000, 0x0000000704400000| Untracked 
|  35|0x0000000704600000, 0x0000000704600000, 0x0000000704800000|  0%| F|  |TAMS 0x0000000704600000, 0x0000000704600000| Untracked 
|  36|0x0000000704800000, 0x0000000704800000, 0x0000000704a00000|  0%| F|  |TAMS 0x0000000704800000, 0x0000000704800000| Untracked 
|  37|0x0000000704a00000, 0x0000000704a00000, 0x0000000704c00000|  0%| F|  |TAMS 0x0000000704a00000, 0x0000000704a00000| Untracked 
|  38|0x0000000704c00000, 0x0000000704c00000, 0x0000000704e00000|  0%| F|  |TAMS 0x0000000704c00000, 0x0000000704c00000| Untracked 
|  39|0x0000000704e00000, 0x0000000704e00000, 0x0000000705000000|  0%| F|  |TAMS 0x0000000704e00000, 0x0000000704e00000| Untracked 
|  40|0x0000000705000000, 0x0000000705000000, 0x0000000705200000|  0%| F|  |TAMS 0x0000000705000000, 0x0000000705000000| Untracked 
|  41|0x0000000705200000, 0x0000000705200000, 0x0000000705400000|  0%| F|  |TAMS 0x0000000705200000, 0x0000000705200000| Untracked 
|  42|0x0000000705400000, 0x0000000705400000, 0x0000000705600000|  0%| F|  |TAMS 0x0000000705400000, 0x0000000705400000| Untracked 
|  43|0x0000000705600000, 0x0000000705600000, 0x0000000705800000|  0%| F|  |TAMS 0x0000000705600000, 0x0000000705600000| Untracked 
|  44|0x0000000705800000, 0x0000000705800000, 0x0000000705a00000|  0%| F|  |TAMS 0x0000000705800000, 0x0000000705800000| Untracked 
|  45|0x0000000705a00000, 0x0000000705a00000, 0x0000000705c00000|  0%| F|  |TAMS 0x0000000705a00000, 0x0000000705a00000| Untracked 
|  46|0x0000000705c00000, 0x0000000705c00000, 0x0000000705e00000|  0%| F|  |TAMS 0x0000000705c00000, 0x0000000705c00000| Untracked 
|  47|0x0000000705e00000, 0x0000000705e00000, 0x0000000706000000|  0%| F|  |TAMS 0x0000000705e00000, 0x0000000705e00000| Untracked 
|  48|0x0000000706000000, 0x0000000706000000, 0x0000000706200000|  0%| F|  |TAMS 0x0000000706000000, 0x0000000706000000| Untracked 
|  49|0x0000000706200000, 0x0000000706200000, 0x0000000706400000|  0%| F|  |TAMS 0x0000000706200000, 0x0000000706200000| Untracked 
|  50|0x0000000706400000, 0x0000000706400000, 0x0000000706600000|  0%| F|  |TAMS 0x0000000706400000, 0x0000000706400000| Untracked 
|  51|0x0000000706600000, 0x0000000706600000, 0x0000000706800000|  0%| F|  |TAMS 0x0000000706600000, 0x0000000706600000| Untracked 
|  52|0x0000000706800000, 0x0000000706800000, 0x0000000706a00000|  0%| F|  |TAMS 0x0000000706800000, 0x0000000706800000| Untracked 
|  53|0x0000000706a00000, 0x0000000706a00000, 0x0000000706c00000|  0%| F|  |TAMS 0x0000000706a00000, 0x0000000706a00000| Untracked 
|  54|0x0000000706c00000, 0x0000000706c00000, 0x0000000706e00000|  0%| F|  |TAMS 0x0000000706c00000, 0x0000000706c00000| Untracked 
|  55|0x0000000706e00000, 0x0000000706e00000, 0x0000000707000000|  0%| F|  |TAMS 0x0000000706e00000, 0x0000000706e00000| Untracked 
|  56|0x0000000707000000, 0x0000000707000000, 0x0000000707200000|  0%| F|  |TAMS 0x0000000707000000, 0x0000000707000000| Untracked 
|  57|0x0000000707200000, 0x0000000707200000, 0x0000000707400000|  0%| F|  |TAMS 0x0000000707200000, 0x0000000707200000| Untracked 
|  58|0x0000000707400000, 0x0000000707400000, 0x0000000707600000|  0%| F|  |TAMS 0x0000000707400000, 0x0000000707400000| Untracked 
|  59|0x0000000707600000, 0x0000000707600000, 0x0000000707800000|  0%| F|  |TAMS 0x0000000707600000, 0x0000000707600000| Untracked 
|  60|0x0000000707800000, 0x0000000707800000, 0x0000000707a00000|  0%| F|  |TAMS 0x0000000707800000, 0x0000000707800000| Untracked 
|  61|0x0000000707a00000, 0x0000000707a00000, 0x0000000707c00000|  0%| F|  |TAMS 0x0000000707a00000, 0x0000000707a00000| Untracked 
|  62|0x0000000707c00000, 0x0000000707c00000, 0x0000000707e00000|  0%| F|  |TAMS 0x0000000707c00000, 0x0000000707c00000| Untracked 
|  63|0x0000000707e00000, 0x0000000707e00000, 0x0000000708000000|  0%| F|  |TAMS 0x0000000707e00000, 0x0000000707e00000| Untracked 
|  64|0x0000000708000000, 0x0000000708000000, 0x0000000708200000|  0%| F|  |TAMS 0x0000000708000000, 0x0000000708000000| Untracked 
|  65|0x0000000708200000, 0x0000000708200000, 0x0000000708400000|  0%| F|  |TAMS 0x0000000708200000, 0x0000000708200000| Untracked 
|  66|0x0000000708400000, 0x0000000708400000, 0x0000000708600000|  0%| F|  |TAMS 0x0000000708400000, 0x0000000708400000| Untracked 
|  67|0x0000000708600000, 0x0000000708600000, 0x0000000708800000|  0%| F|  |TAMS 0x0000000708600000, 0x0000000708600000| Untracked 
|  68|0x0000000708800000, 0x0000000708800000, 0x0000000708a00000|  0%| F|  |TAMS 0x0000000708800000, 0x0000000708800000| Untracked 
|  69|0x0000000708a00000, 0x0000000708a00000, 0x0000000708c00000|  0%| F|  |TAMS 0x0000000708a00000, 0x0000000708a00000| Untracked 
|  70|0x0000000708c00000, 0x0000000708c00000, 0x0000000708e00000|  0%| F|  |TAMS 0x0000000708c00000, 0x0000000708c00000| Untracked 
|  71|0x0000000708e00000, 0x0000000708e00000, 0x0000000709000000|  0%| F|  |TAMS 0x0000000708e00000, 0x0000000708e00000| Untracked 
|  72|0x0000000709000000, 0x0000000709000000, 0x0000000709200000|  0%| F|  |TAMS 0x0000000709000000, 0x0000000709000000| Untracked 
|  73|0x0000000709200000, 0x0000000709400000, 0x0000000709400000|100%| S|CS|TAMS 0x0000000709200000, 0x0000000709200000| Complete 
|  74|0x0000000709400000, 0x0000000709600000, 0x0000000709600000|100%| S|CS|TAMS 0x0000000709400000, 0x0000000709400000| Complete 
|  75|0x0000000709600000, 0x0000000709600000, 0x0000000709800000|  0%| F|  |TAMS 0x0000000709600000, 0x0000000709600000| Untracked 
|  76|0x0000000709800000, 0x0000000709800000, 0x0000000709a00000|  0%| F|  |TAMS 0x0000000709800000, 0x0000000709800000| Untracked 
|  77|0x0000000709a00000, 0x0000000709a00000, 0x0000000709c00000|  0%| F|  |TAMS 0x0000000709a00000, 0x0000000709a00000| Untracked 
|  78|0x0000000709c00000, 0x0000000709c00000, 0x0000000709e00000|  0%| F|  |TAMS 0x0000000709c00000, 0x0000000709c00000| Untracked 
|  79|0x0000000709e00000, 0x0000000709e00000, 0x000000070a000000|  0%| F|  |TAMS 0x0000000709e00000, 0x0000000709e00000| Untracked 
|  80|0x000000070a000000, 0x000000070a000000, 0x000000070a200000|  0%| F|  |TAMS 0x000000070a000000, 0x000000070a000000| Untracked 
|  81|0x000000070a200000, 0x000000070a200000, 0x000000070a400000|  0%| F|  |TAMS 0x000000070a200000, 0x000000070a200000| Untracked 
|  82|0x000000070a400000, 0x000000070a400000, 0x000000070a600000|  0%| F|  |TAMS 0x000000070a400000, 0x000000070a400000| Untracked 
|  83|0x000000070a600000, 0x000000070a600000, 0x000000070a800000|  0%| F|  |TAMS 0x000000070a600000, 0x000000070a600000| Untracked 
|  84|0x000000070a800000, 0x000000070a8d6690, 0x000000070aa00000| 41%| E|  |TAMS 0x000000070a800000, 0x000000070a800000| Complete 
|  85|0x000000070aa00000, 0x000000070ac00000, 0x000000070ac00000|100%| E|CS|TAMS 0x000000070aa00000, 0x000000070aa00000| Complete 
|  86|0x000000070ac00000, 0x000000070ae00000, 0x000000070ae00000|100%| E|CS|TAMS 0x000000070ac00000, 0x000000070ac00000| Complete 
|  87|0x000000070ae00000, 0x000000070b000000, 0x000000070b000000|100%| E|CS|TAMS 0x000000070ae00000, 0x000000070ae00000| Complete 
|  88|0x000000070b000000, 0x000000070b200000, 0x000000070b200000|100%| E|CS|TAMS 0x000000070b000000, 0x000000070b000000| Complete 
|  89|0x000000070b200000, 0x000000070b400000, 0x000000070b400000|100%| E|CS|TAMS 0x000000070b200000, 0x000000070b200000| Complete 
|  90|0x000000070b400000, 0x000000070b600000, 0x000000070b600000|100%| E|CS|TAMS 0x000000070b400000, 0x000000070b400000| Complete 
|  91|0x000000070b600000, 0x000000070b800000, 0x000000070b800000|100%| E|CS|TAMS 0x000000070b600000, 0x000000070b600000| Complete 
|  92|0x000000070b800000, 0x000000070ba00000, 0x000000070ba00000|100%| E|CS|TAMS 0x000000070b800000, 0x000000070b800000| Complete 
|  93|0x000000070ba00000, 0x000000070bc00000, 0x000000070bc00000|100%| E|CS|TAMS 0x000000070ba00000, 0x000000070ba00000| Complete 
|  94|0x000000070bc00000, 0x000000070be00000, 0x000000070be00000|100%| E|CS|TAMS 0x000000070bc00000, 0x000000070bc00000| Complete 
|  95|0x000000070be00000, 0x000000070c000000, 0x000000070c000000|100%| E|CS|TAMS 0x000000070be00000, 0x000000070be00000| Complete 
|  96|0x000000070c000000, 0x000000070c200000, 0x000000070c200000|100%| E|CS|TAMS 0x000000070c000000, 0x000000070c000000| Complete 
|  97|0x000000070c200000, 0x000000070c400000, 0x000000070c400000|100%| E|CS|TAMS 0x000000070c200000, 0x000000070c200000| Complete 
|  98|0x000000070c400000, 0x000000070c600000, 0x000000070c600000|100%| E|CS|TAMS 0x000000070c400000, 0x000000070c400000| Complete 
|  99|0x000000070c600000, 0x000000070c800000, 0x000000070c800000|100%| E|CS|TAMS 0x000000070c600000, 0x000000070c600000| Complete 
| 100|0x000000070c800000, 0x000000070ca00000, 0x000000070ca00000|100%| E|CS|TAMS 0x000000070c800000, 0x000000070c800000| Complete 
| 101|0x000000070ca00000, 0x000000070cc00000, 0x000000070cc00000|100%| E|CS|TAMS 0x000000070ca00000, 0x000000070ca00000| Complete 
| 102|0x000000070cc00000, 0x000000070ce00000, 0x000000070ce00000|100%| E|CS|TAMS 0x000000070cc00000, 0x000000070cc00000| Complete 
| 103|0x000000070ce00000, 0x000000070d000000, 0x000000070d000000|100%| E|CS|TAMS 0x000000070ce00000, 0x000000070ce00000| Complete 
| 104|0x000000070d000000, 0x000000070d200000, 0x000000070d200000|100%| E|CS|TAMS 0x000000070d000000, 0x000000070d000000| Complete 
| 105|0x000000070d200000, 0x000000070d400000, 0x000000070d400000|100%| E|CS|TAMS 0x000000070d200000, 0x000000070d200000| Complete 
| 106|0x000000070d400000, 0x000000070d600000, 0x000000070d600000|100%| E|CS|TAMS 0x000000070d400000, 0x000000070d400000| Complete 
| 107|0x000000070d600000, 0x000000070d800000, 0x000000070d800000|100%| E|CS|TAMS 0x000000070d600000, 0x000000070d600000| Complete 
| 108|0x000000070d800000, 0x000000070da00000, 0x000000070da00000|100%| E|CS|TAMS 0x000000070d800000, 0x000000070d800000| Complete 
| 109|0x000000070da00000, 0x000000070dc00000, 0x000000070dc00000|100%| E|CS|TAMS 0x000000070da00000, 0x000000070da00000| Complete 
| 110|0x000000070dc00000, 0x000000070de00000, 0x000000070de00000|100%| E|CS|TAMS 0x000000070dc00000, 0x000000070dc00000| Complete 
| 111|0x000000070de00000, 0x000000070e000000, 0x000000070e000000|100%| E|CS|TAMS 0x000000070de00000, 0x000000070de00000| Complete 
| 112|0x000000070e000000, 0x000000070e200000, 0x000000070e200000|100%| E|CS|TAMS 0x000000070e000000, 0x000000070e000000| Complete 
| 113|0x000000070e200000, 0x000000070e400000, 0x000000070e400000|100%| E|CS|TAMS 0x000000070e200000, 0x000000070e200000| Complete 
| 114|0x000000070e400000, 0x000000070e600000, 0x000000070e600000|100%| E|CS|TAMS 0x000000070e400000, 0x000000070e400000| Complete 
| 115|0x000000070e600000, 0x000000070e800000, 0x000000070e800000|100%| E|CS|TAMS 0x000000070e600000, 0x000000070e600000| Complete 
| 116|0x000000070e800000, 0x000000070ea00000, 0x000000070ea00000|100%| E|CS|TAMS 0x000000070e800000, 0x000000070e800000| Complete 
| 117|0x000000070ea00000, 0x000000070ec00000, 0x000000070ec00000|100%| E|CS|TAMS 0x000000070ea00000, 0x000000070ea00000| Complete 
| 118|0x000000070ec00000, 0x000000070ee00000, 0x000000070ee00000|100%| E|CS|TAMS 0x000000070ec00000, 0x000000070ec00000| Complete 
| 119|0x000000070ee00000, 0x000000070f000000, 0x000000070f000000|100%| E|CS|TAMS 0x000000070ee00000, 0x000000070ee00000| Complete 
| 120|0x000000070f000000, 0x000000070f200000, 0x000000070f200000|100%| E|CS|TAMS 0x000000070f000000, 0x000000070f000000| Complete 
| 121|0x000000070f200000, 0x000000070f400000, 0x000000070f400000|100%| E|CS|TAMS 0x000000070f200000, 0x000000070f200000| Complete 
| 122|0x000000070f400000, 0x000000070f600000, 0x000000070f600000|100%| E|CS|TAMS 0x000000070f400000, 0x000000070f400000| Complete 
| 123|0x000000070f600000, 0x000000070f800000, 0x000000070f800000|100%| E|CS|TAMS 0x000000070f600000, 0x000000070f600000| Complete 
| 124|0x000000070f800000, 0x000000070fa00000, 0x000000070fa00000|100%| E|CS|TAMS 0x000000070f800000, 0x000000070f800000| Complete 
| 125|0x000000070fa00000, 0x000000070fc00000, 0x000000070fc00000|100%| E|CS|TAMS 0x000000070fa00000, 0x000000070fa00000| Complete 
| 126|0x000000070fc00000, 0x000000070fe00000, 0x000000070fe00000|100%| E|CS|TAMS 0x000000070fc00000, 0x000000070fc00000| Complete 
| 127|0x000000070fe00000, 0x0000000710000000, 0x0000000710000000|100%| E|CS|TAMS 0x000000070fe00000, 0x000000070fe00000| Complete 
|2046|0x00000007ffc00000, 0x00000007ffd78000, 0x00000007ffe00000| 73%|OA|  |TAMS 0x00000007ffc00000, 0x00000007ffc00000| Untracked 
|2047|0x00000007ffe00000, 0x00000007ffe80000, 0x0000000800000000| 25%|CA|  |TAMS 0x00000007ffe00000, 0x00000007ffe00000| Untracked 

Card table byte_map: [0x000000011b824000,0x000000011c024000] _byte_map_base: 0x0000000118024000

Marking Bits (Prev, Next): (CMBitMap*) 0x000000012683dc10, (CMBitMap*) 0x000000012683dc50
 Prev Bits: [0x000000011c824000, 0x0000000120824000)
 Next Bits: [0x0000000120824000, 0x0000000124824000)

Polling page: 0x0000000103040000

Metaspace:

Usage:
  Non-class:      7.28 MB used.
      Class:      1.08 MB used.
       Both:      8.37 MB used.

Virtual space:
  Non-class space:       16.00 MB reserved,       7.38 MB ( 46%) committed,  2 nodes.
      Class space:        1.00 GB reserved,       1.19 MB ( <1%) committed,  1 nodes.
             Both:        1.02 GB reserved,       8.56 MB ( <1%) committed. 

Chunk freelists:
   Non-Class:  2.30 MB
       Class:  2.76 MB
        Both:  5.05 MB

MaxMetaspaceSize: unlimited
CompressedClassSpaceSize: 1.00 GB
Initial GC threshold: 21.00 MB
Current GC threshold: 21.00 MB
CDS: on
MetaspaceReclaimPolicy: balanced
 - commit_granule_bytes: 65536.
 - commit_granule_words: 8192.
 - virtual_space_node_default_size: 1048576.
 - enlarge_chunks_in_place: 1.
 - new_chunks_are_fully_committed: 0.
 - uncommit_free_chunks: 1.
 - use_allocation_guard: 0.
 - handle_deallocations: 1.


Internal statistics:

num_allocs_failed_limit: 0.
num_arena_births: 124.
num_arena_deaths: 0.
num_vsnodes_births: 3.
num_vsnodes_deaths: 0.
num_space_committed: 137.
num_space_uncommitted: 0.
num_chunks_returned_to_freelist: 0.
num_chunks_taken_from_freelist: 420.
num_chunk_merges: 0.
num_chunk_splits: 294.
num_chunks_enlarged: 240.
num_purges: 0.
num_inconsistent_stats: 0.

CodeHeap 'non-profiled nmethods': size=120032Kb used=1309Kb max_used=1309Kb free=118722Kb
 bounds [0x00000001142ec000, 0x000000011455c000, 0x000000011b824000]
CodeHeap 'profiled nmethods': size=120016Kb used=4392Kb max_used=4392Kb free=115624Kb
 bounds [0x000000010cdb8000, 0x000000010d208000, 0x00000001142ec000]
CodeHeap 'non-nmethods': size=5712Kb used=1301Kb max_used=1427Kb free=4411Kb
 bounds [0x000000010c824000, 0x000000010ca94000, 0x000000010cdb8000]
 total_blobs=3022 nmethods=2352 adapters=587
 compilation: enabled
              stopped_count=0, restarted_count=0
 full_count=0

Compilation events (20 events):
Event: 8.054 Thread 0x00000001268fc600 11617   !   3       javafx.scene.Node::intersectsBounds (1005 bytes)
Event: 8.056 Thread 0x00000001268fc000 nmethod 11616 0x000000011442fe90 code [0x0000000114430080, 0x0000000114430270]
Event: 8.056 Thread 0x00000001268fc000 11618       4       java.lang.Double::isInfinite (22 bytes)
Event: 8.056 Thread 0x00000001268fc000 nmethod 11618 0x0000000114430490 code [0x0000000114430680, 0x0000000114430780]
Event: 8.056 Thread 0x00000001268fc000 11619       4       javafx.scene.Node::almostZero (22 bytes)
Event: 8.056 Thread 0x00000001268fc000 nmethod 11619 0x0000000114430810 code [0x0000000114430a00, 0x0000000114430ab0]
Event: 8.057 Thread 0x00000001268fc600 nmethod 11617 0x000000010d1f7290 code [0x000000010d1f7b00, 0x000000010d1fb1f8]
Event: 8.058 Thread 0x00000001268fc000 11620   !   4       javafx.scene.Node::intersectsBounds (1005 bytes)
Event: 8.065 Thread 0x00000001268fc600 11621       3       com.sun.javafx.event.EventUtil::fireEventImpl (16 bytes)
Event: 8.065 Thread 0x00000001268fc000 nmethod 11620 0x0000000114430b90 code [0x0000000114430f40, 0x0000000114432190]
Event: 8.065 Thread 0x00000001268fc600 nmethod 11621 0x000000010d1fc490 code [0x000000010d1fc640, 0x000000010d1fc908]
Event: 8.065 Thread 0x00000001268fc600 11622       3       javafx.stage.Window::buildEventDispatchChain (32 bytes)
Event: 8.065 Thread 0x00000001268fc600 nmethod 11622 0x000000010d1fca90 code [0x000000010d1fcc80, 0x000000010d1fd288]
Event: 8.080 Thread 0x00000001268fc600 11623       3       javafx.scene.Scene::buildEventDispatchChain (48 bytes)
Event: 8.080 Thread 0x00000001268fc600 nmethod 11623 0x000000010d1fd490 code [0x000000010d1fd7c0, 0x000000010d1fec08]
Event: 8.080 Thread 0x00000001268fc600 11624       3       com.sun.javafx.scene.KeyboardShortcutsHandler::dispatchCapturingEvent (223 bytes)
Event: 8.080 Thread 0x00000001268fc600 nmethod 11624 0x000000010d1ff090 code [0x000000010d1ff300, 0x000000010d1ffce8]
Event: 8.139 Thread 0x00000001268fc600 11625       3       java.util.WeakHashMap$HashIterator::<init> (41 bytes)
Event: 8.139 Thread 0x00000001268fc600 nmethod 11625 0x000000010d1fff10 code [0x000000010d200100, 0x000000010d200558]
Event: 8.489 Thread 0x00000001268fc600 11626   !   3       java.util.concurrent.LinkedBlockingDeque::offerLast (53 bytes)

GC Heap History (16 events):
Event: 0.281 GC heap before
{Heap before GC invocations=0 (full 0):
 garbage-first heap   total 266240K, used 24544K [0x0000000700000000, 0x0000000800000000)
  region size 2048K, 11 young (22528K), 0 survivors (0K)
 Metaspace       used 4428K, committed 4608K, reserved 1056768K
  class space    used 561K, committed 640K, reserved 1048576K
}
Event: 0.283 GC heap after
{Heap after GC invocations=1 (full 0):
 garbage-first heap   total 266240K, used 6123K [0x0000000700000000, 0x0000000800000000)
  region size 2048K, 2 young (4096K), 2 survivors (4096K)
 Metaspace       used 4428K, committed 4608K, reserved 1056768K
  class space    used 561K, committed 640K, reserved 1048576K
}
Event: 0.526 GC heap before
{Heap before GC invocations=1 (full 0):
 garbage-first heap   total 266240K, used 55275K [0x0000000700000000, 0x0000000800000000)
  region size 2048K, 26 young (53248K), 2 survivors (4096K)
 Metaspace       used 6979K, committed 7104K, reserved 1064960K
  class space    used 897K, committed 960K, reserved 1048576K
}
Event: 0.543 GC heap after
{Heap after GC invocations=2 (full 0):
 garbage-first heap   total 266240K, used 34732K [0x0000000700000000, 0x0000000800000000)
  region size 2048K, 4 young (8192K), 4 survivors (8192K)
 Metaspace       used 6979K, committed 7104K, reserved 1064960K
  class space    used 897K, committed 960K, reserved 1048576K
}
Event: 0.861 GC heap before
{Heap before GC invocations=2 (full 0):
 garbage-first heap   total 266240K, used 59308K [0x0000000700000000, 0x0000000800000000)
  region size 2048K, 16 young (32768K), 4 survivors (8192K)
 Metaspace       used 7902K, committed 8128K, reserved 1064960K
  class space    used 1008K, committed 1152K, reserved 1048576K
}
Event: 0.874 GC heap after
{Heap after GC invocations=3 (full 0):
 garbage-first heap   total 266240K, used 51053K [0x0000000700000000, 0x0000000800000000)
  region size 2048K, 2 young (4096K), 2 survivors (4096K)
 Metaspace       used 7902K, committed 8128K, reserved 1064960K
  class space    used 1008K, committed 1152K, reserved 1048576K
}
Event: 2.274 GC heap before
{Heap before GC invocations=3 (full 0):
 garbage-first heap   total 266240K, used 71533K [0x0000000700000000, 0x0000000800000000)
  region size 2048K, 12 young (24576K), 2 survivors (4096K)
 Metaspace       used 8010K, committed 8192K, reserved 1064960K
  class space    used 1019K, committed 1152K, reserved 1048576K
}
Event: 2.280 GC heap after
{Heap after GC invocations=4 (full 0):
 garbage-first heap   total 266240K, used 57312K [0x0000000700000000, 0x0000000800000000)
  region size 2048K, 2 young (4096K), 2 survivors (4096K)
 Metaspace       used 8010K, committed 8192K, reserved 1064960K
  class space    used 1019K, committed 1152K, reserved 1048576K
}
Event: 2.463 GC heap before
{Heap before GC invocations=4 (full 0):
 garbage-first heap   total 266240K, used 83936K [0x0000000700000000, 0x0000000800000000)
  region size 2048K, 15 young (30720K), 2 survivors (4096K)
 Metaspace       used 8012K, committed 8256K, reserved 1064960K
  class space    used 1019K, committed 1152K, reserved 1048576K
}
Event: 2.466 GC heap after
{Heap after GC invocations=5 (full 0):
 garbage-first heap   total 266240K, used 60509K [0x0000000700000000, 0x0000000800000000)
  region size 2048K, 2 young (4096K), 2 survivors (4096K)
 Metaspace       used 8012K, committed 8256K, reserved 1064960K
  class space    used 1019K, committed 1152K, reserved 1048576K
}
Event: 2.740 GC heap before
{Heap before GC invocations=5 (full 0):
 garbage-first heap   total 266240K, used 107613K [0x0000000700000000, 0x0000000800000000)
  region size 2048K, 25 young (51200K), 2 survivors (4096K)
 Metaspace       used 8023K, committed 8256K, reserved 1064960K
  class space    used 1019K, committed 1152K, reserved 1048576K
}
Event: 2.742 GC heap after
{Heap after GC invocations=6 (full 0):
 garbage-first heap   total 266240K, used 60767K [0x0000000700000000, 0x0000000800000000)
  region size 2048K, 3 young (6144K), 3 survivors (6144K)
 Metaspace       used 8023K, committed 8256K, reserved 1064960K
  class space    used 1019K, committed 1152K, reserved 1048576K
}
Event: 3.564 GC heap before
{Heap before GC invocations=6 (full 0):
 garbage-first heap   total 266240K, used 128351K [0x0000000700000000, 0x0000000800000000)
  region size 2048K, 36 young (73728K), 3 survivors (6144K)
 Metaspace       used 8161K, committed 8384K, reserved 1064960K
  class space    used 1055K, committed 1152K, reserved 1048576K
}
Event: 3.566 GC heap after
{Heap after GC invocations=7 (full 0):
 garbage-first heap   total 266240K, used 60637K [0x0000000700000000, 0x0000000800000000)
  region size 2048K, 3 young (6144K), 3 survivors (6144K)
 Metaspace       used 8161K, committed 8384K, reserved 1064960K
  class space    used 1055K, committed 1152K, reserved 1048576K
}
Event: 5.546 GC heap before
{Heap before GC invocations=7 (full 0):
 garbage-first heap   total 266240K, used 163037K [0x0000000700000000, 0x0000000800000000)
  region size 2048K, 53 young (108544K), 3 survivors (6144K)
 Metaspace       used 8195K, committed 8384K, reserved 1064960K
  class space    used 1055K, committed 1152K, reserved 1048576K
}
Event: 5.548 GC heap after
{Heap after GC invocations=8 (full 0):
 garbage-first heap   total 266240K, used 60509K [0x0000000700000000, 0x0000000800000000)
  region size 2048K, 2 young (4096K), 2 survivors (4096K)
 Metaspace       used 8195K, committed 8384K, reserved 1064960K
  class space    used 1055K, committed 1152K, reserved 1048576K
}

Deoptimization events (20 events):
Event: 7.008 Thread 0x000000013d06da00 Uncommon trap: trap_request=0xffffffc6 fr.pc=0x0000000114357ce4 relative=0x0000000000000224
Event: 7.008 Thread 0x000000013d06da00 Uncommon trap: reason=bimorphic_or_optimized_type_check action=maybe_recompile pc=0x0000000114357ce4 method=java.util.AbstractList$Itr.next()Ljava/lang/Object; @ 14 c2
Event: 7.008 Thread 0x000000013d06da00 DEOPT PACKING pc=0x0000000114357ce4 sp=0x000000016cf3f260
Event: 7.008 Thread 0x000000013d06da00 DEOPT UNPACKING pc=0x000000010c862d1c sp=0x000000016cf3f200 mode 2
Event: 7.008 Thread 0x000000013d06da00 Uncommon trap: trap_request=0xffffffc6 fr.pc=0x00000001143585c0 relative=0x0000000000000140
Event: 7.008 Thread 0x000000013d06da00 Uncommon trap: reason=bimorphic_or_optimized_type_check action=maybe_recompile pc=0x00000001143585c0 method=java.util.AbstractList$Itr.hasNext()Z @ 8 c2
Event: 7.008 Thread 0x000000013d06da00 DEOPT PACKING pc=0x00000001143585c0 sp=0x000000016cf3f270
Event: 7.008 Thread 0x000000013d06da00 DEOPT UNPACKING pc=0x000000010c862d1c sp=0x000000016cf3f210 mode 2
Event: 7.658 Thread 0x000000013d06da00 Uncommon trap: trap_request=0xffffff45 fr.pc=0x000000011441ceb0 relative=0x00000000000003b0
Event: 7.658 Thread 0x000000013d06da00 Uncommon trap: reason=unstable_if action=reinterpret pc=0x000000011441ceb0 method=java.util.HashMap.getNode(Ljava/lang/Object;)Ljava/util/HashMap$Node; @ 78 c2
Event: 7.658 Thread 0x000000013d06da00 DEOPT PACKING pc=0x000000011441ceb0 sp=0x000000016cf3f4f0
Event: 7.658 Thread 0x000000013d06da00 DEOPT UNPACKING pc=0x000000010c862d1c sp=0x000000016cf3f3d0 mode 2
Event: 7.658 Thread 0x000000013d06da00 Uncommon trap: trap_request=0xffffff45 fr.pc=0x00000001143e522c relative=0x00000000000003ac
Event: 7.658 Thread 0x000000013d06da00 Uncommon trap: reason=unstable_if action=reinterpret pc=0x00000001143e522c method=java.util.HashMap.getNode(Ljava/lang/Object;)Ljava/util/HashMap$Node; @ 78 c2
Event: 7.658 Thread 0x000000013d06da00 DEOPT PACKING pc=0x00000001143e522c sp=0x000000016cf3f440
Event: 7.658 Thread 0x000000013d06da00 DEOPT UNPACKING pc=0x000000010c862d1c sp=0x000000016cf3f3b0 mode 2
Event: 8.054 Thread 0x000000013d06da00 Uncommon trap: trap_request=0xffffff45 fr.pc=0x00000001143db2e8 relative=0x00000000000009a8
Event: 8.054 Thread 0x000000013d06da00 Uncommon trap: reason=unstable_if action=reinterpret pc=0x00000001143db2e8 method=javafx.scene.Node.intersectsBounds(Lcom/sun/javafx/geom/PickRay;)D @ 431 c2
Event: 8.054 Thread 0x000000013d06da00 DEOPT PACKING pc=0x00000001143db2e8 sp=0x000000016cf3f520
Event: 8.054 Thread 0x000000013d06da00 DEOPT UNPACKING pc=0x000000010c862d1c sp=0x000000016cf3f3d0 mode 2

Classes unloaded (0 events):
No events

Classes redefined (0 events):
No events

Internal exceptions (20 events):
Event: 0.094 Thread 0x0000000126808800 Exception <a 'java/lang/NoSuchMethodError'{0x000000070f40c650}: 'void java.lang.invoke.DirectMethodHandle$Holder.invokeSpecial(java.lang.Object, java.lang.Object, java.lang.Object)'> (0x000000070f40c650) 
thrown [open/src/hotspot/share/interpreter/linkResolver.cpp, line 766]
Event: 0.099 Thread 0x0000000126808800 Exception <a 'java/lang/NoSuchMethodError'{0x000000070f449630}: 'void java.lang.invoke.DirectMethodHandle$Holder.invokeStatic(java.lang.Object, java.lang.Object, java.lang.Object)'> (0x000000070f449630) 
thrown [open/src/hotspot/share/interpreter/linkResolver.cpp, line 766]
Event: 0.146 Thread 0x0000000126808800 Exception <a 'java/lang/NoSuchMethodError'{0x000000070f465e88}: 'int java.lang.invoke.DirectMethodHandle$Holder.invokeStaticInit(java.lang.Object, java.lang.Object, java.lang.Object)'> (0x000000070f465e88) 
thrown [open/src/hotspot/share/interpreter/linkResolver.cpp, line 766]
Event: 0.240 Thread 0x000000013d06da00 Exception <a 'java/lang/NoSuchMethodError'{0x000000070f18e8b8}: 'void java.lang.invoke.DirectMethodHandle$Holder.invokeStaticInit(java.lang.Object)'> (0x000000070f18e8b8) 
thrown [open/src/hotspot/share/interpreter/linkResolver.cpp, line 766]
Event: 0.241 Thread 0x0000000126808800 Exception <a 'java/lang/NoSuchMethodError'{0x000000070f26d6a0}: 'java.lang.Object java.lang.invoke.DirectMethodHandle$Holder.newInvokeSpecial(java.lang.Object, java.lang.Object, java.lang.Object, java.lang.Object, java.lang.Object, java.lang.Object)'> (0x000000070f26d6a0) 
thrown [open/src/hotspot/share/interpreter/linkResolver.cpp, line 766]
Event: 0.246 Thread 0x0000000126808800 Exception <a 'java/lang/NoSuchMethodError'{0x000000070f1f1448}: 'java.lang.Object java.lang.invoke.DirectMethodHandle$Holder.newInvokeSpecial(java.lang.Object, java.lang.Object, java.lang.Object, java.lang.Object, java.lang.Object)'> (0x000000070f1f1448) 
thrown [open/src/hotspot/share/interpreter/linkResolver.cpp, line 766]
Event: 0.246 Thread 0x00000001250fb400 Exception <a 'java/lang/NoSuchMethodError'{0x000000070ee78838}: 'void java.lang.invoke.DirectMethodHandle$Holder.invokeStatic(java.lang.Object, java.lang.Object, java.lang.Object, java.lang.Object)'> (0x000000070ee78838) 
thrown [open/src/hotspot/share/interpreter/linkResolver.cpp, line 766]
Event: 0.265 Thread 0x000000013d06da00 Exception <a 'java/lang/NoSuchMethodError'{0x000000070ed66620}: 'java.lang.Object java.lang.invoke.DirectMethodHandle$Holder.invokeStaticInit(java.lang.Object, java.lang.Object, java.lang.Object, java.lang.Object)'> (0x000000070ed66620) 
thrown [open/src/hotspot/share/interpreter/linkResolver.cpp, line 766]
Event: 0.286 Thread 0x000000013d06da00 Exception <a 'java/lang/NullPointerException'{0x000000070fcaa960}> (0x000000070fcaa960) 
thrown [open/src/hotspot/share/interpreter/linkResolver.cpp, line 1357]
Event: 0.292 Thread 0x000000013d06da00 Exception <a 'java/lang/NoSuchMethodError'{0x000000070fd98728}: 'void java.lang.invoke.DirectMethodHandle$Holder.invokeSpecial(java.lang.Object, java.lang.Object, java.lang.Object, java.lang.Object, java.lang.Object)'> (0x000000070fd98728) 
thrown [open/src/hotspot/share/interpreter/linkResolver.cpp, line 766]
Event: 0.466 Thread 0x000000013d06da00 Exception <a 'java/lang/NoSuchMethodError'{0x000000070d0cd250}: 'java.lang.Object java.lang.invoke.DirectMethodHandle$Holder.newInvokeSpecial(java.lang.Object, java.lang.Object, int)'> (0x000000070d0cd250) 
thrown [open/src/hotspot/share/interpreter/linkResolver.cpp, line 766]
Event: 0.498 Thread 0x000000013d06da00 Exception <a 'java/lang/NoSuchMethodError'{0x000000070d0f1090}: 'long java.lang.invoke.DirectMethodHandle$Holder.invokeStatic(java.lang.Object, java.lang.Object, java.lang.Object)'> (0x000000070d0f1090) 
thrown [open/src/hotspot/share/interpreter/linkResolver.cpp, line 766]
Event: 0.499 Thread 0x000000013d06da00 Exception <a 'java/lang/NoSuchMethodError'{0x000000070d0f4838}: 'long java.lang.invoke.DirectMethodHandle$Holder.invokeStaticInit(java.lang.Object, java.lang.Object, java.lang.Object)'> (0x000000070d0f4838) 
thrown [open/src/hotspot/share/interpreter/linkResolver.cpp, line 766]
Event: 0.500 Thread 0x000000013d06da00 Exception <a 'java/lang/NoSuchMethodError'{0x000000070d10c7b8}: 'java.lang.Object java.lang.invoke.DirectMethodHandle$Holder.newInvokeSpecial(java.lang.Object, java.lang.Object, long)'> (0x000000070d10c7b8) 
thrown [open/src/hotspot/share/interpreter/linkResolver.cpp, line 766]
Event: 0.500 Thread 0x000000013d06da00 Exception <a 'java/lang/NoSuchMethodError'{0x000000070d110080}: 'java.lang.Object java.lang.invoke.Invokers$Holder.linkToTargetMethod(java.lang.Object, long, java.lang.Object)'> (0x000000070d110080) 
thrown [open/src/hotspot/share/interpreter/linkResolver.cpp, line 766]
Event: 0.574 Thread 0x000000012601a000 Exception <a 'java/lang/NoSuchMethodError'{0x000000070f211548}: 'int java.lang.invoke.DirectMethodHandle$Holder.invokeStaticInit(java.lang.Object, java.lang.Object)'> (0x000000070f211548) 
thrown [open/src/hotspot/share/interpreter/linkResolver.cpp, line 766]
Event: 2.220 Thread 0x000000013d06da00 Exception <a 'java/lang/NoSuchMethodError'{0x000000070f100700}: 'java.lang.Object java.lang.invoke.DirectMethodHandle$Holder.newInvokeSpecial(java.lang.Object, java.lang.Object, int, java.lang.Object, double, double, double, double, double, double, int, int, int, int, int, int, int, int)'> (0x000000070f100700) 
thrown [open/src/hotspot/share/interpreter/linkResolver.cpp, line 766]
Event: 7.218 Thread 0x000000013d06da00 Exception <a 'java/lang/NoSuchMethodError'{0x000000070c2e3c68}: 'java.lang.Object java.lang.invoke.DirectMethodHandle$Holder.newInvokeSpecial(java.lang.Object, java.lang.Object, int, int, int, int, int, java.lang.Object)'> (0x000000070c2e3c68) 
thrown [open/src/hotspot/share/interpreter/linkResolver.cpp, line 766]
Event: 7.219 Thread 0x000000013d06da00 Exception <a 'java/lang/NoSuchMethodError'{0x000000070c2f6c48}: 'java.lang.Object java.lang.invoke.DirectMethodHandle$Holder.newInvokeSpecial(java.lang.Object, java.lang.Object, java.lang.Object, int, int, int, int, int)'> (0x000000070c2f6c48) 
thrown [open/src/hotspot/share/interpreter/linkResolver.cpp, line 766]
Event: 7.220 Thread 0x000000013d06da00 Exception <a 'java/lang/NoSuchMethodError'{0x000000070c2fe4a8}: 'java.lang.Object java.lang.invoke.Invokers$Holder.linkToTargetMethod(java.lang.Object, java.lang.Object, int, int, int, int, int, java.lang.Object)'> (0x000000070c2fe4a8) 
thrown [open/src/hotspot/share/interpreter/linkResolver.cpp, line 766]

VM Operations (20 events):
Event: 2.403 Executing VM operation: HandshakeAllThreads
Event: 2.403 Executing VM operation: HandshakeAllThreads done
Event: 2.463 Executing VM operation: G1CollectForAllocation
Event: 2.466 Executing VM operation: G1CollectForAllocation done
Event: 2.740 Executing VM operation: G1CollectForAllocation
Event: 2.742 Executing VM operation: G1CollectForAllocation done
Event: 3.564 Executing VM operation: G1CollectForAllocation
Event: 3.566 Executing VM operation: G1CollectForAllocation done
Event: 4.571 Executing VM operation: Cleanup
Event: 4.571 Executing VM operation: Cleanup done
Event: 5.546 Executing VM operation: G1CollectForAllocation
Event: 5.548 Executing VM operation: G1CollectForAllocation done
Event: 6.549 Executing VM operation: Cleanup
Event: 6.549 Executing VM operation: Cleanup done
Event: 7.008 Executing VM operation: HandshakeAllThreads
Event: 7.008 Executing VM operation: HandshakeAllThreads done
Event: 7.008 Executing VM operation: HandshakeAllThreads
Event: 7.008 Executing VM operation: HandshakeAllThreads done
Event: 8.013 Executing VM operation: Cleanup
Event: 8.013 Executing VM operation: Cleanup done

Events (20 events):
Event: 0.577 loading class java/util/AbstractList$SubList done
Event: 0.577 loading class java/util/AbstractList$RandomAccessSubList done
Event: 0.577 loading class java/util/LinkedList$ListItr
Event: 0.577 loading class java/util/LinkedList$ListItr done
Event: 0.582 loading class java/nio/DirectByteBuffer$Deallocator
Event: 0.582 loading class java/nio/DirectByteBuffer$Deallocator done
Event: 0.582 loading class java/nio/DirectShortBufferU
Event: 0.582 loading class java/nio/ShortBuffer
Event: 0.582 loading class java/nio/ShortBuffer done
Event: 0.582 loading class java/nio/DirectShortBufferU done
Event: 0.583 loading class java/nio/DoubleBuffer
Event: 0.583 loading class java/nio/DoubleBuffer done
Event: 3.182 loading class java/lang/System$Logger$Level
Event: 3.182 loading class java/lang/System$Logger$Level done
Event: 7.007 loading class java/util/AbstractList$SubList$1
Event: 7.007 loading class java/util/AbstractList$SubList$1 done
Event: 7.007 loading class java/util/AbstractList$ListItr
Event: 7.007 loading class java/util/AbstractList$ListItr done
Event: 7.217 loading class java/lang/invoke/MethodHandle$1
Event: 7.217 loading class java/lang/invoke/MethodHandle$1 done


Dynamic libraries:
0x0000000102ff0000 	/Users/xuyi/opt/jdk-17.jdk/Contents/Home/lib/libjli.dylib
0x000000019753c000 	/usr/lib/libz.1.dylib
0x00000001975f3000 	/usr/lib/libSystem.B.dylib
0x00000001975ed000 	/usr/lib/system/libcache.dylib
0x00000001975ab000 	/usr/lib/system/libcommonCrypto.dylib
0x00000001975d4000 	/usr/lib/system/libcompiler_rt.dylib
0x00000001975cb000 	/usr/lib/system/libcopyfile.dylib
0x000000018c833000 	/usr/lib/system/libcorecrypto.dylib
0x000000018c8e6000 	/usr/lib/system/libdispatch.dylib
0x000000018cab4000 	/usr/lib/system/libdyld.dylib
0x00000001975e3000 	/usr/lib/system/libkeymgr.dylib
0x0000000197586000 	/usr/lib/system/libmacho.dylib
0x0000000196c7b000 	/usr/lib/system/libquarantine.dylib
0x00000001975e0000 	/usr/lib/system/libremovefile.dylib
0x0000000191c1c000 	/usr/lib/system/libsystem_asl.dylib
0x000000018c7d5000 	/usr/lib/system/libsystem_blocks.dylib
0x000000018c96e000 	/usr/lib/system/libsystem_c.dylib
0x00000001975d8000 	/usr/lib/system/libsystem_collections.dylib
0x0000000196109000 	/usr/lib/system/libsystem_configuration.dylib
0x0000000195365000 	/usr/lib/system/libsystem_containermanager.dylib
0x00000001972e8000 	/usr/lib/system/libsystem_coreservices.dylib
0x000000018f1dc000 	/usr/lib/system/libsystem_darwin.dylib
0x00000001975e4000 	/usr/lib/system/libsystem_dnssd.dylib
0x000000018c96b000 	/usr/lib/system/libsystem_featureflags.dylib
0x000000018cac9000 	/usr/lib/system/libsystem_info.dylib
0x000000019754e000 	/usr/lib/system/libsystem_m.dylib
0x000000018c8bb000 	/usr/lib/system/libsystem_malloc.dylib
0x0000000191bab000 	/usr/lib/system/libsystem_networkextension.dylib
0x000000018f635000 	/usr/lib/system/libsystem_notify.dylib
0x000000019d931000 	/usr/lib/system/libsystem_product_info_filter.dylib
0x000000019610e000 	/usr/lib/system/libsystem_sandbox.dylib
0x00000001975dd000 	/usr/lib/system/libsystem_secinit.dylib
0x000000018ca6f000 	/usr/lib/system/libsystem_kernel.dylib
0x000000018cac1000 	/usr/lib/system/libsystem_platform.dylib
0x000000018caa7000 	/usr/lib/system/libsystem_pthread.dylib
0x0000000193374000 	/usr/lib/system/libsystem_symptoms.dylib
0x000000018c819000 	/usr/lib/system/libsystem_trace.dylib
0x00000001975b8000 	/usr/lib/system/libunwind.dylib
0x000000018c7d7000 	/usr/lib/system/libxpc.dylib
0x000000018ca57000 	/usr/lib/libc++abi.dylib
0x000000018c92d000 	/usr/lib/libobjc.A.dylib
0x00000001975c3000 	/usr/lib/liboah.dylib
0x000000018c9f0000 	/usr/lib/libc++.1.dylib
0x00000001a344a000 	/System/Library/Frameworks/Cocoa.framework/Versions/A/Cocoa
0x000000018f696000 	/System/Library/Frameworks/AppKit.framework/Versions/C/AppKit
0x0000000192b9c000 	/System/Library/Frameworks/CoreData.framework/Versions/A/CoreData
0x000000018d9f1000 	/System/Library/Frameworks/Foundation.framework/Versions/C/Foundation
0x000000019054e000 	/System/Library/PrivateFrameworks/UIFoundation.framework/Versions/A/UIFoundation
0x000000019d62b000 	/System/Library/PrivateFrameworks/RemoteViewServices.framework/Versions/A/RemoteViewServices
0x0000000195ab1000 	/System/Library/PrivateFrameworks/XCTTargetBootstrap.framework/Versions/A/XCTTargetBootstrap
0x000000019932f000 	/System/Library/PrivateFrameworks/InternationalSupport.framework/Versions/A/InternationalSupport
0x00000001993b8000 	/System/Library/PrivateFrameworks/UserActivity.framework/Versions/A/UserActivity
0x000000019882a000 	/usr/lib/libspindump.dylib
0x00000001907bf000 	/System/Library/Frameworks/UniformTypeIdentifiers.framework/Versions/A/UniformTypeIdentifiers
0x0000000193ffc000 	/usr/lib/libapp_launch_measurement.dylib
0x0000000193526000 	/System/Library/PrivateFrameworks/CoreAnalytics.framework/Versions/A/CoreAnalytics
0x0000000193fff000 	/System/Library/PrivateFrameworks/CoreAutoLayout.framework/Versions/A/CoreAutoLayout
0x00000001953a2000 	/System/Library/Frameworks/Metal.framework/Versions/A/Metal
0x0000000196119000 	/usr/lib/liblangid.dylib
0x0000000195ab6000 	/System/Library/PrivateFrameworks/CoreSVG.framework/Versions/A/CoreSVG
0x0000000191c50000 	/System/Library/PrivateFrameworks/SkyLight.framework/Versions/A/SkyLight
0x0000000192025000 	/System/Library/Frameworks/CoreGraphics.framework/Versions/A/CoreGraphics
0x000000019dcf7000 	/System/Library/Frameworks/Accelerate.framework/Versions/A/Accelerate
0x00000001982a1000 	/System/Library/PrivateFrameworks/IconServices.framework/Versions/A/IconServices
0x0000000195384000 	/System/Library/Frameworks/IOSurface.framework/Versions/A/IOSurface
0x0000000193557000 	/usr/lib/libDiagnosticMessagesClient.dylib
0x00000001a11f8000 	/System/Library/Frameworks/ApplicationServices.framework/Versions/A/ApplicationServices
0x0000000195a99000 	/System/Library/PrivateFrameworks/DFRFoundation.framework/Versions/A/DFRFoundation
0x000000018ef26000 	/usr/lib/libicucore.A.dylib
0x000000019a1db000 	/System/Library/Frameworks/AudioToolbox.framework/Versions/A/AudioToolbox
0x000000019933b000 	/System/Library/PrivateFrameworks/DataDetectorsCore.framework/Versions/A/DataDetectorsCore
0x00000001afc7b000 	/System/Library/PrivateFrameworks/TextInput.framework/Versions/A/TextInput
0x0000000191bc5000 	/usr/lib/libMobileGestalt.dylib
0x0000000195765000 	/System/Library/Frameworks/Carbon.framework/Versions/A/Frameworks/HIToolbox.framework/Versions/A/HIToolbox
0x00000001939d8000 	/System/Library/Frameworks/QuartzCore.framework/Versions/A/QuartzCore
0x000000018eba9000 	/System/Library/Frameworks/Security.framework/Versions/A/Security
0x000000019d66b000 	/System/Library/Frameworks/Carbon.framework/Versions/A/Frameworks/SpeechRecognition.framework/Versions/A/SpeechRecognition
0x0000000193d52000 	/System/Library/PrivateFrameworks/CoreUI.framework/Versions/A/CoreUI
0x000000018e486000 	/System/Library/Frameworks/CoreAudio.framework/Versions/A/CoreAudio
0x000000019364c000 	/System/Library/Frameworks/DiskArbitration.framework/Versions/A/DiskArbitration
0x0000000198c34000 	/System/Library/PrivateFrameworks/MultitouchSupport.framework/Versions/A/MultitouchSupport
0x0000000191bc3000 	/usr/lib/libenergytrace.dylib
0x000000018f55e000 	/System/Library/Frameworks/IOKit.framework/Versions/A/IOKit
0x000000019da5a000 	/System/Library/Frameworks/CoreServices.framework/Versions/A/CoreServices
0x0000000193f8c000 	/System/Library/PrivateFrameworks/PerformanceAnalysis.framework/Versions/A/PerformanceAnalysis
0x00000001edf63000 	/System/Library/Frameworks/OpenGL.framework/Versions/A/OpenGL
0x0000000196b93000 	/System/Library/PrivateFrameworks/MobileKeyBag.framework/Versions/A/MobileKeyBag
0x0000000192632000 	/System/Library/Frameworks/ColorSync.framework/Versions/A/ColorSync
0x000000018caf6000 	/System/Library/Frameworks/CoreFoundation.framework/Versions/A/CoreFoundation
0x0000000195d35000 	/System/Library/Frameworks/CoreImage.framework/Versions/A/CoreImage
0x000000018e2aa000 	/System/Library/Frameworks/CoreText.framework/Versions/A/CoreText
0x0000000195ae6000 	/System/Library/Frameworks/ImageIO.framework/Versions/A/ImageIO
0x00000001975f9000 	/System/Library/PrivateFrameworks/SoftLinking.framework/Versions/A/SoftLinking
0x000000019404a000 	/usr/lib/libxml2.2.dylib
0x0000000197892000 	/usr/lib/libcompression.dylib
0x000000019928b000 	/System/Library/PrivateFrameworks/TextureIO.framework/Versions/A/TextureIO
0x0000000197fba000 	/usr/lib/libate.dylib
0x0000000197e7f000 	/usr/lib/liblzma.5.dylib
0x000000018d6e5000 	/System/Library/Frameworks/SystemConfiguration.framework/Versions/A/SystemConfiguration
0x00000001975f5000 	/usr/lib/libfakelink.dylib
0x00000001916f7000 	/System/Library/Frameworks/CFNetwork.framework/Versions/A/CFNetwork
0x000000019773b000 	/usr/lib/libarchive.2.dylib
0x0000000196115000 	/System/Library/PrivateFrameworks/AppleSystemInfo.framework/Versions/A/AppleSystemInfo
0x0000000196ca6000 	/usr/lib/libbsm.0.dylib
0x0000000190c68000 	/usr/lib/libnetwork.dylib
0x000000019758f000 	/usr/lib/system/libkxld.dylib
0x00000001968b9000 	/System/Library/PrivateFrameworks/IOMobileFramebuffer.framework/Versions/A/IOMobileFramebuffer
0x000000020b88f000 	/usr/lib/libCoreEntitlements.dylib
0x00000001972ca000 	/System/Library/PrivateFrameworks/AppleFSCompression.framework/Versions/A/AppleFSCompression
0x0000000196c8e000 	/usr/lib/libcoretls.dylib
0x0000000197e98000 	/usr/lib/libcoretls_cfhelpers.dylib
0x000000019788d000 	/usr/lib/libpam.2.dylib
0x0000000192f8b000 	/usr/lib/libsqlite3.dylib
0x0000000197f01000 	/usr/lib/libxar.1.dylib
0x00000001972db000 	/usr/lib/libbz2.1.0.dylib
0x00000001975fa000 	/usr/lib/libpcap.A.dylib
0x000000019336b000 	/usr/lib/libdns_services.dylib
0x0000000197860000 	/usr/lib/libapple_nghttp2.dylib
0x0000000197637000 	/usr/lib/libiconv.2.dylib
0x0000000197585000 	/usr/lib/libcharset.1.dylib
0x0000000193fc8000 	/System/Library/Frameworks/CoreServices.framework/Versions/A/Frameworks/FSEvents.framework/Versions/A/FSEvents
0x000000018f1e7000 	/System/Library/Frameworks/CoreServices.framework/Versions/A/Frameworks/CarbonCore.framework/Versions/A/CarbonCore
0x00000001935ac000 	/System/Library/Frameworks/CoreServices.framework/Versions/A/Frameworks/Metadata.framework/Versions/A/Metadata
0x00000001972ee000 	/System/Library/Frameworks/CoreServices.framework/Versions/A/Frameworks/OSServices.framework/Versions/A/OSServices
0x00000001977c1000 	/System/Library/Frameworks/CoreServices.framework/Versions/A/Frameworks/SearchKit.framework/Versions/A/SearchKit
0x00000001932fa000 	/System/Library/Frameworks/CoreServices.framework/Versions/A/Frameworks/AE.framework/Versions/A/AE
0x000000018d03c000 	/System/Library/Frameworks/CoreServices.framework/Versions/A/Frameworks/LaunchServices.framework/Versions/A/LaunchServices
0x0000000197e28000 	/System/Library/Frameworks/CoreServices.framework/Versions/A/Frameworks/DictionaryServices.framework/Versions/A/DictionaryServices
0x0000000193fd5000 	/System/Library/Frameworks/CoreServices.framework/Versions/A/Frameworks/SharedFileList.framework/Versions/A/SharedFileList
0x0000000196c7e000 	/usr/lib/libCheckFix.dylib
0x0000000191c34000 	/System/Library/PrivateFrameworks/TCC.framework/Versions/A/TCC
0x000000019611b000 	/System/Library/PrivateFrameworks/CoreNLP.framework/Versions/A/CoreNLP
0x000000019355a000 	/System/Library/PrivateFrameworks/MetadataUtilities.framework/Versions/A/MetadataUtilities
0x000000018d79e000 	/usr/lib/libmecabra.dylib
0x0000000196cb7000 	/usr/lib/libmecab.dylib
0x000000018d76a000 	/usr/lib/libCRFSuite.dylib
0x0000000196d14000 	/usr/lib/libgermantok.dylib
0x0000000197839000 	/usr/lib/libThaiTokenizer.dylib
0x0000000193654000 	/System/Library/Frameworks/Accelerate.framework/Versions/A/Frameworks/vImage.framework/Versions/A/vImage
0x000000019da31000 	/System/Library/Frameworks/Accelerate.framework/Versions/A/Frameworks/vecLib.framework/Versions/A/vecLib
0x0000000197f46000 	/System/Library/Frameworks/Accelerate.framework/Versions/A/Frameworks/vecLib.framework/Versions/A/libvMisc.dylib
0x00000001967c0000 	/System/Library/Frameworks/Accelerate.framework/Versions/A/Frameworks/vecLib.framework/Versions/A/libvDSP.dylib
0x000000018d3c5000 	/System/Library/Frameworks/Accelerate.framework/Versions/A/Frameworks/vecLib.framework/Versions/A/libBLAS.dylib
0x0000000197963000 	/System/Library/Frameworks/Accelerate.framework/Versions/A/Frameworks/vecLib.framework/Versions/A/libLAPACK.dylib
0x0000000196d17000 	/System/Library/Frameworks/Accelerate.framework/Versions/A/Frameworks/vecLib.framework/Versions/A/libLinearAlgebra.dylib
0x0000000197878000 	/System/Library/Frameworks/Accelerate.framework/Versions/A/Frameworks/vecLib.framework/Versions/A/libSparseBLAS.dylib
0x000000019795e000 	/System/Library/Frameworks/Accelerate.framework/Versions/A/Frameworks/vecLib.framework/Versions/A/libQuadrature.dylib
0x0000000196214000 	/System/Library/Frameworks/Accelerate.framework/Versions/A/Frameworks/vecLib.framework/Versions/A/libBNNS.dylib
0x000000018d683000 	/System/Library/Frameworks/Accelerate.framework/Versions/A/Frameworks/vecLib.framework/Versions/A/libSparse.dylib
0x000000019620c000 	/System/Library/PrivateFrameworks/LinguisticData.framework/Versions/A/LinguisticData
0x000000018d63b000 	/System/Library/PrivateFrameworks/Lexicon.framework/Versions/A/Lexicon
0x0000000197f3e000 	/usr/lib/libChineseTokenizer.dylib
0x000000018dde2000 	/System/Library/PrivateFrameworks/LanguageModeling.framework/Versions/A/LanguageModeling
0x000000019783b000 	/System/Library/PrivateFrameworks/AppleSauce.framework/Versions/A/AppleSauce
0x00000001968a6000 	/System/Library/PrivateFrameworks/CoreEmoji.framework/Versions/A/CoreEmoji
0x0000000197729000 	/usr/lib/libcmph.dylib
0x0000000193fa8000 	/System/Library/Frameworks/OpenDirectory.framework/Versions/A/Frameworks/CFOpenDirectory.framework/Versions/A/CFOpenDirectory
0x0000000193f98000 	/System/Library/Frameworks/OpenDirectory.framework/Versions/A/OpenDirectory
0x0000000197e9a000 	/System/Library/PrivateFrameworks/APFS.framework/Versions/A/APFS
0x0000000196bce000 	/System/Library/Frameworks/SecurityFoundation.framework/Versions/A/SecurityFoundation
0x0000000197f10000 	/usr/lib/libutil.dylib
0x000000018f520000 	/System/Library/PrivateFrameworks/CoreServicesStore.framework/Versions/A/CoreServicesStore
0x0000000197f14000 	/usr/lib/libxslt.1.dylib
0x0000000196c62000 	/System/Library/PrivateFrameworks/BackgroundTaskManagement.framework/Versions/A/BackgroundTaskManagement
0x00000001991ac000 	/System/Library/Frameworks/ImageIO.framework/Versions/A/Resources/libRadiance.dylib
0x00000001991b5000 	/System/Library/Frameworks/ImageIO.framework/Versions/A/Resources/libJPEG.dylib
0x0000000199108000 	/System/Library/Frameworks/ImageIO.framework/Versions/A/Resources/libPng.dylib
0x000000019912a000 	/System/Library/Frameworks/ImageIO.framework/Versions/A/Resources/libTIFF.dylib
0x0000000199210000 	/System/Library/Frameworks/ImageIO.framework/Versions/A/Resources/libGIF.dylib
0x0000000198b44000 	/System/Library/Frameworks/ImageIO.framework/Versions/A/Resources/libJP2.dylib
0x0000000198266000 	/usr/lib/libexpat.1.dylib
0x0000000198aff000 	/System/Library/PrivateFrameworks/AppleJPEG.framework/Versions/A/AppleJPEG
0x0000000195621000 	/System/Library/PrivateFrameworks/FontServices.framework/libFontParser.dylib
0x000000019329f000 	/System/Library/PrivateFrameworks/RunningBoardServices.framework/Versions/A/RunningBoardServices
0x00000001a3b1d000 	/System/Library/PrivateFrameworks/IOSurfaceAccelerator.framework/Versions/A/IOSurfaceAccelerator
0x0000000198c30000 	/System/Library/PrivateFrameworks/WatchdogClient.framework/Versions/A/WatchdogClient
0x000000018dee6000 	/System/Library/Frameworks/CoreDisplay.framework/Versions/A/CoreDisplay
0x000000019550b000 	/System/Library/Frameworks/CoreMedia.framework/Versions/A/CoreMedia
0x0000000195398000 	/System/Library/PrivateFrameworks/IOAccelerator.framework/Versions/A/IOAccelerator
0x0000000194138000 	/System/Library/Frameworks/CoreVideo.framework/Versions/A/CoreVideo
0x000000019788b000 	/System/Library/Frameworks/MetalPerformanceShaders.framework/Versions/A/MetalPerformanceShaders
0x0000000198c6f000 	/System/Library/Frameworks/VideoToolbox.framework/Versions/A/VideoToolbox
0x00000001931e3000 	/System/Library/PrivateFrameworks/BaseBoard.framework/Versions/A/BaseBoard
0x0000000192f71000 	/System/Library/PrivateFrameworks/ProtocolBuffer.framework/Versions/A/ProtocolBuffer
0x00000001991a7000 	/System/Library/PrivateFrameworks/GPUWrangler.framework/Versions/A/GPUWrangler
0x0000000199187000 	/System/Library/PrivateFrameworks/IOPresentment.framework/Versions/A/IOPresentment
0x00000001991af000 	/System/Library/PrivateFrameworks/DSExternalDisplay.framework/Versions/A/DSExternalDisplay
0x00000001edf56000 	/System/Library/Frameworks/OpenGL.framework/Versions/A/Libraries/libCoreFSCache.dylib
0x00000001f8415000 	/System/Library/PrivateFrameworks/GPUCompiler.framework/Versions/31001/Libraries/libGPUCompilerUtils.dylib
0x0000000199215000 	/System/Library/PrivateFrameworks/CMCaptureCore.framework/Versions/A/CMCaptureCore
0x0000000198817000 	/System/Library/PrivateFrameworks/AppServerSupport.framework/Versions/A/AppServerSupport
0x000000019aa98000 	/System/Library/PrivateFrameworks/perfdata.framework/Versions/A/perfdata
0x000000018e006000 	/System/Library/PrivateFrameworks/AudioToolboxCore.framework/Versions/A/AudioToolboxCore
0x00000001954e4000 	/System/Library/PrivateFrameworks/caulk.framework/Versions/A/caulk
0x000000019a38d000 	/usr/lib/libAudioStatistics.dylib
0x00000001ac2e2000 	/System/Library/PrivateFrameworks/SystemPolicy.framework/Versions/A/SystemPolicy
0x000000019a5f9000 	/usr/lib/libSMC.dylib
0x00000001a332c000 	/System/Library/Frameworks/CoreMIDI.framework/Versions/A/CoreMIDI
0x00000001990d6000 	/usr/lib/libAudioToolboxUtility.dylib
0x00000001a83af000 	/System/Library/PrivateFrameworks/OSAServicesClient.framework/Versions/A/OSAServicesClient
0x000000019aaa5000 	/usr/lib/libperfcheck.dylib
0x00000001acdfa000 	/usr/lib/libmis.dylib
0x00000001edfb8000 	/System/Library/Frameworks/OpenGL.framework/Versions/A/Libraries/libGLU.dylib
0x00000001edf77000 	/System/Library/Frameworks/OpenGL.framework/Versions/A/Libraries/libGFXShared.dylib
0x00000001ee164000 	/System/Library/Frameworks/OpenGL.framework/Versions/A/Libraries/libGL.dylib
0x00000001edf80000 	/System/Library/Frameworks/OpenGL.framework/Versions/A/Libraries/libGLImage.dylib
0x00000001edf74000 	/System/Library/Frameworks/OpenGL.framework/Versions/A/Libraries/libCVMSPluginSupport.dylib
0x00000001edf5d000 	/System/Library/Frameworks/OpenGL.framework/Versions/A/Libraries/libCoreVMClient.dylib
0x0000000196095000 	/System/Library/Frameworks/MetalPerformanceShaders.framework/Versions/A/Frameworks/MPSCore.framework/Versions/A/MPSCore
0x000000019723d000 	/System/Library/Frameworks/MetalPerformanceShaders.framework/Versions/A/Frameworks/MPSImage.framework/Versions/A/MPSImage
0x0000000196d2c000 	/System/Library/Frameworks/MetalPerformanceShaders.framework/Versions/A/Frameworks/MPSNeuralNetwork.framework/Versions/A/MPSNeuralNetwork
0x0000000197165000 	/System/Library/Frameworks/MetalPerformanceShaders.framework/Versions/A/Frameworks/MPSMatrix.framework/Versions/A/MPSMatrix
0x0000000196f3e000 	/System/Library/Frameworks/MetalPerformanceShaders.framework/Versions/A/Frameworks/MPSRayIntersector.framework/Versions/A/MPSRayIntersector
0x0000000197196000 	/System/Library/Frameworks/MetalPerformanceShaders.framework/Versions/A/Frameworks/MPSNDArray.framework/Versions/A/MPSNDArray
0x00000001f00cf000 	/System/Library/Frameworks/MetalPerformanceShaders.framework/Versions/A/Frameworks/MPSFunctions.framework/Versions/A/MPSFunctions
0x000000018d29c000 	/System/Library/PrivateFrameworks/MetalTools.framework/Versions/A/MetalTools
0x0000000196113000 	/System/Library/PrivateFrameworks/AggregateDictionary.framework/Versions/A/AggregateDictionary
0x000000019804b000 	/usr/lib/libIOReport.dylib
0x00000001a234a000 	/System/Library/PrivateFrameworks/ASEProcessing.framework/Versions/A/ASEProcessing
0x00000001983c0000 	/System/Library/PrivateFrameworks/FaceCore.framework/Versions/A/FaceCore
0x00000001983b2000 	/System/Library/PrivateFrameworks/GraphVisualizer.framework/Versions/A/GraphVisualizer
0x00000001f832c000 	/System/Library/PrivateFrameworks/FontServices.framework/Versions/A/FontServices
0x00000001987d3000 	/System/Library/PrivateFrameworks/OTSVG.framework/Versions/A/OTSVG
0x0000000193d02000 	/System/Library/Frameworks/ApplicationServices.framework/Versions/A/Frameworks/ATS.framework/Versions/A/Resources/libFontRegistry.dylib
0x0000000198820000 	/System/Library/PrivateFrameworks/FontServices.framework/libhvf.dylib
0x00000001f832d000 	/System/Library/PrivateFrameworks/FontServices.framework/libXTFontStaticRegistryData.dylib
0x00000001ee305000 	/System/Library/Frameworks/OpenCL.framework/Versions/A/OpenCL
0x000000019821a000 	/System/Library/PrivateFrameworks/AppleVA.framework/Versions/A/AppleVA
0x000000019a3b5000 	/System/Library/Frameworks/ApplicationServices.framework/Versions/A/Frameworks/ATS.framework/Versions/A/ATS
0x000000019272f000 	/System/Library/Frameworks/ApplicationServices.framework/Versions/A/Frameworks/HIServices.framework/Versions/A/HIServices
0x000000019921f000 	/System/Library/Frameworks/ApplicationServices.framework/Versions/A/Frameworks/PrintCore.framework/Versions/A/PrintCore
0x000000019a74c000 	/System/Library/Frameworks/ApplicationServices.framework/Versions/A/Frameworks/QD.framework/Versions/A/QD
0x000000019a744000 	/System/Library/Frameworks/ApplicationServices.framework/Versions/A/Frameworks/ColorSyncLegacy.framework/Versions/A/ColorSyncLegacy
0x000000019a3a1000 	/System/Library/Frameworks/ApplicationServices.framework/Versions/A/Frameworks/SpeechSynthesis.framework/Versions/A/SpeechSynthesis
0x00000001991e0000 	/System/Library/Frameworks/ApplicationServices.framework/Versions/A/Frameworks/ATSUI.framework/Versions/A/ATSUI
0x000000019a6d9000 	/usr/lib/libcups.2.dylib
0x000000019aab3000 	/System/Library/Frameworks/Kerberos.framework/Versions/A/Kerberos
0x000000019aac4000 	/System/Library/Frameworks/GSS.framework/Versions/A/GSS
0x000000019a425000 	/usr/lib/libresolv.9.dylib
0x000000019882f000 	/System/Library/PrivateFrameworks/Heimdal.framework/Versions/A/Heimdal
0x00000001a157f000 	/System/Library/Frameworks/Kerberos.framework/Versions/A/Libraries/libHeimdalProxy.dylib
0x000000019337d000 	/System/Library/Frameworks/Network.framework/Versions/A/Network
0x0000000198281000 	/usr/lib/libheimdal-asn1.dylib
0x000000019ab14000 	/System/Library/PrivateFrameworks/CommonAuth.framework/Versions/A/CommonAuth
0x000000019a31b000 	/System/Library/PrivateFrameworks/AudioSession.framework/Versions/A/AudioSession
0x0000000198313000 	/System/Library/PrivateFrameworks/MediaExperience.framework/Versions/A/MediaExperience
0x000000019a1a1000 	/System/Library/PrivateFrameworks/AudioSession.framework/libSessionUtility.dylib
0x000000019a758000 	/System/Library/PrivateFrameworks/AudioResourceArbitration.framework/Versions/A/AudioResourceArbitration
0x000000019e90e000 	/System/Library/PrivateFrameworks/PowerLog.framework/Versions/A/PowerLog
0x000000019828b000 	/System/Library/PrivateFrameworks/IconFoundation.framework/Versions/A/IconFoundation
0x000000019d657000 	/System/Library/PrivateFrameworks/SpeechRecognitionCore.framework/Versions/A/SpeechRecognitionCore
0x00000001d2269000 	/System/Library/CoreServices/Encodings/libSimplifiedChineseConverter.dylib
0x000000010419c000 	/Users/xuyi/opt/jdk-17.jdk/Contents/Home/lib/server/libjvm.dylib
0x0000000103054000 	/Users/xuyi/opt/jdk-17.jdk/Contents/Home/lib/libjimage.dylib
0x00000001030dc000 	/Users/xuyi/opt/jdk-17.jdk/Contents/Home/lib/libjava.dylib
0x0000000103198000 	/Users/xuyi/opt/jdk-17.jdk/Contents/Home/lib/libnio.dylib
0x0000000103c70000 	/Users/xuyi/opt/jdk-17.jdk/Contents/Home/lib/libnet.dylib
0x0000000103178000 	/Users/xuyi/opt/jdk-17.jdk/Contents/Home/lib/libzip.dylib
0x00000001031b8000 	/Users/xuyi/opt/javafx-sdk-17.0.0.1/lib/libprism_es2.dylib
0x000000018f4e3000 	/System/Library/PrivateFrameworks/CoreServicesInternal.framework/Versions/A/CoreServicesInternal
0x00000001ee16e000 	/System/Library/Frameworks/OpenGL.framework/Versions/A/Resources/GLEngine.bundle/GLEngine
0x00000001edff6000 	/System/Library/Frameworks/OpenGL.framework/Versions/A/Libraries/libGLProgrammability.dylib
0x0000000124824000 	/System/Library/Extensions/AppleMetalOpenGLRenderer.bundle/Contents/MacOS/AppleMetalOpenGLRenderer
0x00000001ee2dd000 	/System/Library/Frameworks/OpenGL.framework/Versions/A/Resources/GLRendererFloat.bundle/GLRendererFloat
0x00000001ee3dd000 	/System/Library/Extensions/AGXMetal13_3.bundle/Contents/MacOS/AGXMetal13_3
0x00000001ace16000 	/System/Library/PrivateFrameworks/GPURawCounter.framework/Versions/A/GPURawCounter
0x00000001a7520000 	/System/Library/PrivateFrameworks/IOGPU.framework/Versions/A/IOGPU
0x0000000124c00000 	/Users/xuyi/opt/javafx-sdk-17.0.0.1/lib/libglass.dylib
0x000000019eb66000 	/System/Library/Frameworks/FileProvider.framework/Versions/A/FileProvider
0x000000019314b000 	/System/Library/Frameworks/Accounts.framework/Versions/A/Accounts
0x000000019ecea000 	/System/Library/PrivateFrameworks/GenerationalStorage.framework/Versions/A/GenerationalStorage
0x000000019f8ad000 	/System/Library/PrivateFrameworks/CoreSymbolication.framework/Versions/A/CoreSymbolication
0x000000019e902000 	/System/Library/PrivateFrameworks/SymptomDiagnosticReporter.framework/Versions/A/SymptomDiagnosticReporter
0x00000001907d3000 	/System/Library/PrivateFrameworks/DesktopServicesPriv.framework/Versions/A/DesktopServicesPriv
0x000000018f645000 	/usr/lib/libsandbox.1.dylib
0x00000001941c6000 	/System/Library/PrivateFrameworks/UserManagement.framework/Versions/A/UserManagement
0x000000019f86a000 	/System/Library/PrivateFrameworks/DebugSymbols.framework/Versions/A/DebugSymbols
0x000000019a737000 	/System/Library/PrivateFrameworks/NetAuth.framework/Versions/A/NetAuth
0x000000019b655000 	/System/Library/PrivateFrameworks/Sharing.framework/Versions/A/Sharing
0x0000000194196000 	/System/Library/PrivateFrameworks/login.framework/Versions/A/Frameworks/loginsupport.framework/Versions/A/loginsupport
0x00000001a0a9f000 	/System/Library/PrivateFrameworks/Apple80211.framework/Versions/A/Apple80211
0x0000000197321000 	/System/Library/PrivateFrameworks/AuthKit.framework/Versions/A/AuthKit
0x00000001969a2000 	/System/Library/PrivateFrameworks/CoreUtils.framework/Versions/A/CoreUtils
0x00000001968c5000 	/System/Library/Frameworks/CoreWLAN.framework/Versions/A/CoreWLAN
0x000000019b7c5000 	/System/Library/Frameworks/IOBluetooth.framework/Versions/A/IOBluetooth
0x00000001a0aff000 	/System/Library/PrivateFrameworks/CoreWiFi.framework/Versions/A/CoreWiFi
0x000000019f44a000 	/System/Library/PrivateFrameworks/FrontBoardServices.framework/Versions/A/FrontBoardServices
0x000000019f4e2000 	/System/Library/PrivateFrameworks/BoardServices.framework/Versions/A/BoardServices
0x0000000196bbc000 	/System/Library/PrivateFrameworks/AssertionServices.framework/Versions/A/AssertionServices
0x00000001a0c7c000 	/System/Library/PrivateFrameworks/BackBoardServices.framework/Versions/A/BackBoardServices
0x000000019abab000 	/System/Library/PrivateFrameworks/CorePhoneNumbers.framework/Versions/A/CorePhoneNumbers
0x000000019ea32000 	/System/Library/PrivateFrameworks/DiskManagement.framework/Versions/A/DiskManagement
0x000000019e935000 	/System/Library/PrivateFrameworks/AppleIDAuthSupport.framework/Versions/A/AppleIDAuthSupport
0x00000001f28f6000 	/System/Library/PrivateFrameworks/AAAFoundation.framework/Versions/A/AAAFoundation
0x000000019ab8a000 	/System/Library/PrivateFrameworks/KeychainCircle.framework/Versions/A/KeychainCircle
0x000000019e9fe000 	/System/Library/PrivateFrameworks/MediaKit.framework/Versions/A/MediaKit
0x000000019e942000 	/System/Library/Frameworks/DiscRecording.framework/Versions/A/DiscRecording
0x0000000198196000 	/usr/lib/libCoreStorage.dylib
0x00000001a0f79000 	/usr/lib/libcsfde.dylib
0x000000019b89a000 	/System/Library/PrivateFrameworks/ProtectedCloudStorage.framework/Versions/A/ProtectedCloudStorage
0x00000001a0f71000 	/System/Library/PrivateFrameworks/EFILogin.framework/Versions/A/EFILogin
0x000000019ed11000 	/System/Library/PrivateFrameworks/OctagonTrust.framework/Versions/A/OctagonTrust
0x00000001f74c7000 	/System/Library/PrivateFrameworks/CoreUtilsExtras.framework/Versions/A/CoreUtilsExtras
0x000000019e867000 	/System/Library/Frameworks/CoreBluetooth.framework/Versions/A/CoreBluetooth
0x00000001a1604000 	/System/Library/Frameworks/AudioUnit.framework/Versions/A/AudioUnit
0x000000019818e000 	/usr/lib/libMatch.1.dylib
0x00000001b12c2000 	/System/Library/Frameworks/Accelerate.framework/Versions/A/Frameworks/vImage.framework/Versions/A/Libraries/libCGInterfaces.dylib
0x0000000124f84000 	/usr/lib/libobjc-trampolines.dylib
0x0000000193e90000 	/System/Library/PrivateFrameworks/ViewBridge.framework/Versions/A/ViewBridge
0x000000020ba0d000 	/usr/lib/libRosetta.dylib
0x0000000127fc4000 	/Users/xuyi/opt/javafx-sdk-17.0.0.1/lib/libjavafx_font.dylib
0x00000001988f2000 	/System/Library/PrivateFrameworks/login.framework/Versions/A/login


VM Arguments:
jvm_args: -Dfile.encoding=UTF-8 --module-path=/Users/xuyi/opt/javafx-sdk-17.0.0.1/lib --add-modules=javafx.controls --module-path=/Users/xuyi/Source/Java/Slicer/build/classes:/Users/xuyi/opt/javafx-sdk-17.0.0.1/lib/javafx-swt.jar:/Users/xuyi/opt/javafx-sdk-17.0.0.1/lib/javafx.base.jar:/Users/xuyi/opt/javafx-sdk-17.0.0.1/lib/javafx.controls.jar:/Users/xuyi/opt/javafx-sdk-17.0.0.1/lib/javafx.fxml.jar:/Users/xuyi/opt/javafx-sdk-17.0.0.1/lib/javafx.graphics.jar:/Users/xuyi/opt/javafx-sdk-17.0.0.1/lib/javafx.media.jar:/Users/xuyi/opt/javafx-sdk-17.0.0.1/lib/javafx.swing.jar:/Users/xuyi/opt/javafx-sdk-17.0.0.1/lib/javafx.web.jar 
java_command: org.reprap.Gfx3D
java_class_path (initial): /Users/xuyi/Source/Java/lib/vecmath.jar:/Users/xuyi/opt/javafx-sdk-17.0.0.1/lib/javafx-swt.jar:/Users/xuyi/opt/javafx-sdk-17.0.0.1/lib/javafx.base.jar:/Users/xuyi/opt/javafx-sdk-17.0.0.1/lib/javafx.controls.jar:/Users/xuyi/opt/javafx-sdk-17.0.0.1/lib/javafx.fxml.jar:/Users/xuyi/opt/javafx-sdk-17.0.0.1/lib/javafx.graphics.jar:/Users/xuyi/opt/javafx-sdk-17.0.0.1/lib/javafx.media.jar:/Users/xuyi/opt/javafx-sdk-17.0.0.1/lib/javafx.swing.jar:/Users/xuyi/opt/javafx-sdk-17.0.0.1/lib/javafx.web.jar:/Users/xuyi/Source/Java/Slicer/build/classes
Launcher Type: SUN_STANDARD

[Global flags]
     intx CICompilerCount                          = 4                                         {product} {ergonomic}
     uint ConcGCThreads                            = 2                                         {product} {ergonomic}
     uint G1ConcRefinementThreads                  = 8                                         {product} {ergonomic}
   size_t G1HeapRegionSize                         = 2097152                                   {product} {ergonomic}
    uintx GCDrainStackTargetSize                   = 64                                        {product} {ergonomic}
   size_t InitialHeapSize                          = 268435456                                 {product} {ergonomic}
   size_t MarkStackSize                            = 4194304                                   {product} {ergonomic}
   size_t MaxHeapSize                              = 4294967296                                {product} {ergonomic}
   size_t MaxNewSize                               = 2575302656                                {product} {ergonomic}
   size_t MinHeapDeltaBytes                        = 2097152                                   {product} {ergonomic}
   size_t MinHeapSize                              = 8388608                                   {product} {ergonomic}
    uintx NonNMethodCodeHeapSize                   = 5839564                                {pd product} {ergonomic}
    uintx NonProfiledCodeHeapSize                  = 122909338                              {pd product} {ergonomic}
    uintx ProfiledCodeHeapSize                     = 122909338                              {pd product} {ergonomic}
    uintx ReservedCodeCacheSize                    = 251658240                              {pd product} {ergonomic}
     bool SegmentedCodeCache                       = true                                      {product} {ergonomic}
   size_t SoftMaxHeapSize                          = 4294967296                             {manageable} {ergonomic}
     bool UseCompressedClassPointers               = true                           {product lp64_product} {ergonomic}
     bool UseCompressedOops                        = true                           {product lp64_product} {ergonomic}
     bool UseG1GC                                  = true                                      {product} {ergonomic}
     bool UseNUMA                                  = false                                     {product} {ergonomic}
     bool UseNUMAInterleaving                      = false                                     {product} {ergonomic}

Logging:
Log output configuration:
 #0: stdout all=warning uptime,level,tags
 #1: stderr all=off uptime,level,tags

Environment Variables:
PATH=/usr/bin:/bin:/usr/sbin:/sbin
SHELL=/bin/zsh
LC_CTYPE=UTF-8

Signal Handlers:
   SIGSEGV: crash_handler in libjvm.dylib, mask=11100110000111110111111111111111, flags=SA_RESTART|SA_SIGINFO
    SIGBUS: crash_handler in libjvm.dylib, mask=11100110000111110111111111111111, flags=SA_RESTART|SA_SIGINFO
    SIGFPE: crash_handler in libjvm.dylib, mask=11100110000111110111111111111111, flags=SA_RESTART|SA_SIGINFO
   SIGPIPE: javaSignalHandler in libjvm.dylib, mask=11100110000111110111111111111111, flags=SA_RESTART|SA_SIGINFO
   SIGXFSZ: javaSignalHandler in libjvm.dylib, mask=11100110000111110111111111111111, flags=SA_RESTART|SA_SIGINFO
    SIGILL: crash_handler in libjvm.dylib, mask=11100110000111110111111111111111, flags=SA_RESTART|SA_SIGINFO
   SIGUSR2: SR_handler in libjvm.dylib, mask=00100000000000000000000000000000, flags=SA_RESTART|SA_SIGINFO
    SIGHUP: UserHandler in libjvm.dylib, mask=11100110000111110111111111111111, flags=SA_RESTART|SA_SIGINFO
    SIGINT: SIG_IGN, mask=11111111011111110111111111111111, flags=none
   SIGTERM: UserHandler in libjvm.dylib, mask=11100110000111110111111111111111, flags=SA_RESTART|SA_SIGINFO
   SIGQUIT: UserHandler in libjvm.dylib, mask=11100110000111110111111111111111, flags=SA_RESTART|SA_SIGINFO
   SIGTRAP: crash_handler in libjvm.dylib, mask=11100110000111110111111111111111, flags=SA_RESTART|SA_SIGINFO


---------------  S Y S T E M  ---------------

OS:
uname: Darwin 21.4.0 Darwin Kernel Version 21.4.0: Fri Mar 18 00:47:26 PDT 2022; root:xnu-8020.101.4~15/RELEASE_ARM64_T8101 arm64
OS uptime: 1 days 16:22 hours
rlimit (soft/hard): STACK 8176k/65520k , CORE 0k/infinity , NPROC 2666/4000 , NOFILE 10240/infinity , AS infinity/infinity , CPU infinity/infinity , DATA infinity/infinity , FSIZE infinity/infinity , MEMLOCK infinity/infinity , RSS infinity/infinity
load average: 2.80 2.11 2.04

CPU: total 8 (initial active 8) 0x61:0x0:0x1b588bb3:0, fp, simd, crc, lse

Memory: 16k page, physical 16777216k(108560k free), swap 1048576k(1022720k free)

vm_info: OpenJDK 64-Bit Server VM (17+35-2724) for bsd-aarch64 JRE (17+35-2724), built on Aug  5 2021 22:25:42 by "mach5one" with clang Apple LLVM 12.0.0 (clang-1200.0.32.29)

END.
