#
# A fatal error has been detected by the Java Runtime Environment:
#
#  SIGBUS (0xa) at pc=0x000000010d99d4f0, pid=10435, tid=34315
#
# JRE version: OpenJDK Runtime Environment (17.0+35) (build 17+35-2724)
# Java VM: OpenJDK 64-Bit Server VM (17+35-2724, mixed mode, sharing, tiered, compressed oops, compressed class ptrs, g1 gc, bsd-aarch64)
# Problematic frame:
# v  ~StubRoutines::SafeFetchN
#
# No core dump will be written. Core dumps have been disabled. To enable core dumping, try "ulimit -c unlimited" before starting Java again
#
# If you would like to submit a bug report, please visit:
#   https://bugreport.java.com/bugreport/crash.jsp
# The crash happened outside the Java Virtual Machine in native code.
# See problematic frame for where to report the bug.
#

---------------  S U M M A R Y ------------

Command Line: -Dfile.encoding=UTF-8 --module-path=/Users/xuyi/opt/javafx-sdk-17.0.0.1/lib --add-modules=javafx.controls --module-path=/Users/xuyi/Source/Java/Slicer/build/classes:/Users/xuyi/opt/javafx-sdk-17.0.0.1/lib/javafx-swt.jar:/Users/xuyi/opt/javafx-sdk-17.0.0.1/lib/javafx.base.jar:/Users/xuyi/opt/javafx-sdk-17.0.0.1/lib/javafx.controls.jar:/Users/xuyi/opt/javafx-sdk-17.0.0.1/lib/javafx.fxml.jar:/Users/xuyi/opt/javafx-sdk-17.0.0.1/lib/javafx.graphics.jar:/Users/xuyi/opt/javafx-sdk-17.0.0.1/lib/javafx.media.jar:/Users/xuyi/opt/javafx-sdk-17.0.0.1/lib/javafx.swing.jar:/Users/xuyi/opt/javafx-sdk-17.0.0.1/lib/javafx.web.jar org.reprap.Gfx3D

Host: "MacBookAir10,1" arm64 1 MHz, 8 cores, 16G, Darwin 21.4.0, macOS 12.3.1 (21E258)
Time: Fri Apr 15 09:31:25 2022 CEST elapsed time: 14.455509 seconds (0d 0h 0m 14s)

---------------  T H R E A D  ---------------

Current thread (0x00000001221a1200):  JavaThread "InvokeLaterDispatcher" daemon [_thread_in_native, id=34315, stack(0x000000016dee8000,0x000000016e0eb000)]

Stack: [0x000000016dee8000,0x000000016e0eb000],  sp=0x000000016e0ea7a0,  free space=2057k
Native frames: (J=compiled Java code, j=interpreted, Vv=VM code, C=native code)
v  ~StubRoutines::SafeFetchN
V  [libjvm.dylib+0x7a0cf4]  OopStorage::release(oopDesc* const*)+0x20
V  [libjvm.dylib+0x4b9e40]  jni_DeleteGlobalRef+0xd8
C  [libglass.dylib+0xab08]  -[GlassRunnable dealloc]+0x34
C  [Foundation+0x85618]  -[_NSThreadPerformInfo dealloc]+0x30
C  [Foundation+0x5198c]  -[NSObject(NSThreadPerformAdditions) performSelectorOnMainThread:withObject:waitUntilDone:]+0x88
C  0x667f8001154be1cc
J 1181 c1 com.sun.glass.ui.mac.MacApplication.submitForLaterInvocation(Ljava/lang/Runnable;)V javafx.graphics (6 bytes) @ 0x000000010e104158 [0x000000010e1040c0+0x0000000000000098]
C  0x000000070e800170

Java frames: (J=compiled Java code, j=interpreted, Vv=VM code)
J 1148  com.sun.glass.ui.mac.MacApplication._submitForLaterInvocation(Ljava/lang/Runnable;)V javafx.graphics (0 bytes) @ 0x00000001154be1cc [0x00000001154be140+0x000000000000008c]
J 1181 c1 com.sun.glass.ui.mac.MacApplication.submitForLaterInvocation(Ljava/lang/Runnable;)V javafx.graphics (6 bytes) @ 0x000000010e104158 [0x000000010e1040c0+0x0000000000000098]
j  com.sun.glass.ui.InvokeLaterDispatcher.run()V+82 javafx.graphics
v  ~StubRoutines::call_stub

siginfo: si_signo: 10 (SIGBUS), si_code: 1 (BUS_ADRALN), si_addr: 0x000000010d99d4f0

Register to memory mapping:

 x0=0x000000012290d408 is a global jni handle
 x1=0x0 is NULL
 x2=0x000000070f950f60 is an oop: com.sun.glass.ui.InvokeLaterDispatcher$Future 
{0x000000070f950f60} - klass: 'com/sun/glass/ui/InvokeLaterDispatcher$Future'
 - ---- fields (total size 3 words):
 - private 'done' 'Z' @12  true
 - private final 'runnable' 'Ljava/lang/Runnable;' @16  a 'com/sun/javafx/tk/quantum/QuantumToolkit$$Lambda$92+0x0000000800c37db8'{0x000000070e8d70b8} (e1d1ae17)
 - final synthetic 'this$0' 'Lcom/sun/glass/ui/InvokeLaterDispatcher;' @20  a 'com/sun/glass/ui/InvokeLaterDispatcher'{0x000000070e800170} (e1d0002e)
 x3=0x0 is NULL
 x4=0x00000000000130a8 is an unknown value
 x5=0x0 is NULL
 x6=0x0 is NULL
 x7=0x0 is NULL
 x8=0x000000010d99d4ec is at begin+0 in a stub
StubRoutines::SafeFetchN [0x000000010d99d4ec, 0x000000010d99d4f8] (12 bytes)
 x9=0x0 is NULL
x10=0x2010000030300000 is an unknown value
x11=0x0000000000000007 is an unknown value
x12=0x0000000000000004 is an unknown value
x13=0x0000600003721c90 points into unknown readable memory: 0x613880018c93fc40 | 40 fc 93 8c 01 80 38 61
x14=0x0000100000000000 is an unknown value
x15=0x000000011fbb5f98: OBJC_CLASS_$_GlassRunnable+0 in /Users/xuyi/opt/javafx-sdk-17.0.0.1/lib/libglass.dylib at 0x000000011fb70000
x16=0x000000018caa90fc: pthread_getspecific+0 in /usr/lib/system/libsystem_pthread.dylib at 0x000000018caa7000
x17=0x0000600003d2dd40 points into unknown readable memory: 0xfffffffffffffffe | fe ff ff ff ff ff ff ff
x18=0x0 is NULL
x19=0x00006000032202a0 points into unknown readable memory: 0x0000600001b3c4a0 | a0 c4 b3 01 00 60 00 00
x20=0x000000012290d200 points into unknown readable memory: 0x000000070e636ad8 | d8 6a 63 0e 07 00 00 00
x21=0x000000012290d408 is a global jni handle
x22=0x00000001221a1200 is a thread
x23=0x0000000000000001 is an unknown value
x24=0x000000012290d3c0 is a global jni handle
x25=0x0000000105ebd5d8: _ZN12StubRoutines17_safefetchN_entryE+0 in /Users/xuyi/opt/jdk-17.jdk/Contents/Home/lib/server/libjvm.dylib at 0x0000000105314000
x26=0x00000001201172a0 is pointing into metadata
x27=0x0 is NULL
x28=0x00000001221a1200 is a thread


Registers:
 x0=0x000000012290d408  x1=0x0000000000000000  x2=0x000000070f950f60  x3=0x0000000000000000
 x4=0x00000000000130a8  x5=0x0000000000000000  x6=0x0000000000000000  x7=0x0000000000000000
 x8=0x000000010d99d4ec  x9=0x0000000000000000 x10=0x2010000030300000 x11=0x0000000000000007
x12=0x0000000000000004 x13=0x0000600003721c90 x14=0x0000100000000000 x15=0x000000011fbb5f98
x16=0x000000018caa90fc x17=0x0000600003d2dd40 x18=0x0000000000000000 x19=0x00006000032202a0
x20=0x000000012290d200 x21=0x000000012290d408 x22=0x00000001221a1200 x23=0x0000000000000001
x24=0x000000012290d3c0 x25=0x0000000105ebd5d8 x26=0x00000001201172a0 x27=0x0000000000000000
x28=0x00000001221a1200  fp=0x000000016e0ea7e0  lr=0x0000000105ab3ac4  sp=0x000000016e0ea7a0
pc=0x000000010d99d4f0 cpsr=0x0000000060001000
Top of Stack: (sp=0x000000016e0ea7a0)
0x000000016e0ea7a0:   00000001201172a0 0000000000000001
0x000000016e0ea7b0:   0000000800c2abc0 0000000000000000
0x000000016e0ea7c0:   0000000123314ca8 000000012290d3c0
0x000000016e0ea7d0:   000000012290d3c0 00006000032202a0
0x000000016e0ea7e0:   000000016e0ea820 0000000105ab4cf4
0x000000016e0ea7f0:   0000000000000001 000000012290d3c0
0x000000016e0ea800:   0000000123314ca8 000000012290d3c0
0x000000016e0ea810:   0000000000000001 0000000123314a00
0x000000016e0ea820:   000000016e0ea860 00000001057cde40
0x000000016e0ea830:   0000000800c2abc0 0000600001b249a0
0x000000016e0ea840:   0000600001b24980 00000001d6b6ebe0
0x000000016e0ea850:   0000000000000000 0000600001b24980
0x000000016e0ea860:   000000016e0ea890 000000011fb7ab08
0x000000016e0ea870:   0554f6db0a7200ec 0000000000000000
0x000000016e0ea880:   0000000000000000 0000600000c22fc0
0x000000016e0ea890:   000000016e0ea8d0 000000018da76618
0x000000016e0ea8a0:   0000000800c2abc0 0000600001b249a0
0x000000016e0ea8b0:   0000600001b24980 0554f6db0a7200ec
0x000000016e0ea8c0:   0000000000000000 0000000000000000
0x000000016e0ea8d0:   000000016e0ea910 2d7880018da4298c
0x000000016e0ea8e0:   0000000800c2abc0 000000010d9a47c0
0x000000016e0ea8f0:   0000000120116cda 0000000105ec4f90
0x000000016e0ea900:   000000016e0ea9f0 00000000000000b9
0x000000016e0ea910:   000000016e0ea970 667f8001154be1cc
0x000000016e0ea920:   000000070e817460 000000070f950f60
0x000000016e0ea930:   000000016e0eaa98 000000018cab5630
0x000000016e0ea940:   00000001221a1200 0000000105ea1db0
0x000000016e0ea950:   000000016e0eaa00 0000000000000001
0x000000016e0ea960:   000000016e0ea9a0 000000070e8d5e20
0x000000016e0ea970:   000000016e0eaa60 000000010e104158
0x000000016e0ea980:   000000070f950f60 000000070e8d70b8
0x000000016e0ea990:   000000016e0ea9f8 00000000000000b6 

Instructions: (pc=0x000000010d99d4f0)
0x000000010d99d3f0:   f2a0bd09 f2c00029 6d425935 1e640886
0x000000010d99d400:   0c402d31 1e6408c7 1f5654d0 1e6c1017
0x000000010d99d410:   1f5050d0 1f504cd0 1f5048d0 1e650af6
0x000000010d99d420:   1f50d8f6 1f5694d6 1f5158f6 1e762880
0x000000010d99d430:   36000501 1e614000 14000026 2e251ca5
0x000000010d99d440:   d2943009 f2a0bd09 f2c00029 6d425d36
0x000000010d99d450:   1e600806 0c402d32 1f5758c7 1e6c101a
0x000000010d99d460:   1f4754c7 1e650805 1f4750c7 d2866668
0x000000010d99d470:   f2a7fa68 1f474cc7 1e6608c0 1f4748c7
0x000000010d99d480:   1e6e1019 eb08007f 540000ac 1f479400
0x000000010d99d490:   1f460340 1e603b20 1400000e d2a7fd29
0x000000010d99d4a0:   eb09007f 540000ac 51480069 d3607d29
0x000000010d99d4b0:   9e670121 14000002 1e6a5001 1f679417
0x000000010d99d4c0:   1f668742 1e613b23 1e773857 1e773860
0x000000010d99d4d0:   a8c17ff3 910003bf a8c17bfd d65f03c0
0x000000010d99d4e0:   b9400001 aa0103e0 d65f03c0 f9400001
0x000000010d99d4f0:   aa0103e0 d65f03c0 00000000 00000000
0x000000010d99d500:   00000000 00000000 00000000 00000000
0x000000010d99d510:   00000000 00000000 00000000 00000000
0x000000010d99d520:   00000000 00000000 00000000 00000000
0x000000010d99d530:   00000000 00000000 00000000 00000000
0x000000010d99d540:   00000000 00000000 00000000 00000000
0x000000010d99d550:   00000000 00000000 00000000 00000000
0x000000010d99d560:   00000000 00000000 00000000 00000000
0x000000010d99d570:   00000000 00000000 00000000 00000000
0x000000010d99d580:   00000000 00000000 00000000 00000000
0x000000010d99d590:   00000000 00000000 00000000 00000000
0x000000010d99d5a0:   00000000 00000000 00000000 00000000
0x000000010d99d5b0:   00000000 00000000 00000000 00000000
0x000000010d99d5c0:   00000000 00000000 00000000 00000000
0x000000010d99d5d0:   00000000 00000000 00000000 00000000
0x000000010d99d5e0:   00000000 00000000 00000000 00000000 


Stack slot to memory mapping:
stack at sp + 0 slots: 0x00000001201172a0 is pointing into metadata
stack at sp + 1 slots: 0x0000000000000001 is an unknown value
stack at sp + 2 slots: 0x0000000800c2abc0 is a pointer to class: 
com.sun.glass.ui.mac.MacApplication {0x0000000800c2abc0}
 - instance size:     5
 - klass size:        136
 - access:            final synchronized 
 - state:             fully_initialized
 - name:              'com/sun/glass/ui/mac/MacApplication'
 - super:             'com/sun/glass/ui/Application'
 - sub:               
 - arrays:            NULL
 - methods:           Array<T>(0x00000001200ed110)
 - method ordering:   Array<T>(0x0000000800915120)
 - default_methods:   Array<T>(0x0000000000000000)
 - local interfaces:  Array<T>(0x00000001200eff00)
 - trans. interfaces: Array<T>(0x00000001200eff00)
 - constants:         constant pool [548]/operands[69] {0x00000001200eec20} for 'com/sun/glass/ui/mac/MacApplication' cache=0x0000000120114c38
 - class loader data:  loader data: 0x00006000028241e0 for instance a 'jdk/internal/loader/ClassLoaders$AppClassLoader'{0x000000070e80ac78}
 - source file:       'MacApplication.java'
 - class annotations:       Array<T>(0x0000000000000000)
 - class type annotations:  Array<T>(0x0000000000000000)
 - field annotations:       Array<T>(0x0000000000000000)
 - field type annotations:  Array<T>(0x0000000000000000)
 - inner classes:     Array<T>(0x00000001200f1810)
 - nest members:     Array<T>(0x00000001200f1868)
 - permitted subclasses:     Array<T>(0x00000008005bf1d0)
 - java mirror:       a 'java/lang/Class'{0x000000070e8173e8} = 'com/sun/glass/ui/mac/MacApplication'
 - vtable length      72  (start addr: 0x0000000800c2ad90)
 - itable length      5 (start addr: 0x0000000800c2afd0)
 - ---- static fields (1 words):
 - static final 'BROWSER_PARENT_ID' 'J' @112 
 - ---- non-static fields (7 words):
 - private 'initialActiveEventReceived' 'Z' @12 
 - private 'terminateWhenLastWindowClosed' 'Z' @13 
 - protected 'name' 'Ljava/lang/String;' @16 
 - private 'eventHandler' 'Lcom/sun/glass/ui/Application$EventHandler;' @20 
 - private 'initialOpenedFiles' '[Ljava/lang/String;' @24 
 - private 'isTaskbarApplication' 'Z' @14 
 - private 'firstDidResignActive' 'Z' @15 
 - private final 'invokeLaterDispatcher' 'Lcom/sun/glass/ui/InvokeLaterDispatcher;' @28 
 - private 'appleMenu' 'Lcom/sun/glass/ui/Menu;' @32 
 - private final 'reactivationLatch' 'Ljava/util/concurrent/CountDownLatch;' @36 
 - non-static oop maps: 16-36 
stack at sp + 3 slots: 0x0 is NULL
stack at sp + 4 slots: 0x0000000123314ca8 points into unknown readable memory: 0x0000000105e7a728 | 28 a7 e7 05 01 00 00 00
stack at sp + 5 slots: 0x000000012290d3c0 is a global jni handle
stack at sp + 6 slots: 0x000000012290d3c0 is a global jni handle
stack at sp + 7 slots: 0x00006000032202a0 points into unknown readable memory: 0x0000600001b3c4a0 | a0 c4 b3 01 00 60 00 00

StubRoutines::SafeFetchN [0x000000010d99d4ec, 0x000000010d99d4f8] (12 bytes)
[MachCode]
  0x000000010d99d4ec: 0100 40f9 | e003 01aa | c003 5fd6 
[/MachCode]

---------------  P R O C E S S  ---------------

Threads class SMR info:
_java_thread_list=0x0000600001980320, length=16, elements={
0x000000012200b000, 0x00000001230f8400, 0x000000012200a800, 0x000000012180f800,
0x000000012180c400, 0x000000012180ca00, 0x000000012180d000, 0x0000000123810a00,
0x0000000123812000, 0x000000012180d600, 0x0000000123812600, 0x0000000123815800,
0x00000001221a1200, 0x0000000123314a00, 0x0000000121811a00, 0x0000000123a6f400
}

Java Threads: ( => current thread )
  0x000000012200b000 JavaThread "main" [_thread_blocked, id=6403, stack(0x000000016bd10000,0x000000016bf13000)]
  0x00000001230f8400 JavaThread "Reference Handler" daemon [_thread_blocked, id=14083, stack(0x000000016cb64000,0x000000016cd67000)]
  0x000000012200a800 JavaThread "Finalizer" daemon [_thread_blocked, id=15107, stack(0x000000016cd70000,0x000000016cf73000)]
  0x000000012180f800 JavaThread "Signal Dispatcher" daemon [_thread_blocked, id=41987, stack(0x000000016d094000,0x000000016d297000)]
  0x000000012180c400 JavaThread "Service Thread" daemon [_thread_blocked, id=41475, stack(0x000000016d2a0000,0x000000016d4a3000)]
  0x000000012180ca00 JavaThread "Monitor Deflation Thread" daemon [_thread_blocked, id=40963, stack(0x000000016d4ac000,0x000000016d6af000)]
  0x000000012180d000 JavaThread "C2 CompilerThread0" daemon [_thread_blocked, id=40707, stack(0x000000016d6b8000,0x000000016d8bb000)]
  0x0000000123810a00 JavaThread "C1 CompilerThread0" daemon [_thread_blocked, id=23043, stack(0x000000016d8c4000,0x000000016dac7000)]
  0x0000000123812000 JavaThread "Sweeper thread" daemon [_thread_blocked, id=23299, stack(0x000000016dad0000,0x000000016dcd3000)]
  0x000000012180d600 JavaThread "Common-Cleaner" daemon [_thread_blocked, id=23811, stack(0x000000016dcdc000,0x000000016dedf000)]
  0x0000000123812600 JavaThread "Notification Thread" daemon [_thread_blocked, id=39427, stack(0x000000016e300000,0x000000016e503000)]
  0x0000000123815800 JavaThread "QuantumRenderer-0" daemon [_thread_blocked, id=38659, stack(0x000000016e718000,0x000000016e91b000)]
=>0x00000001221a1200 JavaThread "InvokeLaterDispatcher" daemon [_thread_in_native, id=34315, stack(0x000000016dee8000,0x000000016e0eb000)]
  0x0000000123314a00 JavaThread "JavaFX Application Thread" [_thread_in_vm, id=259, stack(0x000000016b488000,0x000000016bc84000)]
  0x0000000121811a00 JavaThread "JavaFX-Launcher" [_thread_blocked, id=52743, stack(0x000000016e9b0000,0x000000016ebb3000)]
  0x0000000123a6f400 JavaThread "PulseTimer-CVDisplayLink thread" daemon [_thread_in_native, id=78855, stack(0x000000016e0f4000,0x000000016e177000)]

Other Threads:
  0x000000012290be40 VMThread "VM Thread" [stack: 0x000000016c958000,0x000000016cb5b000] [id=16131]
  0x0000000122a25920 WatcherThread [stack: 0x000000016e50c000,0x000000016e70f000] [id=39171]
  0x0000000122906990 GCTaskThread "GC Thread#0" [stack: 0x000000016bf1c000,0x000000016c11f000] [id=12547]
  0x0000000121715830 GCTaskThread "GC Thread#1" [stack: 0x000000016ebbc000,0x000000016edbf000] [id=76291]
  0x0000000121715cb0 GCTaskThread "GC Thread#2" [stack: 0x000000016edc8000,0x000000016efcb000] [id=56579]
  0x000000012160f870 GCTaskThread "GC Thread#3" [stack: 0x000000016efd4000,0x000000016f1d7000] [id=75779]
  0x0000000121716130 GCTaskThread "GC Thread#4" [stack: 0x000000016f1e0000,0x000000016f3e3000] [id=75267]
  0x00000001217165b0 GCTaskThread "GC Thread#5" [stack: 0x000000016f3ec000,0x000000016f5ef000] [id=75011]
  0x0000000122907040 ConcurrentGCThread "G1 Main Marker" [stack: 0x000000016c128000,0x000000016c32b000] [id=19715]
  0x00000001229078c0 ConcurrentGCThread "G1 Conc#0" [stack: 0x000000016c334000,0x000000016c537000] [id=18691]
  0x0000000122909730 ConcurrentGCThread "G1 Refine#0" [stack: 0x000000016c540000,0x000000016c743000] [id=18179]
  0x0000000122a041a0 ConcurrentGCThread "G1 Service" [stack: 0x000000016c74c000,0x000000016c94f000] [id=17667]

Threads with active compile tasks:

VM state: not at safepoint (normal execution)

VM Mutex/Monitor currently owned by a thread: None

Heap address: 0x0000000700000000, size: 4096 MB, Compressed Oops mode: Zero based, Oop shift amount: 3

CDS archive(s) mapped at: [0x0000000800000000-0x0000000800bd0000-0x0000000800bd0000), size 12386304, SharedBaseAddress: 0x0000000800000000, ArchiveRelocationMode: 0.
Compressed class space mapped at: 0x0000000800c00000-0x0000000840c00000, reserved size: 1073741824
Narrow klass base: 0x0000000800000000, Narrow klass shift: 0, Narrow klass range: 0x100000000

GC Precious Log:
 CPUs: 8 total, 8 available
 Memory: 16384M
 Large Page Support: Disabled
 NUMA Support: Disabled
 Compressed Oops: Enabled (Zero based)
 Heap Region Size: 2M
 Heap Min Capacity: 8M
 Heap Initial Capacity: 256M
 Heap Max Capacity: 4G
 Pre-touch: Disabled
 Parallel Workers: 8
 Concurrent Workers: 2
 Concurrent Refinement Workers: 8
 Periodic GC: Disabled

Heap:
 garbage-first heap   total 266240K, used 18783K [0x0000000700000000, 0x0000000800000000)
  region size 2048K, 10 young (20480K), 2 survivors (4096K)
 Metaspace       used 7521K, committed 7744K, reserved 1064960K
  class space    used 1004K, committed 1088K, reserved 1048576K

Heap Regions: E=young(eden), S=young(survivor), O=old, HS=humongous(starts), HC=humongous(continues), CS=collection set, F=free, OA=open archive, CA=closed archive, TAMS=top-at-mark-start (previous, next)
|   0|0x0000000700000000, 0x0000000700000000, 0x0000000700200000|  0%| F|  |TAMS 0x0000000700000000, 0x0000000700000000| Untracked 
|   1|0x0000000700200000, 0x0000000700200000, 0x0000000700400000|  0%| F|  |TAMS 0x0000000700200000, 0x0000000700200000| Untracked 
|   2|0x0000000700400000, 0x0000000700400000, 0x0000000700600000|  0%| F|  |TAMS 0x0000000700400000, 0x0000000700400000| Untracked 
|   3|0x0000000700600000, 0x0000000700600000, 0x0000000700800000|  0%| F|  |TAMS 0x0000000700600000, 0x0000000700600000| Untracked 
|   4|0x0000000700800000, 0x0000000700800000, 0x0000000700a00000|  0%| F|  |TAMS 0x0000000700800000, 0x0000000700800000| Untracked 
|   5|0x0000000700a00000, 0x0000000700a00000, 0x0000000700c00000|  0%| F|  |TAMS 0x0000000700a00000, 0x0000000700a00000| Untracked 
|   6|0x0000000700c00000, 0x0000000700c00000, 0x0000000700e00000|  0%| F|  |TAMS 0x0000000700c00000, 0x0000000700c00000| Untracked 
|   7|0x0000000700e00000, 0x0000000700e00000, 0x0000000701000000|  0%| F|  |TAMS 0x0000000700e00000, 0x0000000700e00000| Untracked 
|   8|0x0000000701000000, 0x0000000701000000, 0x0000000701200000|  0%| F|  |TAMS 0x0000000701000000, 0x0000000701000000| Untracked 
|   9|0x0000000701200000, 0x0000000701200000, 0x0000000701400000|  0%| F|  |TAMS 0x0000000701200000, 0x0000000701200000| Untracked 
|  10|0x0000000701400000, 0x0000000701400000, 0x0000000701600000|  0%| F|  |TAMS 0x0000000701400000, 0x0000000701400000| Untracked 
|  11|0x0000000701600000, 0x0000000701600000, 0x0000000701800000|  0%| F|  |TAMS 0x0000000701600000, 0x0000000701600000| Untracked 
|  12|0x0000000701800000, 0x0000000701800000, 0x0000000701a00000|  0%| F|  |TAMS 0x0000000701800000, 0x0000000701800000| Untracked 
|  13|0x0000000701a00000, 0x0000000701a00000, 0x0000000701c00000|  0%| F|  |TAMS 0x0000000701a00000, 0x0000000701a00000| Untracked 
|  14|0x0000000701c00000, 0x0000000701c00000, 0x0000000701e00000|  0%| F|  |TAMS 0x0000000701c00000, 0x0000000701c00000| Untracked 
|  15|0x0000000701e00000, 0x0000000701e00000, 0x0000000702000000|  0%| F|  |TAMS 0x0000000701e00000, 0x0000000701e00000| Untracked 
|  16|0x0000000702000000, 0x0000000702000000, 0x0000000702200000|  0%| F|  |TAMS 0x0000000702000000, 0x0000000702000000| Untracked 
|  17|0x0000000702200000, 0x0000000702200000, 0x0000000702400000|  0%| F|  |TAMS 0x0000000702200000, 0x0000000702200000| Untracked 
|  18|0x0000000702400000, 0x0000000702400000, 0x0000000702600000|  0%| F|  |TAMS 0x0000000702400000, 0x0000000702400000| Untracked 
|  19|0x0000000702600000, 0x0000000702600000, 0x0000000702800000|  0%| F|  |TAMS 0x0000000702600000, 0x0000000702600000| Untracked 
|  20|0x0000000702800000, 0x0000000702800000, 0x0000000702a00000|  0%| F|  |TAMS 0x0000000702800000, 0x0000000702800000| Untracked 
|  21|0x0000000702a00000, 0x0000000702a00000, 0x0000000702c00000|  0%| F|  |TAMS 0x0000000702a00000, 0x0000000702a00000| Untracked 
|  22|0x0000000702c00000, 0x0000000702c00000, 0x0000000702e00000|  0%| F|  |TAMS 0x0000000702c00000, 0x0000000702c00000| Untracked 
|  23|0x0000000702e00000, 0x0000000702e00000, 0x0000000703000000|  0%| F|  |TAMS 0x0000000702e00000, 0x0000000702e00000| Untracked 
|  24|0x0000000703000000, 0x0000000703000000, 0x0000000703200000|  0%| F|  |TAMS 0x0000000703000000, 0x0000000703000000| Untracked 
|  25|0x0000000703200000, 0x0000000703200000, 0x0000000703400000|  0%| F|  |TAMS 0x0000000703200000, 0x0000000703200000| Untracked 
|  26|0x0000000703400000, 0x0000000703400000, 0x0000000703600000|  0%| F|  |TAMS 0x0000000703400000, 0x0000000703400000| Untracked 
|  27|0x0000000703600000, 0x0000000703600000, 0x0000000703800000|  0%| F|  |TAMS 0x0000000703600000, 0x0000000703600000| Untracked 
|  28|0x0000000703800000, 0x0000000703800000, 0x0000000703a00000|  0%| F|  |TAMS 0x0000000703800000, 0x0000000703800000| Untracked 
|  29|0x0000000703a00000, 0x0000000703a00000, 0x0000000703c00000|  0%| F|  |TAMS 0x0000000703a00000, 0x0000000703a00000| Untracked 
|  30|0x0000000703c00000, 0x0000000703c00000, 0x0000000703e00000|  0%| F|  |TAMS 0x0000000703c00000, 0x0000000703c00000| Untracked 
|  31|0x0000000703e00000, 0x0000000703e00000, 0x0000000704000000|  0%| F|  |TAMS 0x0000000703e00000, 0x0000000703e00000| Untracked 
|  32|0x0000000704000000, 0x0000000704000000, 0x0000000704200000|  0%| F|  |TAMS 0x0000000704000000, 0x0000000704000000| Untracked 
|  33|0x0000000704200000, 0x0000000704200000, 0x0000000704400000|  0%| F|  |TAMS 0x0000000704200000, 0x0000000704200000| Untracked 
|  34|0x0000000704400000, 0x0000000704400000, 0x0000000704600000|  0%| F|  |TAMS 0x0000000704400000, 0x0000000704400000| Untracked 
|  35|0x0000000704600000, 0x0000000704600000, 0x0000000704800000|  0%| F|  |TAMS 0x0000000704600000, 0x0000000704600000| Untracked 
|  36|0x0000000704800000, 0x0000000704800000, 0x0000000704a00000|  0%| F|  |TAMS 0x0000000704800000, 0x0000000704800000| Untracked 
|  37|0x0000000704a00000, 0x0000000704a00000, 0x0000000704c00000|  0%| F|  |TAMS 0x0000000704a00000, 0x0000000704a00000| Untracked 
|  38|0x0000000704c00000, 0x0000000704c00000, 0x0000000704e00000|  0%| F|  |TAMS 0x0000000704c00000, 0x0000000704c00000| Untracked 
|  39|0x0000000704e00000, 0x0000000704e00000, 0x0000000705000000|  0%| F|  |TAMS 0x0000000704e00000, 0x0000000704e00000| Untracked 
|  40|0x0000000705000000, 0x0000000705000000, 0x0000000705200000|  0%| F|  |TAMS 0x0000000705000000, 0x0000000705000000| Untracked 
|  41|0x0000000705200000, 0x0000000705200000, 0x0000000705400000|  0%| F|  |TAMS 0x0000000705200000, 0x0000000705200000| Untracked 
|  42|0x0000000705400000, 0x0000000705400000, 0x0000000705600000|  0%| F|  |TAMS 0x0000000705400000, 0x0000000705400000| Untracked 
|  43|0x0000000705600000, 0x0000000705600000, 0x0000000705800000|  0%| F|  |TAMS 0x0000000705600000, 0x0000000705600000| Untracked 
|  44|0x0000000705800000, 0x0000000705800000, 0x0000000705a00000|  0%| F|  |TAMS 0x0000000705800000, 0x0000000705800000| Untracked 
|  45|0x0000000705a00000, 0x0000000705a00000, 0x0000000705c00000|  0%| F|  |TAMS 0x0000000705a00000, 0x0000000705a00000| Untracked 
|  46|0x0000000705c00000, 0x0000000705c00000, 0x0000000705e00000|  0%| F|  |TAMS 0x0000000705c00000, 0x0000000705c00000| Untracked 
|  47|0x0000000705e00000, 0x0000000705e00000, 0x0000000706000000|  0%| F|  |TAMS 0x0000000705e00000, 0x0000000705e00000| Untracked 
|  48|0x0000000706000000, 0x0000000706000000, 0x0000000706200000|  0%| F|  |TAMS 0x0000000706000000, 0x0000000706000000| Untracked 
|  49|0x0000000706200000, 0x0000000706200000, 0x0000000706400000|  0%| F|  |TAMS 0x0000000706200000, 0x0000000706200000| Untracked 
|  50|0x0000000706400000, 0x0000000706400000, 0x0000000706600000|  0%| F|  |TAMS 0x0000000706400000, 0x0000000706400000| Untracked 
|  51|0x0000000706600000, 0x0000000706600000, 0x0000000706800000|  0%| F|  |TAMS 0x0000000706600000, 0x0000000706600000| Untracked 
|  52|0x0000000706800000, 0x0000000706800000, 0x0000000706a00000|  0%| F|  |TAMS 0x0000000706800000, 0x0000000706800000| Untracked 
|  53|0x0000000706a00000, 0x0000000706a00000, 0x0000000706c00000|  0%| F|  |TAMS 0x0000000706a00000, 0x0000000706a00000| Untracked 
|  54|0x0000000706c00000, 0x0000000706c00000, 0x0000000706e00000|  0%| F|  |TAMS 0x0000000706c00000, 0x0000000706c00000| Untracked 
|  55|0x0000000706e00000, 0x0000000706e00000, 0x0000000707000000|  0%| F|  |TAMS 0x0000000706e00000, 0x0000000706e00000| Untracked 
|  56|0x0000000707000000, 0x0000000707000000, 0x0000000707200000|  0%| F|  |TAMS 0x0000000707000000, 0x0000000707000000| Untracked 
|  57|0x0000000707200000, 0x0000000707200000, 0x0000000707400000|  0%| F|  |TAMS 0x0000000707200000, 0x0000000707200000| Untracked 
|  58|0x0000000707400000, 0x0000000707400000, 0x0000000707600000|  0%| F|  |TAMS 0x0000000707400000, 0x0000000707400000| Untracked 
|  59|0x0000000707600000, 0x0000000707600000, 0x0000000707800000|  0%| F|  |TAMS 0x0000000707600000, 0x0000000707600000| Untracked 
|  60|0x0000000707800000, 0x0000000707800000, 0x0000000707a00000|  0%| F|  |TAMS 0x0000000707800000, 0x0000000707800000| Untracked 
|  61|0x0000000707a00000, 0x0000000707a00000, 0x0000000707c00000|  0%| F|  |TAMS 0x0000000707a00000, 0x0000000707a00000| Untracked 
|  62|0x0000000707c00000, 0x0000000707c00000, 0x0000000707e00000|  0%| F|  |TAMS 0x0000000707c00000, 0x0000000707c00000| Untracked 
|  63|0x0000000707e00000, 0x0000000707e00000, 0x0000000708000000|  0%| F|  |TAMS 0x0000000707e00000, 0x0000000707e00000| Untracked 
|  64|0x0000000708000000, 0x0000000708000000, 0x0000000708200000|  0%| F|  |TAMS 0x0000000708000000, 0x0000000708000000| Untracked 
|  65|0x0000000708200000, 0x0000000708200000, 0x0000000708400000|  0%| F|  |TAMS 0x0000000708200000, 0x0000000708200000| Untracked 
|  66|0x0000000708400000, 0x0000000708400000, 0x0000000708600000|  0%| F|  |TAMS 0x0000000708400000, 0x0000000708400000| Untracked 
|  67|0x0000000708600000, 0x0000000708600000, 0x0000000708800000|  0%| F|  |TAMS 0x0000000708600000, 0x0000000708600000| Untracked 
|  68|0x0000000708800000, 0x0000000708800000, 0x0000000708a00000|  0%| F|  |TAMS 0x0000000708800000, 0x0000000708800000| Untracked 
|  69|0x0000000708a00000, 0x0000000708a00000, 0x0000000708c00000|  0%| F|  |TAMS 0x0000000708a00000, 0x0000000708a00000| Untracked 
|  70|0x0000000708c00000, 0x0000000708c00000, 0x0000000708e00000|  0%| F|  |TAMS 0x0000000708c00000, 0x0000000708c00000| Untracked 
|  71|0x0000000708e00000, 0x0000000708e00000, 0x0000000709000000|  0%| F|  |TAMS 0x0000000708e00000, 0x0000000708e00000| Untracked 
|  72|0x0000000709000000, 0x0000000709000000, 0x0000000709200000|  0%| F|  |TAMS 0x0000000709000000, 0x0000000709000000| Untracked 
|  73|0x0000000709200000, 0x0000000709200000, 0x0000000709400000|  0%| F|  |TAMS 0x0000000709200000, 0x0000000709200000| Untracked 
|  74|0x0000000709400000, 0x0000000709400000, 0x0000000709600000|  0%| F|  |TAMS 0x0000000709400000, 0x0000000709400000| Untracked 
|  75|0x0000000709600000, 0x0000000709600000, 0x0000000709800000|  0%| F|  |TAMS 0x0000000709600000, 0x0000000709600000| Untracked 
|  76|0x0000000709800000, 0x0000000709800000, 0x0000000709a00000|  0%| F|  |TAMS 0x0000000709800000, 0x0000000709800000| Untracked 
|  77|0x0000000709a00000, 0x0000000709a00000, 0x0000000709c00000|  0%| F|  |TAMS 0x0000000709a00000, 0x0000000709a00000| Untracked 
|  78|0x0000000709c00000, 0x0000000709c00000, 0x0000000709e00000|  0%| F|  |TAMS 0x0000000709c00000, 0x0000000709c00000| Untracked 
|  79|0x0000000709e00000, 0x0000000709e00000, 0x000000070a000000|  0%| F|  |TAMS 0x0000000709e00000, 0x0000000709e00000| Untracked 
|  80|0x000000070a000000, 0x000000070a000000, 0x000000070a200000|  0%| F|  |TAMS 0x000000070a000000, 0x000000070a000000| Untracked 
|  81|0x000000070a200000, 0x000000070a200000, 0x000000070a400000|  0%| F|  |TAMS 0x000000070a200000, 0x000000070a200000| Untracked 
|  82|0x000000070a400000, 0x000000070a400000, 0x000000070a600000|  0%| F|  |TAMS 0x000000070a400000, 0x000000070a400000| Untracked 
|  83|0x000000070a600000, 0x000000070a600000, 0x000000070a800000|  0%| F|  |TAMS 0x000000070a600000, 0x000000070a600000| Untracked 
|  84|0x000000070a800000, 0x000000070a800000, 0x000000070aa00000|  0%| F|  |TAMS 0x000000070a800000, 0x000000070a800000| Untracked 
|  85|0x000000070aa00000, 0x000000070aa00000, 0x000000070ac00000|  0%| F|  |TAMS 0x000000070aa00000, 0x000000070aa00000| Untracked 
|  86|0x000000070ac00000, 0x000000070ac00000, 0x000000070ae00000|  0%| F|  |TAMS 0x000000070ac00000, 0x000000070ac00000| Untracked 
|  87|0x000000070ae00000, 0x000000070ae00000, 0x000000070b000000|  0%| F|  |TAMS 0x000000070ae00000, 0x000000070ae00000| Untracked 
|  88|0x000000070b000000, 0x000000070b000000, 0x000000070b200000|  0%| F|  |TAMS 0x000000070b000000, 0x000000070b000000| Untracked 
|  89|0x000000070b200000, 0x000000070b200000, 0x000000070b400000|  0%| F|  |TAMS 0x000000070b200000, 0x000000070b200000| Untracked 
|  90|0x000000070b400000, 0x000000070b400000, 0x000000070b600000|  0%| F|  |TAMS 0x000000070b400000, 0x000000070b400000| Untracked 
|  91|0x000000070b600000, 0x000000070b600000, 0x000000070b800000|  0%| F|  |TAMS 0x000000070b600000, 0x000000070b600000| Untracked 
|  92|0x000000070b800000, 0x000000070b800000, 0x000000070ba00000|  0%| F|  |TAMS 0x000000070b800000, 0x000000070b800000| Untracked 
|  93|0x000000070ba00000, 0x000000070ba00000, 0x000000070bc00000|  0%| F|  |TAMS 0x000000070ba00000, 0x000000070ba00000| Untracked 
|  94|0x000000070bc00000, 0x000000070bc00000, 0x000000070be00000|  0%| F|  |TAMS 0x000000070bc00000, 0x000000070bc00000| Untracked 
|  95|0x000000070be00000, 0x000000070be00000, 0x000000070c000000|  0%| F|  |TAMS 0x000000070be00000, 0x000000070be00000| Untracked 
|  96|0x000000070c000000, 0x000000070c000000, 0x000000070c200000|  0%| F|  |TAMS 0x000000070c000000, 0x000000070c000000| Untracked 
|  97|0x000000070c200000, 0x000000070c200000, 0x000000070c400000|  0%| F|  |TAMS 0x000000070c200000, 0x000000070c200000| Untracked 
|  98|0x000000070c400000, 0x000000070c400000, 0x000000070c600000|  0%| F|  |TAMS 0x000000070c400000, 0x000000070c400000| Untracked 
|  99|0x000000070c600000, 0x000000070c600000, 0x000000070c800000|  0%| F|  |TAMS 0x000000070c600000, 0x000000070c600000| Untracked 
| 100|0x000000070c800000, 0x000000070c800000, 0x000000070ca00000|  0%| F|  |TAMS 0x000000070c800000, 0x000000070c800000| Untracked 
| 101|0x000000070ca00000, 0x000000070ca00000, 0x000000070cc00000|  0%| F|  |TAMS 0x000000070ca00000, 0x000000070ca00000| Untracked 
| 102|0x000000070cc00000, 0x000000070cc00000, 0x000000070ce00000|  0%| F|  |TAMS 0x000000070cc00000, 0x000000070cc00000| Untracked 
| 103|0x000000070ce00000, 0x000000070ce00000, 0x000000070d000000|  0%| F|  |TAMS 0x000000070ce00000, 0x000000070ce00000| Untracked 
| 104|0x000000070d000000, 0x000000070d000000, 0x000000070d200000|  0%| F|  |TAMS 0x000000070d000000, 0x000000070d000000| Untracked 
| 105|0x000000070d200000, 0x000000070d200000, 0x000000070d400000|  0%| F|  |TAMS 0x000000070d200000, 0x000000070d200000| Untracked 
| 106|0x000000070d400000, 0x000000070d400000, 0x000000070d600000|  0%| F|  |TAMS 0x000000070d400000, 0x000000070d400000| Untracked 
| 107|0x000000070d600000, 0x000000070d600000, 0x000000070d800000|  0%| F|  |TAMS 0x000000070d600000, 0x000000070d600000| Untracked 
| 108|0x000000070d800000, 0x000000070d800000, 0x000000070da00000|  0%| F|  |TAMS 0x000000070d800000, 0x000000070d800000| Untracked 
| 109|0x000000070da00000, 0x000000070da00000, 0x000000070dc00000|  0%| F|  |TAMS 0x000000070da00000, 0x000000070da00000| Untracked 
| 110|0x000000070dc00000, 0x000000070dc00000, 0x000000070de00000|  0%| F|  |TAMS 0x000000070dc00000, 0x000000070dc00000| Untracked 
| 111|0x000000070de00000, 0x000000070de00000, 0x000000070e000000|  0%| F|  |TAMS 0x000000070de00000, 0x000000070de00000| Untracked 
| 112|0x000000070e000000, 0x000000070e000000, 0x000000070e200000|  0%| F|  |TAMS 0x000000070e000000, 0x000000070e000000| Untracked 
| 113|0x000000070e200000, 0x000000070e200000, 0x000000070e400000|  0%| F|  |TAMS 0x000000070e200000, 0x000000070e200000| Untracked 
| 114|0x000000070e400000, 0x000000070e400000, 0x000000070e600000|  0%| F|  |TAMS 0x000000070e400000, 0x000000070e400000| Untracked 
| 115|0x000000070e600000, 0x000000070e65ffe8, 0x000000070e800000| 18%| S|CS|TAMS 0x000000070e600000, 0x000000070e600000| Complete 
| 116|0x000000070e800000, 0x000000070ea00000, 0x000000070ea00000|100%| S|CS|TAMS 0x000000070e800000, 0x000000070e800000| Complete 
| 117|0x000000070ea00000, 0x000000070ea00000, 0x000000070ec00000|  0%| F|  |TAMS 0x000000070ea00000, 0x000000070ea00000| Untracked 
| 118|0x000000070ec00000, 0x000000070ec00000, 0x000000070ee00000|  0%| F|  |TAMS 0x000000070ec00000, 0x000000070ec00000| Untracked 
| 119|0x000000070ee00000, 0x000000070ee00000, 0x000000070f000000|  0%| F|  |TAMS 0x000000070ee00000, 0x000000070ee00000| Untracked 
| 120|0x000000070f000000, 0x000000070f0b6b18, 0x000000070f200000| 35%| E|  |TAMS 0x000000070f000000, 0x000000070f000000| Complete 
| 121|0x000000070f200000, 0x000000070f400000, 0x000000070f400000|100%| E|CS|TAMS 0x000000070f200000, 0x000000070f200000| Complete 
| 122|0x000000070f400000, 0x000000070f600000, 0x000000070f600000|100%| E|CS|TAMS 0x000000070f400000, 0x000000070f400000| Complete 
| 123|0x000000070f600000, 0x000000070f800000, 0x000000070f800000|100%| E|CS|TAMS 0x000000070f600000, 0x000000070f600000| Complete 
| 124|0x000000070f800000, 0x000000070fa00000, 0x000000070fa00000|100%| E|CS|TAMS 0x000000070f800000, 0x000000070f800000| Complete 
| 125|0x000000070fa00000, 0x000000070fc00000, 0x000000070fc00000|100%| E|CS|TAMS 0x000000070fa00000, 0x000000070fa00000| Complete 
| 126|0x000000070fc00000, 0x000000070fe00000, 0x000000070fe00000|100%| E|CS|TAMS 0x000000070fc00000, 0x000000070fc00000| Complete 
| 127|0x000000070fe00000, 0x0000000710000000, 0x0000000710000000|100%| E|CS|TAMS 0x000000070fe00000, 0x000000070fe00000| Complete 
|2046|0x00000007ffc00000, 0x00000007ffd78000, 0x00000007ffe00000| 73%|OA|  |TAMS 0x00000007ffc00000, 0x00000007ffc00000| Untracked 
|2047|0x00000007ffe00000, 0x00000007ffe80000, 0x0000000800000000| 25%|CA|  |TAMS 0x00000007ffe00000, 0x00000007ffe00000| Untracked 

Card table byte_map: [0x000000011c99c000,0x000000011d19c000] _byte_map_base: 0x000000011919c000

Marking Bits (Prev, Next): (CMBitMap*) 0x0000000123032810, (CMBitMap*) 0x0000000123032850
 Prev Bits: [0x0000000124000000, 0x0000000128000000)
 Next Bits: [0x0000000130000000, 0x0000000134000000)

Polling page: 0x0000000104300000

Metaspace:

Usage:
  Non-class:      6.36 MB used.
      Class:   1004.01 KB used.
       Both:      7.35 MB used.

Virtual space:
  Non-class space:       16.00 MB reserved,       6.50 MB ( 41%) committed,  2 nodes.
      Class space:        1.00 GB reserved,       1.06 MB ( <1%) committed,  1 nodes.
             Both:        1.02 GB reserved,       7.56 MB ( <1%) committed. 

Chunk freelists:
   Non-Class:  3.11 MB
       Class:  2.88 MB
        Both:  5.98 MB

MaxMetaspaceSize: unlimited
CompressedClassSpaceSize: 1.00 GB
Initial GC threshold: 21.00 MB
Current GC threshold: 21.00 MB
CDS: on
MetaspaceReclaimPolicy: balanced
 - commit_granule_bytes: 65536.
 - commit_granule_words: 8192.
 - virtual_space_node_default_size: 1048576.
 - enlarge_chunks_in_place: 1.
 - new_chunks_are_fully_committed: 0.
 - uncommit_free_chunks: 1.
 - use_allocation_guard: 0.
 - handle_deallocations: 1.


Internal statistics:

num_allocs_failed_limit: 0.
num_arena_births: 94.
num_arena_deaths: 0.
num_vsnodes_births: 3.
num_vsnodes_deaths: 0.
num_space_committed: 121.
num_space_uncommitted: 0.
num_chunks_returned_to_freelist: 0.
num_chunks_taken_from_freelist: 343.
num_chunk_merges: 0.
num_chunk_splits: 245.
num_chunks_enlarged: 203.
num_purges: 0.
num_inconsistent_stats: 0.

CodeHeap 'non-profiled nmethods': size=120032Kb used=392Kb max_used=392Kb free=119639Kb
 bounds [0x0000000115464000, 0x00000001156d4000, 0x000000011c99c000]
CodeHeap 'profiled nmethods': size=120016Kb used=2089Kb max_used=2089Kb free=117926Kb
 bounds [0x000000010df30000, 0x000000010e1a0000, 0x0000000115464000]
CodeHeap 'non-nmethods': size=5712Kb used=1280Kb max_used=1302Kb free=4431Kb
 bounds [0x000000010d99c000, 0x000000010dc0c000, 0x000000010df30000]
 total_blobs=1864 nmethods=1216 adapters=565
 compilation: enabled
              stopped_count=0, restarted_count=0
 full_count=0

Compilation events (20 events):
Event: 13.228 Thread 0x0000000123810a00 1248       3       com.sun.javafx.event.CompositeEventDispatcher::dispatchBubblingEvent (35 bytes)
Event: 13.228 Thread 0x0000000123810a00 nmethod 1248 0x000000010e137410 code [0x000000010e137600, 0x000000010e137b08]
Event: 13.234 Thread 0x0000000123810a00 1249       3       javafx.scene.Scene$TargetWrapper::getEventTarget (19 bytes)
Event: 13.235 Thread 0x0000000123810a00 nmethod 1249 0x000000010e137c90 code [0x000000010e137e40, 0x000000010e137fe8]
Event: 13.267 Thread 0x0000000123810a00 1250       3       java.lang.Double::isNaN (12 bytes)
Event: 13.267 Thread 0x0000000123810a00 nmethod 1250 0x000000010e138090 code [0x000000010e138240, 0x000000010e1383a8]
Event: 13.544 Thread 0x000000012180d000 1251       4       java.util.HashMap::get (19 bytes)
Event: 13.550 Thread 0x000000012180d000 nmethod 1251 0x00000001154c5790 code [0x00000001154c5980, 0x00000001154c5e30]
Event: 13.561 Thread 0x0000000123810a00 1252       3       java.util.ArrayDeque::isEmpty (17 bytes)
Event: 13.561 Thread 0x0000000123810a00 nmethod 1252 0x000000010e138410 code [0x000000010e1385c0, 0x000000010e138768]
Event: 13.839 Thread 0x0000000123810a00 1253       3       javafx.scene.input.PickResult::<init> (47 bytes)
Event: 13.840 Thread 0x0000000123810a00 nmethod 1253 0x000000010e138810 code [0x000000010e138a00, 0x000000010e138ce8]
Event: 13.872 Thread 0x0000000123810a00 1254       3       java.util.EnumMap::get (29 bytes)
Event: 13.872 Thread 0x0000000123810a00 nmethod 1254 0x000000010e138e10 code [0x000000010e139000, 0x000000010e139458]
Event: 13.872 Thread 0x0000000123810a00 1255       3       java.util.EnumMap::isValidKey (36 bytes)
Event: 13.873 Thread 0x0000000123810a00 nmethod 1255 0x000000010e139610 code [0x000000010e1397c0, 0x000000010e139a98]
Event: 13.880 Thread 0x0000000123810a00 1256       3       javafx.scene.Node::getClip (21 bytes)
Event: 13.880 Thread 0x0000000123810a00 nmethod 1256 0x000000010e139b90 code [0x000000010e139d40, 0x000000010e139f58]
Event: 13.905 Thread 0x0000000123810a00 1257       3       javafx.scene.Node::isVisible (19 bytes)
Event: 13.906 Thread 0x0000000123810a00 nmethod 1257 0x000000010e13a010 code [0x000000010e13a1c0, 0x000000010e13a598]

GC Heap History (2 events):
Event: 1.120 GC heap before
{Heap before GC invocations=0 (full 0):
 garbage-first heap   total 266240K, used 24544K [0x0000000700000000, 0x0000000800000000)
  region size 2048K, 11 young (22528K), 0 survivors (0K)
 Metaspace       used 4785K, committed 4928K, reserved 1056768K
  class space    used 640K, committed 704K, reserved 1048576K
}
Event: 1.121 GC heap after
{Heap after GC invocations=1 (full 0):
 garbage-first heap   total 266240K, used 4447K [0x0000000700000000, 0x0000000800000000)
  region size 2048K, 2 young (4096K), 2 survivors (4096K)
 Metaspace       used 4785K, committed 4928K, reserved 1056768K
  class space    used 640K, committed 704K, reserved 1048576K
}

Deoptimization events (20 events):
Event: 0.167 Thread 0x000000012200b000 DEOPT PACKING pc=0x00000001154783c4 sp=0x000000016bf12100
Event: 0.167 Thread 0x000000012200b000 DEOPT UNPACKING pc=0x000000010d9dad1c sp=0x000000016bf12090 mode 2
Event: 0.170 Thread 0x000000012200b000 Uncommon trap: trap_request=0xfffffff4 fr.pc=0x0000000115475a98 relative=0x0000000000000158
Event: 0.170 Thread 0x000000012200b000 Uncommon trap: reason=null_check action=make_not_entrant pc=0x0000000115475a98 method=java.lang.String.equals(Ljava/lang/Object;)Z @ 8 c2
Event: 0.170 Thread 0x000000012200b000 DEOPT PACKING pc=0x0000000115475a98 sp=0x000000016bf11140
Event: 0.170 Thread 0x000000012200b000 DEOPT UNPACKING pc=0x000000010d9dad1c sp=0x000000016bf110e0 mode 2
Event: 0.171 Thread 0x000000012200b000 Uncommon trap: trap_request=0xffffff45 fr.pc=0x000000011547a76c relative=0x000000000000012c
Event: 0.171 Thread 0x000000012200b000 Uncommon trap: reason=unstable_if action=reinterpret pc=0x000000011547a76c method=java.lang.String.startsWith(Ljava/lang/String;I)Z @ 1 c2
Event: 0.171 Thread 0x000000012200b000 DEOPT PACKING pc=0x000000011547a76c sp=0x000000016bf11640
Event: 0.171 Thread 0x000000012200b000 DEOPT UNPACKING pc=0x000000010d9dad1c sp=0x000000016bf115a0 mode 2
Event: 0.174 Thread 0x000000012200b000 DEOPT PACKING pc=0x000000010df3d264 sp=0x000000016bf10700
Event: 0.174 Thread 0x000000012200b000 DEOPT UNPACKING pc=0x000000010d9dab7c sp=0x000000016bf10390 mode 0
Event: 1.097 Thread 0x0000000123314a00 Uncommon trap: trap_request=0xffffff45 fr.pc=0x000000011549cec4 relative=0x0000000000000044
Event: 1.097 Thread 0x0000000123314a00 Uncommon trap: reason=unstable_if action=reinterpret pc=0x000000011549cec4 method=java.lang.StringLatin1.canEncode(I)Z @ 4 c2
Event: 1.097 Thread 0x0000000123314a00 DEOPT PACKING pc=0x000000011549cec4 sp=0x000000016bc7df70
Event: 1.097 Thread 0x0000000123314a00 DEOPT UNPACKING pc=0x000000010d9dad1c sp=0x000000016bc7df00 mode 2
Event: 1.365 Thread 0x0000000123314a00 DEOPT PACKING pc=0x000000010e0399e8 sp=0x000000016bc7d2b0
Event: 1.365 Thread 0x0000000123314a00 DEOPT UNPACKING pc=0x000000010d9dab7c sp=0x000000016bc7cf40 mode 3
Event: 1.366 Thread 0x0000000123314a00 DEOPT PACKING pc=0x000000010e03a9d0 sp=0x000000016bc7d580
Event: 1.366 Thread 0x0000000123314a00 DEOPT UNPACKING pc=0x000000010d9dab7c sp=0x000000016bc7d240 mode 3

Classes unloaded (0 events):
No events

Classes redefined (0 events):
No events

Internal exceptions (19 events):
Event: 0.123 Thread 0x000000012200b000 Exception <a 'sun/nio/fs/UnixException'{0x000000070fe69d88}> (0x000000070fe69d88) 
thrown [open/src/hotspot/share/prims/jni.cpp, line 516]
Event: 0.170 Thread 0x000000012200b000 Implicit null exception at 0x000000011547597c to 0x0000000115475a8c
Event: 0.180 Thread 0x000000012200b000 Exception <a 'java/lang/NoSuchMethodError'{0x000000070f98c5f0}: 'java.lang.Object java.lang.invoke.DirectMethodHandle$Holder.invokeStaticInit(java.lang.Object)'> (0x000000070f98c5f0) 
thrown [open/src/hotspot/share/interpreter/linkResolver.cpp, line 766]
Event: 0.182 Thread 0x000000012200b000 Exception <a 'java/lang/NoSuchMethodError'{0x000000070f993930}: 'void java.lang.invoke.DirectMethodHandle$Holder.invokeStatic(java.lang.Object, java.lang.Object)'> (0x000000070f993930) 
thrown [open/src/hotspot/share/interpreter/linkResolver.cpp, line 766]
Event: 0.207 Thread 0x000000012200b000 Exception <a 'java/lang/NoSuchMethodError'{0x000000070f40cf30}: 'void java.lang.invoke.DirectMethodHandle$Holder.invokeSpecial(java.lang.Object, java.lang.Object, java.lang.Object)'> (0x000000070f40cf30) 
thrown [open/src/hotspot/share/interpreter/linkResolver.cpp, line 766]
Event: 0.212 Thread 0x000000012200b000 Exception <a 'java/lang/NoSuchMethodError'{0x000000070f449f10}: 'void java.lang.invoke.DirectMethodHandle$Holder.invokeStatic(java.lang.Object, java.lang.Object, java.lang.Object)'> (0x000000070f449f10) 
thrown [open/src/hotspot/share/interpreter/linkResolver.cpp, line 766]
Event: 0.744 Thread 0x000000012200b000 Exception <a 'java/lang/NoSuchMethodError'{0x000000070f466768}: 'int java.lang.invoke.DirectMethodHandle$Holder.invokeStaticInit(java.lang.Object, java.lang.Object, java.lang.Object)'> (0x000000070f466768) 
thrown [open/src/hotspot/share/interpreter/linkResolver.cpp, line 766]
Event: 1.082 Thread 0x0000000123314a00 Exception <a 'java/lang/NoSuchMethodError'{0x000000070f18fa28}: 'void java.lang.invoke.DirectMethodHandle$Holder.invokeStaticInit(java.lang.Object)'> (0x000000070f18fa28) 
thrown [open/src/hotspot/share/interpreter/linkResolver.cpp, line 766]
Event: 1.083 Thread 0x000000012200b000 Exception <a 'java/lang/NoSuchMethodError'{0x000000070f26de88}: 'java.lang.Object java.lang.invoke.DirectMethodHandle$Holder.newInvokeSpecial(java.lang.Object, java.lang.Object, java.lang.Object, java.lang.Object, java.lang.Object, java.lang.Object)'> (0x000000070f26de88) 
thrown [open/src/hotspot/share/interpreter/linkResolver.cpp, line 766]
Event: 1.088 Thread 0x000000012200b000 Exception <a 'java/lang/NoSuchMethodError'{0x000000070f1eebc8}: 'java.lang.Object java.lang.invoke.DirectMethodHandle$Holder.newInvokeSpecial(java.lang.Object, java.lang.Object, java.lang.Object, java.lang.Object, java.lang.Object)'> (0x000000070f1eebc8) 
thrown [open/src/hotspot/share/interpreter/linkResolver.cpp, line 766]
Event: 1.088 Thread 0x0000000121811a00 Exception <a 'java/lang/NoSuchMethodError'{0x000000070ee78838}: 'void java.lang.invoke.DirectMethodHandle$Holder.invokeStatic(java.lang.Object, java.lang.Object, java.lang.Object, java.lang.Object)'> (0x000000070ee78838) 
thrown [open/src/hotspot/share/interpreter/linkResolver.cpp, line 766]
Event: 1.105 Thread 0x0000000123314a00 Exception <a 'java/lang/NoSuchMethodError'{0x000000070edd6398}: 'java.lang.Object java.lang.invoke.DirectMethodHandle$Holder.invokeStaticInit(java.lang.Object, java.lang.Object, java.lang.Object, java.lang.Object)'> (0x000000070edd6398) 
thrown [open/src/hotspot/share/interpreter/linkResolver.cpp, line 766]
Event: 1.112 Thread 0x0000000123314a00 Exception <a 'java/lang/NullPointerException'{0x000000070eaa2580}> (0x000000070eaa2580) 
thrown [open/src/hotspot/share/interpreter/linkResolver.cpp, line 1357]
Event: 1.414 Thread 0x0000000123314a00 Exception <a 'java/lang/NoSuchMethodError'{0x000000070f816f10}: 'java.lang.Object java.lang.invoke.DirectMethodHandle$Holder.newInvokeSpecial(java.lang.Object, java.lang.Object, int)'> (0x000000070f816f10) 
thrown [open/src/hotspot/share/interpreter/linkResolver.cpp, line 766]
Event: 1.444 Thread 0x0000000123314a00 Exception <a 'java/lang/NoSuchMethodError'{0x000000070f83fc90}: 'long java.lang.invoke.DirectMethodHandle$Holder.invokeStatic(java.lang.Object, java.lang.Object, java.lang.Object)'> (0x000000070f83fc90) 
thrown [open/src/hotspot/share/interpreter/linkResolver.cpp, line 766]
Event: 1.444 Thread 0x0000000123314a00 Exception <a 'java/lang/NoSuchMethodError'{0x000000070f843438}: 'long java.lang.invoke.DirectMethodHandle$Holder.invokeStaticInit(java.lang.Object, java.lang.Object, java.lang.Object)'> (0x000000070f843438) 
thrown [open/src/hotspot/share/interpreter/linkResolver.cpp, line 766]
Event: 1.445 Thread 0x0000000123314a00 Exception <a 'java/lang/NoSuchMethodError'{0x000000070f85b3b8}: 'java.lang.Object java.lang.invoke.DirectMethodHandle$Holder.newInvokeSpecial(java.lang.Object, java.lang.Object, long)'> (0x000000070f85b3b8) 
thrown [open/src/hotspot/share/interpreter/linkResolver.cpp, line 766]
Event: 1.445 Thread 0x0000000123314a00 Exception <a 'java/lang/NoSuchMethodError'{0x000000070f85ec80}: 'java.lang.Object java.lang.invoke.Invokers$Holder.linkToTargetMethod(java.lang.Object, long, java.lang.Object)'> (0x000000070f85ec80) 
thrown [open/src/hotspot/share/interpreter/linkResolver.cpp, line 766]
Event: 1.455 Thread 0x0000000123815800 Exception <a 'java/lang/NoSuchMethodError'{0x000000070f73cc78}: 'int java.lang.invoke.DirectMethodHandle$Holder.invokeStaticInit(java.lang.Object, java.lang.Object)'> (0x000000070f73cc78) 
thrown [open/src/hotspot/share/interpreter/linkResolver.cpp, line 766]

VM Operations (20 events):
Event: 0.166 Executing VM operation: ICBufferFull
Event: 0.166 Executing VM operation: ICBufferFull done
Event: 1.120 Executing VM operation: G1CollectForAllocation
Event: 1.121 Executing VM operation: G1CollectForAllocation done
Event: 2.124 Executing VM operation: Cleanup
Event: 2.125 Executing VM operation: Cleanup done
Event: 3.126 Executing VM operation: Cleanup
Event: 3.127 Executing VM operation: Cleanup done
Event: 4.128 Executing VM operation: Cleanup
Event: 4.128 Executing VM operation: Cleanup done
Event: 5.131 Executing VM operation: Cleanup
Event: 5.132 Executing VM operation: Cleanup done
Event: 6.136 Executing VM operation: Cleanup
Event: 6.137 Executing VM operation: Cleanup done
Event: 12.164 Executing VM operation: Cleanup
Event: 12.164 Executing VM operation: Cleanup done
Event: 13.169 Executing VM operation: Cleanup
Event: 13.169 Executing VM operation: Cleanup done
Event: 14.174 Executing VM operation: Cleanup
Event: 14.174 Executing VM operation: Cleanup done

Events (20 events):
Event: 1.450 loading class java/lang/NegativeArraySizeException
Event: 1.450 loading class java/lang/NegativeArraySizeException done
Event: 1.456 loading class java/util/EnumMap$Values
Event: 1.456 loading class java/util/EnumMap$Values done
Event: 1.456 loading class java/util/EnumMap$ValueIterator
Event: 1.456 loading class java/util/EnumMap$EnumMapIterator
Event: 1.456 loading class java/util/EnumMap$EnumMapIterator done
Event: 1.456 loading class java/util/EnumMap$ValueIterator done
Event: 1.470 Thread 0x0000000123aa0000 Thread added: 0x0000000123aa0000
Event: 1.470 Protecting memory [0x000000016fdd8000,0x000000016fde4000] with protection modes 0
Event: 1.475 loading class java/nio/DirectByteBuffer$Deallocator
Event: 1.476 loading class java/nio/DirectByteBuffer$Deallocator done
Event: 1.476 loading class java/nio/DirectShortBufferU
Event: 1.476 loading class java/nio/ShortBuffer
Event: 1.476 loading class java/nio/ShortBuffer done
Event: 1.476 loading class java/nio/DirectShortBufferU done
Event: 1.476 loading class java/nio/DoubleBuffer
Event: 1.476 loading class java/nio/DoubleBuffer done
Event: 1.620 Protecting memory [0x000000016fdd8000,0x000000016fde4000] with protection modes 3
Event: 1.620 Thread 0x0000000123aa0000 Thread exited: 0x0000000123aa0000


Dynamic libraries:
0x00000001042b0000 	/Users/xuyi/opt/jdk-17.jdk/Contents/Home/lib/libjli.dylib
0x000000019753c000 	/usr/lib/libz.1.dylib
0x00000001975f3000 	/usr/lib/libSystem.B.dylib
0x00000001975ed000 	/usr/lib/system/libcache.dylib
0x00000001975ab000 	/usr/lib/system/libcommonCrypto.dylib
0x00000001975d4000 	/usr/lib/system/libcompiler_rt.dylib
0x00000001975cb000 	/usr/lib/system/libcopyfile.dylib
0x000000018c833000 	/usr/lib/system/libcorecrypto.dylib
0x000000018c8e6000 	/usr/lib/system/libdispatch.dylib
0x000000018cab4000 	/usr/lib/system/libdyld.dylib
0x00000001975e3000 	/usr/lib/system/libkeymgr.dylib
0x0000000197586000 	/usr/lib/system/libmacho.dylib
0x0000000196c7b000 	/usr/lib/system/libquarantine.dylib
0x00000001975e0000 	/usr/lib/system/libremovefile.dylib
0x0000000191c1c000 	/usr/lib/system/libsystem_asl.dylib
0x000000018c7d5000 	/usr/lib/system/libsystem_blocks.dylib
0x000000018c96e000 	/usr/lib/system/libsystem_c.dylib
0x00000001975d8000 	/usr/lib/system/libsystem_collections.dylib
0x0000000196109000 	/usr/lib/system/libsystem_configuration.dylib
0x0000000195365000 	/usr/lib/system/libsystem_containermanager.dylib
0x00000001972e8000 	/usr/lib/system/libsystem_coreservices.dylib
0x000000018f1dc000 	/usr/lib/system/libsystem_darwin.dylib
0x00000001975e4000 	/usr/lib/system/libsystem_dnssd.dylib
0x000000018c96b000 	/usr/lib/system/libsystem_featureflags.dylib
0x000000018cac9000 	/usr/lib/system/libsystem_info.dylib
0x000000019754e000 	/usr/lib/system/libsystem_m.dylib
0x000000018c8bb000 	/usr/lib/system/libsystem_malloc.dylib
0x0000000191bab000 	/usr/lib/system/libsystem_networkextension.dylib
0x000000018f635000 	/usr/lib/system/libsystem_notify.dylib
0x000000019d931000 	/usr/lib/system/libsystem_product_info_filter.dylib
0x000000019610e000 	/usr/lib/system/libsystem_sandbox.dylib
0x00000001975dd000 	/usr/lib/system/libsystem_secinit.dylib
0x000000018ca6f000 	/usr/lib/system/libsystem_kernel.dylib
0x000000018cac1000 	/usr/lib/system/libsystem_platform.dylib
0x000000018caa7000 	/usr/lib/system/libsystem_pthread.dylib
0x0000000193374000 	/usr/lib/system/libsystem_symptoms.dylib
0x000000018c819000 	/usr/lib/system/libsystem_trace.dylib
0x00000001975b8000 	/usr/lib/system/libunwind.dylib
0x000000018c7d7000 	/usr/lib/system/libxpc.dylib
0x000000018ca57000 	/usr/lib/libc++abi.dylib
0x000000018c92d000 	/usr/lib/libobjc.A.dylib
0x00000001975c3000 	/usr/lib/liboah.dylib
0x000000018c9f0000 	/usr/lib/libc++.1.dylib
0x00000001a344a000 	/System/Library/Frameworks/Cocoa.framework/Versions/A/Cocoa
0x000000018f696000 	/System/Library/Frameworks/AppKit.framework/Versions/C/AppKit
0x0000000192b9c000 	/System/Library/Frameworks/CoreData.framework/Versions/A/CoreData
0x000000018d9f1000 	/System/Library/Frameworks/Foundation.framework/Versions/C/Foundation
0x000000019054e000 	/System/Library/PrivateFrameworks/UIFoundation.framework/Versions/A/UIFoundation
0x000000019d62b000 	/System/Library/PrivateFrameworks/RemoteViewServices.framework/Versions/A/RemoteViewServices
0x0000000195ab1000 	/System/Library/PrivateFrameworks/XCTTargetBootstrap.framework/Versions/A/XCTTargetBootstrap
0x000000019932f000 	/System/Library/PrivateFrameworks/InternationalSupport.framework/Versions/A/InternationalSupport
0x00000001993b8000 	/System/Library/PrivateFrameworks/UserActivity.framework/Versions/A/UserActivity
0x000000019882a000 	/usr/lib/libspindump.dylib
0x00000001907bf000 	/System/Library/Frameworks/UniformTypeIdentifiers.framework/Versions/A/UniformTypeIdentifiers
0x0000000193ffc000 	/usr/lib/libapp_launch_measurement.dylib
0x0000000193526000 	/System/Library/PrivateFrameworks/CoreAnalytics.framework/Versions/A/CoreAnalytics
0x0000000193fff000 	/System/Library/PrivateFrameworks/CoreAutoLayout.framework/Versions/A/CoreAutoLayout
0x00000001953a2000 	/System/Library/Frameworks/Metal.framework/Versions/A/Metal
0x0000000196119000 	/usr/lib/liblangid.dylib
0x0000000195ab6000 	/System/Library/PrivateFrameworks/CoreSVG.framework/Versions/A/CoreSVG
0x0000000191c50000 	/System/Library/PrivateFrameworks/SkyLight.framework/Versions/A/SkyLight
0x0000000192025000 	/System/Library/Frameworks/CoreGraphics.framework/Versions/A/CoreGraphics
0x000000019dcf7000 	/System/Library/Frameworks/Accelerate.framework/Versions/A/Accelerate
0x00000001982a1000 	/System/Library/PrivateFrameworks/IconServices.framework/Versions/A/IconServices
0x0000000195384000 	/System/Library/Frameworks/IOSurface.framework/Versions/A/IOSurface
0x0000000193557000 	/usr/lib/libDiagnosticMessagesClient.dylib
0x00000001a11f8000 	/System/Library/Frameworks/ApplicationServices.framework/Versions/A/ApplicationServices
0x0000000195a99000 	/System/Library/PrivateFrameworks/DFRFoundation.framework/Versions/A/DFRFoundation
0x000000018ef26000 	/usr/lib/libicucore.A.dylib
0x000000019a1db000 	/System/Library/Frameworks/AudioToolbox.framework/Versions/A/AudioToolbox
0x000000019933b000 	/System/Library/PrivateFrameworks/DataDetectorsCore.framework/Versions/A/DataDetectorsCore
0x00000001afc7b000 	/System/Library/PrivateFrameworks/TextInput.framework/Versions/A/TextInput
0x0000000191bc5000 	/usr/lib/libMobileGestalt.dylib
0x0000000195765000 	/System/Library/Frameworks/Carbon.framework/Versions/A/Frameworks/HIToolbox.framework/Versions/A/HIToolbox
0x00000001939d8000 	/System/Library/Frameworks/QuartzCore.framework/Versions/A/QuartzCore
0x000000018eba9000 	/System/Library/Frameworks/Security.framework/Versions/A/Security
0x000000019d66b000 	/System/Library/Frameworks/Carbon.framework/Versions/A/Frameworks/SpeechRecognition.framework/Versions/A/SpeechRecognition
0x0000000193d52000 	/System/Library/PrivateFrameworks/CoreUI.framework/Versions/A/CoreUI
0x000000018e486000 	/System/Library/Frameworks/CoreAudio.framework/Versions/A/CoreAudio
0x000000019364c000 	/System/Library/Frameworks/DiskArbitration.framework/Versions/A/DiskArbitration
0x0000000198c34000 	/System/Library/PrivateFrameworks/MultitouchSupport.framework/Versions/A/MultitouchSupport
0x0000000191bc3000 	/usr/lib/libenergytrace.dylib
0x000000018f55e000 	/System/Library/Frameworks/IOKit.framework/Versions/A/IOKit
0x000000019da5a000 	/System/Library/Frameworks/CoreServices.framework/Versions/A/CoreServices
0x0000000193f8c000 	/System/Library/PrivateFrameworks/PerformanceAnalysis.framework/Versions/A/PerformanceAnalysis
0x00000001edf63000 	/System/Library/Frameworks/OpenGL.framework/Versions/A/OpenGL
0x0000000196b93000 	/System/Library/PrivateFrameworks/MobileKeyBag.framework/Versions/A/MobileKeyBag
0x0000000192632000 	/System/Library/Frameworks/ColorSync.framework/Versions/A/ColorSync
0x000000018caf6000 	/System/Library/Frameworks/CoreFoundation.framework/Versions/A/CoreFoundation
0x0000000195d35000 	/System/Library/Frameworks/CoreImage.framework/Versions/A/CoreImage
0x000000018e2aa000 	/System/Library/Frameworks/CoreText.framework/Versions/A/CoreText
0x0000000195ae6000 	/System/Library/Frameworks/ImageIO.framework/Versions/A/ImageIO
0x00000001975f9000 	/System/Library/PrivateFrameworks/SoftLinking.framework/Versions/A/SoftLinking
0x000000019404a000 	/usr/lib/libxml2.2.dylib
0x0000000197892000 	/usr/lib/libcompression.dylib
0x000000019928b000 	/System/Library/PrivateFrameworks/TextureIO.framework/Versions/A/TextureIO
0x0000000197fba000 	/usr/lib/libate.dylib
0x0000000197e7f000 	/usr/lib/liblzma.5.dylib
0x000000018d6e5000 	/System/Library/Frameworks/SystemConfiguration.framework/Versions/A/SystemConfiguration
0x00000001975f5000 	/usr/lib/libfakelink.dylib
0x00000001916f7000 	/System/Library/Frameworks/CFNetwork.framework/Versions/A/CFNetwork
0x000000019773b000 	/usr/lib/libarchive.2.dylib
0x0000000196115000 	/System/Library/PrivateFrameworks/AppleSystemInfo.framework/Versions/A/AppleSystemInfo
0x0000000196ca6000 	/usr/lib/libbsm.0.dylib
0x0000000190c68000 	/usr/lib/libnetwork.dylib
0x000000019758f000 	/usr/lib/system/libkxld.dylib
0x00000001968b9000 	/System/Library/PrivateFrameworks/IOMobileFramebuffer.framework/Versions/A/IOMobileFramebuffer
0x000000020b88f000 	/usr/lib/libCoreEntitlements.dylib
0x00000001972ca000 	/System/Library/PrivateFrameworks/AppleFSCompression.framework/Versions/A/AppleFSCompression
0x0000000196c8e000 	/usr/lib/libcoretls.dylib
0x0000000197e98000 	/usr/lib/libcoretls_cfhelpers.dylib
0x000000019788d000 	/usr/lib/libpam.2.dylib
0x0000000192f8b000 	/usr/lib/libsqlite3.dylib
0x0000000197f01000 	/usr/lib/libxar.1.dylib
0x00000001972db000 	/usr/lib/libbz2.1.0.dylib
0x00000001975fa000 	/usr/lib/libpcap.A.dylib
0x000000019336b000 	/usr/lib/libdns_services.dylib
0x0000000197860000 	/usr/lib/libapple_nghttp2.dylib
0x0000000197637000 	/usr/lib/libiconv.2.dylib
0x0000000197585000 	/usr/lib/libcharset.1.dylib
0x0000000193fc8000 	/System/Library/Frameworks/CoreServices.framework/Versions/A/Frameworks/FSEvents.framework/Versions/A/FSEvents
0x000000018f1e7000 	/System/Library/Frameworks/CoreServices.framework/Versions/A/Frameworks/CarbonCore.framework/Versions/A/CarbonCore
0x00000001935ac000 	/System/Library/Frameworks/CoreServices.framework/Versions/A/Frameworks/Metadata.framework/Versions/A/Metadata
0x00000001972ee000 	/System/Library/Frameworks/CoreServices.framework/Versions/A/Frameworks/OSServices.framework/Versions/A/OSServices
0x00000001977c1000 	/System/Library/Frameworks/CoreServices.framework/Versions/A/Frameworks/SearchKit.framework/Versions/A/SearchKit
0x00000001932fa000 	/System/Library/Frameworks/CoreServices.framework/Versions/A/Frameworks/AE.framework/Versions/A/AE
0x000000018d03c000 	/System/Library/Frameworks/CoreServices.framework/Versions/A/Frameworks/LaunchServices.framework/Versions/A/LaunchServices
0x0000000197e28000 	/System/Library/Frameworks/CoreServices.framework/Versions/A/Frameworks/DictionaryServices.framework/Versions/A/DictionaryServices
0x0000000193fd5000 	/System/Library/Frameworks/CoreServices.framework/Versions/A/Frameworks/SharedFileList.framework/Versions/A/SharedFileList
0x0000000196c7e000 	/usr/lib/libCheckFix.dylib
0x0000000191c34000 	/System/Library/PrivateFrameworks/TCC.framework/Versions/A/TCC
0x000000019611b000 	/System/Library/PrivateFrameworks/CoreNLP.framework/Versions/A/CoreNLP
0x000000019355a000 	/System/Library/PrivateFrameworks/MetadataUtilities.framework/Versions/A/MetadataUtilities
0x000000018d79e000 	/usr/lib/libmecabra.dylib
0x0000000196cb7000 	/usr/lib/libmecab.dylib
0x000000018d76a000 	/usr/lib/libCRFSuite.dylib
0x0000000196d14000 	/usr/lib/libgermantok.dylib
0x0000000197839000 	/usr/lib/libThaiTokenizer.dylib
0x0000000193654000 	/System/Library/Frameworks/Accelerate.framework/Versions/A/Frameworks/vImage.framework/Versions/A/vImage
0x000000019da31000 	/System/Library/Frameworks/Accelerate.framework/Versions/A/Frameworks/vecLib.framework/Versions/A/vecLib
0x0000000197f46000 	/System/Library/Frameworks/Accelerate.framework/Versions/A/Frameworks/vecLib.framework/Versions/A/libvMisc.dylib
0x00000001967c0000 	/System/Library/Frameworks/Accelerate.framework/Versions/A/Frameworks/vecLib.framework/Versions/A/libvDSP.dylib
0x000000018d3c5000 	/System/Library/Frameworks/Accelerate.framework/Versions/A/Frameworks/vecLib.framework/Versions/A/libBLAS.dylib
0x0000000197963000 	/System/Library/Frameworks/Accelerate.framework/Versions/A/Frameworks/vecLib.framework/Versions/A/libLAPACK.dylib
0x0000000196d17000 	/System/Library/Frameworks/Accelerate.framework/Versions/A/Frameworks/vecLib.framework/Versions/A/libLinearAlgebra.dylib
0x0000000197878000 	/System/Library/Frameworks/Accelerate.framework/Versions/A/Frameworks/vecLib.framework/Versions/A/libSparseBLAS.dylib
0x000000019795e000 	/System/Library/Frameworks/Accelerate.framework/Versions/A/Frameworks/vecLib.framework/Versions/A/libQuadrature.dylib
0x0000000196214000 	/System/Library/Frameworks/Accelerate.framework/Versions/A/Frameworks/vecLib.framework/Versions/A/libBNNS.dylib
0x000000018d683000 	/System/Library/Frameworks/Accelerate.framework/Versions/A/Frameworks/vecLib.framework/Versions/A/libSparse.dylib
0x000000019620c000 	/System/Library/PrivateFrameworks/LinguisticData.framework/Versions/A/LinguisticData
0x000000018d63b000 	/System/Library/PrivateFrameworks/Lexicon.framework/Versions/A/Lexicon
0x0000000197f3e000 	/usr/lib/libChineseTokenizer.dylib
0x000000018dde2000 	/System/Library/PrivateFrameworks/LanguageModeling.framework/Versions/A/LanguageModeling
0x000000019783b000 	/System/Library/PrivateFrameworks/AppleSauce.framework/Versions/A/AppleSauce
0x00000001968a6000 	/System/Library/PrivateFrameworks/CoreEmoji.framework/Versions/A/CoreEmoji
0x0000000197729000 	/usr/lib/libcmph.dylib
0x0000000193fa8000 	/System/Library/Frameworks/OpenDirectory.framework/Versions/A/Frameworks/CFOpenDirectory.framework/Versions/A/CFOpenDirectory
0x0000000193f98000 	/System/Library/Frameworks/OpenDirectory.framework/Versions/A/OpenDirectory
0x0000000197e9a000 	/System/Library/PrivateFrameworks/APFS.framework/Versions/A/APFS
0x0000000196bce000 	/System/Library/Frameworks/SecurityFoundation.framework/Versions/A/SecurityFoundation
0x0000000197f10000 	/usr/lib/libutil.dylib
0x000000018f520000 	/System/Library/PrivateFrameworks/CoreServicesStore.framework/Versions/A/CoreServicesStore
0x0000000197f14000 	/usr/lib/libxslt.1.dylib
0x0000000196c62000 	/System/Library/PrivateFrameworks/BackgroundTaskManagement.framework/Versions/A/BackgroundTaskManagement
0x00000001991ac000 	/System/Library/Frameworks/ImageIO.framework/Versions/A/Resources/libRadiance.dylib
0x00000001991b5000 	/System/Library/Frameworks/ImageIO.framework/Versions/A/Resources/libJPEG.dylib
0x0000000199108000 	/System/Library/Frameworks/ImageIO.framework/Versions/A/Resources/libPng.dylib
0x000000019912a000 	/System/Library/Frameworks/ImageIO.framework/Versions/A/Resources/libTIFF.dylib
0x0000000199210000 	/System/Library/Frameworks/ImageIO.framework/Versions/A/Resources/libGIF.dylib
0x0000000198b44000 	/System/Library/Frameworks/ImageIO.framework/Versions/A/Resources/libJP2.dylib
0x0000000198266000 	/usr/lib/libexpat.1.dylib
0x0000000198aff000 	/System/Library/PrivateFrameworks/AppleJPEG.framework/Versions/A/AppleJPEG
0x0000000195621000 	/System/Library/PrivateFrameworks/FontServices.framework/libFontParser.dylib
0x000000019329f000 	/System/Library/PrivateFrameworks/RunningBoardServices.framework/Versions/A/RunningBoardServices
0x00000001a3b1d000 	/System/Library/PrivateFrameworks/IOSurfaceAccelerator.framework/Versions/A/IOSurfaceAccelerator
0x0000000198c30000 	/System/Library/PrivateFrameworks/WatchdogClient.framework/Versions/A/WatchdogClient
0x000000018dee6000 	/System/Library/Frameworks/CoreDisplay.framework/Versions/A/CoreDisplay
0x000000019550b000 	/System/Library/Frameworks/CoreMedia.framework/Versions/A/CoreMedia
0x0000000195398000 	/System/Library/PrivateFrameworks/IOAccelerator.framework/Versions/A/IOAccelerator
0x0000000194138000 	/System/Library/Frameworks/CoreVideo.framework/Versions/A/CoreVideo
0x000000019788b000 	/System/Library/Frameworks/MetalPerformanceShaders.framework/Versions/A/MetalPerformanceShaders
0x0000000198c6f000 	/System/Library/Frameworks/VideoToolbox.framework/Versions/A/VideoToolbox
0x00000001931e3000 	/System/Library/PrivateFrameworks/BaseBoard.framework/Versions/A/BaseBoard
0x0000000192f71000 	/System/Library/PrivateFrameworks/ProtocolBuffer.framework/Versions/A/ProtocolBuffer
0x00000001991a7000 	/System/Library/PrivateFrameworks/GPUWrangler.framework/Versions/A/GPUWrangler
0x0000000199187000 	/System/Library/PrivateFrameworks/IOPresentment.framework/Versions/A/IOPresentment
0x00000001991af000 	/System/Library/PrivateFrameworks/DSExternalDisplay.framework/Versions/A/DSExternalDisplay
0x00000001edf56000 	/System/Library/Frameworks/OpenGL.framework/Versions/A/Libraries/libCoreFSCache.dylib
0x00000001f8415000 	/System/Library/PrivateFrameworks/GPUCompiler.framework/Versions/31001/Libraries/libGPUCompilerUtils.dylib
0x0000000199215000 	/System/Library/PrivateFrameworks/CMCaptureCore.framework/Versions/A/CMCaptureCore
0x0000000198817000 	/System/Library/PrivateFrameworks/AppServerSupport.framework/Versions/A/AppServerSupport
0x000000019aa98000 	/System/Library/PrivateFrameworks/perfdata.framework/Versions/A/perfdata
0x000000018e006000 	/System/Library/PrivateFrameworks/AudioToolboxCore.framework/Versions/A/AudioToolboxCore
0x00000001954e4000 	/System/Library/PrivateFrameworks/caulk.framework/Versions/A/caulk
0x000000019a38d000 	/usr/lib/libAudioStatistics.dylib
0x00000001ac2e2000 	/System/Library/PrivateFrameworks/SystemPolicy.framework/Versions/A/SystemPolicy
0x000000019a5f9000 	/usr/lib/libSMC.dylib
0x00000001a332c000 	/System/Library/Frameworks/CoreMIDI.framework/Versions/A/CoreMIDI
0x00000001990d6000 	/usr/lib/libAudioToolboxUtility.dylib
0x00000001a83af000 	/System/Library/PrivateFrameworks/OSAServicesClient.framework/Versions/A/OSAServicesClient
0x000000019aaa5000 	/usr/lib/libperfcheck.dylib
0x00000001acdfa000 	/usr/lib/libmis.dylib
0x00000001edfb8000 	/System/Library/Frameworks/OpenGL.framework/Versions/A/Libraries/libGLU.dylib
0x00000001edf77000 	/System/Library/Frameworks/OpenGL.framework/Versions/A/Libraries/libGFXShared.dylib
0x00000001ee164000 	/System/Library/Frameworks/OpenGL.framework/Versions/A/Libraries/libGL.dylib
0x00000001edf80000 	/System/Library/Frameworks/OpenGL.framework/Versions/A/Libraries/libGLImage.dylib
0x00000001edf74000 	/System/Library/Frameworks/OpenGL.framework/Versions/A/Libraries/libCVMSPluginSupport.dylib
0x00000001edf5d000 	/System/Library/Frameworks/OpenGL.framework/Versions/A/Libraries/libCoreVMClient.dylib
0x0000000196095000 	/System/Library/Frameworks/MetalPerformanceShaders.framework/Versions/A/Frameworks/MPSCore.framework/Versions/A/MPSCore
0x000000019723d000 	/System/Library/Frameworks/MetalPerformanceShaders.framework/Versions/A/Frameworks/MPSImage.framework/Versions/A/MPSImage
0x0000000196d2c000 	/System/Library/Frameworks/MetalPerformanceShaders.framework/Versions/A/Frameworks/MPSNeuralNetwork.framework/Versions/A/MPSNeuralNetwork
0x0000000197165000 	/System/Library/Frameworks/MetalPerformanceShaders.framework/Versions/A/Frameworks/MPSMatrix.framework/Versions/A/MPSMatrix
0x0000000196f3e000 	/System/Library/Frameworks/MetalPerformanceShaders.framework/Versions/A/Frameworks/MPSRayIntersector.framework/Versions/A/MPSRayIntersector
0x0000000197196000 	/System/Library/Frameworks/MetalPerformanceShaders.framework/Versions/A/Frameworks/MPSNDArray.framework/Versions/A/MPSNDArray
0x00000001f00cf000 	/System/Library/Frameworks/MetalPerformanceShaders.framework/Versions/A/Frameworks/MPSFunctions.framework/Versions/A/MPSFunctions
0x000000018d29c000 	/System/Library/PrivateFrameworks/MetalTools.framework/Versions/A/MetalTools
0x0000000196113000 	/System/Library/PrivateFrameworks/AggregateDictionary.framework/Versions/A/AggregateDictionary
0x000000019804b000 	/usr/lib/libIOReport.dylib
0x00000001a234a000 	/System/Library/PrivateFrameworks/ASEProcessing.framework/Versions/A/ASEProcessing
0x00000001983c0000 	/System/Library/PrivateFrameworks/FaceCore.framework/Versions/A/FaceCore
0x00000001983b2000 	/System/Library/PrivateFrameworks/GraphVisualizer.framework/Versions/A/GraphVisualizer
0x00000001f832c000 	/System/Library/PrivateFrameworks/FontServices.framework/Versions/A/FontServices
0x00000001987d3000 	/System/Library/PrivateFrameworks/OTSVG.framework/Versions/A/OTSVG
0x0000000193d02000 	/System/Library/Frameworks/ApplicationServices.framework/Versions/A/Frameworks/ATS.framework/Versions/A/Resources/libFontRegistry.dylib
0x0000000198820000 	/System/Library/PrivateFrameworks/FontServices.framework/libhvf.dylib
0x00000001f832d000 	/System/Library/PrivateFrameworks/FontServices.framework/libXTFontStaticRegistryData.dylib
0x00000001ee305000 	/System/Library/Frameworks/OpenCL.framework/Versions/A/OpenCL
0x000000019821a000 	/System/Library/PrivateFrameworks/AppleVA.framework/Versions/A/AppleVA
0x000000019a3b5000 	/System/Library/Frameworks/ApplicationServices.framework/Versions/A/Frameworks/ATS.framework/Versions/A/ATS
0x000000019272f000 	/System/Library/Frameworks/ApplicationServices.framework/Versions/A/Frameworks/HIServices.framework/Versions/A/HIServices
0x000000019921f000 	/System/Library/Frameworks/ApplicationServices.framework/Versions/A/Frameworks/PrintCore.framework/Versions/A/PrintCore
0x000000019a74c000 	/System/Library/Frameworks/ApplicationServices.framework/Versions/A/Frameworks/QD.framework/Versions/A/QD
0x000000019a744000 	/System/Library/Frameworks/ApplicationServices.framework/Versions/A/Frameworks/ColorSyncLegacy.framework/Versions/A/ColorSyncLegacy
0x000000019a3a1000 	/System/Library/Frameworks/ApplicationServices.framework/Versions/A/Frameworks/SpeechSynthesis.framework/Versions/A/SpeechSynthesis
0x00000001991e0000 	/System/Library/Frameworks/ApplicationServices.framework/Versions/A/Frameworks/ATSUI.framework/Versions/A/ATSUI
0x000000019a6d9000 	/usr/lib/libcups.2.dylib
0x000000019aab3000 	/System/Library/Frameworks/Kerberos.framework/Versions/A/Kerberos
0x000000019aac4000 	/System/Library/Frameworks/GSS.framework/Versions/A/GSS
0x000000019a425000 	/usr/lib/libresolv.9.dylib
0x000000019882f000 	/System/Library/PrivateFrameworks/Heimdal.framework/Versions/A/Heimdal
0x00000001a157f000 	/System/Library/Frameworks/Kerberos.framework/Versions/A/Libraries/libHeimdalProxy.dylib
0x000000019337d000 	/System/Library/Frameworks/Network.framework/Versions/A/Network
0x0000000198281000 	/usr/lib/libheimdal-asn1.dylib
0x000000019ab14000 	/System/Library/PrivateFrameworks/CommonAuth.framework/Versions/A/CommonAuth
0x000000019a31b000 	/System/Library/PrivateFrameworks/AudioSession.framework/Versions/A/AudioSession
0x0000000198313000 	/System/Library/PrivateFrameworks/MediaExperience.framework/Versions/A/MediaExperience
0x000000019a1a1000 	/System/Library/PrivateFrameworks/AudioSession.framework/libSessionUtility.dylib
0x000000019a758000 	/System/Library/PrivateFrameworks/AudioResourceArbitration.framework/Versions/A/AudioResourceArbitration
0x000000019e90e000 	/System/Library/PrivateFrameworks/PowerLog.framework/Versions/A/PowerLog
0x000000019828b000 	/System/Library/PrivateFrameworks/IconFoundation.framework/Versions/A/IconFoundation
0x000000019d657000 	/System/Library/PrivateFrameworks/SpeechRecognitionCore.framework/Versions/A/SpeechRecognitionCore
0x00000001d2269000 	/System/Library/CoreServices/Encodings/libSimplifiedChineseConverter.dylib
0x0000000105314000 	/Users/xuyi/opt/jdk-17.jdk/Contents/Home/lib/server/libjvm.dylib
0x0000000104314000 	/Users/xuyi/opt/jdk-17.jdk/Contents/Home/lib/libjimage.dylib
0x0000000104450000 	/Users/xuyi/opt/jdk-17.jdk/Contents/Home/lib/libjava.dylib
0x0000000105000000 	/Users/xuyi/opt/jdk-17.jdk/Contents/Home/lib/libnio.dylib
0x0000000105020000 	/Users/xuyi/opt/jdk-17.jdk/Contents/Home/lib/libnet.dylib
0x0000000104ec4000 	/Users/xuyi/opt/jdk-17.jdk/Contents/Home/lib/libzip.dylib
0x0000000104edc000 	/Users/xuyi/opt/javafx-sdk-17.0.0.1/lib/libprism_es2.dylib
0x000000018f4e3000 	/System/Library/PrivateFrameworks/CoreServicesInternal.framework/Versions/A/CoreServicesInternal
0x00000001ee16e000 	/System/Library/Frameworks/OpenGL.framework/Versions/A/Resources/GLEngine.bundle/GLEngine
0x00000001edff6000 	/System/Library/Frameworks/OpenGL.framework/Versions/A/Libraries/libGLProgrammability.dylib
0x000000011fad8000 	/System/Library/Extensions/AppleMetalOpenGLRenderer.bundle/Contents/MacOS/AppleMetalOpenGLRenderer
0x00000001ee2dd000 	/System/Library/Frameworks/OpenGL.framework/Versions/A/Resources/GLRendererFloat.bundle/GLRendererFloat
0x00000001ee3dd000 	/System/Library/Extensions/AGXMetal13_3.bundle/Contents/MacOS/AGXMetal13_3
0x00000001ace16000 	/System/Library/PrivateFrameworks/GPURawCounter.framework/Versions/A/GPURawCounter
0x00000001a7520000 	/System/Library/PrivateFrameworks/IOGPU.framework/Versions/A/IOGPU
0x000000011fb70000 	/Users/xuyi/opt/javafx-sdk-17.0.0.1/lib/libglass.dylib
0x000000019eb66000 	/System/Library/Frameworks/FileProvider.framework/Versions/A/FileProvider
0x000000019314b000 	/System/Library/Frameworks/Accounts.framework/Versions/A/Accounts
0x000000019ecea000 	/System/Library/PrivateFrameworks/GenerationalStorage.framework/Versions/A/GenerationalStorage
0x000000019f8ad000 	/System/Library/PrivateFrameworks/CoreSymbolication.framework/Versions/A/CoreSymbolication
0x000000019e902000 	/System/Library/PrivateFrameworks/SymptomDiagnosticReporter.framework/Versions/A/SymptomDiagnosticReporter
0x00000001907d3000 	/System/Library/PrivateFrameworks/DesktopServicesPriv.framework/Versions/A/DesktopServicesPriv
0x000000018f645000 	/usr/lib/libsandbox.1.dylib
0x00000001941c6000 	/System/Library/PrivateFrameworks/UserManagement.framework/Versions/A/UserManagement
0x000000019f86a000 	/System/Library/PrivateFrameworks/DebugSymbols.framework/Versions/A/DebugSymbols
0x000000019a737000 	/System/Library/PrivateFrameworks/NetAuth.framework/Versions/A/NetAuth
0x000000019b655000 	/System/Library/PrivateFrameworks/Sharing.framework/Versions/A/Sharing
0x0000000194196000 	/System/Library/PrivateFrameworks/login.framework/Versions/A/Frameworks/loginsupport.framework/Versions/A/loginsupport
0x00000001a0a9f000 	/System/Library/PrivateFrameworks/Apple80211.framework/Versions/A/Apple80211
0x0000000197321000 	/System/Library/PrivateFrameworks/AuthKit.framework/Versions/A/AuthKit
0x00000001969a2000 	/System/Library/PrivateFrameworks/CoreUtils.framework/Versions/A/CoreUtils
0x00000001968c5000 	/System/Library/Frameworks/CoreWLAN.framework/Versions/A/CoreWLAN
0x000000019b7c5000 	/System/Library/Frameworks/IOBluetooth.framework/Versions/A/IOBluetooth
0x00000001a0aff000 	/System/Library/PrivateFrameworks/CoreWiFi.framework/Versions/A/CoreWiFi
0x000000019f44a000 	/System/Library/PrivateFrameworks/FrontBoardServices.framework/Versions/A/FrontBoardServices
0x000000019f4e2000 	/System/Library/PrivateFrameworks/BoardServices.framework/Versions/A/BoardServices
0x0000000196bbc000 	/System/Library/PrivateFrameworks/AssertionServices.framework/Versions/A/AssertionServices
0x00000001a0c7c000 	/System/Library/PrivateFrameworks/BackBoardServices.framework/Versions/A/BackBoardServices
0x000000019abab000 	/System/Library/PrivateFrameworks/CorePhoneNumbers.framework/Versions/A/CorePhoneNumbers
0x000000019ea32000 	/System/Library/PrivateFrameworks/DiskManagement.framework/Versions/A/DiskManagement
0x000000019e935000 	/System/Library/PrivateFrameworks/AppleIDAuthSupport.framework/Versions/A/AppleIDAuthSupport
0x00000001f28f6000 	/System/Library/PrivateFrameworks/AAAFoundation.framework/Versions/A/AAAFoundation
0x000000019ab8a000 	/System/Library/PrivateFrameworks/KeychainCircle.framework/Versions/A/KeychainCircle
0x000000019e9fe000 	/System/Library/PrivateFrameworks/MediaKit.framework/Versions/A/MediaKit
0x000000019e942000 	/System/Library/Frameworks/DiscRecording.framework/Versions/A/DiscRecording
0x0000000198196000 	/usr/lib/libCoreStorage.dylib
0x00000001a0f79000 	/usr/lib/libcsfde.dylib
0x000000019b89a000 	/System/Library/PrivateFrameworks/ProtectedCloudStorage.framework/Versions/A/ProtectedCloudStorage
0x00000001a0f71000 	/System/Library/PrivateFrameworks/EFILogin.framework/Versions/A/EFILogin
0x000000019ed11000 	/System/Library/PrivateFrameworks/OctagonTrust.framework/Versions/A/OctagonTrust
0x00000001f74c7000 	/System/Library/PrivateFrameworks/CoreUtilsExtras.framework/Versions/A/CoreUtilsExtras
0x000000019e867000 	/System/Library/Frameworks/CoreBluetooth.framework/Versions/A/CoreBluetooth
0x00000001a1604000 	/System/Library/Frameworks/AudioUnit.framework/Versions/A/AudioUnit
0x000000019818e000 	/usr/lib/libMatch.1.dylib
0x00000001b12c2000 	/System/Library/Frameworks/Accelerate.framework/Versions/A/Frameworks/vImage.framework/Versions/A/Libraries/libCGInterfaces.dylib
0x00000001215ec000 	/usr/lib/libobjc-trampolines.dylib
0x0000000193e90000 	/System/Library/PrivateFrameworks/ViewBridge.framework/Versions/A/ViewBridge
0x0000000135f7c000 	/Users/xuyi/opt/javafx-sdk-17.0.0.1/lib/libjavafx_font.dylib
0x00000001988f2000 	/System/Library/PrivateFrameworks/login.framework/Versions/A/login
0x000000020ba0d000 	/usr/lib/libRosetta.dylib


VM Arguments:
jvm_args: -Dfile.encoding=UTF-8 --module-path=/Users/xuyi/opt/javafx-sdk-17.0.0.1/lib --add-modules=javafx.controls --module-path=/Users/xuyi/Source/Java/Slicer/build/classes:/Users/xuyi/opt/javafx-sdk-17.0.0.1/lib/javafx-swt.jar:/Users/xuyi/opt/javafx-sdk-17.0.0.1/lib/javafx.base.jar:/Users/xuyi/opt/javafx-sdk-17.0.0.1/lib/javafx.controls.jar:/Users/xuyi/opt/javafx-sdk-17.0.0.1/lib/javafx.fxml.jar:/Users/xuyi/opt/javafx-sdk-17.0.0.1/lib/javafx.graphics.jar:/Users/xuyi/opt/javafx-sdk-17.0.0.1/lib/javafx.media.jar:/Users/xuyi/opt/javafx-sdk-17.0.0.1/lib/javafx.swing.jar:/Users/xuyi/opt/javafx-sdk-17.0.0.1/lib/javafx.web.jar 
java_command: org.reprap.Gfx3D
java_class_path (initial): /Users/xuyi/Source/Java/lib/vecmath.jar:/Users/xuyi/opt/javafx-sdk-17.0.0.1/lib/javafx-swt.jar:/Users/xuyi/opt/javafx-sdk-17.0.0.1/lib/javafx.base.jar:/Users/xuyi/opt/javafx-sdk-17.0.0.1/lib/javafx.controls.jar:/Users/xuyi/opt/javafx-sdk-17.0.0.1/lib/javafx.fxml.jar:/Users/xuyi/opt/javafx-sdk-17.0.0.1/lib/javafx.graphics.jar:/Users/xuyi/opt/javafx-sdk-17.0.0.1/lib/javafx.media.jar:/Users/xuyi/opt/javafx-sdk-17.0.0.1/lib/javafx.swing.jar:/Users/xuyi/opt/javafx-sdk-17.0.0.1/lib/javafx.web.jar:/Users/xuyi/Source/Java/Slicer/build/classes
Launcher Type: SUN_STANDARD

[Global flags]
     intx CICompilerCount                          = 4                                         {product} {ergonomic}
     uint ConcGCThreads                            = 2                                         {product} {ergonomic}
     uint G1ConcRefinementThreads                  = 8                                         {product} {ergonomic}
   size_t G1HeapRegionSize                         = 2097152                                   {product} {ergonomic}
    uintx GCDrainStackTargetSize                   = 64                                        {product} {ergonomic}
   size_t InitialHeapSize                          = 268435456                                 {product} {ergonomic}
   size_t MarkStackSize                            = 4194304                                   {product} {ergonomic}
   size_t MaxHeapSize                              = 4294967296                                {product} {ergonomic}
   size_t MaxNewSize                               = 2575302656                                {product} {ergonomic}
   size_t MinHeapDeltaBytes                        = 2097152                                   {product} {ergonomic}
   size_t MinHeapSize                              = 8388608                                   {product} {ergonomic}
    uintx NonNMethodCodeHeapSize                   = 5839564                                {pd product} {ergonomic}
    uintx NonProfiledCodeHeapSize                  = 122909338                              {pd product} {ergonomic}
    uintx ProfiledCodeHeapSize                     = 122909338                              {pd product} {ergonomic}
    uintx ReservedCodeCacheSize                    = 251658240                              {pd product} {ergonomic}
     bool SegmentedCodeCache                       = true                                      {product} {ergonomic}
   size_t SoftMaxHeapSize                          = 4294967296                             {manageable} {ergonomic}
     bool UseCompressedClassPointers               = true                           {product lp64_product} {ergonomic}
     bool UseCompressedOops                        = true                           {product lp64_product} {ergonomic}
     bool UseG1GC                                  = true                                      {product} {ergonomic}
     bool UseNUMA                                  = false                                     {product} {ergonomic}
     bool UseNUMAInterleaving                      = false                                     {product} {ergonomic}

Logging:
Log output configuration:
 #0: stdout all=warning uptime,level,tags
 #1: stderr all=off uptime,level,tags

Environment Variables:
PATH=/usr/bin:/bin:/usr/sbin:/sbin
SHELL=/bin/zsh
LC_CTYPE=UTF-8

Signal Handlers:
   SIGSEGV: crash_handler in libjvm.dylib, mask=11100110000111110111111111111111, flags=SA_RESTART|SA_SIGINFO
    SIGBUS: crash_handler in libjvm.dylib, mask=11100110000111110111111111111111, flags=SA_RESTART|SA_SIGINFO
    SIGFPE: crash_handler in libjvm.dylib, mask=11100110000111110111111111111111, flags=SA_RESTART|SA_SIGINFO
   SIGPIPE: javaSignalHandler in libjvm.dylib, mask=11100110000111110111111111111111, flags=SA_RESTART|SA_SIGINFO
   SIGXFSZ: javaSignalHandler in libjvm.dylib, mask=11100110000111110111111111111111, flags=SA_RESTART|SA_SIGINFO
    SIGILL: crash_handler in libjvm.dylib, mask=11100110000111110111111111111111, flags=SA_RESTART|SA_SIGINFO
   SIGUSR2: SR_handler in libjvm.dylib, mask=00100000000000000000000000000000, flags=SA_RESTART|SA_SIGINFO
    SIGHUP: UserHandler in libjvm.dylib, mask=11100110000111110111111111111111, flags=SA_RESTART|SA_SIGINFO
    SIGINT: SIG_IGN, mask=11111111011111110111111111111111, flags=none
   SIGTERM: UserHandler in libjvm.dylib, mask=11100110000111110111111111111111, flags=SA_RESTART|SA_SIGINFO
   SIGQUIT: UserHandler in libjvm.dylib, mask=11100110000111110111111111111111, flags=SA_RESTART|SA_SIGINFO
   SIGTRAP: crash_handler in libjvm.dylib, mask=11100110000111110111111111111111, flags=SA_RESTART|SA_SIGINFO


---------------  S Y S T E M  ---------------

OS:
uname: Darwin 21.4.0 Darwin Kernel Version 21.4.0: Fri Mar 18 00:47:26 PDT 2022; root:xnu-8020.101.4~15/RELEASE_ARM64_T8101 arm64
OS uptime: 1 days 0:38 hours
rlimit (soft/hard): STACK 8176k/65520k , CORE 0k/infinity , NPROC 2666/4000 , NOFILE 10240/infinity , AS infinity/infinity , CPU infinity/infinity , DATA infinity/infinity , FSIZE infinity/infinity , MEMLOCK infinity/infinity , RSS infinity/infinity
load average: 2.36 2.26 2.35

CPU: total 8 (initial active 8) 0x61:0x0:0x1b588bb3:0, fp, simd, crc, lse

Memory: 16k page, physical 16777216k(407408k free), swap 1048576k(1022720k free)

vm_info: OpenJDK 64-Bit Server VM (17+35-2724) for bsd-aarch64 JRE (17+35-2724), built on Aug  5 2021 22:25:42 by "mach5one" with clang Apple LLVM 12.0.0 (clang-1200.0.32.29)

END.
